Line 220: Class prj_panji.vbButton of control cmdNew_leave was not a loaded control class.
Line 259: Class prj_panji.vbButton of control cmdSave_leave was not a loaded control class.
Line 298: Class prj_panji.vbButton of control cmdEdit_leave was not a loaded control class.
Line 337: Class prj_panji.vbButton of control cmdDelete_leave was not a loaded control class.
Line 376: Class prj_panji.vbButton of control cmdCancel_leave was not a loaded control class.
Line 423: Class prj_panji.vbButton of control cmdNew_JHK was not a loaded control class.
Line 462: Class prj_panji.vbButton of control cmdSave_JHK was not a loaded control class.
Line 501: Class prj_panji.vbButton of control cmdEdit_JHK was not a loaded control class.
Line 540: Class prj_panji.vbButton of control cmdDelete_JHK was not a loaded control class.
Line 579: Class prj_panji.vbButton of control cmdCancel_JHK was not a loaded control class.
Line 626: Class prj_panji.vbButton of control cmdNew was not a loaded control class.
Line 665: Class prj_panji.vbButton of control cmdSave was not a loaded control class.
Line 704: Class prj_panji.vbButton of control cmdEdit was not a loaded control class.
Line 743: Class prj_panji.vbButton of control cmdDelete was not a loaded control class.
Line 782: Class prj_panji.vbButton of control cmdCancel was not a loaded control class.
Line 1639: Class prj_panji.vbButton of control cmdExit was not a loaded control class.
Line 226: The property name _ExtentX in cmdNew_leave is invalid.
Line 227: The property name _ExtentY in cmdNew_leave is invalid.
Line 228: The property name BTYPE in cmdNew_leave is invalid.
Line 229: The property name TX in cmdNew_leave is invalid.
Line 230: The property name ENAB in cmdNew_leave is invalid.
Line 240: The property name COLTYPE in cmdNew_leave is invalid.
Line 241: The property name FOCUSR in cmdNew_leave is invalid.
Line 242: The property name BCOL in cmdNew_leave is invalid.
Line 243: The property name BCOLO in cmdNew_leave is invalid.
Line 244: The property name FCOL in cmdNew_leave is invalid.
Line 245: The property name FCOLO in cmdNew_leave is invalid.
Line 246: The property name MCOL in cmdNew_leave is invalid.
Line 247: The property name MPTR in cmdNew_leave is invalid.
Line 248: The property name MICON in cmdNew_leave is invalid.
Line 249: The property name PICN in cmdNew_leave is invalid.
Line 250: The property name UMCOL in cmdNew_leave is invalid.
Line 251: The property name SOFT in cmdNew_leave is invalid.
Line 252: The property name PICPOS in cmdNew_leave is invalid.
Line 253: The property name NGREY in cmdNew_leave is invalid.
Line 254: The property name FX in cmdNew_leave is invalid.
Line 255: The property name HAND in cmdNew_leave is invalid.
Line 256: The property name CHECK in cmdNew_leave is invalid.
Line 257: The property name VALUE in cmdNew_leave is invalid.
Line 265: The property name _ExtentX in cmdSave_leave is invalid.
Line 266: The property name _ExtentY in cmdSave_leave is invalid.
Line 267: The property name BTYPE in cmdSave_leave is invalid.
Line 268: The property name TX in cmdSave_leave is invalid.
Line 269: The property name ENAB in cmdSave_leave is invalid.
Line 279: The property name COLTYPE in cmdSave_leave is invalid.
Line 280: The property name FOCUSR in cmdSave_leave is invalid.
Line 281: The property name BCOL in cmdSave_leave is invalid.
Line 282: The property name BCOLO in cmdSave_leave is invalid.
Line 283: The property name FCOL in cmdSave_leave is invalid.
Line 284: The property name FCOLO in cmdSave_leave is invalid.
Line 285: The property name MCOL in cmdSave_leave is invalid.
Line 286: The property name MPTR in cmdSave_leave is invalid.
Line 287: The property name MICON in cmdSave_leave is invalid.
Line 288: The property name PICN in cmdSave_leave is invalid.
Line 289: The property name UMCOL in cmdSave_leave is invalid.
Line 290: The property name SOFT in cmdSave_leave is invalid.
Line 291: The property name PICPOS in cmdSave_leave is invalid.
Line 292: The property name NGREY in cmdSave_leave is invalid.
Line 293: The property name FX in cmdSave_leave is invalid.
Line 294: The property name HAND in cmdSave_leave is invalid.
Line 295: The property name CHECK in cmdSave_leave is invalid.
Line 296: The property name VALUE in cmdSave_leave is invalid.
Line 304: The property name _ExtentX in cmdEdit_leave is invalid.
Line 305: The property name _ExtentY in cmdEdit_leave is invalid.
Line 306: The property name BTYPE in cmdEdit_leave is invalid.
Line 307: The property name TX in cmdEdit_leave is invalid.
Line 308: The property name ENAB in cmdEdit_leave is invalid.
Line 318: The property name COLTYPE in cmdEdit_leave is invalid.
Line 319: The property name FOCUSR in cmdEdit_leave is invalid.
Line 320: The property name BCOL in cmdEdit_leave is invalid.
Line 321: The property name BCOLO in cmdEdit_leave is invalid.
Line 322: The property name FCOL in cmdEdit_leave is invalid.
Line 323: The property name FCOLO in cmdEdit_leave is invalid.
Line 324: The property name MCOL in cmdEdit_leave is invalid.
Line 325: The property name MPTR in cmdEdit_leave is invalid.
Line 326: The property name MICON in cmdEdit_leave is invalid.
Line 327: The property name PICN in cmdEdit_leave is invalid.
Line 328: The property name UMCOL in cmdEdit_leave is invalid.
Line 329: The property name SOFT in cmdEdit_leave is invalid.
Line 330: The property name PICPOS in cmdEdit_leave is invalid.
Line 331: The property name NGREY in cmdEdit_leave is invalid.
Line 332: The property name FX in cmdEdit_leave is invalid.
Line 333: The property name HAND in cmdEdit_leave is invalid.
Line 334: The property name CHECK in cmdEdit_leave is invalid.
Line 335: The property name VALUE in cmdEdit_leave is invalid.
Line 343: The property name _ExtentX in cmdDelete_leave is invalid.
Line 344: The property name _ExtentY in cmdDelete_leave is invalid.
Line 345: The property name BTYPE in cmdDelete_leave is invalid.
Line 346: The property name TX in cmdDelete_leave is invalid.
Line 347: The property name ENAB in cmdDelete_leave is invalid.
Line 357: The property name COLTYPE in cmdDelete_leave is invalid.
Line 358: The property name FOCUSR in cmdDelete_leave is invalid.
Line 359: The property name BCOL in cmdDelete_leave is invalid.
Line 360: The property name BCOLO in cmdDelete_leave is invalid.
Line 361: The property name FCOL in cmdDelete_leave is invalid.
Line 362: The property name FCOLO in cmdDelete_leave is invalid.
Line 363: The property name MCOL in cmdDelete_leave is invalid.
Line 364: The property name MPTR in cmdDelete_leave is invalid.
Line 365: The property name MICON in cmdDelete_leave is invalid.
Line 366: The property name PICN in cmdDelete_leave is invalid.
Line 367: The property name UMCOL in cmdDelete_leave is invalid.
Line 368: The property name SOFT in cmdDelete_leave is invalid.
Line 369: The property name PICPOS in cmdDelete_leave is invalid.
Line 370: The property name NGREY in cmdDelete_leave is invalid.
Line 371: The property name FX in cmdDelete_leave is invalid.
Line 372: The property name HAND in cmdDelete_leave is invalid.
Line 373: The property name CHECK in cmdDelete_leave is invalid.
Line 374: The property name VALUE in cmdDelete_leave is invalid.
Line 382: The property name _ExtentX in cmdCancel_leave is invalid.
Line 383: The property name _ExtentY in cmdCancel_leave is invalid.
Line 384: The property name BTYPE in cmdCancel_leave is invalid.
Line 385: The property name TX in cmdCancel_leave is invalid.
Line 386: The property name ENAB in cmdCancel_leave is invalid.
Line 396: The property name COLTYPE in cmdCancel_leave is invalid.
Line 397: The property name FOCUSR in cmdCancel_leave is invalid.
Line 398: The property name BCOL in cmdCancel_leave is invalid.
Line 399: The property name BCOLO in cmdCancel_leave is invalid.
Line 400: The property name FCOL in cmdCancel_leave is invalid.
Line 401: The property name FCOLO in cmdCancel_leave is invalid.
Line 402: The property name MCOL in cmdCancel_leave is invalid.
Line 403: The property name MPTR in cmdCancel_leave is invalid.
Line 404: The property name MICON in cmdCancel_leave is invalid.
Line 405: The property name PICN in cmdCancel_leave is invalid.
Line 406: The property name UMCOL in cmdCancel_leave is invalid.
Line 407: The property name SOFT in cmdCancel_leave is invalid.
Line 408: The property name PICPOS in cmdCancel_leave is invalid.
Line 409: The property name NGREY in cmdCancel_leave is invalid.
Line 410: The property name FX in cmdCancel_leave is invalid.
Line 411: The property name HAND in cmdCancel_leave is invalid.
Line 412: The property name CHECK in cmdCancel_leave is invalid.
Line 413: The property name VALUE in cmdCancel_leave is invalid.
Line 429: The property name _ExtentX in cmdNew_JHK is invalid.
Line 430: The property name _ExtentY in cmdNew_JHK is invalid.
Line 431: The property name BTYPE in cmdNew_JHK is invalid.
Line 432: The property name TX in cmdNew_JHK is invalid.
Line 433: The property name ENAB in cmdNew_JHK is invalid.
Line 443: The property name COLTYPE in cmdNew_JHK is invalid.
Line 444: The property name FOCUSR in cmdNew_JHK is invalid.
Line 445: The property name BCOL in cmdNew_JHK is invalid.
Line 446: The property name BCOLO in cmdNew_JHK is invalid.
Line 447: The property name FCOL in cmdNew_JHK is invalid.
Line 448: The property name FCOLO in cmdNew_JHK is invalid.
Line 449: The property name MCOL in cmdNew_JHK is invalid.
Line 450: The property name MPTR in cmdNew_JHK is invalid.
Line 451: The property name MICON in cmdNew_JHK is invalid.
Line 452: The property name PICN in cmdNew_JHK is invalid.
Line 453: The property name UMCOL in cmdNew_JHK is invalid.
Line 454: The property name SOFT in cmdNew_JHK is invalid.
Line 455: The property name PICPOS in cmdNew_JHK is invalid.
Line 456: The property name NGREY in cmdNew_JHK is invalid.
Line 457: The property name FX in cmdNew_JHK is invalid.
Line 458: The property name HAND in cmdNew_JHK is invalid.
Line 459: The property name CHECK in cmdNew_JHK is invalid.
Line 460: The property name VALUE in cmdNew_JHK is invalid.
Line 468: The property name _ExtentX in cmdSave_JHK is invalid.
Line 469: The property name _ExtentY in cmdSave_JHK is invalid.
Line 470: The property name BTYPE in cmdSave_JHK is invalid.
Line 471: The property name TX in cmdSave_JHK is invalid.
Line 472: The property name ENAB in cmdSave_JHK is invalid.
Line 482: The property name COLTYPE in cmdSave_JHK is invalid.
Line 483: The property name FOCUSR in cmdSave_JHK is invalid.
Line 484: The property name BCOL in cmdSave_JHK is invalid.
Line 485: The property name BCOLO in cmdSave_JHK is invalid.
Line 486: The property name FCOL in cmdSave_JHK is invalid.
Line 487: The property name FCOLO in cmdSave_JHK is invalid.
Line 488: The property name MCOL in cmdSave_JHK is invalid.
Line 489: The property name MPTR in cmdSave_JHK is invalid.
Line 490: The property name MICON in cmdSave_JHK is invalid.
Line 491: The property name PICN in cmdSave_JHK is invalid.
Line 492: The property name UMCOL in cmdSave_JHK is invalid.
Line 493: The property name SOFT in cmdSave_JHK is invalid.
Line 494: The property name PICPOS in cmdSave_JHK is invalid.
Line 495: The property name NGREY in cmdSave_JHK is invalid.
Line 496: The property name FX in cmdSave_JHK is invalid.
Line 497: The property name HAND in cmdSave_JHK is invalid.
Line 498: The property name CHECK in cmdSave_JHK is invalid.
Line 499: The property name VALUE in cmdSave_JHK is invalid.
Line 507: The property name _ExtentX in cmdEdit_JHK is invalid.
Line 508: The property name _ExtentY in cmdEdit_JHK is invalid.
Line 509: The property name BTYPE in cmdEdit_JHK is invalid.
Line 510: The property name TX in cmdEdit_JHK is invalid.
Line 511: The property name ENAB in cmdEdit_JHK is invalid.
Line 521: The property name COLTYPE in cmdEdit_JHK is invalid.
Line 522: The property name FOCUSR in cmdEdit_JHK is invalid.
Line 523: The property name BCOL in cmdEdit_JHK is invalid.
Line 524: The property name BCOLO in cmdEdit_JHK is invalid.
Line 525: The property name FCOL in cmdEdit_JHK is invalid.
Line 526: The property name FCOLO in cmdEdit_JHK is invalid.
Line 527: The property name MCOL in cmdEdit_JHK is invalid.
Line 528: The property name MPTR in cmdEdit_JHK is invalid.
Line 529: The property name MICON in cmdEdit_JHK is invalid.
Line 530: The property name PICN in cmdEdit_JHK is invalid.
Line 531: The property name UMCOL in cmdEdit_JHK is invalid.
Line 532: The property name SOFT in cmdEdit_JHK is invalid.
Line 533: The property name PICPOS in cmdEdit_JHK is invalid.
Line 534: The property name NGREY in cmdEdit_JHK is invalid.
Line 535: The property name FX in cmdEdit_JHK is invalid.
Line 536: The property name HAND in cmdEdit_JHK is invalid.
Line 537: The property name CHECK in cmdEdit_JHK is invalid.
Line 538: The property name VALUE in cmdEdit_JHK is invalid.
Line 546: The property name _ExtentX in cmdDelete_JHK is invalid.
Line 547: The property name _ExtentY in cmdDelete_JHK is invalid.
Line 548: The property name BTYPE in cmdDelete_JHK is invalid.
Line 549: The property name TX in cmdDelete_JHK is invalid.
Line 550: The property name ENAB in cmdDelete_JHK is invalid.
Line 560: The property name COLTYPE in cmdDelete_JHK is invalid.
Line 561: The property name FOCUSR in cmdDelete_JHK is invalid.
Line 562: The property name BCOL in cmdDelete_JHK is invalid.
Line 563: The property name BCOLO in cmdDelete_JHK is invalid.
Line 564: The property name FCOL in cmdDelete_JHK is invalid.
Line 565: The property name FCOLO in cmdDelete_JHK is invalid.
Line 566: The property name MCOL in cmdDelete_JHK is invalid.
Line 567: The property name MPTR in cmdDelete_JHK is invalid.
Line 568: The property name MICON in cmdDelete_JHK is invalid.
Line 569: The property name PICN in cmdDelete_JHK is invalid.
Line 570: The property name UMCOL in cmdDelete_JHK is invalid.
Line 571: The property name SOFT in cmdDelete_JHK is invalid.
Line 572: The property name PICPOS in cmdDelete_JHK is invalid.
Line 573: The property name NGREY in cmdDelete_JHK is invalid.
Line 574: The property name FX in cmdDelete_JHK is invalid.
Line 575: The property name HAND in cmdDelete_JHK is invalid.
Line 576: The property name CHECK in cmdDelete_JHK is invalid.
Line 577: The property name VALUE in cmdDelete_JHK is invalid.
Line 585: The property name _ExtentX in cmdCancel_JHK is invalid.
Line 586: The property name _ExtentY in cmdCancel_JHK is invalid.
Line 587: The property name BTYPE in cmdCancel_JHK is invalid.
Line 588: The property name TX in cmdCancel_JHK is invalid.
Line 589: The property name ENAB in cmdCancel_JHK is invalid.
Line 599: The property name COLTYPE in cmdCancel_JHK is invalid.
Line 600: The property name FOCUSR in cmdCancel_JHK is invalid.
Line 601: The property name BCOL in cmdCancel_JHK is invalid.
Line 602: The property name BCOLO in cmdCancel_JHK is invalid.
Line 603: The property name FCOL in cmdCancel_JHK is invalid.
Line 604: The property name FCOLO in cmdCancel_JHK is invalid.
Line 605: The property name MCOL in cmdCancel_JHK is invalid.
Line 606: The property name MPTR in cmdCancel_JHK is invalid.
Line 607: The property name MICON in cmdCancel_JHK is invalid.
Line 608: The property name PICN in cmdCancel_JHK is invalid.
Line 609: The property name UMCOL in cmdCancel_JHK is invalid.
Line 610: The property name SOFT in cmdCancel_JHK is invalid.
Line 611: The property name PICPOS in cmdCancel_JHK is invalid.
Line 612: The property name NGREY in cmdCancel_JHK is invalid.
Line 613: The property name FX in cmdCancel_JHK is invalid.
Line 614: The property name HAND in cmdCancel_JHK is invalid.
Line 615: The property name CHECK in cmdCancel_JHK is invalid.
Line 616: The property name VALUE in cmdCancel_JHK is invalid.
Line 632: The property name _ExtentX in cmdNew is invalid.
Line 633: The property name _ExtentY in cmdNew is invalid.
Line 634: The property name BTYPE in cmdNew is invalid.
Line 635: The property name TX in cmdNew is invalid.
Line 636: The property name ENAB in cmdNew is invalid.
Line 646: The property name COLTYPE in cmdNew is invalid.
Line 647: The property name FOCUSR in cmdNew is invalid.
Line 648: The property name BCOL in cmdNew is invalid.
Line 649: The property name BCOLO in cmdNew is invalid.
Line 650: The property name FCOL in cmdNew is invalid.
Line 651: The property name FCOLO in cmdNew is invalid.
Line 652: The property name MCOL in cmdNew is invalid.
Line 653: The property name MPTR in cmdNew is invalid.
Line 654: The property name MICON in cmdNew is invalid.
Line 655: The property name PICN in cmdNew is invalid.
Line 656: The property name UMCOL in cmdNew is invalid.
Line 657: The property name SOFT in cmdNew is invalid.
Line 658: The property name PICPOS in cmdNew is invalid.
Line 659: The property name NGREY in cmdNew is invalid.
Line 660: The property name FX in cmdNew is invalid.
Line 661: The property name HAND in cmdNew is invalid.
Line 662: The property name CHECK in cmdNew is invalid.
Line 663: The property name VALUE in cmdNew is invalid.
Line 671: The property name _ExtentX in cmdSave is invalid.
Line 672: The property name _ExtentY in cmdSave is invalid.
Line 673: The property name BTYPE in cmdSave is invalid.
Line 674: The property name TX in cmdSave is invalid.
Line 675: The property name ENAB in cmdSave is invalid.
Line 685: The property name COLTYPE in cmdSave is invalid.
Line 686: The property name FOCUSR in cmdSave is invalid.
Line 687: The property name BCOL in cmdSave is invalid.
Line 688: The property name BCOLO in cmdSave is invalid.
Line 689: The property name FCOL in cmdSave is invalid.
Line 690: The property name FCOLO in cmdSave is invalid.
Line 691: The property name MCOL in cmdSave is invalid.
Line 692: The property name MPTR in cmdSave is invalid.
Line 693: The property name MICON in cmdSave is invalid.
Line 694: The property name PICN in cmdSave is invalid.
Line 695: The property name UMCOL in cmdSave is invalid.
Line 696: The property name SOFT in cmdSave is invalid.
Line 697: The property name PICPOS in cmdSave is invalid.
Line 698: The property name NGREY in cmdSave is invalid.
Line 699: The property name FX in cmdSave is invalid.
Line 700: The property name HAND in cmdSave is invalid.
Line 701: The property name CHECK in cmdSave is invalid.
Line 702: The property name VALUE in cmdSave is invalid.
Line 710: The property name _ExtentX in cmdEdit is invalid.
Line 711: The property name _ExtentY in cmdEdit is invalid.
Line 712: The property name BTYPE in cmdEdit is invalid.
Line 713: The property name TX in cmdEdit is invalid.
Line 714: The property name ENAB in cmdEdit is invalid.
Line 724: The property name COLTYPE in cmdEdit is invalid.
Line 725: The property name FOCUSR in cmdEdit is invalid.
Line 726: The property name BCOL in cmdEdit is invalid.
Line 727: The property name BCOLO in cmdEdit is invalid.
Line 728: The property name FCOL in cmdEdit is invalid.
Line 729: The property name FCOLO in cmdEdit is invalid.
Line 730: The property name MCOL in cmdEdit is invalid.
Line 731: The property name MPTR in cmdEdit is invalid.
Line 732: The property name MICON in cmdEdit is invalid.
Line 733: The property name PICN in cmdEdit is invalid.
Line 734: The property name UMCOL in cmdEdit is invalid.
Line 735: The property name SOFT in cmdEdit is invalid.
Line 736: The property name PICPOS in cmdEdit is invalid.
Line 737: The property name NGREY in cmdEdit is invalid.
Line 738: The property name FX in cmdEdit is invalid.
Line 739: The property name HAND in cmdEdit is invalid.
Line 740: The property name CHECK in cmdEdit is invalid.
Line 741: The property name VALUE in cmdEdit is invalid.
Line 749: The property name _ExtentX in cmdDelete is invalid.
Line 750: The property name _ExtentY in cmdDelete is invalid.
Line 751: The property name BTYPE in cmdDelete is invalid.
Line 752: The property name TX in cmdDelete is invalid.
Line 753: The property name ENAB in cmdDelete is invalid.
Line 763: The property name COLTYPE in cmdDelete is invalid.
Line 764: The property name FOCUSR in cmdDelete is invalid.
Line 765: The property name BCOL in cmdDelete is invalid.
Line 766: The property name BCOLO in cmdDelete is invalid.
Line 767: The property name FCOL in cmdDelete is invalid.
Line 768: The property name FCOLO in cmdDelete is invalid.
Line 769: The property name MCOL in cmdDelete is invalid.
Line 770: The property name MPTR in cmdDelete is invalid.
Line 771: The property name MICON in cmdDelete is invalid.
Line 772: The property name PICN in cmdDelete is invalid.
Line 773: The property name UMCOL in cmdDelete is invalid.
Line 774: The property name SOFT in cmdDelete is invalid.
Line 775: The property name PICPOS in cmdDelete is invalid.
Line 776: The property name NGREY in cmdDelete is invalid.
Line 777: The property name FX in cmdDelete is invalid.
Line 778: The property name HAND in cmdDelete is invalid.
Line 779: The property name CHECK in cmdDelete is invalid.
Line 780: The property name VALUE in cmdDelete is invalid.
Line 788: The property name _ExtentX in cmdCancel is invalid.
Line 789: The property name _ExtentY in cmdCancel is invalid.
Line 790: The property name BTYPE in cmdCancel is invalid.
Line 791: The property name TX in cmdCancel is invalid.
Line 792: The property name ENAB in cmdCancel is invalid.
Line 802: The property name COLTYPE in cmdCancel is invalid.
Line 803: The property name FOCUSR in cmdCancel is invalid.
Line 804: The property name BCOL in cmdCancel is invalid.
Line 805: The property name BCOLO in cmdCancel is invalid.
Line 806: The property name FCOL in cmdCancel is invalid.
Line 807: The property name FCOLO in cmdCancel is invalid.
Line 808: The property name MCOL in cmdCancel is invalid.
Line 809: The property name MPTR in cmdCancel is invalid.
Line 810: The property name MICON in cmdCancel is invalid.
Line 811: The property name PICN in cmdCancel is invalid.
Line 812: The property name UMCOL in cmdCancel is invalid.
Line 813: The property name SOFT in cmdCancel is invalid.
Line 814: The property name PICPOS in cmdCancel is invalid.
Line 815: The property name NGREY in cmdCancel is invalid.
Line 816: The property name FX in cmdCancel is invalid.
Line 817: The property name HAND in cmdCancel is invalid.
Line 818: The property name CHECK in cmdCancel is invalid.
Line 819: The property name VALUE in cmdCancel is invalid.
Line 1645: The property name _ExtentX in cmdExit is invalid.
Line 1646: The property name _ExtentY in cmdExit is invalid.
Line 1647: The property name BTYPE in cmdExit is invalid.
Line 1648: The property name TX in cmdExit is invalid.
Line 1649: The property name ENAB in cmdExit is invalid.
Line 1659: The property name COLTYPE in cmdExit is invalid.
Line 1660: The property name FOCUSR in cmdExit is invalid.
Line 1661: The property name BCOL in cmdExit is invalid.
Line 1662: The property name BCOLO in cmdExit is invalid.
Line 1663: The property name FCOL in cmdExit is invalid.
Line 1664: The property name FCOLO in cmdExit is invalid.
Line 1665: The property name MCOL in cmdExit is invalid.
Line 1666: The property name MPTR in cmdExit is invalid.
Line 1667: The property name MICON in cmdExit is invalid.
Line 1668: The property name PICN in cmdExit is invalid.
Line 1669: The property name UMCOL in cmdExit is invalid.
Line 1670: The property name SOFT in cmdExit is invalid.
Line 1671: The property name PICPOS in cmdExit is invalid.
Line 1672: The property name NGREY in cmdExit is invalid.
Line 1673: The property name FX in cmdExit is invalid.
Line 1674: The property name HAND in cmdExit is invalid.
Line 1675: The property name CHECK in cmdExit is invalid.
Line 1676: The property name VALUE in cmdExit is invalid.
