Line 170: Class MSAdodcLib.Adodc of control Adodc_company was not a loaded control class.
Line 217: Class TrueOleDBList60.TDBCombo of control TDBCombo_company was not a loaded control class.
Line 271: Class TrueOleDBList60.TDBCombo of control TDBCombo_prev_location was not a loaded control class.
Line 521: Class MSComCtl2.DTPicker of control DTPicker_last_education_pass was not a loaded control class.
Line 598: Class MSComCtl2.DTPicker of control DTPicker_last_employment was not a loaded control class.
Line 855: Class MSComCtl2.DTPicker of control DTPicker_birth was not a loaded control class.
Line 869: Class MSComCtl2.DTPicker of control DTPicker_start_working was not a loaded control class.
Line 883: Class TrueOleDBList60.TDBCombo of control TDBCombo_title was not a loaded control class.
Line 891: Class MSComCtl2.DTPicker of control DTPicker_appointment was not a loaded control class.
Line 905: Class TrueOleDBList60.TDBCombo of control TDBCombo_department was not a loaded control class.
Line 913: Class TrueOleDBList60.TDBCombo of control TDBCombo_division was not a loaded control class.
Line 921: Class MSAdodcLib.Adodc of control Adodc_department was not a loaded control class.
Line 968: Class MSAdodcLib.Adodc of control Adodc_division was not a loaded control class.
Line 1015: Class MSAdodcLib.Adodc of control Adodc_title was not a loaded control class.
Line 1062: Class TrueOleDBList60.TDBCombo of control TDBCombo_level was not a loaded control class.
Line 1070: Class MSAdodcLib.Adodc of control Adodc_level was not a loaded control class.
Line 1117: Class TrueOleDBList60.TDBCombo of control TDBCombo_curr_location was not a loaded control class.
Line 1125: Class MSAdodcLib.Adodc of control Adodc_curr_location was not a loaded control class.
Line 1172: Class MSAdodcLib.Adodc of control Adodc_prev_location was not a loaded control class.
Line 1236: Class MSComCtl2.DTPicker of control DTPicker_tglnpwp was not a loaded control class.
Line 1261: Class TrueOleDBList60.TDBCombo of control TDBCombo_status was not a loaded control class.
Line 1269: Class MSAdodcLib.Adodc of control Adodc_status was not a loaded control class.
Line 1323: Class MSComCtl2.DTPicker of control DTPicker_end_working was not a loaded control class.
Line 1376: Class MSComCtl2.DTPicker of control dt_end_mc was not a loaded control class.
Line 1753: Class TrueOleDBGrid70.TDBGrid of control TDBGrid1 was not a loaded control class.
Line 2602: Class MSAdodcLib.Adodc of control Adodc1 was not a loaded control class.
Line 176: The property name _ExtentX in Adodc_company is invalid.
Line 177: The property name _ExtentY in Adodc_company is invalid.
Line 178: The property name ConnectMode in Adodc_company is invalid.
Line 179: The property name CursorLocation in Adodc_company is invalid.
Line 180: The property name IsolationLevel in Adodc_company is invalid.
Line 181: The property name ConnectionTimeout in Adodc_company is invalid.
Line 182: The property name CommandTimeout in Adodc_company is invalid.
Line 183: The property name CursorType in Adodc_company is invalid.
Line 184: The property name LockType in Adodc_company is invalid.
Line 185: The property name CommandType in Adodc_company is invalid.
Line 186: The property name CursorOptions in Adodc_company is invalid.
Line 187: The property name CacheSize in Adodc_company is invalid.
Line 188: The property name MaxRecords in Adodc_company is invalid.
Line 189: The property name BOFAction in Adodc_company is invalid.
Line 190: The property name EOFAction in Adodc_company is invalid.
Line 191: The property name ConnectStringType in Adodc_company is invalid.
Line 195: The property name Orientation in Adodc_company is invalid.
Line 197: The property name Connect in Adodc_company is invalid.
Line 198: The property name OLEDBString in Adodc_company is invalid.
Line 199: The property name OLEDBFile in Adodc_company is invalid.
Line 200: The property name DataSourceName in Adodc_company is invalid.
Line 201: The property name OtherAttributes in Adodc_company is invalid.
Line 202: The property name UserName in Adodc_company is invalid.
Line 203: The property name Password in Adodc_company is invalid.
Line 204: The property name RecordSource in Adodc_company is invalid.
Line 205: The property name Caption in Adodc_company is invalid.
Line 215: The property name _Version in Adodc_company is invalid.
Line 220: The property name OleObjectBlob in TDBCombo_company is invalid.
Line 274: The property name OleObjectBlob in TDBCombo_prev_location is invalid.
Line 527: The property name _ExtentX in DTPicker_last_education_pass is invalid.
Line 528: The property name _ExtentY in DTPicker_last_education_pass is invalid.
Line 529: The property name _Version in DTPicker_last_education_pass is invalid.
Line 531: The property name CustomFormat in DTPicker_last_education_pass is invalid.
Line 532: The property name Format in DTPicker_last_education_pass is invalid.
Line 533: The property name CurrentDate in DTPicker_last_education_pass is invalid.
Line 604: The property name _ExtentX in DTPicker_last_employment is invalid.
Line 605: The property name _ExtentY in DTPicker_last_employment is invalid.
Line 606: The property name _Version in DTPicker_last_employment is invalid.
Line 608: The property name CustomFormat in DTPicker_last_employment is invalid.
Line 609: The property name Format in DTPicker_last_employment is invalid.
Line 610: The property name CurrentDate in DTPicker_last_employment is invalid.
Line 861: The property name _ExtentX in DTPicker_birth is invalid.
Line 862: The property name _ExtentY in DTPicker_birth is invalid.
Line 863: The property name _Version in DTPicker_birth is invalid.
Line 865: The property name CustomFormat in DTPicker_birth is invalid.
Line 866: The property name Format in DTPicker_birth is invalid.
Line 867: The property name CurrentDate in DTPicker_birth is invalid.
Line 875: The property name _ExtentX in DTPicker_start_working is invalid.
Line 876: The property name _ExtentY in DTPicker_start_working is invalid.
Line 877: The property name _Version in DTPicker_start_working is invalid.
Line 879: The property name CustomFormat in DTPicker_start_working is invalid.
Line 880: The property name Format in DTPicker_start_working is invalid.
Line 881: The property name CurrentDate in DTPicker_start_working is invalid.
Line 886: The property name OleObjectBlob in TDBCombo_title is invalid.
Line 897: The property name _ExtentX in DTPicker_appointment is invalid.
Line 898: The property name _ExtentY in DTPicker_appointment is invalid.
Line 899: The property name _Version in DTPicker_appointment is invalid.
Line 901: The property name CustomFormat in DTPicker_appointment is invalid.
Line 902: The property name Format in DTPicker_appointment is invalid.
Line 903: The property name CurrentDate in DTPicker_appointment is invalid.
Line 908: The property name OleObjectBlob in TDBCombo_department is invalid.
Line 916: The property name OleObjectBlob in TDBCombo_division is invalid.
Line 927: The property name _ExtentX in Adodc_department is invalid.
Line 928: The property name _ExtentY in Adodc_department is invalid.
Line 929: The property name ConnectMode in Adodc_department is invalid.
Line 930: The property name CursorLocation in Adodc_department is invalid.
Line 931: The property name IsolationLevel in Adodc_department is invalid.
Line 932: The property name ConnectionTimeout in Adodc_department is invalid.
Line 933: The property name CommandTimeout in Adodc_department is invalid.
Line 934: The property name CursorType in Adodc_department is invalid.
Line 935: The property name LockType in Adodc_department is invalid.
Line 936: The property name CommandType in Adodc_department is invalid.
Line 937: The property name CursorOptions in Adodc_department is invalid.
Line 938: The property name CacheSize in Adodc_department is invalid.
Line 939: The property name MaxRecords in Adodc_department is invalid.
Line 940: The property name BOFAction in Adodc_department is invalid.
Line 941: The property name EOFAction in Adodc_department is invalid.
Line 942: The property name ConnectStringType in Adodc_department is invalid.
Line 946: The property name Orientation in Adodc_department is invalid.
Line 948: The property name Connect in Adodc_department is invalid.
Line 949: The property name OLEDBString in Adodc_department is invalid.
Line 950: The property name OLEDBFile in Adodc_department is invalid.
Line 951: The property name DataSourceName in Adodc_department is invalid.
Line 952: The property name OtherAttributes in Adodc_department is invalid.
Line 953: The property name UserName in Adodc_department is invalid.
Line 954: The property name Password in Adodc_department is invalid.
Line 955: The property name RecordSource in Adodc_department is invalid.
Line 956: The property name Caption in Adodc_department is invalid.
Line 966: The property name _Version in Adodc_department is invalid.
Line 974: The property name _ExtentX in Adodc_division is invalid.
Line 975: The property name _ExtentY in Adodc_division is invalid.
Line 976: The property name ConnectMode in Adodc_division is invalid.
Line 977: The property name CursorLocation in Adodc_division is invalid.
Line 978: The property name IsolationLevel in Adodc_division is invalid.
Line 979: The property name ConnectionTimeout in Adodc_division is invalid.
Line 980: The property name CommandTimeout in Adodc_division is invalid.
Line 981: The property name CursorType in Adodc_division is invalid.
Line 982: The property name LockType in Adodc_division is invalid.
Line 983: The property name CommandType in Adodc_division is invalid.
Line 984: The property name CursorOptions in Adodc_division is invalid.
Line 985: The property name CacheSize in Adodc_division is invalid.
Line 986: The property name MaxRecords in Adodc_division is invalid.
Line 987: The property name BOFAction in Adodc_division is invalid.
Line 988: The property name EOFAction in Adodc_division is invalid.
Line 989: The property name ConnectStringType in Adodc_division is invalid.
Line 993: The property name Orientation in Adodc_division is invalid.
Line 995: The property name Connect in Adodc_division is invalid.
Line 996: The property name OLEDBString in Adodc_division is invalid.
Line 997: The property name OLEDBFile in Adodc_division is invalid.
Line 998: The property name DataSourceName in Adodc_division is invalid.
Line 999: The property name OtherAttributes in Adodc_division is invalid.
Line 1000: The property name UserName in Adodc_division is invalid.
Line 1001: The property name Password in Adodc_division is invalid.
Line 1002: The property name RecordSource in Adodc_division is invalid.
Line 1003: The property name Caption in Adodc_division is invalid.
Line 1013: The property name _Version in Adodc_division is invalid.
Line 1021: The property name _ExtentX in Adodc_title is invalid.
Line 1022: The property name _ExtentY in Adodc_title is invalid.
Line 1023: The property name ConnectMode in Adodc_title is invalid.
Line 1024: The property name CursorLocation in Adodc_title is invalid.
Line 1025: The property name IsolationLevel in Adodc_title is invalid.
Line 1026: The property name ConnectionTimeout in Adodc_title is invalid.
Line 1027: The property name CommandTimeout in Adodc_title is invalid.
Line 1028: The property name CursorType in Adodc_title is invalid.
Line 1029: The property name LockType in Adodc_title is invalid.
Line 1030: The property name CommandType in Adodc_title is invalid.
Line 1031: The property name CursorOptions in Adodc_title is invalid.
Line 1032: The property name CacheSize in Adodc_title is invalid.
Line 1033: The property name MaxRecords in Adodc_title is invalid.
Line 1034: The property name BOFAction in Adodc_title is invalid.
Line 1035: The property name EOFAction in Adodc_title is invalid.
Line 1036: The property name ConnectStringType in Adodc_title is invalid.
Line 1040: The property name Orientation in Adodc_title is invalid.
Line 1042: The property name Connect in Adodc_title is invalid.
Line 1043: The property name OLEDBString in Adodc_title is invalid.
Line 1044: The property name OLEDBFile in Adodc_title is invalid.
Line 1045: The property name DataSourceName in Adodc_title is invalid.
Line 1046: The property name OtherAttributes in Adodc_title is invalid.
Line 1047: The property name UserName in Adodc_title is invalid.
Line 1048: The property name Password in Adodc_title is invalid.
Line 1049: The property name RecordSource in Adodc_title is invalid.
Line 1050: The property name Caption in Adodc_title is invalid.
Line 1060: The property name _Version in Adodc_title is invalid.
Line 1065: The property name OleObjectBlob in TDBCombo_level is invalid.
Line 1076: The property name _ExtentX in Adodc_level is invalid.
Line 1077: The property name _ExtentY in Adodc_level is invalid.
Line 1078: The property name ConnectMode in Adodc_level is invalid.
Line 1079: The property name CursorLocation in Adodc_level is invalid.
Line 1080: The property name IsolationLevel in Adodc_level is invalid.
Line 1081: The property name ConnectionTimeout in Adodc_level is invalid.
Line 1082: The property name CommandTimeout in Adodc_level is invalid.
Line 1083: The property name CursorType in Adodc_level is invalid.
Line 1084: The property name LockType in Adodc_level is invalid.
Line 1085: The property name CommandType in Adodc_level is invalid.
Line 1086: The property name CursorOptions in Adodc_level is invalid.
Line 1087: The property name CacheSize in Adodc_level is invalid.
Line 1088: The property name MaxRecords in Adodc_level is invalid.
Line 1089: The property name BOFAction in Adodc_level is invalid.
Line 1090: The property name EOFAction in Adodc_level is invalid.
Line 1091: The property name ConnectStringType in Adodc_level is invalid.
Line 1095: The property name Orientation in Adodc_level is invalid.
Line 1097: The property name Connect in Adodc_level is invalid.
Line 1098: The property name OLEDBString in Adodc_level is invalid.
Line 1099: The property name OLEDBFile in Adodc_level is invalid.
Line 1100: The property name DataSourceName in Adodc_level is invalid.
Line 1101: The property name OtherAttributes in Adodc_level is invalid.
Line 1102: The property name UserName in Adodc_level is invalid.
Line 1103: The property name Password in Adodc_level is invalid.
Line 1104: The property name RecordSource in Adodc_level is invalid.
Line 1105: The property name Caption in Adodc_level is invalid.
Line 1115: The property name _Version in Adodc_level is invalid.
Line 1120: The property name OleObjectBlob in TDBCombo_curr_location is invalid.
Line 1131: The property name _ExtentX in Adodc_curr_location is invalid.
Line 1132: The property name _ExtentY in Adodc_curr_location is invalid.
Line 1133: The property name ConnectMode in Adodc_curr_location is invalid.
Line 1134: The property name CursorLocation in Adodc_curr_location is invalid.
Line 1135: The property name IsolationLevel in Adodc_curr_location is invalid.
Line 1136: The property name ConnectionTimeout in Adodc_curr_location is invalid.
Line 1137: The property name CommandTimeout in Adodc_curr_location is invalid.
Line 1138: The property name CursorType in Adodc_curr_location is invalid.
Line 1139: The property name LockType in Adodc_curr_location is invalid.
Line 1140: The property name CommandType in Adodc_curr_location is invalid.
Line 1141: The property name CursorOptions in Adodc_curr_location is invalid.
Line 1142: The property name CacheSize in Adodc_curr_location is invalid.
Line 1143: The property name MaxRecords in Adodc_curr_location is invalid.
Line 1144: The property name BOFAction in Adodc_curr_location is invalid.
Line 1145: The property name EOFAction in Adodc_curr_location is invalid.
Line 1146: The property name ConnectStringType in Adodc_curr_location is invalid.
Line 1150: The property name Orientation in Adodc_curr_location is invalid.
Line 1152: The property name Connect in Adodc_curr_location is invalid.
Line 1153: The property name OLEDBString in Adodc_curr_location is invalid.
Line 1154: The property name OLEDBFile in Adodc_curr_location is invalid.
Line 1155: The property name DataSourceName in Adodc_curr_location is invalid.
Line 1156: The property name OtherAttributes in Adodc_curr_location is invalid.
Line 1157: The property name UserName in Adodc_curr_location is invalid.
Line 1158: The property name Password in Adodc_curr_location is invalid.
Line 1159: The property name RecordSource in Adodc_curr_location is invalid.
Line 1160: The property name Caption in Adodc_curr_location is invalid.
Line 1170: The property name _Version in Adodc_curr_location is invalid.
Line 1178: The property name _ExtentX in Adodc_prev_location is invalid.
Line 1179: The property name _ExtentY in Adodc_prev_location is invalid.
Line 1180: The property name ConnectMode in Adodc_prev_location is invalid.
Line 1181: The property name CursorLocation in Adodc_prev_location is invalid.
Line 1182: The property name IsolationLevel in Adodc_prev_location is invalid.
Line 1183: The property name ConnectionTimeout in Adodc_prev_location is invalid.
Line 1184: The property name CommandTimeout in Adodc_prev_location is invalid.
Line 1185: The property name CursorType in Adodc_prev_location is invalid.
Line 1186: The property name LockType in Adodc_prev_location is invalid.
Line 1187: The property name CommandType in Adodc_prev_location is invalid.
Line 1188: The property name CursorOptions in Adodc_prev_location is invalid.
Line 1189: The property name CacheSize in Adodc_prev_location is invalid.
Line 1190: The property name MaxRecords in Adodc_prev_location is invalid.
Line 1191: The property name BOFAction in Adodc_prev_location is invalid.
Line 1192: The property name EOFAction in Adodc_prev_location is invalid.
Line 1193: The property name ConnectStringType in Adodc_prev_location is invalid.
Line 1197: The property name Orientation in Adodc_prev_location is invalid.
Line 1199: The property name Connect in Adodc_prev_location is invalid.
Line 1200: The property name OLEDBString in Adodc_prev_location is invalid.
Line 1201: The property name OLEDBFile in Adodc_prev_location is invalid.
Line 1202: The property name DataSourceName in Adodc_prev_location is invalid.
Line 1203: The property name OtherAttributes in Adodc_prev_location is invalid.
Line 1204: The property name UserName in Adodc_prev_location is invalid.
Line 1205: The property name Password in Adodc_prev_location is invalid.
Line 1206: The property name RecordSource in Adodc_prev_location is invalid.
Line 1207: The property name Caption in Adodc_prev_location is invalid.
Line 1217: The property name _Version in Adodc_prev_location is invalid.
Line 1242: The property name _ExtentX in DTPicker_tglnpwp is invalid.
Line 1243: The property name _ExtentY in DTPicker_tglnpwp is invalid.
Line 1244: The property name _Version in DTPicker_tglnpwp is invalid.
Line 1246: The property name CustomFormat in DTPicker_tglnpwp is invalid.
Line 1247: The property name Format in DTPicker_tglnpwp is invalid.
Line 1248: The property name CurrentDate in DTPicker_tglnpwp is invalid.
Line 1264: The property name OleObjectBlob in TDBCombo_status is invalid.
Line 1275: The property name _ExtentX in Adodc_status is invalid.
Line 1276: The property name _ExtentY in Adodc_status is invalid.
Line 1277: The property name ConnectMode in Adodc_status is invalid.
Line 1278: The property name CursorLocation in Adodc_status is invalid.
Line 1279: The property name IsolationLevel in Adodc_status is invalid.
Line 1280: The property name ConnectionTimeout in Adodc_status is invalid.
Line 1281: The property name CommandTimeout in Adodc_status is invalid.
Line 1282: The property name CursorType in Adodc_status is invalid.
Line 1283: The property name LockType in Adodc_status is invalid.
Line 1284: The property name CommandType in Adodc_status is invalid.
Line 1285: The property name CursorOptions in Adodc_status is invalid.
Line 1286: The property name CacheSize in Adodc_status is invalid.
Line 1287: The property name MaxRecords in Adodc_status is invalid.
Line 1288: The property name BOFAction in Adodc_status is invalid.
Line 1289: The property name EOFAction in Adodc_status is invalid.
Line 1290: The property name ConnectStringType in Adodc_status is invalid.
Line 1294: The property name Orientation in Adodc_status is invalid.
Line 1296: The property name Connect in Adodc_status is invalid.
Line 1297: The property name OLEDBString in Adodc_status is invalid.
Line 1298: The property name OLEDBFile in Adodc_status is invalid.
Line 1299: The property name DataSourceName in Adodc_status is invalid.
Line 1300: The property name OtherAttributes in Adodc_status is invalid.
Line 1301: The property name UserName in Adodc_status is invalid.
Line 1302: The property name Password in Adodc_status is invalid.
Line 1303: The property name RecordSource in Adodc_status is invalid.
Line 1304: The property name Caption in Adodc_status is invalid.
Line 1314: The property name _Version in Adodc_status is invalid.
Line 1329: The property name _ExtentX in DTPicker_end_working is invalid.
Line 1330: The property name _ExtentY in DTPicker_end_working is invalid.
Line 1331: The property name _Version in DTPicker_end_working is invalid.
Line 1333: The property name CustomFormat in DTPicker_end_working is invalid.
Line 1334: The property name Format in DTPicker_end_working is invalid.
Line 1335: The property name CurrentDate in DTPicker_end_working is invalid.
Line 1382: The property name _ExtentX in dt_end_mc is invalid.
Line 1383: The property name _ExtentY in dt_end_mc is invalid.
Line 1384: The property name _Version in dt_end_mc is invalid.
Line 1385: The property name CustomFormat in dt_end_mc is invalid.
Line 1386: The property name Format in dt_end_mc is invalid.
Line 1387: The property name CurrentDate in dt_end_mc is invalid.
Line 1759: The property name _ExtentX in TDBGrid1 is invalid.
Line 1760: The property name _ExtentY in TDBGrid1 is invalid.
Line 1761: The property name _LayoutType in TDBGrid1 is invalid.
Line 1762: The property name _RowHeight in TDBGrid1 is invalid.
Line 1763: The property name _WasPersistedAsPixels in TDBGrid1 is invalid.
Line 1764: The property name Columns(0)._VlistStyle in TDBGrid1 is invalid.
Line 1765: The property name Columns(0)._MaxComboItems in TDBGrid1 is invalid.
Line 1766: The property name Columns(0).Caption in TDBGrid1 is invalid.
Line 1767: The property name Columns(0).DataField in TDBGrid1 is invalid.
Line 1768: The property name Columns(0)._PropDict in TDBGrid1 is invalid.
Line 1769: The property name Columns(1)._VlistStyle in TDBGrid1 is invalid.
Line 1770: The property name Columns(1)._MaxComboItems in TDBGrid1 is invalid.
Line 1771: The property name Columns(1).Caption in TDBGrid1 is invalid.
Line 1772: The property name Columns(1).DataField in TDBGrid1 is invalid.
Line 1773: The property name Columns(1)._PropDict in TDBGrid1 is invalid.
Line 1774: The property name Columns(2)._VlistStyle in TDBGrid1 is invalid.
Line 1775: The property name Columns(2)._MaxComboItems in TDBGrid1 is invalid.
Line 1776: The property name Columns(2).Caption in TDBGrid1 is invalid.
Line 1777: The property name Columns(2).DataField in TDBGrid1 is invalid.
Line 1778: The property name Columns(2)._PropDict in TDBGrid1 is invalid.
Line 1779: The property name Columns(3)._VlistStyle in TDBGrid1 is invalid.
Line 1780: The property name Columns(3)._MaxComboItems in TDBGrid1 is invalid.
Line 1781: The property name Columns(3).Caption in TDBGrid1 is invalid.
Line 1782: The property name Columns(3).DataField in TDBGrid1 is invalid.
Line 1783: The property name Columns(3)._PropDict in TDBGrid1 is invalid.
Line 1784: The property name Columns(4)._VlistStyle in TDBGrid1 is invalid.
Line 1785: The property name Columns(4)._MaxComboItems in TDBGrid1 is invalid.
Line 1786: The property name Columns(4).Caption in TDBGrid1 is invalid.
Line 1787: The property name Columns(4).DataField in TDBGrid1 is invalid.
Line 1788: The property name Columns(4)._PropDict in TDBGrid1 is invalid.
Line 1789: The property name Columns(5)._VlistStyle in TDBGrid1 is invalid.
Line 1790: The property name Columns(5)._MaxComboItems in TDBGrid1 is invalid.
Line 1791: The property name Columns(5).Caption in TDBGrid1 is invalid.
Line 1792: The property name Columns(5).DataField in TDBGrid1 is invalid.
Line 1793: The property name Columns(5)._PropDict in TDBGrid1 is invalid.
Line 1794: The property name Columns(6)._VlistStyle in TDBGrid1 is invalid.
Line 1795: The property name Columns(6)._MaxComboItems in TDBGrid1 is invalid.
Line 1796: The property name Columns(6).Caption in TDBGrid1 is invalid.
Line 1797: The property name Columns(6).DataField in TDBGrid1 is invalid.
Line 1798: The property name Columns(6)._PropDict in TDBGrid1 is invalid.
Line 1799: The property name Columns(7)._VlistStyle in TDBGrid1 is invalid.
Line 1800: The property name Columns(7)._MaxComboItems in TDBGrid1 is invalid.
Line 1801: The property name Columns(7).Caption in TDBGrid1 is invalid.
Line 1802: The property name Columns(7).DataField in TDBGrid1 is invalid.
Line 1803: The property name Columns(7)._PropDict in TDBGrid1 is invalid.
Line 1804: The property name Columns(8)._VlistStyle in TDBGrid1 is invalid.
Line 1805: The property name Columns(8)._MaxComboItems in TDBGrid1 is invalid.
Line 1806: The property name Columns(8).Caption in TDBGrid1 is invalid.
Line 1807: The property name Columns(8).DataField in TDBGrid1 is invalid.
Line 1808: The property name Columns(8)._PropDict in TDBGrid1 is invalid.
Line 1809: The property name Columns(9)._VlistStyle in TDBGrid1 is invalid.
Line 1810: The property name Columns(9)._MaxComboItems in TDBGrid1 is invalid.
Line 1811: The property name Columns(9).Caption in TDBGrid1 is invalid.
Line 1812: The property name Columns(9).DataField in TDBGrid1 is invalid.
Line 1813: The property name Columns(9)._PropDict in TDBGrid1 is invalid.
Line 1814: The property name Columns(10)._VlistStyle in TDBGrid1 is invalid.
Line 1815: The property name Columns(10)._MaxComboItems in TDBGrid1 is invalid.
Line 1816: The property name Columns(10).Caption in TDBGrid1 is invalid.
Line 1817: The property name Columns(10).DataField in TDBGrid1 is invalid.
Line 1818: The property name Columns(10)._PropDict in TDBGrid1 is invalid.
Line 1819: The property name Columns(11)._VlistStyle in TDBGrid1 is invalid.
Line 1820: The property name Columns(11)._MaxComboItems in TDBGrid1 is invalid.
Line 1821: The property name Columns(11).Caption in TDBGrid1 is invalid.
Line 1822: The property name Columns(11).DataField in TDBGrid1 is invalid.
Line 1823: The property name Columns(11)._PropDict in TDBGrid1 is invalid.
Line 1824: The property name Columns(12)._VlistStyle in TDBGrid1 is invalid.
Line 1825: The property name Columns(12)._MaxComboItems in TDBGrid1 is invalid.
Line 1826: The property name Columns(12).Caption in TDBGrid1 is invalid.
Line 1827: The property name Columns(12).DataField in TDBGrid1 is invalid.
Line 1828: The property name Columns(12).NumberFormat in TDBGrid1 is invalid.
Line 1829: The property name Columns(12)._PropDict in TDBGrid1 is invalid.
Line 1830: The property name Columns(13)._VlistStyle in TDBGrid1 is invalid.
Line 1831: The property name Columns(13)._MaxComboItems in TDBGrid1 is invalid.
Line 1832: The property name Columns(13).Caption in TDBGrid1 is invalid.
Line 1833: The property name Columns(13).DataField in TDBGrid1 is invalid.
Line 1834: The property name Columns(13)._PropDict in TDBGrid1 is invalid.
Line 1835: The property name Columns(14)._VlistStyle in TDBGrid1 is invalid.
Line 1836: The property name Columns(14)._MaxComboItems in TDBGrid1 is invalid.
Line 1837: The property name Columns(14).ValueItems(0)._DefaultItem in TDBGrid1 is invalid.
Line 1838: The property name Columns(14).ValueItems(0).Value in TDBGrid1 is invalid.
Line 1839: The property name Columns(14).ValueItems(0).Value.vt in TDBGrid1 is invalid.
Line 1840: The property name Columns(14).ValueItems(0).DisplayValue in TDBGrid1 is invalid.
Line 1841: The property name Columns(14).ValueItems(0).DisplayValue.vt in TDBGrid1 is invalid.
Line 1842: The property name Columns(14).ValueItems(0)._PropDict in TDBGrid1 is invalid.
Line 1843: The property name Columns(14).ValueItems(1)._DefaultItem in TDBGrid1 is invalid.
Line 1844: The property name Columns(14).ValueItems(1).Value in TDBGrid1 is invalid.
Line 1845: The property name Columns(14).ValueItems(1).Value.vt in TDBGrid1 is invalid.
Line 1846: The property name Columns(14).ValueItems(1).DisplayValue in TDBGrid1 is invalid.
Line 1847: The property name Columns(14).ValueItems(1).DisplayValue.vt in TDBGrid1 is invalid.
Line 1848: The property name Columns(14).ValueItems(1)._PropDict in TDBGrid1 is invalid.
Line 1849: The property name Columns(14).ValueItems.Count in TDBGrid1 is invalid.
Line 1850: The property name Columns(14).Caption in TDBGrid1 is invalid.
Line 1851: The property name Columns(14).DataField in TDBGrid1 is invalid.
Line 1852: The property name Columns(14)._PropDict in TDBGrid1 is invalid.
Line 1853: The property name Columns(15)._VlistStyle in TDBGrid1 is invalid.
Line 1854: The property name Columns(15)._MaxComboItems in TDBGrid1 is invalid.
Line 1855: The property name Columns(15).ValueItems(0)._DefaultItem in TDBGrid1 is invalid.
Line 1856: The property name Columns(15).ValueItems(0).Value in TDBGrid1 is invalid.
Line 1857: The property name Columns(15).ValueItems(0).Value.vt in TDBGrid1 is invalid.
Line 1858: The property name Columns(15).ValueItems(0).DisplayValue in TDBGrid1 is invalid.
Line 1859: The property name Columns(15).ValueItems(0).DisplayValue.vt in TDBGrid1 is invalid.
Line 1860: The property name Columns(15).ValueItems(0)._PropDict in TDBGrid1 is invalid.
Line 1861: The property name Columns(15).ValueItems(1)._DefaultItem in TDBGrid1 is invalid.
Line 1862: The property name Columns(15).ValueItems(1).Value in TDBGrid1 is invalid.
Line 1863: The property name Columns(15).ValueItems(1).Value.vt in TDBGrid1 is invalid.
Line 1864: The property name Columns(15).ValueItems(1).DisplayValue in TDBGrid1 is invalid.
Line 1865: The property name Columns(15).ValueItems(1).DisplayValue.vt in TDBGrid1 is invalid.
Line 1866: The property name Columns(15).ValueItems(1)._PropDict in TDBGrid1 is invalid.
Line 1867: The property name Columns(15).ValueItems(2)._DefaultItem in TDBGrid1 is invalid.
Line 1868: The property name Columns(15).ValueItems(2).Value in TDBGrid1 is invalid.
Line 1869: The property name Columns(15).ValueItems(2).Value.vt in TDBGrid1 is invalid.
Line 1870: The property name Columns(15).ValueItems(2).DisplayValue in TDBGrid1 is invalid.
Line 1871: The property name Columns(15).ValueItems(2).DisplayValue.vt in TDBGrid1 is invalid.
Line 1872: The property name Columns(15).ValueItems(2)._PropDict in TDBGrid1 is invalid.
Line 1873: The property name Columns(15).ValueItems(3)._DefaultItem in TDBGrid1 is invalid.
Line 1874: The property name Columns(15).ValueItems(3).Value in TDBGrid1 is invalid.
Line 1875: The property name Columns(15).ValueItems(3).Value.vt in TDBGrid1 is invalid.
Line 1876: The property name Columns(15).ValueItems(3).DisplayValue in TDBGrid1 is invalid.
Line 1877: The property name Columns(15).ValueItems(3).DisplayValue.vt in TDBGrid1 is invalid.
Line 1878: The property name Columns(15).ValueItems(3)._PropDict in TDBGrid1 is invalid.
Line 1879: The property name Columns(15).ValueItems.Count in TDBGrid1 is invalid.
Line 1880: The property name Columns(15).Caption in TDBGrid1 is invalid.
Line 1881: The property name Columns(15).DataField in TDBGrid1 is invalid.
Line 1882: The property name Columns(15)._PropDict in TDBGrid1 is invalid.
Line 1883: The property name Columns(16)._VlistStyle in TDBGrid1 is invalid.
Line 1884: The property name Columns(16)._MaxComboItems in TDBGrid1 is invalid.
Line 1885: The property name Columns(16).Caption in TDBGrid1 is invalid.
Line 1886: The property name Columns(16).DataField in TDBGrid1 is invalid.
Line 1887: The property name Columns(16)._PropDict in TDBGrid1 is invalid.
Line 1888: The property name Columns(17)._VlistStyle in TDBGrid1 is invalid.
Line 1889: The property name Columns(17)._MaxComboItems in TDBGrid1 is invalid.
Line 1890: The property name Columns(17).Caption in TDBGrid1 is invalid.
Line 1891: The property name Columns(17).DataField in TDBGrid1 is invalid.
Line 1892: The property name Columns(17)._PropDict in TDBGrid1 is invalid.
Line 1893: The property name Columns(18)._VlistStyle in TDBGrid1 is invalid.
Line 1894: The property name Columns(18)._MaxComboItems in TDBGrid1 is invalid.
Line 1895: The property name Columns(18).Caption in TDBGrid1 is invalid.
Line 1896: The property name Columns(18).DataField in TDBGrid1 is invalid.
Line 1897: The property name Columns(18)._PropDict in TDBGrid1 is invalid.
Line 1898: The property name Columns(19)._VlistStyle in TDBGrid1 is invalid.
Line 1899: The property name Columns(19)._MaxComboItems in TDBGrid1 is invalid.
Line 1900: The property name Columns(19).Caption in TDBGrid1 is invalid.
Line 1901: The property name Columns(19).DataField in TDBGrid1 is invalid.
Line 1902: The property name Columns(19).NumberFormat in TDBGrid1 is invalid.
Line 1903: The property name Columns(19)._PropDict in TDBGrid1 is invalid.
Line 1904: The property name Columns(20)._VlistStyle in TDBGrid1 is invalid.
Line 1905: The property name Columns(20)._MaxComboItems in TDBGrid1 is invalid.
Line 1906: The property name Columns(20).Caption in TDBGrid1 is invalid.
Line 1907: The property name Columns(20).DataField in TDBGrid1 is invalid.
Line 1908: The property name Columns(20)._PropDict in TDBGrid1 is invalid.
Line 1909: The property name Columns(21)._VlistStyle in TDBGrid1 is invalid.
Line 1910: The property name Columns(21)._MaxComboItems in TDBGrid1 is invalid.
Line 1911: The property name Columns(21).Caption in TDBGrid1 is invalid.
Line 1912: The property name Columns(21).DataField in TDBGrid1 is invalid.
Line 1913: The property name Columns(21)._PropDict in TDBGrid1 is invalid.
Line 1914: The property name Columns(22)._VlistStyle in TDBGrid1 is invalid.
Line 1915: The property name Columns(22)._MaxComboItems in TDBGrid1 is invalid.
Line 1916: The property name Columns(22).Caption in TDBGrid1 is invalid.
Line 1917: The property name Columns(22).DataField in TDBGrid1 is invalid.
Line 1918: The property name Columns(22)._PropDict in TDBGrid1 is invalid.
Line 1919: The property name Columns(23)._VlistStyle in TDBGrid1 is invalid.
Line 1920: The property name Columns(23)._MaxComboItems in TDBGrid1 is invalid.
Line 1921: The property name Columns(23).Caption in TDBGrid1 is invalid.
Line 1922: The property name Columns(23).DataField in TDBGrid1 is invalid.
Line 1923: The property name Columns(23).NumberFormat in TDBGrid1 is invalid.
Line 1924: The property name Columns(23)._PropDict in TDBGrid1 is invalid.
Line 1925: The property name Columns(24)._VlistStyle in TDBGrid1 is invalid.
Line 1926: The property name Columns(24)._MaxComboItems in TDBGrid1 is invalid.
Line 1927: The property name Columns(24).Caption in TDBGrid1 is invalid.
Line 1928: The property name Columns(24).DataField in TDBGrid1 is invalid.
Line 1929: The property name Columns(24)._PropDict in TDBGrid1 is invalid.
Line 1930: The property name Columns.Count in TDBGrid1 is invalid.
Line 1931: The property name Splits(0)._UserFlags in TDBGrid1 is invalid.
Line 1932: The property name Splits(0).SizeMode in TDBGrid1 is invalid.
Line 1933: The property name Splits(0).Size in TDBGrid1 is invalid.
Line 1934: The property name Splits(0).Size.vt in TDBGrid1 is invalid.
Line 1935: The property name Splits(0).RecordSelectorWidth in TDBGrid1 is invalid.
Line 1936: The property name Splits(0)._SavedRecordSelectors in TDBGrid1 is invalid.
Line 1937: The property name Splits(0).ScrollBars in TDBGrid1 is invalid.
Line 1938: The property name Splits(0).DividerColor in TDBGrid1 is invalid.
Line 1939: The property name Splits(0).FilterBar in TDBGrid1 is invalid.
Line 1940: The property name Splits(0).SpringMode in TDBGrid1 is invalid.
Line 1941: The property name Splits(0)._PropDict in TDBGrid1 is invalid.
Line 1942: The property name Splits(0)._ColumnProps(0) in TDBGrid1 is invalid.
Line 1943: The property name Splits(0)._ColumnProps(1) in TDBGrid1 is invalid.
Line 1944: The property name Splits(0)._ColumnProps(2) in TDBGrid1 is invalid.
Line 1945: The property name Splits(0)._ColumnProps(3) in TDBGrid1 is invalid.
Line 1946: The property name Splits(0)._ColumnProps(4) in TDBGrid1 is invalid.
Line 1947: The property name Splits(0)._ColumnProps(5) in TDBGrid1 is invalid.
Line 1948: The property name Splits(0)._ColumnProps(6) in TDBGrid1 is invalid.
Line 1949: The property name Splits(0)._ColumnProps(7) in TDBGrid1 is invalid.
Line 1950: The property name Splits(0)._ColumnProps(8) in TDBGrid1 is invalid.
Line 1951: The property name Splits(0)._ColumnProps(9) in TDBGrid1 is invalid.
Line 1952: The property name Splits(0)._ColumnProps(10) in TDBGrid1 is invalid.
Line 1953: The property name Splits(0)._ColumnProps(11) in TDBGrid1 is invalid.
Line 1954: The property name Splits(0)._ColumnProps(12) in TDBGrid1 is invalid.
Line 1955: The property name Splits(0)._ColumnProps(13) in TDBGrid1 is invalid.
Line 1956: The property name Splits(0)._ColumnProps(14) in TDBGrid1 is invalid.
Line 1957: The property name Splits(0)._ColumnProps(15) in TDBGrid1 is invalid.
Line 1958: The property name Splits(0)._ColumnProps(16) in TDBGrid1 is invalid.
Line 1959: The property name Splits(0)._ColumnProps(17) in TDBGrid1 is invalid.
Line 1960: The property name Splits(0)._ColumnProps(18) in TDBGrid1 is invalid.
Line 1961: The property name Splits(0)._ColumnProps(19) in TDBGrid1 is invalid.
Line 1962: The property name Splits(0)._ColumnProps(20) in TDBGrid1 is invalid.
Line 1963: The property name Splits(0)._ColumnProps(21) in TDBGrid1 is invalid.
Line 1964: The property name Splits(0)._ColumnProps(22) in TDBGrid1 is invalid.
Line 1965: The property name Splits(0)._ColumnProps(23) in TDBGrid1 is invalid.
Line 1966: The property name Splits(0)._ColumnProps(24) in TDBGrid1 is invalid.
Line 1967: The property name Splits(0)._ColumnProps(25) in TDBGrid1 is invalid.
Line 1968: The property name Splits(0)._ColumnProps(26) in TDBGrid1 is invalid.
Line 1969: The property name Splits(0)._ColumnProps(27) in TDBGrid1 is invalid.
Line 1970: The property name Splits(0)._ColumnProps(28) in TDBGrid1 is invalid.
Line 1971: The property name Splits(0)._ColumnProps(29) in TDBGrid1 is invalid.
Line 1972: The property name Splits(0)._ColumnProps(30) in TDBGrid1 is invalid.
Line 1973: The property name Splits(0)._ColumnProps(31) in TDBGrid1 is invalid.
Line 1974: The property name Splits(0)._ColumnProps(32) in TDBGrid1 is invalid.
Line 1975: The property name Splits(0)._ColumnProps(33) in TDBGrid1 is invalid.
Line 1976: The property name Splits(0)._ColumnProps(34) in TDBGrid1 is invalid.
Line 1977: The property name Splits(0)._ColumnProps(35) in TDBGrid1 is invalid.
Line 1978: The property name Splits(0)._ColumnProps(36) in TDBGrid1 is invalid.
Line 1979: The property name Splits(0)._ColumnProps(37) in TDBGrid1 is invalid.
Line 1980: The property name Splits(0)._ColumnProps(38) in TDBGrid1 is invalid.
Line 1981: The property name Splits(0)._ColumnProps(39) in TDBGrid1 is invalid.
Line 1982: The property name Splits(0)._ColumnProps(40) in TDBGrid1 is invalid.
Line 1983: The property name Splits(0)._ColumnProps(41) in TDBGrid1 is invalid.
Line 1984: The property name Splits(0)._ColumnProps(42) in TDBGrid1 is invalid.
Line 1985: The property name Splits(0)._ColumnProps(43) in TDBGrid1 is invalid.
Line 1986: The property name Splits(0)._ColumnProps(44) in TDBGrid1 is invalid.
Line 1987: The property name Splits(0)._ColumnProps(45) in TDBGrid1 is invalid.
Line 1988: The property name Splits(0)._ColumnProps(46) in TDBGrid1 is invalid.
Line 1989: The property name Splits(0)._ColumnProps(47) in TDBGrid1 is invalid.
Line 1990: The property name Splits(0)._ColumnProps(48) in TDBGrid1 is invalid.
Line 1991: The property name Splits(0)._ColumnProps(49) in TDBGrid1 is invalid.
Line 1992: The property name Splits(0)._ColumnProps(50) in TDBGrid1 is invalid.
Line 1993: The property name Splits(0)._ColumnProps(51) in TDBGrid1 is invalid.
Line 1994: The property name Splits(0)._ColumnProps(52) in TDBGrid1 is invalid.
Line 1995: The property name Splits(0)._ColumnProps(53) in TDBGrid1 is invalid.
Line 1996: The property name Splits(0)._ColumnProps(54) in TDBGrid1 is invalid.
Line 1997: The property name Splits(0)._ColumnProps(55) in TDBGrid1 is invalid.
Line 1998: The property name Splits(0)._ColumnProps(56) in TDBGrid1 is invalid.
Line 1999: The property name Splits(0)._ColumnProps(57) in TDBGrid1 is invalid.
Line 2000: The property name Splits(0)._ColumnProps(58) in TDBGrid1 is invalid.
Line 2001: The property name Splits(0)._ColumnProps(59) in TDBGrid1 is invalid.
Line 2002: The property name Splits(0)._ColumnProps(60) in TDBGrid1 is invalid.
Line 2003: The property name Splits(0)._ColumnProps(61) in TDBGrid1 is invalid.
Line 2004: The property name Splits(0)._ColumnProps(62) in TDBGrid1 is invalid.
Line 2005: The property name Splits(0)._ColumnProps(63) in TDBGrid1 is invalid.
Line 2006: The property name Splits(0)._ColumnProps(64) in TDBGrid1 is invalid.
Line 2007: The property name Splits(0)._ColumnProps(65) in TDBGrid1 is invalid.
Line 2008: The property name Splits(0)._ColumnProps(66) in TDBGrid1 is invalid.
Line 2009: The property name Splits(0)._ColumnProps(67) in TDBGrid1 is invalid.
Line 2010: The property name Splits(0)._ColumnProps(68) in TDBGrid1 is invalid.
Line 2011: The property name Splits(0)._ColumnProps(69) in TDBGrid1 is invalid.
Line 2012: The property name Splits(0)._ColumnProps(70) in TDBGrid1 is invalid.
Line 2013: The property name Splits(0)._ColumnProps(71) in TDBGrid1 is invalid.
Line 2014: The property name Splits(0)._ColumnProps(72) in TDBGrid1 is invalid.
Line 2015: The property name Splits(0)._ColumnProps(73) in TDBGrid1 is invalid.
Line 2016: The property name Splits(0)._ColumnProps(74) in TDBGrid1 is invalid.
Line 2017: The property name Splits(0)._ColumnProps(75) in TDBGrid1 is invalid.
Line 2018: The property name Splits(0)._ColumnProps(76) in TDBGrid1 is invalid.
Line 2019: The property name Splits(0)._ColumnProps(77) in TDBGrid1 is invalid.
Line 2020: The property name Splits(0)._ColumnProps(78) in TDBGrid1 is invalid.
Line 2021: The property name Splits(0)._ColumnProps(79) in TDBGrid1 is invalid.
Line 2022: The property name Splits(0)._ColumnProps(80) in TDBGrid1 is invalid.
Line 2023: The property name Splits(0)._ColumnProps(81) in TDBGrid1 is invalid.
Line 2024: The property name Splits(0)._ColumnProps(82) in TDBGrid1 is invalid.
Line 2025: The property name Splits(0)._ColumnProps(83) in TDBGrid1 is invalid.
Line 2026: The property name Splits(0)._ColumnProps(84) in TDBGrid1 is invalid.
Line 2027: The property name Splits(0)._ColumnProps(85) in TDBGrid1 is invalid.
Line 2028: The property name Splits(0)._ColumnProps(86) in TDBGrid1 is invalid.
Line 2029: The property name Splits(0)._ColumnProps(87) in TDBGrid1 is invalid.
Line 2030: The property name Splits(0)._ColumnProps(88) in TDBGrid1 is invalid.
Line 2031: The property name Splits(0)._ColumnProps(89) in TDBGrid1 is invalid.
Line 2032: The property name Splits(0)._ColumnProps(90) in TDBGrid1 is invalid.
Line 2033: The property name Splits(0)._ColumnProps(91) in TDBGrid1 is invalid.
Line 2034: The property name Splits(0)._ColumnProps(92) in TDBGrid1 is invalid.
Line 2035: The property name Splits(0)._ColumnProps(93) in TDBGrid1 is invalid.
Line 2036: The property name Splits(0)._ColumnProps(94) in TDBGrid1 is invalid.
Line 2037: The property name Splits(0)._ColumnProps(95) in TDBGrid1 is invalid.
Line 2038: The property name Splits(0)._ColumnProps(96) in TDBGrid1 is invalid.
Line 2039: The property name Splits(0)._ColumnProps(97) in TDBGrid1 is invalid.
Line 2040: The property name Splits(0)._ColumnProps(98) in TDBGrid1 is invalid.
Line 2041: The property name Splits(0)._ColumnProps(99) in TDBGrid1 is invalid.
Line 2042: The property name Splits(0)._ColumnProps(100) in TDBGrid1 is invalid.
Line 2043: The property name Splits(0)._ColumnProps(101) in TDBGrid1 is invalid.
Line 2044: The property name Splits(0)._ColumnProps(102) in TDBGrid1 is invalid.
Line 2045: The property name Splits(0)._ColumnProps(103) in TDBGrid1 is invalid.
Line 2046: The property name Splits(0)._ColumnProps(104) in TDBGrid1 is invalid.
Line 2047: The property name Splits(0)._ColumnProps(105) in TDBGrid1 is invalid.
Line 2048: The property name Splits(0)._ColumnProps(106) in TDBGrid1 is invalid.
Line 2049: The property name Splits(0)._ColumnProps(107) in TDBGrid1 is invalid.
Line 2050: The property name Splits(0)._ColumnProps(108) in TDBGrid1 is invalid.
Line 2051: The property name Splits(0)._ColumnProps(109) in TDBGrid1 is invalid.
Line 2052: The property name Splits(0)._ColumnProps(110) in TDBGrid1 is invalid.
Line 2053: The property name Splits(0)._ColumnProps(111) in TDBGrid1 is invalid.
Line 2054: The property name Splits(0)._ColumnProps(112) in TDBGrid1 is invalid.
Line 2055: The property name Splits(0)._ColumnProps(113) in TDBGrid1 is invalid.
Line 2056: The property name Splits(0)._ColumnProps(114) in TDBGrid1 is invalid.
Line 2057: The property name Splits(0)._ColumnProps(115) in TDBGrid1 is invalid.
Line 2058: The property name Splits(0)._ColumnProps(116) in TDBGrid1 is invalid.
Line 2059: The property name Splits(0)._ColumnProps(117) in TDBGrid1 is invalid.
Line 2060: The property name Splits(0)._ColumnProps(118) in TDBGrid1 is invalid.
Line 2061: The property name Splits(0)._ColumnProps(119) in TDBGrid1 is invalid.
Line 2062: The property name Splits(0)._ColumnProps(120) in TDBGrid1 is invalid.
Line 2063: The property name Splits(0)._ColumnProps(121) in TDBGrid1 is invalid.
Line 2064: The property name Splits(0)._ColumnProps(122) in TDBGrid1 is invalid.
Line 2065: The property name Splits(0)._ColumnProps(123) in TDBGrid1 is invalid.
Line 2066: The property name Splits(0)._ColumnProps(124) in TDBGrid1 is invalid.
Line 2067: The property name Splits(0)._ColumnProps(125) in TDBGrid1 is invalid.
Line 2068: The property name Splits(0)._ColumnProps(126) in TDBGrid1 is invalid.
Line 2069: The property name Splits(0)._ColumnProps(127) in TDBGrid1 is invalid.
Line 2070: The property name Splits(0)._ColumnProps(128) in TDBGrid1 is invalid.
Line 2071: The property name Splits(0)._ColumnProps(129) in TDBGrid1 is invalid.
Line 2072: The property name Splits(0)._ColumnProps(130) in TDBGrid1 is invalid.
Line 2073: The property name Splits(0)._ColumnProps(131) in TDBGrid1 is invalid.
Line 2074: The property name Splits(0)._ColumnProps(132) in TDBGrid1 is invalid.
Line 2075: The property name Splits(0)._ColumnProps(133) in TDBGrid1 is invalid.
Line 2076: The property name Splits(0)._ColumnProps(134) in TDBGrid1 is invalid.
Line 2077: The property name Splits(0)._ColumnProps(135) in TDBGrid1 is invalid.
Line 2078: The property name Splits(0)._ColumnProps(136) in TDBGrid1 is invalid.
Line 2079: The property name Splits(0)._ColumnProps(137) in TDBGrid1 is invalid.
Line 2080: The property name Splits(0)._ColumnProps(138) in TDBGrid1 is invalid.
Line 2081: The property name Splits(0)._ColumnProps(139) in TDBGrid1 is invalid.
Line 2082: The property name Splits(0)._ColumnProps(140) in TDBGrid1 is invalid.
Line 2083: The property name Splits(0)._ColumnProps(141) in TDBGrid1 is invalid.
Line 2084: The property name Splits(0)._ColumnProps(142) in TDBGrid1 is invalid.
Line 2085: The property name Splits(0)._ColumnProps(143) in TDBGrid1 is invalid.
Line 2086: The property name Splits(0)._ColumnProps(144) in TDBGrid1 is invalid.
Line 2087: The property name Splits(0)._ColumnProps(145) in TDBGrid1 is invalid.
Line 2088: The property name Splits(0)._ColumnProps(146) in TDBGrid1 is invalid.
Line 2089: The property name Splits(0)._ColumnProps(147) in TDBGrid1 is invalid.
Line 2090: The property name Splits(0)._ColumnProps(148) in TDBGrid1 is invalid.
Line 2091: The property name Splits(0)._ColumnProps(149) in TDBGrid1 is invalid.
Line 2092: The property name Splits(0)._ColumnProps(150) in TDBGrid1 is invalid.
Line 2093: The property name Splits(0)._ColumnProps(151) in TDBGrid1 is invalid.
Line 2094: The property name Splits(0)._ColumnProps(152) in TDBGrid1 is invalid.
Line 2095: The property name Splits(0)._ColumnProps(153) in TDBGrid1 is invalid.
Line 2096: The property name Splits(0)._ColumnProps(154) in TDBGrid1 is invalid.
Line 2097: The property name Splits(0)._ColumnProps(155) in TDBGrid1 is invalid.
Line 2098: The property name Splits(0)._ColumnProps(156) in TDBGrid1 is invalid.
Line 2099: The property name Splits(0)._ColumnProps(157) in TDBGrid1 is invalid.
Line 2100: The property name Splits(0)._ColumnProps(158) in TDBGrid1 is invalid.
Line 2101: The property name Splits(0)._ColumnProps(159) in TDBGrid1 is invalid.
Line 2102: The property name Splits(0)._ColumnProps(160) in TDBGrid1 is invalid.
Line 2103: The property name Splits(0)._ColumnProps(161) in TDBGrid1 is invalid.
Line 2104: The property name Splits(0)._ColumnProps(162) in TDBGrid1 is invalid.
Line 2105: The property name Splits(0)._ColumnProps(163) in TDBGrid1 is invalid.
Line 2106: The property name Splits(0)._ColumnProps(164) in TDBGrid1 is invalid.
Line 2107: The property name Splits(0)._ColumnProps(165) in TDBGrid1 is invalid.
Line 2108: The property name Splits(0)._ColumnProps(166) in TDBGrid1 is invalid.
Line 2109: The property name Splits(0)._ColumnProps(167) in TDBGrid1 is invalid.
Line 2110: The property name Splits(0)._ColumnProps(168) in TDBGrid1 is invalid.
Line 2111: The property name Splits(0)._ColumnProps(169) in TDBGrid1 is invalid.
Line 2112: The property name Splits(0)._ColumnProps(170) in TDBGrid1 is invalid.
Line 2113: The property name Splits(0)._ColumnProps(171) in TDBGrid1 is invalid.
Line 2114: The property name Splits(0)._ColumnProps(172) in TDBGrid1 is invalid.
Line 2115: The property name Splits(0)._ColumnProps(173) in TDBGrid1 is invalid.
Line 2116: The property name Splits(0)._ColumnProps(174) in TDBGrid1 is invalid.
Line 2117: The property name Splits(0)._ColumnProps(175) in TDBGrid1 is invalid.
Line 2118: The property name Splits(0)._ColumnProps(176) in TDBGrid1 is invalid.
Line 2119: The property name Splits(0)._ColumnProps(177) in TDBGrid1 is invalid.
Line 2120: The property name Splits(0)._ColumnProps(178) in TDBGrid1 is invalid.
Line 2121: The property name Splits(0)._ColumnProps(179) in TDBGrid1 is invalid.
Line 2122: The property name Splits(0)._ColumnProps(180) in TDBGrid1 is invalid.
Line 2123: The property name Splits(0)._ColumnProps(181) in TDBGrid1 is invalid.
Line 2124: The property name Splits(0)._ColumnProps(182) in TDBGrid1 is invalid.
Line 2125: The property name Splits(0)._ColumnProps(183) in TDBGrid1 is invalid.
Line 2126: The property name Splits(0)._ColumnProps(184) in TDBGrid1 is invalid.
Line 2127: The property name Splits(0)._ColumnProps(185) in TDBGrid1 is invalid.
Line 2128: The property name Splits(0)._ColumnProps(186) in TDBGrid1 is invalid.
Line 2129: The property name Splits(0)._ColumnProps(187) in TDBGrid1 is invalid.
Line 2130: The property name Splits(0)._ColumnProps(188) in TDBGrid1 is invalid.
Line 2131: The property name Splits(0)._ColumnProps(189) in TDBGrid1 is invalid.
Line 2132: The property name Splits(0)._ColumnProps(190) in TDBGrid1 is invalid.
Line 2133: The property name Splits(0)._ColumnProps(191) in TDBGrid1 is invalid.
Line 2134: The property name Splits(0)._ColumnProps(192) in TDBGrid1 is invalid.
Line 2135: The property name Splits(0)._ColumnProps(193) in TDBGrid1 is invalid.
Line 2136: The property name Splits(0)._ColumnProps(194) in TDBGrid1 is invalid.
Line 2137: The property name Splits(0)._ColumnProps(195) in TDBGrid1 is invalid.
Line 2138: The property name Splits(0)._ColumnProps(196) in TDBGrid1 is invalid.
Line 2139: The property name Splits(0)._ColumnProps(197) in TDBGrid1 is invalid.
Line 2140: The property name Splits(0)._ColumnProps(198) in TDBGrid1 is invalid.
Line 2141: The property name Splits(0)._ColumnProps(199) in TDBGrid1 is invalid.
Line 2142: The property name Splits(1)._UserFlags in TDBGrid1 is invalid.
Line 2143: The property name Splits(1).Size in TDBGrid1 is invalid.
Line 2144: The property name Splits(1).Size.vt in TDBGrid1 is invalid.
Line 2145: The property name Splits(1).RecordSelectors in TDBGrid1 is invalid.
Line 2146: The property name Splits(1).RecordSelectorWidth in TDBGrid1 is invalid.
Line 2147: The property name Splits(1)._SavedRecordSelectors in TDBGrid1 is invalid.
Line 2148: The property name Splits(1).ScrollBars in TDBGrid1 is invalid.
Line 2149: The property name Splits(1).DividerColor in TDBGrid1 is invalid.
Line 2150: The property name Splits(1).FilterBar in TDBGrid1 is invalid.
Line 2151: The property name Splits(1).SpringMode in TDBGrid1 is invalid.
Line 2152: The property name Splits(1)._PropDict in TDBGrid1 is invalid.
Line 2153: The property name Splits(1)._ColumnProps(0) in TDBGrid1 is invalid.
Line 2154: The property name Splits(1)._ColumnProps(1) in TDBGrid1 is invalid.
Line 2155: The property name Splits(1)._ColumnProps(2) in TDBGrid1 is invalid.
Line 2156: The property name Splits(1)._ColumnProps(3) in TDBGrid1 is invalid.
Line 2157: The property name Splits(1)._ColumnProps(4) in TDBGrid1 is invalid.
Line 2158: The property name Splits(1)._ColumnProps(5) in TDBGrid1 is invalid.
Line 2159: The property name Splits(1)._ColumnProps(6) in TDBGrid1 is invalid.
Line 2160: The property name Splits(1)._ColumnProps(7) in TDBGrid1 is invalid.
Line 2161: The property name Splits(1)._ColumnProps(8) in TDBGrid1 is invalid.
Line 2162: The property name Splits(1)._ColumnProps(9) in TDBGrid1 is invalid.
Line 2163: The property name Splits(1)._ColumnProps(10) in TDBGrid1 is invalid.
Line 2164: The property name Splits(1)._ColumnProps(11) in TDBGrid1 is invalid.
Line 2165: The property name Splits(1)._ColumnProps(12) in TDBGrid1 is invalid.
Line 2166: The property name Splits(1)._ColumnProps(13) in TDBGrid1 is invalid.
Line 2167: The property name Splits(1)._ColumnProps(14) in TDBGrid1 is invalid.
Line 2168: The property name Splits(1)._ColumnProps(15) in TDBGrid1 is invalid.
Line 2169: The property name Splits(1)._ColumnProps(16) in TDBGrid1 is invalid.
Line 2170: The property name Splits(1)._ColumnProps(17) in TDBGrid1 is invalid.
Line 2171: The property name Splits(1)._ColumnProps(18) in TDBGrid1 is invalid.
Line 2172: The property name Splits(1)._ColumnProps(19) in TDBGrid1 is invalid.
Line 2173: The property name Splits(1)._ColumnProps(20) in TDBGrid1 is invalid.
Line 2174: The property name Splits(1)._ColumnProps(21) in TDBGrid1 is invalid.
Line 2175: The property name Splits(1)._ColumnProps(22) in TDBGrid1 is invalid.
Line 2176: The property name Splits(1)._ColumnProps(23) in TDBGrid1 is invalid.
Line 2177: The property name Splits(1)._ColumnProps(24) in TDBGrid1 is invalid.
Line 2178: The property name Splits(1)._ColumnProps(25) in TDBGrid1 is invalid.
Line 2179: The property name Splits(1)._ColumnProps(26) in TDBGrid1 is invalid.
Line 2180: The property name Splits(1)._ColumnProps(27) in TDBGrid1 is invalid.
Line 2181: The property name Splits(1)._ColumnProps(28) in TDBGrid1 is invalid.
Line 2182: The property name Splits(1)._ColumnProps(29) in TDBGrid1 is invalid.
Line 2183: The property name Splits(1)._ColumnProps(30) in TDBGrid1 is invalid.
Line 2184: The property name Splits(1)._ColumnProps(31) in TDBGrid1 is invalid.
Line 2185: The property name Splits(1)._ColumnProps(32) in TDBGrid1 is invalid.
Line 2186: The property name Splits(1)._ColumnProps(33) in TDBGrid1 is invalid.
Line 2187: The property name Splits(1)._ColumnProps(34) in TDBGrid1 is invalid.
Line 2188: The property name Splits(1)._ColumnProps(35) in TDBGrid1 is invalid.
Line 2189: The property name Splits(1)._ColumnProps(36) in TDBGrid1 is invalid.
Line 2190: The property name Splits(1)._ColumnProps(37) in TDBGrid1 is invalid.
Line 2191: The property name Splits(1)._ColumnProps(38) in TDBGrid1 is invalid.
Line 2192: The property name Splits(1)._ColumnProps(39) in TDBGrid1 is invalid.
Line 2193: The property name Splits(1)._ColumnProps(40) in TDBGrid1 is invalid.
Line 2194: The property name Splits(1)._ColumnProps(41) in TDBGrid1 is invalid.
Line 2195: The property name Splits(1)._ColumnProps(42) in TDBGrid1 is invalid.
Line 2196: The property name Splits(1)._ColumnProps(43) in TDBGrid1 is invalid.
Line 2197: The property name Splits(1)._ColumnProps(44) in TDBGrid1 is invalid.
Line 2198: The property name Splits(1)._ColumnProps(45) in TDBGrid1 is invalid.
Line 2199: The property name Splits(1)._ColumnProps(46) in TDBGrid1 is invalid.
Line 2200: The property name Splits(1)._ColumnProps(47) in TDBGrid1 is invalid.
Line 2201: The property name Splits(1)._ColumnProps(48) in TDBGrid1 is invalid.
Line 2202: The property name Splits(1)._ColumnProps(49) in TDBGrid1 is invalid.
Line 2203: The property name Splits(1)._ColumnProps(50) in TDBGrid1 is invalid.
Line 2204: The property name Splits(1)._ColumnProps(51) in TDBGrid1 is invalid.
Line 2205: The property name Splits(1)._ColumnProps(52) in TDBGrid1 is invalid.
Line 2206: The property name Splits(1)._ColumnProps(53) in TDBGrid1 is invalid.
Line 2207: The property name Splits(1)._ColumnProps(54) in TDBGrid1 is invalid.
Line 2208: The property name Splits(1)._ColumnProps(55) in TDBGrid1 is invalid.
Line 2209: The property name Splits(1)._ColumnProps(56) in TDBGrid1 is invalid.
Line 2210: The property name Splits(1)._ColumnProps(57) in TDBGrid1 is invalid.
Line 2211: The property name Splits(1)._ColumnProps(58) in TDBGrid1 is invalid.
Line 2212: The property name Splits(1)._ColumnProps(59) in TDBGrid1 is invalid.
Line 2213: The property name Splits(1)._ColumnProps(60) in TDBGrid1 is invalid.
Line 2214: The property name Splits(1)._ColumnProps(61) in TDBGrid1 is invalid.
Line 2215: The property name Splits(1)._ColumnProps(62) in TDBGrid1 is invalid.
Line 2216: The property name Splits(1)._ColumnProps(63) in TDBGrid1 is invalid.
Line 2217: The property name Splits(1)._ColumnProps(64) in TDBGrid1 is invalid.
Line 2218: The property name Splits(1)._ColumnProps(65) in TDBGrid1 is invalid.
Line 2219: The property name Splits(1)._ColumnProps(66) in TDBGrid1 is invalid.
Line 2220: The property name Splits(1)._ColumnProps(67) in TDBGrid1 is invalid.
Line 2221: The property name Splits(1)._ColumnProps(68) in TDBGrid1 is invalid.
Line 2222: The property name Splits(1)._ColumnProps(69) in TDBGrid1 is invalid.
Line 2223: The property name Splits(1)._ColumnProps(70) in TDBGrid1 is invalid.
Line 2224: The property name Splits(1)._ColumnProps(71) in TDBGrid1 is invalid.
Line 2225: The property name Splits(1)._ColumnProps(72) in TDBGrid1 is invalid.
Line 2226: The property name Splits(1)._ColumnProps(73) in TDBGrid1 is invalid.
Line 2227: The property name Splits(1)._ColumnProps(74) in TDBGrid1 is invalid.
Line 2228: The property name Splits(1)._ColumnProps(75) in TDBGrid1 is invalid.
Line 2229: The property name Splits(1)._ColumnProps(76) in TDBGrid1 is invalid.
Line 2230: The property name Splits(1)._ColumnProps(77) in TDBGrid1 is invalid.
Line 2231: The property name Splits(1)._ColumnProps(78) in TDBGrid1 is invalid.
Line 2232: The property name Splits(1)._ColumnProps(79) in TDBGrid1 is invalid.
Line 2233: The property name Splits(1)._ColumnProps(80) in TDBGrid1 is invalid.
Line 2234: The property name Splits(1)._ColumnProps(81) in TDBGrid1 is invalid.
Line 2235: The property name Splits(1)._ColumnProps(82) in TDBGrid1 is invalid.
Line 2236: The property name Splits(1)._ColumnProps(83) in TDBGrid1 is invalid.
Line 2237: The property name Splits(1)._ColumnProps(84) in TDBGrid1 is invalid.
Line 2238: The property name Splits(1)._ColumnProps(85) in TDBGrid1 is invalid.
Line 2239: The property name Splits(1)._ColumnProps(86) in TDBGrid1 is invalid.
Line 2240: The property name Splits(1)._ColumnProps(87) in TDBGrid1 is invalid.
Line 2241: The property name Splits(1)._ColumnProps(88) in TDBGrid1 is invalid.
Line 2242: The property name Splits(1)._ColumnProps(89) in TDBGrid1 is invalid.
Line 2243: The property name Splits(1)._ColumnProps(90) in TDBGrid1 is invalid.
Line 2244: The property name Splits(1)._ColumnProps(91) in TDBGrid1 is invalid.
Line 2245: The property name Splits(1)._ColumnProps(92) in TDBGrid1 is invalid.
Line 2246: The property name Splits(1)._ColumnProps(93) in TDBGrid1 is invalid.
Line 2247: The property name Splits(1)._ColumnProps(94) in TDBGrid1 is invalid.
Line 2248: The property name Splits(1)._ColumnProps(95) in TDBGrid1 is invalid.
Line 2249: The property name Splits(1)._ColumnProps(96) in TDBGrid1 is invalid.
Line 2250: The property name Splits(1)._ColumnProps(97) in TDBGrid1 is invalid.
Line 2251: The property name Splits(1)._ColumnProps(98) in TDBGrid1 is invalid.
Line 2252: The property name Splits(1)._ColumnProps(99) in TDBGrid1 is invalid.
Line 2253: The property name Splits(1)._ColumnProps(100) in TDBGrid1 is invalid.
Line 2254: The property name Splits(1)._ColumnProps(101) in TDBGrid1 is invalid.
Line 2255: The property name Splits(1)._ColumnProps(102) in TDBGrid1 is invalid.
Line 2256: The property name Splits(1)._ColumnProps(103) in TDBGrid1 is invalid.
Line 2257: The property name Splits(1)._ColumnProps(104) in TDBGrid1 is invalid.
Line 2258: The property name Splits(1)._ColumnProps(105) in TDBGrid1 is invalid.
Line 2259: The property name Splits(1)._ColumnProps(106) in TDBGrid1 is invalid.
Line 2260: The property name Splits(1)._ColumnProps(107) in TDBGrid1 is invalid.
Line 2261: The property name Splits(1)._ColumnProps(108) in TDBGrid1 is invalid.
Line 2262: The property name Splits(1)._ColumnProps(109) in TDBGrid1 is invalid.
Line 2263: The property name Splits(1)._ColumnProps(110) in TDBGrid1 is invalid.
Line 2264: The property name Splits(1)._ColumnProps(111) in TDBGrid1 is invalid.
Line 2265: The property name Splits(1)._ColumnProps(112) in TDBGrid1 is invalid.
Line 2266: The property name Splits(1)._ColumnProps(113) in TDBGrid1 is invalid.
Line 2267: The property name Splits(1)._ColumnProps(114) in TDBGrid1 is invalid.
Line 2268: The property name Splits(1)._ColumnProps(115) in TDBGrid1 is invalid.
Line 2269: The property name Splits(1)._ColumnProps(116) in TDBGrid1 is invalid.
Line 2270: The property name Splits(1)._ColumnProps(117) in TDBGrid1 is invalid.
Line 2271: The property name Splits(1)._ColumnProps(118) in TDBGrid1 is invalid.
Line 2272: The property name Splits(1)._ColumnProps(119) in TDBGrid1 is invalid.
Line 2273: The property name Splits(1)._ColumnProps(120) in TDBGrid1 is invalid.
Line 2274: The property name Splits(1)._ColumnProps(121) in TDBGrid1 is invalid.
Line 2275: The property name Splits(1)._ColumnProps(122) in TDBGrid1 is invalid.
Line 2276: The property name Splits(1)._ColumnProps(123) in TDBGrid1 is invalid.
Line 2277: The property name Splits(1)._ColumnProps(124) in TDBGrid1 is invalid.
Line 2278: The property name Splits(1)._ColumnProps(125) in TDBGrid1 is invalid.
Line 2279: The property name Splits(1)._ColumnProps(126) in TDBGrid1 is invalid.
Line 2280: The property name Splits(1)._ColumnProps(127) in TDBGrid1 is invalid.
Line 2281: The property name Splits(1)._ColumnProps(128) in TDBGrid1 is invalid.
Line 2282: The property name Splits(1)._ColumnProps(129) in TDBGrid1 is invalid.
Line 2283: The property name Splits(1)._ColumnProps(130) in TDBGrid1 is invalid.
Line 2284: The property name Splits(1)._ColumnProps(131) in TDBGrid1 is invalid.
Line 2285: The property name Splits(1)._ColumnProps(132) in TDBGrid1 is invalid.
Line 2286: The property name Splits(1)._ColumnProps(133) in TDBGrid1 is invalid.
Line 2287: The property name Splits(1)._ColumnProps(134) in TDBGrid1 is invalid.
Line 2288: The property name Splits(1)._ColumnProps(135) in TDBGrid1 is invalid.
Line 2289: The property name Splits(1)._ColumnProps(136) in TDBGrid1 is invalid.
Line 2290: The property name Splits(1)._ColumnProps(137) in TDBGrid1 is invalid.
Line 2291: The property name Splits(1)._ColumnProps(138) in TDBGrid1 is invalid.
Line 2292: The property name Splits(1)._ColumnProps(139) in TDBGrid1 is invalid.
Line 2293: The property name Splits(1)._ColumnProps(140) in TDBGrid1 is invalid.
Line 2294: The property name Splits(1)._ColumnProps(141) in TDBGrid1 is invalid.
Line 2295: The property name Splits(1)._ColumnProps(142) in TDBGrid1 is invalid.
Line 2296: The property name Splits(1)._ColumnProps(143) in TDBGrid1 is invalid.
Line 2297: The property name Splits(1)._ColumnProps(144) in TDBGrid1 is invalid.
Line 2298: The property name Splits(1)._ColumnProps(145) in TDBGrid1 is invalid.
Line 2299: The property name Splits(1)._ColumnProps(146) in TDBGrid1 is invalid.
Line 2300: The property name Splits(1)._ColumnProps(147) in TDBGrid1 is invalid.
Line 2301: The property name Splits(1)._ColumnProps(148) in TDBGrid1 is invalid.
Line 2302: The property name Splits(1)._ColumnProps(149) in TDBGrid1 is invalid.
Line 2303: The property name Splits(1)._ColumnProps(150) in TDBGrid1 is invalid.
Line 2304: The property name Splits(1)._ColumnProps(151) in TDBGrid1 is invalid.
Line 2305: The property name Splits(1)._ColumnProps(152) in TDBGrid1 is invalid.
Line 2306: The property name Splits(1)._ColumnProps(153) in TDBGrid1 is invalid.
Line 2307: The property name Splits(1)._ColumnProps(154) in TDBGrid1 is invalid.
Line 2308: The property name Splits(1)._ColumnProps(155) in TDBGrid1 is invalid.
Line 2309: The property name Splits.Count in TDBGrid1 is invalid.
Line 2310: The property name PrintInfos(0)._StateFlags in TDBGrid1 is invalid.
Line 2311: The property name PrintInfos(0).Name in TDBGrid1 is invalid.
Line 2312: The property name PrintInfos(0).PageHeaderFont in TDBGrid1 is invalid.
Line 2313: The property name PrintInfos(0).PageFooterFont in TDBGrid1 is invalid.
Line 2314: The property name PrintInfos(0).PageHeaderHeight in TDBGrid1 is invalid.
Line 2315: The property name PrintInfos(0).PageFooterHeight in TDBGrid1 is invalid.
Line 2316: The property name PrintInfos.Count in TDBGrid1 is invalid.
Line 2318: The property name DefColWidth in TDBGrid1 is invalid.
Line 2319: The property name HeadLines in TDBGrid1 is invalid.
Line 2320: The property name FootLines in TDBGrid1 is invalid.
Line 2321: The property name Caption in TDBGrid1 is invalid.
Line 2322: The property name MultipleLines in TDBGrid1 is invalid.
Line 2323: The property name CellTipsWidth in TDBGrid1 is invalid.
Line 2324: The property name DeadAreaBackColor in TDBGrid1 is invalid.
Line 2325: The property name RowDividerColor in TDBGrid1 is invalid.
Line 2326: The property name RowSubDividerColor in TDBGrid1 is invalid.
Line 2327: The property name DirectionAfterEnter in TDBGrid1 is invalid.
Line 2328: The property name MaxRows in TDBGrid1 is invalid.
Line 2329: The property name ViewColumnCaptionWidth in TDBGrid1 is invalid.
Line 2330: The property name ViewColumnWidth in TDBGrid1 is invalid.
Line 2331: The property name _PropDict in TDBGrid1 is invalid.
Line 2332: The property name _StyleDefs(0) in TDBGrid1 is invalid.
Line 2333: The property name _StyleDefs(1) in TDBGrid1 is invalid.
Line 2334: The property name _StyleDefs(2) in TDBGrid1 is invalid.
Line 2335: The property name _StyleDefs(3) in TDBGrid1 is invalid.
Line 2336: The property name _StyleDefs(4) in TDBGrid1 is invalid.
Line 2337: The property name _StyleDefs(5) in TDBGrid1 is invalid.
Line 2338: The property name _StyleDefs(6) in TDBGrid1 is invalid.
Line 2339: The property name _StyleDefs(7) in TDBGrid1 is invalid.
Line 2340: The property name _StyleDefs(8) in TDBGrid1 is invalid.
Line 2341: The property name _StyleDefs(9) in TDBGrid1 is invalid.
Line 2342: The property name _StyleDefs(10) in TDBGrid1 is invalid.
Line 2343: The property name _StyleDefs(11) in TDBGrid1 is invalid.
Line 2344: The property name _StyleDefs(12) in TDBGrid1 is invalid.
Line 2345: The property name _StyleDefs(13) in TDBGrid1 is invalid.
Line 2346: The property name _StyleDefs(14) in TDBGrid1 is invalid.
Line 2347: The property name _StyleDefs(15) in TDBGrid1 is invalid.
Line 2348: The property name _StyleDefs(16) in TDBGrid1 is invalid.
Line 2349: The property name _StyleDefs(17) in TDBGrid1 is invalid.
Line 2350: The property name _StyleDefs(18) in TDBGrid1 is invalid.
Line 2351: The property name _StyleDefs(19) in TDBGrid1 is invalid.
Line 2352: The property name _StyleDefs(20) in TDBGrid1 is invalid.
Line 2353: The property name _StyleDefs(21) in TDBGrid1 is invalid.
Line 2354: The property name _StyleDefs(22) in TDBGrid1 is invalid.
Line 2355: The property name _StyleDefs(23) in TDBGrid1 is invalid.
Line 2356: The property name _StyleDefs(24) in TDBGrid1 is invalid.
Line 2357: The property name _StyleDefs(25) in TDBGrid1 is invalid.
Line 2358: The property name _StyleDefs(26) in TDBGrid1 is invalid.
Line 2359: The property name _StyleDefs(27) in TDBGrid1 is invalid.
Line 2360: The property name _StyleDefs(28) in TDBGrid1 is invalid.
Line 2361: The property name _StyleDefs(29) in TDBGrid1 is invalid.
Line 2362: The property name _StyleDefs(30) in TDBGrid1 is invalid.
Line 2363: The property name _StyleDefs(31) in TDBGrid1 is invalid.
Line 2364: The property name _StyleDefs(32) in TDBGrid1 is invalid.
Line 2365: The property name _StyleDefs(33) in TDBGrid1 is invalid.
Line 2366: The property name _StyleDefs(34) in TDBGrid1 is invalid.
Line 2367: The property name _StyleDefs(35) in TDBGrid1 is invalid.
Line 2368: The property name _StyleDefs(36) in TDBGrid1 is invalid.
Line 2369: The property name _StyleDefs(37) in TDBGrid1 is invalid.
Line 2370: The property name _StyleDefs(38) in TDBGrid1 is invalid.
Line 2371: The property name _StyleDefs(39) in TDBGrid1 is invalid.
Line 2372: The property name _StyleDefs(40) in TDBGrid1 is invalid.
Line 2373: The property name _StyleDefs(41) in TDBGrid1 is invalid.
Line 2374: The property name _StyleDefs(42) in TDBGrid1 is invalid.
Line 2375: The property name _StyleDefs(43) in TDBGrid1 is invalid.
Line 2376: The property name _StyleDefs(44) in TDBGrid1 is invalid.
Line 2377: The property name _StyleDefs(45) in TDBGrid1 is invalid.
Line 2378: The property name _StyleDefs(46) in TDBGrid1 is invalid.
Line 2379: The property name _StyleDefs(47) in TDBGrid1 is invalid.
Line 2380: The property name _StyleDefs(48) in TDBGrid1 is invalid.
Line 2381: The property name _StyleDefs(49) in TDBGrid1 is invalid.
Line 2382: The property name _StyleDefs(50) in TDBGrid1 is invalid.
Line 2383: The property name _StyleDefs(51) in TDBGrid1 is invalid.
Line 2384: The property name _StyleDefs(52) in TDBGrid1 is invalid.
Line 2385: The property name _StyleDefs(53) in TDBGrid1 is invalid.
Line 2386: The property name _StyleDefs(54) in TDBGrid1 is invalid.
Line 2387: The property name _StyleDefs(55) in TDBGrid1 is invalid.
Line 2388: The property name _StyleDefs(56) in TDBGrid1 is invalid.
Line 2389: The property name _StyleDefs(57) in TDBGrid1 is invalid.
Line 2390: The property name _StyleDefs(58) in TDBGrid1 is invalid.
Line 2391: The property name _StyleDefs(59) in TDBGrid1 is invalid.
Line 2392: The property name _StyleDefs(60) in TDBGrid1 is invalid.
Line 2393: The property name _StyleDefs(61) in TDBGrid1 is invalid.
Line 2394: The property name _StyleDefs(62) in TDBGrid1 is invalid.
Line 2395: The property name _StyleDefs(63) in TDBGrid1 is invalid.
Line 2396: The property name _StyleDefs(64) in TDBGrid1 is invalid.
Line 2397: The property name _StyleDefs(65) in TDBGrid1 is invalid.
Line 2398: The property name _StyleDefs(66) in TDBGrid1 is invalid.
Line 2399: The property name _StyleDefs(67) in TDBGrid1 is invalid.
Line 2400: The property name _StyleDefs(68) in TDBGrid1 is invalid.
Line 2401: The property name _StyleDefs(69) in TDBGrid1 is invalid.
Line 2402: The property name _StyleDefs(70) in TDBGrid1 is invalid.
Line 2403: The property name _StyleDefs(71) in TDBGrid1 is invalid.
Line 2404: The property name _StyleDefs(72) in TDBGrid1 is invalid.
Line 2405: The property name _StyleDefs(73) in TDBGrid1 is invalid.
Line 2406: The property name _StyleDefs(74) in TDBGrid1 is invalid.
Line 2407: The property name _StyleDefs(75) in TDBGrid1 is invalid.
Line 2408: The property name _StyleDefs(76) in TDBGrid1 is invalid.
Line 2409: The property name _StyleDefs(77) in TDBGrid1 is invalid.
Line 2410: The property name _StyleDefs(78) in TDBGrid1 is invalid.
Line 2411: The property name _StyleDefs(79) in TDBGrid1 is invalid.
Line 2412: The property name _StyleDefs(80) in TDBGrid1 is invalid.
Line 2413: The property name _StyleDefs(81) in TDBGrid1 is invalid.
Line 2414: The property name _StyleDefs(82) in TDBGrid1 is invalid.
Line 2415: The property name _StyleDefs(83) in TDBGrid1 is invalid.
Line 2416: The property name _StyleDefs(84) in TDBGrid1 is invalid.
Line 2417: The property name _StyleDefs(85) in TDBGrid1 is invalid.
Line 2418: The property name _StyleDefs(86) in TDBGrid1 is invalid.
Line 2419: The property name _StyleDefs(87) in TDBGrid1 is invalid.
Line 2420: The property name _StyleDefs(88) in TDBGrid1 is invalid.
Line 2421: The property name _StyleDefs(89) in TDBGrid1 is invalid.
Line 2422: The property name _StyleDefs(90) in TDBGrid1 is invalid.
Line 2423: The property name _StyleDefs(91) in TDBGrid1 is invalid.
Line 2424: The property name _StyleDefs(92) in TDBGrid1 is invalid.
Line 2425: The property name _StyleDefs(93) in TDBGrid1 is invalid.
Line 2426: The property name _StyleDefs(94) in TDBGrid1 is invalid.
Line 2427: The property name _StyleDefs(95) in TDBGrid1 is invalid.
Line 2428: The property name _StyleDefs(96) in TDBGrid1 is invalid.
Line 2429: The property name _StyleDefs(97) in TDBGrid1 is invalid.
Line 2430: The property name _StyleDefs(98) in TDBGrid1 is invalid.
Line 2431: The property name _StyleDefs(99) in TDBGrid1 is invalid.
Line 2432: The property name _StyleDefs(100) in TDBGrid1 is invalid.
Line 2433: The property name _StyleDefs(101) in TDBGrid1 is invalid.
Line 2434: The property name _StyleDefs(102) in TDBGrid1 is invalid.
Line 2435: The property name _StyleDefs(103) in TDBGrid1 is invalid.
Line 2436: The property name _StyleDefs(104) in TDBGrid1 is invalid.
Line 2437: The property name _StyleDefs(105) in TDBGrid1 is invalid.
Line 2438: The property name _StyleDefs(106) in TDBGrid1 is invalid.
Line 2439: The property name _StyleDefs(107) in TDBGrid1 is invalid.
Line 2440: The property name _StyleDefs(108) in TDBGrid1 is invalid.
Line 2441: The property name _StyleDefs(109) in TDBGrid1 is invalid.
Line 2442: The property name _StyleDefs(110) in TDBGrid1 is invalid.
Line 2443: The property name _StyleDefs(111) in TDBGrid1 is invalid.
Line 2444: The property name _StyleDefs(112) in TDBGrid1 is invalid.
Line 2445: The property name _StyleDefs(113) in TDBGrid1 is invalid.
Line 2446: The property name _StyleDefs(114) in TDBGrid1 is invalid.
Line 2447: The property name _StyleDefs(115) in TDBGrid1 is invalid.
Line 2448: The property name _StyleDefs(116) in TDBGrid1 is invalid.
Line 2449: The property name _StyleDefs(117) in TDBGrid1 is invalid.
Line 2450: The property name _StyleDefs(118) in TDBGrid1 is invalid.
Line 2451: The property name _StyleDefs(119) in TDBGrid1 is invalid.
Line 2452: The property name _StyleDefs(120) in TDBGrid1 is invalid.
Line 2453: The property name _StyleDefs(121) in TDBGrid1 is invalid.
Line 2454: The property name _StyleDefs(122) in TDBGrid1 is invalid.
Line 2455: The property name _StyleDefs(123) in TDBGrid1 is invalid.
Line 2456: The property name _StyleDefs(124) in TDBGrid1 is invalid.
Line 2457: The property name _StyleDefs(125) in TDBGrid1 is invalid.
Line 2458: The property name _StyleDefs(126) in TDBGrid1 is invalid.
Line 2459: The property name _StyleDefs(127) in TDBGrid1 is invalid.
Line 2460: The property name _StyleDefs(128) in TDBGrid1 is invalid.
Line 2461: The property name _StyleDefs(129) in TDBGrid1 is invalid.
Line 2462: The property name _StyleDefs(130) in TDBGrid1 is invalid.
Line 2463: The property name _StyleDefs(131) in TDBGrid1 is invalid.
Line 2464: The property name _StyleDefs(132) in TDBGrid1 is invalid.
Line 2465: The property name _StyleDefs(133) in TDBGrid1 is invalid.
Line 2466: The property name _StyleDefs(134) in TDBGrid1 is invalid.
Line 2467: The property name _StyleDefs(135) in TDBGrid1 is invalid.
Line 2468: The property name _StyleDefs(136) in TDBGrid1 is invalid.
Line 2469: The property name _StyleDefs(137) in TDBGrid1 is invalid.
Line 2470: The property name _StyleDefs(138) in TDBGrid1 is invalid.
Line 2471: The property name _StyleDefs(139) in TDBGrid1 is invalid.
Line 2472: The property name _StyleDefs(140) in TDBGrid1 is invalid.
Line 2473: The property name _StyleDefs(141) in TDBGrid1 is invalid.
Line 2474: The property name _StyleDefs(142) in TDBGrid1 is invalid.
Line 2475: The property name _StyleDefs(143) in TDBGrid1 is invalid.
Line 2476: The property name _StyleDefs(144) in TDBGrid1 is invalid.
Line 2477: The property name _StyleDefs(145) in TDBGrid1 is invalid.
Line 2478: The property name _StyleDefs(146) in TDBGrid1 is invalid.
Line 2479: The property name _StyleDefs(147) in TDBGrid1 is invalid.
Line 2480: The property name _StyleDefs(148) in TDBGrid1 is invalid.
Line 2481: The property name _StyleDefs(149) in TDBGrid1 is invalid.
Line 2482: The property name _StyleDefs(150) in TDBGrid1 is invalid.
Line 2483: The property name _StyleDefs(151) in TDBGrid1 is invalid.
Line 2484: The property name _StyleDefs(152) in TDBGrid1 is invalid.
Line 2485: The property name _StyleDefs(153) in TDBGrid1 is invalid.
Line 2486: The property name _StyleDefs(154) in TDBGrid1 is invalid.
Line 2487: The property name _StyleDefs(155) in TDBGrid1 is invalid.
Line 2488: The property name _StyleDefs(156) in TDBGrid1 is invalid.
Line 2489: The property name _StyleDefs(157) in TDBGrid1 is invalid.
Line 2490: The property name _StyleDefs(158) in TDBGrid1 is invalid.
Line 2491: The property name _StyleDefs(159) in TDBGrid1 is invalid.
Line 2492: The property name _StyleDefs(160) in TDBGrid1 is invalid.
Line 2493: The property name _StyleDefs(161) in TDBGrid1 is invalid.
Line 2494: The property name _StyleDefs(162) in TDBGrid1 is invalid.
Line 2495: The property name _StyleDefs(163) in TDBGrid1 is invalid.
Line 2496: The property name _StyleDefs(164) in TDBGrid1 is invalid.
Line 2497: The property name _StyleDefs(165) in TDBGrid1 is invalid.
Line 2498: The property name _StyleDefs(166) in TDBGrid1 is invalid.
Line 2499: The property name _StyleDefs(167) in TDBGrid1 is invalid.
Line 2500: The property name _StyleDefs(168) in TDBGrid1 is invalid.
Line 2501: The property name _StyleDefs(169) in TDBGrid1 is invalid.
Line 2502: The property name _StyleDefs(170) in TDBGrid1 is invalid.
Line 2503: The property name _StyleDefs(171) in TDBGrid1 is invalid.
Line 2504: The property name _StyleDefs(172) in TDBGrid1 is invalid.
Line 2505: The property name _StyleDefs(173) in TDBGrid1 is invalid.
Line 2506: The property name _StyleDefs(174) in TDBGrid1 is invalid.
Line 2507: The property name _StyleDefs(175) in TDBGrid1 is invalid.
Line 2508: The property name _StyleDefs(176) in TDBGrid1 is invalid.
Line 2509: The property name _StyleDefs(177) in TDBGrid1 is invalid.
Line 2510: The property name _StyleDefs(178) in TDBGrid1 is invalid.
Line 2511: The property name _StyleDefs(179) in TDBGrid1 is invalid.
Line 2512: The property name _StyleDefs(180) in TDBGrid1 is invalid.
Line 2513: The property name _StyleDefs(181) in TDBGrid1 is invalid.
Line 2514: The property name _StyleDefs(182) in TDBGrid1 is invalid.
Line 2515: The property name _StyleDefs(183) in TDBGrid1 is invalid.
Line 2516: The property name _StyleDefs(184) in TDBGrid1 is invalid.
Line 2517: The property name _StyleDefs(185) in TDBGrid1 is invalid.
Line 2518: The property name _StyleDefs(186) in TDBGrid1 is invalid.
Line 2519: The property name _StyleDefs(187) in TDBGrid1 is invalid.
Line 2520: The property name _StyleDefs(188) in TDBGrid1 is invalid.
Line 2521: The property name _StyleDefs(189) in TDBGrid1 is invalid.
Line 2522: The property name _StyleDefs(190) in TDBGrid1 is invalid.
Line 2523: The property name _StyleDefs(191) in TDBGrid1 is invalid.
Line 2524: The property name _StyleDefs(192) in TDBGrid1 is invalid.
Line 2525: The property name _StyleDefs(193) in TDBGrid1 is invalid.
Line 2526: The property name _StyleDefs(194) in TDBGrid1 is invalid.
Line 2527: The property name _StyleDefs(195) in TDBGrid1 is invalid.
Line 2528: The property name _StyleDefs(196) in TDBGrid1 is invalid.
Line 2529: The property name _StyleDefs(197) in TDBGrid1 is invalid.
Line 2530: The property name _StyleDefs(198) in TDBGrid1 is invalid.
Line 2531: The property name _StyleDefs(199) in TDBGrid1 is invalid.
Line 2532: The property name _StyleDefs(200) in TDBGrid1 is invalid.
Line 2533: The property name _StyleDefs(201) in TDBGrid1 is invalid.
Line 2534: The property name _StyleDefs(202) in TDBGrid1 is invalid.
Line 2535: The property name _StyleDefs(203) in TDBGrid1 is invalid.
Line 2536: The property name _StyleDefs(204) in TDBGrid1 is invalid.
Line 2537: The property name _StyleDefs(205) in TDBGrid1 is invalid.
Line 2538: The property name _StyleDefs(206) in TDBGrid1 is invalid.
Line 2539: The property name _StyleDefs(207) in TDBGrid1 is invalid.
Line 2540: The property name _StyleDefs(208) in TDBGrid1 is invalid.
Line 2541: The property name _StyleDefs(209) in TDBGrid1 is invalid.
Line 2542: The property name _StyleDefs(210) in TDBGrid1 is invalid.
Line 2543: The property name _StyleDefs(211) in TDBGrid1 is invalid.
Line 2544: The property name _StyleDefs(212) in TDBGrid1 is invalid.
Line 2545: The property name _StyleDefs(213) in TDBGrid1 is invalid.
Line 2546: The property name _StyleDefs(214) in TDBGrid1 is invalid.
Line 2547: The property name _StyleDefs(215) in TDBGrid1 is invalid.
Line 2548: The property name _StyleDefs(216) in TDBGrid1 is invalid.
Line 2549: The property name _StyleDefs(217) in TDBGrid1 is invalid.
Line 2550: The property name _StyleDefs(218) in TDBGrid1 is invalid.
Line 2551: The property name _StyleDefs(219) in TDBGrid1 is invalid.
Line 2552: The property name _StyleDefs(220) in TDBGrid1 is invalid.
Line 2553: The property name _StyleDefs(221) in TDBGrid1 is invalid.
Line 2554: The property name _StyleDefs(222) in TDBGrid1 is invalid.
Line 2555: The property name _StyleDefs(223) in TDBGrid1 is invalid.
Line 2556: The property name _StyleDefs(224) in TDBGrid1 is invalid.
Line 2557: The property name _StyleDefs(225) in TDBGrid1 is invalid.
Line 2558: The property name _StyleDefs(226) in TDBGrid1 is invalid.
Line 2559: The property name _StyleDefs(227) in TDBGrid1 is invalid.
Line 2560: The property name _StyleDefs(228) in TDBGrid1 is invalid.
Line 2561: The property name _StyleDefs(229) in TDBGrid1 is invalid.
Line 2562: The property name _StyleDefs(230) in TDBGrid1 is invalid.
Line 2563: The property name _StyleDefs(231) in TDBGrid1 is invalid.
Line 2564: The property name _StyleDefs(232) in TDBGrid1 is invalid.
Line 2565: The property name _StyleDefs(233) in TDBGrid1 is invalid.
Line 2566: The property name _StyleDefs(234) in TDBGrid1 is invalid.
Line 2567: The property name _StyleDefs(235) in TDBGrid1 is invalid.
Line 2568: The property name _StyleDefs(236) in TDBGrid1 is invalid.
Line 2569: The property name _StyleDefs(237) in TDBGrid1 is invalid.
Line 2570: The property name _StyleDefs(238) in TDBGrid1 is invalid.
Line 2571: The property name _StyleDefs(239) in TDBGrid1 is invalid.
Line 2572: The property name _StyleDefs(240) in TDBGrid1 is invalid.
Line 2573: The property name _StyleDefs(241) in TDBGrid1 is invalid.
Line 2574: The property name _StyleDefs(242) in TDBGrid1 is invalid.
Line 2575: The property name _StyleDefs(243) in TDBGrid1 is invalid.
Line 2576: The property name _StyleDefs(244) in TDBGrid1 is invalid.
Line 2577: The property name _StyleDefs(245) in TDBGrid1 is invalid.
Line 2578: The property name _StyleDefs(246) in TDBGrid1 is invalid.
Line 2579: The property name _StyleDefs(247) in TDBGrid1 is invalid.
Line 2580: The property name _StyleDefs(248) in TDBGrid1 is invalid.
Line 2581: The property name _StyleDefs(249) in TDBGrid1 is invalid.
Line 2582: The property name _StyleDefs(250) in TDBGrid1 is invalid.
Line 2583: The property name _StyleDefs(251) in TDBGrid1 is invalid.
Line 2584: The property name _StyleDefs(252) in TDBGrid1 is invalid.
Line 2585: The property name _StyleDefs(253) in TDBGrid1 is invalid.
Line 2586: The property name _StyleDefs(254) in TDBGrid1 is invalid.
Line 2587: The property name _StyleDefs(255) in TDBGrid1 is invalid.
Line 2588: The property name _StyleDefs(256) in TDBGrid1 is invalid.
Line 2589: The property name _StyleDefs(257) in TDBGrid1 is invalid.
Line 2590: The property name _StyleDefs(258) in TDBGrid1 is invalid.
Line 2591: The property name _StyleDefs(259) in TDBGrid1 is invalid.
Line 2592: The property name _StyleDefs(260) in TDBGrid1 is invalid.
Line 2593: The property name _StyleDefs(261) in TDBGrid1 is invalid.
Line 2594: The property name _StyleDefs(262) in TDBGrid1 is invalid.
Line 2595: The property name _StyleDefs(263) in TDBGrid1 is invalid.
Line 2596: The property name _StyleDefs(264) in TDBGrid1 is invalid.
Line 2597: The property name _StyleDefs(265) in TDBGrid1 is invalid.
Line 2598: The property name _StyleDefs(266) in TDBGrid1 is invalid.
Line 2599: The property name _StyleDefs(267) in TDBGrid1 is invalid.
Line 2600: The property name _StyleDefs(268) in TDBGrid1 is invalid.
Line 1753: Property Appearance in TDBGrid1 could not be set.
Line 2608: The property name _ExtentX in Adodc1 is invalid.
Line 2609: The property name _ExtentY in Adodc1 is invalid.
Line 2610: The property name ConnectMode in Adodc1 is invalid.
Line 2611: The property name CursorLocation in Adodc1 is invalid.
Line 2612: The property name IsolationLevel in Adodc1 is invalid.
Line 2613: The property name ConnectionTimeout in Adodc1 is invalid.
Line 2614: The property name CommandTimeout in Adodc1 is invalid.
Line 2615: The property name CursorType in Adodc1 is invalid.
Line 2616: The property name LockType in Adodc1 is invalid.
Line 2617: The property name CommandType in Adodc1 is invalid.
Line 2618: The property name CursorOptions in Adodc1 is invalid.
Line 2619: The property name CacheSize in Adodc1 is invalid.
Line 2620: The property name MaxRecords in Adodc1 is invalid.
Line 2621: The property name BOFAction in Adodc1 is invalid.
Line 2622: The property name EOFAction in Adodc1 is invalid.
Line 2623: The property name ConnectStringType in Adodc1 is invalid.
Line 2627: The property name Orientation in Adodc1 is invalid.
Line 2629: The property name Connect in Adodc1 is invalid.
Line 2630: The property name OLEDBString in Adodc1 is invalid.
Line 2631: The property name OLEDBFile in Adodc1 is invalid.
Line 2632: The property name DataSourceName in Adodc1 is invalid.
Line 2633: The property name OtherAttributes in Adodc1 is invalid.
Line 2634: The property name UserName in Adodc1 is invalid.
Line 2635: The property name Password in Adodc1 is invalid.
Line 2636: The property name RecordSource in Adodc1 is invalid.
Line 2637: The property name Caption in Adodc1 is invalid.
Line 2647: The property name _Version in Adodc1 is invalid.
