Line 57: Class prj_att.vbButton of control cmdExit was not a loaded control class.
Line 182: Class prj_att.vbButton of control cmdNew_Status was not a loaded control class.
Line 221: Class prj_att.vbButton of control cmdSave_Status was not a loaded control class.
Line 260: Class prj_att.vbButton of control cmdEdit_Status was not a loaded control class.
Line 299: Class prj_att.vbButton of control cmdDelete_Status was not a loaded control class.
Line 338: Class prj_att.vbButton of control cmdCancel_Status was not a loaded control class.
Line 488: Class prj_att.vbButton of control cmdNew_Title was not a loaded control class.
Line 527: Class prj_att.vbButton of control cmdSave_Title was not a loaded control class.
Line 566: Class prj_att.vbButton of control cmdEdit_Title was not a loaded control class.
Line 605: Class prj_att.vbButton of control cmdDelete_Title was not a loaded control class.
Line 644: Class prj_att.vbButton of control cmdCancel_Title was not a loaded control class.
Line 770: Class prj_att.vbButton of control cmdNew_Perf was not a loaded control class.
Line 809: Class prj_att.vbButton of control cmdSave_Perf was not a loaded control class.
Line 848: Class prj_att.vbButton of control cmdEdit_Perf was not a loaded control class.
Line 887: Class prj_att.vbButton of control cmdDelete_Perf was not a loaded control class.
Line 926: Class prj_att.vbButton of control cmdCancel_Perf was not a loaded control class.
Line 1079: Class prj_att.vbButton of control cmdNew_Level was not a loaded control class.
Line 1118: Class prj_att.vbButton of control cmdSave_Level was not a loaded control class.
Line 1157: Class prj_att.vbButton of control cmdEdit_Level was not a loaded control class.
Line 1196: Class prj_att.vbButton of control cmdDelete_Level was not a loaded control class.
Line 1235: Class prj_att.vbButton of control cmdCancel_Level was not a loaded control class.
Line 1350: Class prj_att.vbButton of control cmdNew_Grade was not a loaded control class.
Line 1389: Class prj_att.vbButton of control cmdSave_Grade was not a loaded control class.
Line 1428: Class prj_att.vbButton of control cmdEdit_Grade was not a loaded control class.
Line 1467: Class prj_att.vbButton of control cmdDelete_Grade was not a loaded control class.
Line 1506: Class prj_att.vbButton of control cmdCancel_Grade was not a loaded control class.
Line 1621: Class prj_att.vbButton of control cmdNew_Division was not a loaded control class.
Line 1660: Class prj_att.vbButton of control cmdSave_Division was not a loaded control class.
Line 1699: Class prj_att.vbButton of control cmdEdit_Division was not a loaded control class.
Line 1738: Class prj_att.vbButton of control cmdDelete_Division was not a loaded control class.
Line 1777: Class prj_att.vbButton of control cmdCancel_Division was not a loaded control class.
Line 1920: Class prj_att.vbButton of control cmdNew_Department was not a loaded control class.
Line 1959: Class prj_att.vbButton of control cmdSave_Department was not a loaded control class.
Line 1998: Class prj_att.vbButton of control cmdEdit_Department was not a loaded control class.
Line 2037: Class prj_att.vbButton of control cmdDelete_Department was not a loaded control class.
Line 2076: Class prj_att.vbButton of control cmdCancel_Department was not a loaded control class.
Line 2138: Class prj_att.vbButton of control cmdNew_Company was not a loaded control class.
Line 2177: Class prj_att.vbButton of control cmdSave_Company was not a loaded control class.
Line 2216: Class prj_att.vbButton of control cmdEdit_Company was not a loaded control class.
Line 2255: Class prj_att.vbButton of control cmdDelete_Company was not a loaded control class.
Line 2294: Class prj_att.vbButton of control cmdCancel_Company was not a loaded control class.
Line 3398: Class prj_att.vbButton of control cmd_brows_pict was not a loaded control class.
Line 63: The property name _ExtentX in cmdExit is invalid.
Line 64: The property name _ExtentY in cmdExit is invalid.
Line 65: The property name BTYPE in cmdExit is invalid.
Line 66: The property name TX in cmdExit is invalid.
Line 67: The property name ENAB in cmdExit is invalid.
Line 77: The property name COLTYPE in cmdExit is invalid.
Line 78: The property name FOCUSR in cmdExit is invalid.
Line 79: The property name BCOL in cmdExit is invalid.
Line 80: The property name BCOLO in cmdExit is invalid.
Line 81: The property name FCOL in cmdExit is invalid.
Line 82: The property name FCOLO in cmdExit is invalid.
Line 83: The property name MCOL in cmdExit is invalid.
Line 84: The property name MPTR in cmdExit is invalid.
Line 85: The property name MICON in cmdExit is invalid.
Line 86: The property name PICN in cmdExit is invalid.
Line 87: The property name UMCOL in cmdExit is invalid.
Line 88: The property name SOFT in cmdExit is invalid.
Line 89: The property name PICPOS in cmdExit is invalid.
Line 90: The property name NGREY in cmdExit is invalid.
Line 91: The property name FX in cmdExit is invalid.
Line 92: The property name HAND in cmdExit is invalid.
Line 93: The property name CHECK in cmdExit is invalid.
Line 94: The property name VALUE in cmdExit is invalid.
Line 188: The property name _ExtentX in cmdNew_Status is invalid.
Line 189: The property name _ExtentY in cmdNew_Status is invalid.
Line 190: The property name BTYPE in cmdNew_Status is invalid.
Line 191: The property name TX in cmdNew_Status is invalid.
Line 192: The property name ENAB in cmdNew_Status is invalid.
Line 202: The property name COLTYPE in cmdNew_Status is invalid.
Line 203: The property name FOCUSR in cmdNew_Status is invalid.
Line 204: The property name BCOL in cmdNew_Status is invalid.
Line 205: The property name BCOLO in cmdNew_Status is invalid.
Line 206: The property name FCOL in cmdNew_Status is invalid.
Line 207: The property name FCOLO in cmdNew_Status is invalid.
Line 208: The property name MCOL in cmdNew_Status is invalid.
Line 209: The property name MPTR in cmdNew_Status is invalid.
Line 210: The property name MICON in cmdNew_Status is invalid.
Line 211: The property name PICN in cmdNew_Status is invalid.
Line 212: The property name UMCOL in cmdNew_Status is invalid.
Line 213: The property name SOFT in cmdNew_Status is invalid.
Line 214: The property name PICPOS in cmdNew_Status is invalid.
Line 215: The property name NGREY in cmdNew_Status is invalid.
Line 216: The property name FX in cmdNew_Status is invalid.
Line 217: The property name HAND in cmdNew_Status is invalid.
Line 218: The property name CHECK in cmdNew_Status is invalid.
Line 219: The property name VALUE in cmdNew_Status is invalid.
Line 227: The property name _ExtentX in cmdSave_Status is invalid.
Line 228: The property name _ExtentY in cmdSave_Status is invalid.
Line 229: The property name BTYPE in cmdSave_Status is invalid.
Line 230: The property name TX in cmdSave_Status is invalid.
Line 231: The property name ENAB in cmdSave_Status is invalid.
Line 241: The property name COLTYPE in cmdSave_Status is invalid.
Line 242: The property name FOCUSR in cmdSave_Status is invalid.
Line 243: The property name BCOL in cmdSave_Status is invalid.
Line 244: The property name BCOLO in cmdSave_Status is invalid.
Line 245: The property name FCOL in cmdSave_Status is invalid.
Line 246: The property name FCOLO in cmdSave_Status is invalid.
Line 247: The property name MCOL in cmdSave_Status is invalid.
Line 248: The property name MPTR in cmdSave_Status is invalid.
Line 249: The property name MICON in cmdSave_Status is invalid.
Line 250: The property name PICN in cmdSave_Status is invalid.
Line 251: The property name UMCOL in cmdSave_Status is invalid.
Line 252: The property name SOFT in cmdSave_Status is invalid.
Line 253: The property name PICPOS in cmdSave_Status is invalid.
Line 254: The property name NGREY in cmdSave_Status is invalid.
Line 255: The property name FX in cmdSave_Status is invalid.
Line 256: The property name HAND in cmdSave_Status is invalid.
Line 257: The property name CHECK in cmdSave_Status is invalid.
Line 258: The property name VALUE in cmdSave_Status is invalid.
Line 266: The property name _ExtentX in cmdEdit_Status is invalid.
Line 267: The property name _ExtentY in cmdEdit_Status is invalid.
Line 268: The property name BTYPE in cmdEdit_Status is invalid.
Line 269: The property name TX in cmdEdit_Status is invalid.
Line 270: The property name ENAB in cmdEdit_Status is invalid.
Line 280: The property name COLTYPE in cmdEdit_Status is invalid.
Line 281: The property name FOCUSR in cmdEdit_Status is invalid.
Line 282: The property name BCOL in cmdEdit_Status is invalid.
Line 283: The property name BCOLO in cmdEdit_Status is invalid.
Line 284: The property name FCOL in cmdEdit_Status is invalid.
Line 285: The property name FCOLO in cmdEdit_Status is invalid.
Line 286: The property name MCOL in cmdEdit_Status is invalid.
Line 287: The property name MPTR in cmdEdit_Status is invalid.
Line 288: The property name MICON in cmdEdit_Status is invalid.
Line 289: The property name PICN in cmdEdit_Status is invalid.
Line 290: The property name UMCOL in cmdEdit_Status is invalid.
Line 291: The property name SOFT in cmdEdit_Status is invalid.
Line 292: The property name PICPOS in cmdEdit_Status is invalid.
Line 293: The property name NGREY in cmdEdit_Status is invalid.
Line 294: The property name FX in cmdEdit_Status is invalid.
Line 295: The property name HAND in cmdEdit_Status is invalid.
Line 296: The property name CHECK in cmdEdit_Status is invalid.
Line 297: The property name VALUE in cmdEdit_Status is invalid.
Line 305: The property name _ExtentX in cmdDelete_Status is invalid.
Line 306: The property name _ExtentY in cmdDelete_Status is invalid.
Line 307: The property name BTYPE in cmdDelete_Status is invalid.
Line 308: The property name TX in cmdDelete_Status is invalid.
Line 309: The property name ENAB in cmdDelete_Status is invalid.
Line 319: The property name COLTYPE in cmdDelete_Status is invalid.
Line 320: The property name FOCUSR in cmdDelete_Status is invalid.
Line 321: The property name BCOL in cmdDelete_Status is invalid.
Line 322: The property name BCOLO in cmdDelete_Status is invalid.
Line 323: The property name FCOL in cmdDelete_Status is invalid.
Line 324: The property name FCOLO in cmdDelete_Status is invalid.
Line 325: The property name MCOL in cmdDelete_Status is invalid.
Line 326: The property name MPTR in cmdDelete_Status is invalid.
Line 327: The property name MICON in cmdDelete_Status is invalid.
Line 328: The property name PICN in cmdDelete_Status is invalid.
Line 329: The property name UMCOL in cmdDelete_Status is invalid.
Line 330: The property name SOFT in cmdDelete_Status is invalid.
Line 331: The property name PICPOS in cmdDelete_Status is invalid.
Line 332: The property name NGREY in cmdDelete_Status is invalid.
Line 333: The property name FX in cmdDelete_Status is invalid.
Line 334: The property name HAND in cmdDelete_Status is invalid.
Line 335: The property name CHECK in cmdDelete_Status is invalid.
Line 336: The property name VALUE in cmdDelete_Status is invalid.
Line 344: The property name _ExtentX in cmdCancel_Status is invalid.
Line 345: The property name _ExtentY in cmdCancel_Status is invalid.
Line 346: The property name BTYPE in cmdCancel_Status is invalid.
Line 347: The property name TX in cmdCancel_Status is invalid.
Line 348: The property name ENAB in cmdCancel_Status is invalid.
Line 358: The property name COLTYPE in cmdCancel_Status is invalid.
Line 359: The property name FOCUSR in cmdCancel_Status is invalid.
Line 360: The property name BCOL in cmdCancel_Status is invalid.
Line 361: The property name BCOLO in cmdCancel_Status is invalid.
Line 362: The property name FCOL in cmdCancel_Status is invalid.
Line 363: The property name FCOLO in cmdCancel_Status is invalid.
Line 364: The property name MCOL in cmdCancel_Status is invalid.
Line 365: The property name MPTR in cmdCancel_Status is invalid.
Line 366: The property name MICON in cmdCancel_Status is invalid.
Line 367: The property name PICN in cmdCancel_Status is invalid.
Line 368: The property name UMCOL in cmdCancel_Status is invalid.
Line 369: The property name SOFT in cmdCancel_Status is invalid.
Line 370: The property name PICPOS in cmdCancel_Status is invalid.
Line 371: The property name NGREY in cmdCancel_Status is invalid.
Line 372: The property name FX in cmdCancel_Status is invalid.
Line 373: The property name HAND in cmdCancel_Status is invalid.
Line 374: The property name CHECK in cmdCancel_Status is invalid.
Line 375: The property name VALUE in cmdCancel_Status is invalid.
Line 494: The property name _ExtentX in cmdNew_Title is invalid.
Line 495: The property name _ExtentY in cmdNew_Title is invalid.
Line 496: The property name BTYPE in cmdNew_Title is invalid.
Line 497: The property name TX in cmdNew_Title is invalid.
Line 498: The property name ENAB in cmdNew_Title is invalid.
Line 508: The property name COLTYPE in cmdNew_Title is invalid.
Line 509: The property name FOCUSR in cmdNew_Title is invalid.
Line 510: The property name BCOL in cmdNew_Title is invalid.
Line 511: The property name BCOLO in cmdNew_Title is invalid.
Line 512: The property name FCOL in cmdNew_Title is invalid.
Line 513: The property name FCOLO in cmdNew_Title is invalid.
Line 514: The property name MCOL in cmdNew_Title is invalid.
Line 515: The property name MPTR in cmdNew_Title is invalid.
Line 516: The property name MICON in cmdNew_Title is invalid.
Line 517: The property name PICN in cmdNew_Title is invalid.
Line 518: The property name UMCOL in cmdNew_Title is invalid.
Line 519: The property name SOFT in cmdNew_Title is invalid.
Line 520: The property name PICPOS in cmdNew_Title is invalid.
Line 521: The property name NGREY in cmdNew_Title is invalid.
Line 522: The property name FX in cmdNew_Title is invalid.
Line 523: The property name HAND in cmdNew_Title is invalid.
Line 524: The property name CHECK in cmdNew_Title is invalid.
Line 525: The property name VALUE in cmdNew_Title is invalid.
Line 533: The property name _ExtentX in cmdSave_Title is invalid.
Line 534: The property name _ExtentY in cmdSave_Title is invalid.
Line 535: The property name BTYPE in cmdSave_Title is invalid.
Line 536: The property name TX in cmdSave_Title is invalid.
Line 537: The property name ENAB in cmdSave_Title is invalid.
Line 547: The property name COLTYPE in cmdSave_Title is invalid.
Line 548: The property name FOCUSR in cmdSave_Title is invalid.
Line 549: The property name BCOL in cmdSave_Title is invalid.
Line 550: The property name BCOLO in cmdSave_Title is invalid.
Line 551: The property name FCOL in cmdSave_Title is invalid.
Line 552: The property name FCOLO in cmdSave_Title is invalid.
Line 553: The property name MCOL in cmdSave_Title is invalid.
Line 554: The property name MPTR in cmdSave_Title is invalid.
Line 555: The property name MICON in cmdSave_Title is invalid.
Line 556: The property name PICN in cmdSave_Title is invalid.
Line 557: The property name UMCOL in cmdSave_Title is invalid.
Line 558: The property name SOFT in cmdSave_Title is invalid.
Line 559: The property name PICPOS in cmdSave_Title is invalid.
Line 560: The property name NGREY in cmdSave_Title is invalid.
Line 561: The property name FX in cmdSave_Title is invalid.
Line 562: The property name HAND in cmdSave_Title is invalid.
Line 563: The property name CHECK in cmdSave_Title is invalid.
Line 564: The property name VALUE in cmdSave_Title is invalid.
Line 572: The property name _ExtentX in cmdEdit_Title is invalid.
Line 573: The property name _ExtentY in cmdEdit_Title is invalid.
Line 574: The property name BTYPE in cmdEdit_Title is invalid.
Line 575: The property name TX in cmdEdit_Title is invalid.
Line 576: The property name ENAB in cmdEdit_Title is invalid.
Line 586: The property name COLTYPE in cmdEdit_Title is invalid.
Line 587: The property name FOCUSR in cmdEdit_Title is invalid.
Line 588: The property name BCOL in cmdEdit_Title is invalid.
Line 589: The property name BCOLO in cmdEdit_Title is invalid.
Line 590: The property name FCOL in cmdEdit_Title is invalid.
Line 591: The property name FCOLO in cmdEdit_Title is invalid.
Line 592: The property name MCOL in cmdEdit_Title is invalid.
Line 593: The property name MPTR in cmdEdit_Title is invalid.
Line 594: The property name MICON in cmdEdit_Title is invalid.
Line 595: The property name PICN in cmdEdit_Title is invalid.
Line 596: The property name UMCOL in cmdEdit_Title is invalid.
Line 597: The property name SOFT in cmdEdit_Title is invalid.
Line 598: The property name PICPOS in cmdEdit_Title is invalid.
Line 599: The property name NGREY in cmdEdit_Title is invalid.
Line 600: The property name FX in cmdEdit_Title is invalid.
Line 601: The property name HAND in cmdEdit_Title is invalid.
Line 602: The property name CHECK in cmdEdit_Title is invalid.
Line 603: The property name VALUE in cmdEdit_Title is invalid.
Line 611: The property name _ExtentX in cmdDelete_Title is invalid.
Line 612: The property name _ExtentY in cmdDelete_Title is invalid.
Line 613: The property name BTYPE in cmdDelete_Title is invalid.
Line 614: The property name TX in cmdDelete_Title is invalid.
Line 615: The property name ENAB in cmdDelete_Title is invalid.
Line 625: The property name COLTYPE in cmdDelete_Title is invalid.
Line 626: The property name FOCUSR in cmdDelete_Title is invalid.
Line 627: The property name BCOL in cmdDelete_Title is invalid.
Line 628: The property name BCOLO in cmdDelete_Title is invalid.
Line 629: The property name FCOL in cmdDelete_Title is invalid.
Line 630: The property name FCOLO in cmdDelete_Title is invalid.
Line 631: The property name MCOL in cmdDelete_Title is invalid.
Line 632: The property name MPTR in cmdDelete_Title is invalid.
Line 633: The property name MICON in cmdDelete_Title is invalid.
Line 634: The property name PICN in cmdDelete_Title is invalid.
Line 635: The property name UMCOL in cmdDelete_Title is invalid.
Line 636: The property name SOFT in cmdDelete_Title is invalid.
Line 637: The property name PICPOS in cmdDelete_Title is invalid.
Line 638: The property name NGREY in cmdDelete_Title is invalid.
Line 639: The property name FX in cmdDelete_Title is invalid.
Line 640: The property name HAND in cmdDelete_Title is invalid.
Line 641: The property name CHECK in cmdDelete_Title is invalid.
Line 642: The property name VALUE in cmdDelete_Title is invalid.
Line 650: The property name _ExtentX in cmdCancel_Title is invalid.
Line 651: The property name _ExtentY in cmdCancel_Title is invalid.
Line 652: The property name BTYPE in cmdCancel_Title is invalid.
Line 653: The property name TX in cmdCancel_Title is invalid.
Line 654: The property name ENAB in cmdCancel_Title is invalid.
Line 664: The property name COLTYPE in cmdCancel_Title is invalid.
Line 665: The property name FOCUSR in cmdCancel_Title is invalid.
Line 666: The property name BCOL in cmdCancel_Title is invalid.
Line 667: The property name BCOLO in cmdCancel_Title is invalid.
Line 668: The property name FCOL in cmdCancel_Title is invalid.
Line 669: The property name FCOLO in cmdCancel_Title is invalid.
Line 670: The property name MCOL in cmdCancel_Title is invalid.
Line 671: The property name MPTR in cmdCancel_Title is invalid.
Line 672: The property name MICON in cmdCancel_Title is invalid.
Line 673: The property name PICN in cmdCancel_Title is invalid.
Line 674: The property name UMCOL in cmdCancel_Title is invalid.
Line 675: The property name SOFT in cmdCancel_Title is invalid.
Line 676: The property name PICPOS in cmdCancel_Title is invalid.
Line 677: The property name NGREY in cmdCancel_Title is invalid.
Line 678: The property name FX in cmdCancel_Title is invalid.
Line 679: The property name HAND in cmdCancel_Title is invalid.
Line 680: The property name CHECK in cmdCancel_Title is invalid.
Line 681: The property name VALUE in cmdCancel_Title is invalid.
Line 776: The property name _ExtentX in cmdNew_Perf is invalid.
Line 777: The property name _ExtentY in cmdNew_Perf is invalid.
Line 778: The property name BTYPE in cmdNew_Perf is invalid.
Line 779: The property name TX in cmdNew_Perf is invalid.
Line 780: The property name ENAB in cmdNew_Perf is invalid.
Line 790: The property name COLTYPE in cmdNew_Perf is invalid.
Line 791: The property name FOCUSR in cmdNew_Perf is invalid.
Line 792: The property name BCOL in cmdNew_Perf is invalid.
Line 793: The property name BCOLO in cmdNew_Perf is invalid.
Line 794: The property name FCOL in cmdNew_Perf is invalid.
Line 795: The property name FCOLO in cmdNew_Perf is invalid.
Line 796: The property name MCOL in cmdNew_Perf is invalid.
Line 797: The property name MPTR in cmdNew_Perf is invalid.
Line 798: The property name MICON in cmdNew_Perf is invalid.
Line 799: The property name PICN in cmdNew_Perf is invalid.
Line 800: The property name UMCOL in cmdNew_Perf is invalid.
Line 801: The property name SOFT in cmdNew_Perf is invalid.
Line 802: The property name PICPOS in cmdNew_Perf is invalid.
Line 803: The property name NGREY in cmdNew_Perf is invalid.
Line 804: The property name FX in cmdNew_Perf is invalid.
Line 805: The property name HAND in cmdNew_Perf is invalid.
Line 806: The property name CHECK in cmdNew_Perf is invalid.
Line 807: The property name VALUE in cmdNew_Perf is invalid.
Line 815: The property name _ExtentX in cmdSave_Perf is invalid.
Line 816: The property name _ExtentY in cmdSave_Perf is invalid.
Line 817: The property name BTYPE in cmdSave_Perf is invalid.
Line 818: The property name TX in cmdSave_Perf is invalid.
Line 819: The property name ENAB in cmdSave_Perf is invalid.
Line 829: The property name COLTYPE in cmdSave_Perf is invalid.
Line 830: The property name FOCUSR in cmdSave_Perf is invalid.
Line 831: The property name BCOL in cmdSave_Perf is invalid.
Line 832: The property name BCOLO in cmdSave_Perf is invalid.
Line 833: The property name FCOL in cmdSave_Perf is invalid.
Line 834: The property name FCOLO in cmdSave_Perf is invalid.
Line 835: The property name MCOL in cmdSave_Perf is invalid.
Line 836: The property name MPTR in cmdSave_Perf is invalid.
Line 837: The property name MICON in cmdSave_Perf is invalid.
Line 838: The property name PICN in cmdSave_Perf is invalid.
Line 839: The property name UMCOL in cmdSave_Perf is invalid.
Line 840: The property name SOFT in cmdSave_Perf is invalid.
Line 841: The property name PICPOS in cmdSave_Perf is invalid.
Line 842: The property name NGREY in cmdSave_Perf is invalid.
Line 843: The property name FX in cmdSave_Perf is invalid.
Line 844: The property name HAND in cmdSave_Perf is invalid.
Line 845: The property name CHECK in cmdSave_Perf is invalid.
Line 846: The property name VALUE in cmdSave_Perf is invalid.
Line 854: The property name _ExtentX in cmdEdit_Perf is invalid.
Line 855: The property name _ExtentY in cmdEdit_Perf is invalid.
Line 856: The property name BTYPE in cmdEdit_Perf is invalid.
Line 857: The property name TX in cmdEdit_Perf is invalid.
Line 858: The property name ENAB in cmdEdit_Perf is invalid.
Line 868: The property name COLTYPE in cmdEdit_Perf is invalid.
Line 869: The property name FOCUSR in cmdEdit_Perf is invalid.
Line 870: The property name BCOL in cmdEdit_Perf is invalid.
Line 871: The property name BCOLO in cmdEdit_Perf is invalid.
Line 872: The property name FCOL in cmdEdit_Perf is invalid.
Line 873: The property name FCOLO in cmdEdit_Perf is invalid.
Line 874: The property name MCOL in cmdEdit_Perf is invalid.
Line 875: The property name MPTR in cmdEdit_Perf is invalid.
Line 876: The property name MICON in cmdEdit_Perf is invalid.
Line 877: The property name PICN in cmdEdit_Perf is invalid.
Line 878: The property name UMCOL in cmdEdit_Perf is invalid.
Line 879: The property name SOFT in cmdEdit_Perf is invalid.
Line 880: The property name PICPOS in cmdEdit_Perf is invalid.
Line 881: The property name NGREY in cmdEdit_Perf is invalid.
Line 882: The property name FX in cmdEdit_Perf is invalid.
Line 883: The property name HAND in cmdEdit_Perf is invalid.
Line 884: The property name CHECK in cmdEdit_Perf is invalid.
Line 885: The property name VALUE in cmdEdit_Perf is invalid.
Line 893: The property name _ExtentX in cmdDelete_Perf is invalid.
Line 894: The property name _ExtentY in cmdDelete_Perf is invalid.
Line 895: The property name BTYPE in cmdDelete_Perf is invalid.
Line 896: The property name TX in cmdDelete_Perf is invalid.
Line 897: The property name ENAB in cmdDelete_Perf is invalid.
Line 907: The property name COLTYPE in cmdDelete_Perf is invalid.
Line 908: The property name FOCUSR in cmdDelete_Perf is invalid.
Line 909: The property name BCOL in cmdDelete_Perf is invalid.
Line 910: The property name BCOLO in cmdDelete_Perf is invalid.
Line 911: The property name FCOL in cmdDelete_Perf is invalid.
Line 912: The property name FCOLO in cmdDelete_Perf is invalid.
Line 913: The property name MCOL in cmdDelete_Perf is invalid.
Line 914: The property name MPTR in cmdDelete_Perf is invalid.
Line 915: The property name MICON in cmdDelete_Perf is invalid.
Line 916: The property name PICN in cmdDelete_Perf is invalid.
Line 917: The property name UMCOL in cmdDelete_Perf is invalid.
Line 918: The property name SOFT in cmdDelete_Perf is invalid.
Line 919: The property name PICPOS in cmdDelete_Perf is invalid.
Line 920: The property name NGREY in cmdDelete_Perf is invalid.
Line 921: The property name FX in cmdDelete_Perf is invalid.
Line 922: The property name HAND in cmdDelete_Perf is invalid.
Line 923: The property name CHECK in cmdDelete_Perf is invalid.
Line 924: The property name VALUE in cmdDelete_Perf is invalid.
Line 932: The property name _ExtentX in cmdCancel_Perf is invalid.
Line 933: The property name _ExtentY in cmdCancel_Perf is invalid.
Line 934: The property name BTYPE in cmdCancel_Perf is invalid.
Line 935: The property name TX in cmdCancel_Perf is invalid.
Line 936: The property name ENAB in cmdCancel_Perf is invalid.
Line 946: The property name COLTYPE in cmdCancel_Perf is invalid.
Line 947: The property name FOCUSR in cmdCancel_Perf is invalid.
Line 948: The property name BCOL in cmdCancel_Perf is invalid.
Line 949: The property name BCOLO in cmdCancel_Perf is invalid.
Line 950: The property name FCOL in cmdCancel_Perf is invalid.
Line 951: The property name FCOLO in cmdCancel_Perf is invalid.
Line 952: The property name MCOL in cmdCancel_Perf is invalid.
Line 953: The property name MPTR in cmdCancel_Perf is invalid.
Line 954: The property name MICON in cmdCancel_Perf is invalid.
Line 955: The property name PICN in cmdCancel_Perf is invalid.
Line 956: The property name UMCOL in cmdCancel_Perf is invalid.
Line 957: The property name SOFT in cmdCancel_Perf is invalid.
Line 958: The property name PICPOS in cmdCancel_Perf is invalid.
Line 959: The property name NGREY in cmdCancel_Perf is invalid.
Line 960: The property name FX in cmdCancel_Perf is invalid.
Line 961: The property name HAND in cmdCancel_Perf is invalid.
Line 962: The property name CHECK in cmdCancel_Perf is invalid.
Line 963: The property name VALUE in cmdCancel_Perf is invalid.
Line 1085: The property name _ExtentX in cmdNew_Level is invalid.
Line 1086: The property name _ExtentY in cmdNew_Level is invalid.
Line 1087: The property name BTYPE in cmdNew_Level is invalid.
Line 1088: The property name TX in cmdNew_Level is invalid.
Line 1089: The property name ENAB in cmdNew_Level is invalid.
Line 1099: The property name COLTYPE in cmdNew_Level is invalid.
Line 1100: The property name FOCUSR in cmdNew_Level is invalid.
Line 1101: The property name BCOL in cmdNew_Level is invalid.
Line 1102: The property name BCOLO in cmdNew_Level is invalid.
Line 1103: The property name FCOL in cmdNew_Level is invalid.
Line 1104: The property name FCOLO in cmdNew_Level is invalid.
Line 1105: The property name MCOL in cmdNew_Level is invalid.
Line 1106: The property name MPTR in cmdNew_Level is invalid.
Line 1107: The property name MICON in cmdNew_Level is invalid.
Line 1108: The property name PICN in cmdNew_Level is invalid.
Line 1109: The property name UMCOL in cmdNew_Level is invalid.
Line 1110: The property name SOFT in cmdNew_Level is invalid.
Line 1111: The property name PICPOS in cmdNew_Level is invalid.
Line 1112: The property name NGREY in cmdNew_Level is invalid.
Line 1113: The property name FX in cmdNew_Level is invalid.
Line 1114: The property name HAND in cmdNew_Level is invalid.
Line 1115: The property name CHECK in cmdNew_Level is invalid.
Line 1116: The property name VALUE in cmdNew_Level is invalid.
Line 1124: The property name _ExtentX in cmdSave_Level is invalid.
Line 1125: The property name _ExtentY in cmdSave_Level is invalid.
Line 1126: The property name BTYPE in cmdSave_Level is invalid.
Line 1127: The property name TX in cmdSave_Level is invalid.
Line 1128: The property name ENAB in cmdSave_Level is invalid.
Line 1138: The property name COLTYPE in cmdSave_Level is invalid.
Line 1139: The property name FOCUSR in cmdSave_Level is invalid.
Line 1140: The property name BCOL in cmdSave_Level is invalid.
Line 1141: The property name BCOLO in cmdSave_Level is invalid.
Line 1142: The property name FCOL in cmdSave_Level is invalid.
Line 1143: The property name FCOLO in cmdSave_Level is invalid.
Line 1144: The property name MCOL in cmdSave_Level is invalid.
Line 1145: The property name MPTR in cmdSave_Level is invalid.
Line 1146: The property name MICON in cmdSave_Level is invalid.
Line 1147: The property name PICN in cmdSave_Level is invalid.
Line 1148: The property name UMCOL in cmdSave_Level is invalid.
Line 1149: The property name SOFT in cmdSave_Level is invalid.
Line 1150: The property name PICPOS in cmdSave_Level is invalid.
Line 1151: The property name NGREY in cmdSave_Level is invalid.
Line 1152: The property name FX in cmdSave_Level is invalid.
Line 1153: The property name HAND in cmdSave_Level is invalid.
Line 1154: The property name CHECK in cmdSave_Level is invalid.
Line 1155: The property name VALUE in cmdSave_Level is invalid.
Line 1163: The property name _ExtentX in cmdEdit_Level is invalid.
Line 1164: The property name _ExtentY in cmdEdit_Level is invalid.
Line 1165: The property name BTYPE in cmdEdit_Level is invalid.
Line 1166: The property name TX in cmdEdit_Level is invalid.
Line 1167: The property name ENAB in cmdEdit_Level is invalid.
Line 1177: The property name COLTYPE in cmdEdit_Level is invalid.
Line 1178: The property name FOCUSR in cmdEdit_Level is invalid.
Line 1179: The property name BCOL in cmdEdit_Level is invalid.
Line 1180: The property name BCOLO in cmdEdit_Level is invalid.
Line 1181: The property name FCOL in cmdEdit_Level is invalid.
Line 1182: The property name FCOLO in cmdEdit_Level is invalid.
Line 1183: The property name MCOL in cmdEdit_Level is invalid.
Line 1184: The property name MPTR in cmdEdit_Level is invalid.
Line 1185: The property name MICON in cmdEdit_Level is invalid.
Line 1186: The property name PICN in cmdEdit_Level is invalid.
Line 1187: The property name UMCOL in cmdEdit_Level is invalid.
Line 1188: The property name SOFT in cmdEdit_Level is invalid.
Line 1189: The property name PICPOS in cmdEdit_Level is invalid.
Line 1190: The property name NGREY in cmdEdit_Level is invalid.
Line 1191: The property name FX in cmdEdit_Level is invalid.
Line 1192: The property name HAND in cmdEdit_Level is invalid.
Line 1193: The property name CHECK in cmdEdit_Level is invalid.
Line 1194: The property name VALUE in cmdEdit_Level is invalid.
Line 1202: The property name _ExtentX in cmdDelete_Level is invalid.
Line 1203: The property name _ExtentY in cmdDelete_Level is invalid.
Line 1204: The property name BTYPE in cmdDelete_Level is invalid.
Line 1205: The property name TX in cmdDelete_Level is invalid.
Line 1206: The property name ENAB in cmdDelete_Level is invalid.
Line 1216: The property name COLTYPE in cmdDelete_Level is invalid.
Line 1217: The property name FOCUSR in cmdDelete_Level is invalid.
Line 1218: The property name BCOL in cmdDelete_Level is invalid.
Line 1219: The property name BCOLO in cmdDelete_Level is invalid.
Line 1220: The property name FCOL in cmdDelete_Level is invalid.
Line 1221: The property name FCOLO in cmdDelete_Level is invalid.
Line 1222: The property name MCOL in cmdDelete_Level is invalid.
Line 1223: The property name MPTR in cmdDelete_Level is invalid.
Line 1224: The property name MICON in cmdDelete_Level is invalid.
Line 1225: The property name PICN in cmdDelete_Level is invalid.
Line 1226: The property name UMCOL in cmdDelete_Level is invalid.
Line 1227: The property name SOFT in cmdDelete_Level is invalid.
Line 1228: The property name PICPOS in cmdDelete_Level is invalid.
Line 1229: The property name NGREY in cmdDelete_Level is invalid.
Line 1230: The property name FX in cmdDelete_Level is invalid.
Line 1231: The property name HAND in cmdDelete_Level is invalid.
Line 1232: The property name CHECK in cmdDelete_Level is invalid.
Line 1233: The property name VALUE in cmdDelete_Level is invalid.
Line 1241: The property name _ExtentX in cmdCancel_Level is invalid.
Line 1242: The property name _ExtentY in cmdCancel_Level is invalid.
Line 1243: The property name BTYPE in cmdCancel_Level is invalid.
Line 1244: The property name TX in cmdCancel_Level is invalid.
Line 1245: The property name ENAB in cmdCancel_Level is invalid.
Line 1255: The property name COLTYPE in cmdCancel_Level is invalid.
Line 1256: The property name FOCUSR in cmdCancel_Level is invalid.
Line 1257: The property name BCOL in cmdCancel_Level is invalid.
Line 1258: The property name BCOLO in cmdCancel_Level is invalid.
Line 1259: The property name FCOL in cmdCancel_Level is invalid.
Line 1260: The property name FCOLO in cmdCancel_Level is invalid.
Line 1261: The property name MCOL in cmdCancel_Level is invalid.
Line 1262: The property name MPTR in cmdCancel_Level is invalid.
Line 1263: The property name MICON in cmdCancel_Level is invalid.
Line 1264: The property name PICN in cmdCancel_Level is invalid.
Line 1265: The property name UMCOL in cmdCancel_Level is invalid.
Line 1266: The property name SOFT in cmdCancel_Level is invalid.
Line 1267: The property name PICPOS in cmdCancel_Level is invalid.
Line 1268: The property name NGREY in cmdCancel_Level is invalid.
Line 1269: The property name FX in cmdCancel_Level is invalid.
Line 1270: The property name HAND in cmdCancel_Level is invalid.
Line 1271: The property name CHECK in cmdCancel_Level is invalid.
Line 1272: The property name VALUE in cmdCancel_Level is invalid.
Line 1356: The property name _ExtentX in cmdNew_Grade is invalid.
Line 1357: The property name _ExtentY in cmdNew_Grade is invalid.
Line 1358: The property name BTYPE in cmdNew_Grade is invalid.
Line 1359: The property name TX in cmdNew_Grade is invalid.
Line 1360: The property name ENAB in cmdNew_Grade is invalid.
Line 1370: The property name COLTYPE in cmdNew_Grade is invalid.
Line 1371: The property name FOCUSR in cmdNew_Grade is invalid.
Line 1372: The property name BCOL in cmdNew_Grade is invalid.
Line 1373: The property name BCOLO in cmdNew_Grade is invalid.
Line 1374: The property name FCOL in cmdNew_Grade is invalid.
Line 1375: The property name FCOLO in cmdNew_Grade is invalid.
Line 1376: The property name MCOL in cmdNew_Grade is invalid.
Line 1377: The property name MPTR in cmdNew_Grade is invalid.
Line 1378: The property name MICON in cmdNew_Grade is invalid.
Line 1379: The property name PICN in cmdNew_Grade is invalid.
Line 1380: The property name UMCOL in cmdNew_Grade is invalid.
Line 1381: The property name SOFT in cmdNew_Grade is invalid.
Line 1382: The property name PICPOS in cmdNew_Grade is invalid.
Line 1383: The property name NGREY in cmdNew_Grade is invalid.
Line 1384: The property name FX in cmdNew_Grade is invalid.
Line 1385: The property name HAND in cmdNew_Grade is invalid.
Line 1386: The property name CHECK in cmdNew_Grade is invalid.
Line 1387: The property name VALUE in cmdNew_Grade is invalid.
Line 1395: The property name _ExtentX in cmdSave_Grade is invalid.
Line 1396: The property name _ExtentY in cmdSave_Grade is invalid.
Line 1397: The property name BTYPE in cmdSave_Grade is invalid.
Line 1398: The property name TX in cmdSave_Grade is invalid.
Line 1399: The property name ENAB in cmdSave_Grade is invalid.
Line 1409: The property name COLTYPE in cmdSave_Grade is invalid.
Line 1410: The property name FOCUSR in cmdSave_Grade is invalid.
Line 1411: The property name BCOL in cmdSave_Grade is invalid.
Line 1412: The property name BCOLO in cmdSave_Grade is invalid.
Line 1413: The property name FCOL in cmdSave_Grade is invalid.
Line 1414: The property name FCOLO in cmdSave_Grade is invalid.
Line 1415: The property name MCOL in cmdSave_Grade is invalid.
Line 1416: The property name MPTR in cmdSave_Grade is invalid.
Line 1417: The property name MICON in cmdSave_Grade is invalid.
Line 1418: The property name PICN in cmdSave_Grade is invalid.
Line 1419: The property name UMCOL in cmdSave_Grade is invalid.
Line 1420: The property name SOFT in cmdSave_Grade is invalid.
Line 1421: The property name PICPOS in cmdSave_Grade is invalid.
Line 1422: The property name NGREY in cmdSave_Grade is invalid.
Line 1423: The property name FX in cmdSave_Grade is invalid.
Line 1424: The property name HAND in cmdSave_Grade is invalid.
Line 1425: The property name CHECK in cmdSave_Grade is invalid.
Line 1426: The property name VALUE in cmdSave_Grade is invalid.
Line 1434: The property name _ExtentX in cmdEdit_Grade is invalid.
Line 1435: The property name _ExtentY in cmdEdit_Grade is invalid.
Line 1436: The property name BTYPE in cmdEdit_Grade is invalid.
Line 1437: The property name TX in cmdEdit_Grade is invalid.
Line 1438: The property name ENAB in cmdEdit_Grade is invalid.
Line 1448: The property name COLTYPE in cmdEdit_Grade is invalid.
Line 1449: The property name FOCUSR in cmdEdit_Grade is invalid.
Line 1450: The property name BCOL in cmdEdit_Grade is invalid.
Line 1451: The property name BCOLO in cmdEdit_Grade is invalid.
Line 1452: The property name FCOL in cmdEdit_Grade is invalid.
Line 1453: The property name FCOLO in cmdEdit_Grade is invalid.
Line 1454: The property name MCOL in cmdEdit_Grade is invalid.
Line 1455: The property name MPTR in cmdEdit_Grade is invalid.
Line 1456: The property name MICON in cmdEdit_Grade is invalid.
Line 1457: The property name PICN in cmdEdit_Grade is invalid.
Line 1458: The property name UMCOL in cmdEdit_Grade is invalid.
Line 1459: The property name SOFT in cmdEdit_Grade is invalid.
Line 1460: The property name PICPOS in cmdEdit_Grade is invalid.
Line 1461: The property name NGREY in cmdEdit_Grade is invalid.
Line 1462: The property name FX in cmdEdit_Grade is invalid.
Line 1463: The property name HAND in cmdEdit_Grade is invalid.
Line 1464: The property name CHECK in cmdEdit_Grade is invalid.
Line 1465: The property name VALUE in cmdEdit_Grade is invalid.
Line 1473: The property name _ExtentX in cmdDelete_Grade is invalid.
Line 1474: The property name _ExtentY in cmdDelete_Grade is invalid.
Line 1475: The property name BTYPE in cmdDelete_Grade is invalid.
Line 1476: The property name TX in cmdDelete_Grade is invalid.
Line 1477: The property name ENAB in cmdDelete_Grade is invalid.
Line 1487: The property name COLTYPE in cmdDelete_Grade is invalid.
Line 1488: The property name FOCUSR in cmdDelete_Grade is invalid.
Line 1489: The property name BCOL in cmdDelete_Grade is invalid.
Line 1490: The property name BCOLO in cmdDelete_Grade is invalid.
Line 1491: The property name FCOL in cmdDelete_Grade is invalid.
Line 1492: The property name FCOLO in cmdDelete_Grade is invalid.
Line 1493: The property name MCOL in cmdDelete_Grade is invalid.
Line 1494: The property name MPTR in cmdDelete_Grade is invalid.
Line 1495: The property name MICON in cmdDelete_Grade is invalid.
Line 1496: The property name PICN in cmdDelete_Grade is invalid.
Line 1497: The property name UMCOL in cmdDelete_Grade is invalid.
Line 1498: The property name SOFT in cmdDelete_Grade is invalid.
Line 1499: The property name PICPOS in cmdDelete_Grade is invalid.
Line 1500: The property name NGREY in cmdDelete_Grade is invalid.
Line 1501: The property name FX in cmdDelete_Grade is invalid.
Line 1502: The property name HAND in cmdDelete_Grade is invalid.
Line 1503: The property name CHECK in cmdDelete_Grade is invalid.
Line 1504: The property name VALUE in cmdDelete_Grade is invalid.
Line 1512: The property name _ExtentX in cmdCancel_Grade is invalid.
Line 1513: The property name _ExtentY in cmdCancel_Grade is invalid.
Line 1514: The property name BTYPE in cmdCancel_Grade is invalid.
Line 1515: The property name TX in cmdCancel_Grade is invalid.
Line 1516: The property name ENAB in cmdCancel_Grade is invalid.
Line 1526: The property name COLTYPE in cmdCancel_Grade is invalid.
Line 1527: The property name FOCUSR in cmdCancel_Grade is invalid.
Line 1528: The property name BCOL in cmdCancel_Grade is invalid.
Line 1529: The property name BCOLO in cmdCancel_Grade is invalid.
Line 1530: The property name FCOL in cmdCancel_Grade is invalid.
Line 1531: The property name FCOLO in cmdCancel_Grade is invalid.
Line 1532: The property name MCOL in cmdCancel_Grade is invalid.
Line 1533: The property name MPTR in cmdCancel_Grade is invalid.
Line 1534: The property name MICON in cmdCancel_Grade is invalid.
Line 1535: The property name PICN in cmdCancel_Grade is invalid.
Line 1536: The property name UMCOL in cmdCancel_Grade is invalid.
Line 1537: The property name SOFT in cmdCancel_Grade is invalid.
Line 1538: The property name PICPOS in cmdCancel_Grade is invalid.
Line 1539: The property name NGREY in cmdCancel_Grade is invalid.
Line 1540: The property name FX in cmdCancel_Grade is invalid.
Line 1541: The property name HAND in cmdCancel_Grade is invalid.
Line 1542: The property name CHECK in cmdCancel_Grade is invalid.
Line 1543: The property name VALUE in cmdCancel_Grade is invalid.
Line 1627: The property name _ExtentX in cmdNew_Division is invalid.
Line 1628: The property name _ExtentY in cmdNew_Division is invalid.
Line 1629: The property name BTYPE in cmdNew_Division is invalid.
Line 1630: The property name TX in cmdNew_Division is invalid.
Line 1631: The property name ENAB in cmdNew_Division is invalid.
Line 1641: The property name COLTYPE in cmdNew_Division is invalid.
Line 1642: The property name FOCUSR in cmdNew_Division is invalid.
Line 1643: The property name BCOL in cmdNew_Division is invalid.
Line 1644: The property name BCOLO in cmdNew_Division is invalid.
Line 1645: The property name FCOL in cmdNew_Division is invalid.
Line 1646: The property name FCOLO in cmdNew_Division is invalid.
Line 1647: The property name MCOL in cmdNew_Division is invalid.
Line 1648: The property name MPTR in cmdNew_Division is invalid.
Line 1649: The property name MICON in cmdNew_Division is invalid.
Line 1650: The property name PICN in cmdNew_Division is invalid.
Line 1651: The property name UMCOL in cmdNew_Division is invalid.
Line 1652: The property name SOFT in cmdNew_Division is invalid.
Line 1653: The property name PICPOS in cmdNew_Division is invalid.
Line 1654: The property name NGREY in cmdNew_Division is invalid.
Line 1655: The property name FX in cmdNew_Division is invalid.
Line 1656: The property name HAND in cmdNew_Division is invalid.
Line 1657: The property name CHECK in cmdNew_Division is invalid.
Line 1658: The property name VALUE in cmdNew_Division is invalid.
Line 1666: The property name _ExtentX in cmdSave_Division is invalid.
Line 1667: The property name _ExtentY in cmdSave_Division is invalid.
Line 1668: The property name BTYPE in cmdSave_Division is invalid.
Line 1669: The property name TX in cmdSave_Division is invalid.
Line 1670: The property name ENAB in cmdSave_Division is invalid.
Line 1680: The property name COLTYPE in cmdSave_Division is invalid.
Line 1681: The property name FOCUSR in cmdSave_Division is invalid.
Line 1682: The property name BCOL in cmdSave_Division is invalid.
Line 1683: The property name BCOLO in cmdSave_Division is invalid.
Line 1684: The property name FCOL in cmdSave_Division is invalid.
Line 1685: The property name FCOLO in cmdSave_Division is invalid.
Line 1686: The property name MCOL in cmdSave_Division is invalid.
Line 1687: The property name MPTR in cmdSave_Division is invalid.
Line 1688: The property name MICON in cmdSave_Division is invalid.
Line 1689: The property name PICN in cmdSave_Division is invalid.
Line 1690: The property name UMCOL in cmdSave_Division is invalid.
Line 1691: The property name SOFT in cmdSave_Division is invalid.
Line 1692: The property name PICPOS in cmdSave_Division is invalid.
Line 1693: The property name NGREY in cmdSave_Division is invalid.
Line 1694: The property name FX in cmdSave_Division is invalid.
Line 1695: The property name HAND in cmdSave_Division is invalid.
Line 1696: The property name CHECK in cmdSave_Division is invalid.
Line 1697: The property name VALUE in cmdSave_Division is invalid.
Line 1705: The property name _ExtentX in cmdEdit_Division is invalid.
Line 1706: The property name _ExtentY in cmdEdit_Division is invalid.
Line 1707: The property name BTYPE in cmdEdit_Division is invalid.
Line 1708: The property name TX in cmdEdit_Division is invalid.
Line 1709: The property name ENAB in cmdEdit_Division is invalid.
Line 1719: The property name COLTYPE in cmdEdit_Division is invalid.
Line 1720: The property name FOCUSR in cmdEdit_Division is invalid.
Line 1721: The property name BCOL in cmdEdit_Division is invalid.
Line 1722: The property name BCOLO in cmdEdit_Division is invalid.
Line 1723: The property name FCOL in cmdEdit_Division is invalid.
Line 1724: The property name FCOLO in cmdEdit_Division is invalid.
Line 1725: The property name MCOL in cmdEdit_Division is invalid.
Line 1726: The property name MPTR in cmdEdit_Division is invalid.
Line 1727: The property name MICON in cmdEdit_Division is invalid.
Line 1728: The property name PICN in cmdEdit_Division is invalid.
Line 1729: The property name UMCOL in cmdEdit_Division is invalid.
Line 1730: The property name SOFT in cmdEdit_Division is invalid.
Line 1731: The property name PICPOS in cmdEdit_Division is invalid.
Line 1732: The property name NGREY in cmdEdit_Division is invalid.
Line 1733: The property name FX in cmdEdit_Division is invalid.
Line 1734: The property name HAND in cmdEdit_Division is invalid.
Line 1735: The property name CHECK in cmdEdit_Division is invalid.
Line 1736: The property name VALUE in cmdEdit_Division is invalid.
Line 1744: The property name _ExtentX in cmdDelete_Division is invalid.
Line 1745: The property name _ExtentY in cmdDelete_Division is invalid.
Line 1746: The property name BTYPE in cmdDelete_Division is invalid.
Line 1747: The property name TX in cmdDelete_Division is invalid.
Line 1748: The property name ENAB in cmdDelete_Division is invalid.
Line 1758: The property name COLTYPE in cmdDelete_Division is invalid.
Line 1759: The property name FOCUSR in cmdDelete_Division is invalid.
Line 1760: The property name BCOL in cmdDelete_Division is invalid.
Line 1761: The property name BCOLO in cmdDelete_Division is invalid.
Line 1762: The property name FCOL in cmdDelete_Division is invalid.
Line 1763: The property name FCOLO in cmdDelete_Division is invalid.
Line 1764: The property name MCOL in cmdDelete_Division is invalid.
Line 1765: The property name MPTR in cmdDelete_Division is invalid.
Line 1766: The property name MICON in cmdDelete_Division is invalid.
Line 1767: The property name PICN in cmdDelete_Division is invalid.
Line 1768: The property name UMCOL in cmdDelete_Division is invalid.
Line 1769: The property name SOFT in cmdDelete_Division is invalid.
Line 1770: The property name PICPOS in cmdDelete_Division is invalid.
Line 1771: The property name NGREY in cmdDelete_Division is invalid.
Line 1772: The property name FX in cmdDelete_Division is invalid.
Line 1773: The property name HAND in cmdDelete_Division is invalid.
Line 1774: The property name CHECK in cmdDelete_Division is invalid.
Line 1775: The property name VALUE in cmdDelete_Division is invalid.
Line 1783: The property name _ExtentX in cmdCancel_Division is invalid.
Line 1784: The property name _ExtentY in cmdCancel_Division is invalid.
Line 1785: The property name BTYPE in cmdCancel_Division is invalid.
Line 1786: The property name TX in cmdCancel_Division is invalid.
Line 1787: The property name ENAB in cmdCancel_Division is invalid.
Line 1797: The property name COLTYPE in cmdCancel_Division is invalid.
Line 1798: The property name FOCUSR in cmdCancel_Division is invalid.
Line 1799: The property name BCOL in cmdCancel_Division is invalid.
Line 1800: The property name BCOLO in cmdCancel_Division is invalid.
Line 1801: The property name FCOL in cmdCancel_Division is invalid.
Line 1802: The property name FCOLO in cmdCancel_Division is invalid.
Line 1803: The property name MCOL in cmdCancel_Division is invalid.
Line 1804: The property name MPTR in cmdCancel_Division is invalid.
Line 1805: The property name MICON in cmdCancel_Division is invalid.
Line 1806: The property name PICN in cmdCancel_Division is invalid.
Line 1807: The property name UMCOL in cmdCancel_Division is invalid.
Line 1808: The property name SOFT in cmdCancel_Division is invalid.
Line 1809: The property name PICPOS in cmdCancel_Division is invalid.
Line 1810: The property name NGREY in cmdCancel_Division is invalid.
Line 1811: The property name FX in cmdCancel_Division is invalid.
Line 1812: The property name HAND in cmdCancel_Division is invalid.
Line 1813: The property name CHECK in cmdCancel_Division is invalid.
Line 1814: The property name VALUE in cmdCancel_Division is invalid.
Line 1926: The property name _ExtentX in cmdNew_Department is invalid.
Line 1927: The property name _ExtentY in cmdNew_Department is invalid.
Line 1928: The property name BTYPE in cmdNew_Department is invalid.
Line 1929: The property name TX in cmdNew_Department is invalid.
Line 1930: The property name ENAB in cmdNew_Department is invalid.
Line 1940: The property name COLTYPE in cmdNew_Department is invalid.
Line 1941: The property name FOCUSR in cmdNew_Department is invalid.
Line 1942: The property name BCOL in cmdNew_Department is invalid.
Line 1943: The property name BCOLO in cmdNew_Department is invalid.
Line 1944: The property name FCOL in cmdNew_Department is invalid.
Line 1945: The property name FCOLO in cmdNew_Department is invalid.
Line 1946: The property name MCOL in cmdNew_Department is invalid.
Line 1947: The property name MPTR in cmdNew_Department is invalid.
Line 1948: The property name MICON in cmdNew_Department is invalid.
Line 1949: The property name PICN in cmdNew_Department is invalid.
Line 1950: The property name UMCOL in cmdNew_Department is invalid.
Line 1951: The property name SOFT in cmdNew_Department is invalid.
Line 1952: The property name PICPOS in cmdNew_Department is invalid.
Line 1953: The property name NGREY in cmdNew_Department is invalid.
Line 1954: The property name FX in cmdNew_Department is invalid.
Line 1955: The property name HAND in cmdNew_Department is invalid.
Line 1956: The property name CHECK in cmdNew_Department is invalid.
Line 1957: The property name VALUE in cmdNew_Department is invalid.
Line 1965: The property name _ExtentX in cmdSave_Department is invalid.
Line 1966: The property name _ExtentY in cmdSave_Department is invalid.
Line 1967: The property name BTYPE in cmdSave_Department is invalid.
Line 1968: The property name TX in cmdSave_Department is invalid.
Line 1969: The property name ENAB in cmdSave_Department is invalid.
Line 1979: The property name COLTYPE in cmdSave_Department is invalid.
Line 1980: The property name FOCUSR in cmdSave_Department is invalid.
Line 1981: The property name BCOL in cmdSave_Department is invalid.
Line 1982: The property name BCOLO in cmdSave_Department is invalid.
Line 1983: The property name FCOL in cmdSave_Department is invalid.
Line 1984: The property name FCOLO in cmdSave_Department is invalid.
Line 1985: The property name MCOL in cmdSave_Department is invalid.
Line 1986: The property name MPTR in cmdSave_Department is invalid.
Line 1987: The property name MICON in cmdSave_Department is invalid.
Line 1988: The property name PICN in cmdSave_Department is invalid.
Line 1989: The property name UMCOL in cmdSave_Department is invalid.
Line 1990: The property name SOFT in cmdSave_Department is invalid.
Line 1991: The property name PICPOS in cmdSave_Department is invalid.
Line 1992: The property name NGREY in cmdSave_Department is invalid.
Line 1993: The property name FX in cmdSave_Department is invalid.
Line 1994: The property name HAND in cmdSave_Department is invalid.
Line 1995: The property name CHECK in cmdSave_Department is invalid.
Line 1996: The property name VALUE in cmdSave_Department is invalid.
Line 2004: The property name _ExtentX in cmdEdit_Department is invalid.
Line 2005: The property name _ExtentY in cmdEdit_Department is invalid.
Line 2006: The property name BTYPE in cmdEdit_Department is invalid.
Line 2007: The property name TX in cmdEdit_Department is invalid.
Line 2008: The property name ENAB in cmdEdit_Department is invalid.
Line 2018: The property name COLTYPE in cmdEdit_Department is invalid.
Line 2019: The property name FOCUSR in cmdEdit_Department is invalid.
Line 2020: The property name BCOL in cmdEdit_Department is invalid.
Line 2021: The property name BCOLO in cmdEdit_Department is invalid.
Line 2022: The property name FCOL in cmdEdit_Department is invalid.
Line 2023: The property name FCOLO in cmdEdit_Department is invalid.
Line 2024: The property name MCOL in cmdEdit_Department is invalid.
Line 2025: The property name MPTR in cmdEdit_Department is invalid.
Line 2026: The property name MICON in cmdEdit_Department is invalid.
Line 2027: The property name PICN in cmdEdit_Department is invalid.
Line 2028: The property name UMCOL in cmdEdit_Department is invalid.
Line 2029: The property name SOFT in cmdEdit_Department is invalid.
Line 2030: The property name PICPOS in cmdEdit_Department is invalid.
Line 2031: The property name NGREY in cmdEdit_Department is invalid.
Line 2032: The property name FX in cmdEdit_Department is invalid.
Line 2033: The property name HAND in cmdEdit_Department is invalid.
Line 2034: The property name CHECK in cmdEdit_Department is invalid.
Line 2035: The property name VALUE in cmdEdit_Department is invalid.
Line 2043: The property name _ExtentX in cmdDelete_Department is invalid.
Line 2044: The property name _ExtentY in cmdDelete_Department is invalid.
Line 2045: The property name BTYPE in cmdDelete_Department is invalid.
Line 2046: The property name TX in cmdDelete_Department is invalid.
Line 2047: The property name ENAB in cmdDelete_Department is invalid.
Line 2057: The property name COLTYPE in cmdDelete_Department is invalid.
Line 2058: The property name FOCUSR in cmdDelete_Department is invalid.
Line 2059: The property name BCOL in cmdDelete_Department is invalid.
Line 2060: The property name BCOLO in cmdDelete_Department is invalid.
Line 2061: The property name FCOL in cmdDelete_Department is invalid.
Line 2062: The property name FCOLO in cmdDelete_Department is invalid.
Line 2063: The property name MCOL in cmdDelete_Department is invalid.
Line 2064: The property name MPTR in cmdDelete_Department is invalid.
Line 2065: The property name MICON in cmdDelete_Department is invalid.
Line 2066: The property name PICN in cmdDelete_Department is invalid.
Line 2067: The property name UMCOL in cmdDelete_Department is invalid.
Line 2068: The property name SOFT in cmdDelete_Department is invalid.
Line 2069: The property name PICPOS in cmdDelete_Department is invalid.
Line 2070: The property name NGREY in cmdDelete_Department is invalid.
Line 2071: The property name FX in cmdDelete_Department is invalid.
Line 2072: The property name HAND in cmdDelete_Department is invalid.
Line 2073: The property name CHECK in cmdDelete_Department is invalid.
Line 2074: The property name VALUE in cmdDelete_Department is invalid.
Line 2082: The property name _ExtentX in cmdCancel_Department is invalid.
Line 2083: The property name _ExtentY in cmdCancel_Department is invalid.
Line 2084: The property name BTYPE in cmdCancel_Department is invalid.
Line 2085: The property name TX in cmdCancel_Department is invalid.
Line 2086: The property name ENAB in cmdCancel_Department is invalid.
Line 2096: The property name COLTYPE in cmdCancel_Department is invalid.
Line 2097: The property name FOCUSR in cmdCancel_Department is invalid.
Line 2098: The property name BCOL in cmdCancel_Department is invalid.
Line 2099: The property name BCOLO in cmdCancel_Department is invalid.
Line 2100: The property name FCOL in cmdCancel_Department is invalid.
Line 2101: The property name FCOLO in cmdCancel_Department is invalid.
Line 2102: The property name MCOL in cmdCancel_Department is invalid.
Line 2103: The property name MPTR in cmdCancel_Department is invalid.
Line 2104: The property name MICON in cmdCancel_Department is invalid.
Line 2105: The property name PICN in cmdCancel_Department is invalid.
Line 2106: The property name UMCOL in cmdCancel_Department is invalid.
Line 2107: The property name SOFT in cmdCancel_Department is invalid.
Line 2108: The property name PICPOS in cmdCancel_Department is invalid.
Line 2109: The property name NGREY in cmdCancel_Department is invalid.
Line 2110: The property name FX in cmdCancel_Department is invalid.
Line 2111: The property name HAND in cmdCancel_Department is invalid.
Line 2112: The property name CHECK in cmdCancel_Department is invalid.
Line 2113: The property name VALUE in cmdCancel_Department is invalid.
Line 2144: The property name _ExtentX in cmdNew_Company is invalid.
Line 2145: The property name _ExtentY in cmdNew_Company is invalid.
Line 2146: The property name BTYPE in cmdNew_Company is invalid.
Line 2147: The property name TX in cmdNew_Company is invalid.
Line 2148: The property name ENAB in cmdNew_Company is invalid.
Line 2158: The property name COLTYPE in cmdNew_Company is invalid.
Line 2159: The property name FOCUSR in cmdNew_Company is invalid.
Line 2160: The property name BCOL in cmdNew_Company is invalid.
Line 2161: The property name BCOLO in cmdNew_Company is invalid.
Line 2162: The property name FCOL in cmdNew_Company is invalid.
Line 2163: The property name FCOLO in cmdNew_Company is invalid.
Line 2164: The property name MCOL in cmdNew_Company is invalid.
Line 2165: The property name MPTR in cmdNew_Company is invalid.
Line 2166: The property name MICON in cmdNew_Company is invalid.
Line 2167: The property name PICN in cmdNew_Company is invalid.
Line 2168: The property name UMCOL in cmdNew_Company is invalid.
Line 2169: The property name SOFT in cmdNew_Company is invalid.
Line 2170: The property name PICPOS in cmdNew_Company is invalid.
Line 2171: The property name NGREY in cmdNew_Company is invalid.
Line 2172: The property name FX in cmdNew_Company is invalid.
Line 2173: The property name HAND in cmdNew_Company is invalid.
Line 2174: The property name CHECK in cmdNew_Company is invalid.
Line 2175: The property name VALUE in cmdNew_Company is invalid.
Line 2183: The property name _ExtentX in cmdSave_Company is invalid.
Line 2184: The property name _ExtentY in cmdSave_Company is invalid.
Line 2185: The property name BTYPE in cmdSave_Company is invalid.
Line 2186: The property name TX in cmdSave_Company is invalid.
Line 2187: The property name ENAB in cmdSave_Company is invalid.
Line 2197: The property name COLTYPE in cmdSave_Company is invalid.
Line 2198: The property name FOCUSR in cmdSave_Company is invalid.
Line 2199: The property name BCOL in cmdSave_Company is invalid.
Line 2200: The property name BCOLO in cmdSave_Company is invalid.
Line 2201: The property name FCOL in cmdSave_Company is invalid.
Line 2202: The property name FCOLO in cmdSave_Company is invalid.
Line 2203: The property name MCOL in cmdSave_Company is invalid.
Line 2204: The property name MPTR in cmdSave_Company is invalid.
Line 2205: The property name MICON in cmdSave_Company is invalid.
Line 2206: The property name PICN in cmdSave_Company is invalid.
Line 2207: The property name UMCOL in cmdSave_Company is invalid.
Line 2208: The property name SOFT in cmdSave_Company is invalid.
Line 2209: The property name PICPOS in cmdSave_Company is invalid.
Line 2210: The property name NGREY in cmdSave_Company is invalid.
Line 2211: The property name FX in cmdSave_Company is invalid.
Line 2212: The property name HAND in cmdSave_Company is invalid.
Line 2213: The property name CHECK in cmdSave_Company is invalid.
Line 2214: The property name VALUE in cmdSave_Company is invalid.
Line 2222: The property name _ExtentX in cmdEdit_Company is invalid.
Line 2223: The property name _ExtentY in cmdEdit_Company is invalid.
Line 2224: The property name BTYPE in cmdEdit_Company is invalid.
Line 2225: The property name TX in cmdEdit_Company is invalid.
Line 2226: The property name ENAB in cmdEdit_Company is invalid.
Line 2236: The property name COLTYPE in cmdEdit_Company is invalid.
Line 2237: The property name FOCUSR in cmdEdit_Company is invalid.
Line 2238: The property name BCOL in cmdEdit_Company is invalid.
Line 2239: The property name BCOLO in cmdEdit_Company is invalid.
Line 2240: The property name FCOL in cmdEdit_Company is invalid.
Line 2241: The property name FCOLO in cmdEdit_Company is invalid.
Line 2242: The property name MCOL in cmdEdit_Company is invalid.
Line 2243: The property name MPTR in cmdEdit_Company is invalid.
Line 2244: The property name MICON in cmdEdit_Company is invalid.
Line 2245: The property name PICN in cmdEdit_Company is invalid.
Line 2246: The property name UMCOL in cmdEdit_Company is invalid.
Line 2247: The property name SOFT in cmdEdit_Company is invalid.
Line 2248: The property name PICPOS in cmdEdit_Company is invalid.
Line 2249: The property name NGREY in cmdEdit_Company is invalid.
Line 2250: The property name FX in cmdEdit_Company is invalid.
Line 2251: The property name HAND in cmdEdit_Company is invalid.
Line 2252: The property name CHECK in cmdEdit_Company is invalid.
Line 2253: The property name VALUE in cmdEdit_Company is invalid.
Line 2261: The property name _ExtentX in cmdDelete_Company is invalid.
Line 2262: The property name _ExtentY in cmdDelete_Company is invalid.
Line 2263: The property name BTYPE in cmdDelete_Company is invalid.
Line 2264: The property name TX in cmdDelete_Company is invalid.
Line 2265: The property name ENAB in cmdDelete_Company is invalid.
Line 2275: The property name COLTYPE in cmdDelete_Company is invalid.
Line 2276: The property name FOCUSR in cmdDelete_Company is invalid.
Line 2277: The property name BCOL in cmdDelete_Company is invalid.
Line 2278: The property name BCOLO in cmdDelete_Company is invalid.
Line 2279: The property name FCOL in cmdDelete_Company is invalid.
Line 2280: The property name FCOLO in cmdDelete_Company is invalid.
Line 2281: The property name MCOL in cmdDelete_Company is invalid.
Line 2282: The property name MPTR in cmdDelete_Company is invalid.
Line 2283: The property name MICON in cmdDelete_Company is invalid.
Line 2284: The property name PICN in cmdDelete_Company is invalid.
Line 2285: The property name UMCOL in cmdDelete_Company is invalid.
Line 2286: The property name SOFT in cmdDelete_Company is invalid.
Line 2287: The property name PICPOS in cmdDelete_Company is invalid.
Line 2288: The property name NGREY in cmdDelete_Company is invalid.
Line 2289: The property name FX in cmdDelete_Company is invalid.
Line 2290: The property name HAND in cmdDelete_Company is invalid.
Line 2291: The property name CHECK in cmdDelete_Company is invalid.
Line 2292: The property name VALUE in cmdDelete_Company is invalid.
Line 2300: The property name _ExtentX in cmdCancel_Company is invalid.
Line 2301: The property name _ExtentY in cmdCancel_Company is invalid.
Line 2302: The property name BTYPE in cmdCancel_Company is invalid.
Line 2303: The property name TX in cmdCancel_Company is invalid.
Line 2304: The property name ENAB in cmdCancel_Company is invalid.
Line 2314: The property name COLTYPE in cmdCancel_Company is invalid.
Line 2315: The property name FOCUSR in cmdCancel_Company is invalid.
Line 2316: The property name BCOL in cmdCancel_Company is invalid.
Line 2317: The property name BCOLO in cmdCancel_Company is invalid.
Line 2318: The property name FCOL in cmdCancel_Company is invalid.
Line 2319: The property name FCOLO in cmdCancel_Company is invalid.
Line 2320: The property name MCOL in cmdCancel_Company is invalid.
Line 2321: The property name MPTR in cmdCancel_Company is invalid.
Line 2322: The property name MICON in cmdCancel_Company is invalid.
Line 2323: The property name PICN in cmdCancel_Company is invalid.
Line 2324: The property name UMCOL in cmdCancel_Company is invalid.
Line 2325: The property name SOFT in cmdCancel_Company is invalid.
Line 2326: The property name PICPOS in cmdCancel_Company is invalid.
Line 2327: The property name NGREY in cmdCancel_Company is invalid.
Line 2328: The property name FX in cmdCancel_Company is invalid.
Line 2329: The property name HAND in cmdCancel_Company is invalid.
Line 2330: The property name CHECK in cmdCancel_Company is invalid.
Line 2331: The property name VALUE in cmdCancel_Company is invalid.
Line 3404: The property name _ExtentX in cmd_brows_pict is invalid.
Line 3405: The property name _ExtentY in cmd_brows_pict is invalid.
Line 3406: The property name BTYPE in cmd_brows_pict is invalid.
Line 3407: The property name TX in cmd_brows_pict is invalid.
Line 3408: The property name ENAB in cmd_brows_pict is invalid.
Line 3418: The property name COLTYPE in cmd_brows_pict is invalid.
Line 3419: The property name FOCUSR in cmd_brows_pict is invalid.
Line 3420: The property name BCOL in cmd_brows_pict is invalid.
Line 3421: The property name BCOLO in cmd_brows_pict is invalid.
Line 3422: The property name FCOL in cmd_brows_pict is invalid.
Line 3423: The property name FCOLO in cmd_brows_pict is invalid.
Line 3424: The property name MCOL in cmd_brows_pict is invalid.
Line 3425: The property name MPTR in cmd_brows_pict is invalid.
Line 3426: The property name MICON in cmd_brows_pict is invalid.
Line 3427: The property name PICN in cmd_brows_pict is invalid.
Line 3428: The property name UMCOL in cmd_brows_pict is invalid.
Line 3429: The property name SOFT in cmd_brows_pict is invalid.
Line 3430: The property name PICPOS in cmd_brows_pict is invalid.
Line 3431: The property name NGREY in cmd_brows_pict is invalid.
Line 3432: The property name FX in cmd_brows_pict is invalid.
Line 3433: The property name HAND in cmd_brows_pict is invalid.
Line 3434: The property name CHECK in cmd_brows_pict is invalid.
Line 3435: The property name VALUE in cmd_brows_pict is invalid.
