Line 52: Class prj_panji.vbButton of control cmdNew was not a loaded control class.
Line 91: Class prj_panji.vbButton of control cmdSave was not a loaded control class.
Line 130: Class prj_panji.vbButton of control cmdEdit was not a loaded control class.
Line 169: Class prj_panji.vbButton of control cmdDelete was not a loaded control class.
Line 208: Class prj_panji.vbButton of control cmdCancel was not a loaded control class.
Line 247: Class prj_panji.vbButton of control CmdNew_Master was not a loaded control class.
Line 286: Class prj_panji.vbButton of control cmdDelete_All was not a loaded control class.
Line 325: Class prj_panji.vbButton of control cmdExit was not a loaded control class.
Line 58: The property name _ExtentX in cmdNew is invalid.
Line 59: The property name _ExtentY in cmdNew is invalid.
Line 60: The property name BTYPE in cmdNew is invalid.
Line 61: The property name TX in cmdNew is invalid.
Line 62: The property name ENAB in cmdNew is invalid.
Line 72: The property name COLTYPE in cmdNew is invalid.
Line 73: The property name FOCUSR in cmdNew is invalid.
Line 74: The property name BCOL in cmdNew is invalid.
Line 75: The property name BCOLO in cmdNew is invalid.
Line 76: The property name FCOL in cmdNew is invalid.
Line 77: The property name FCOLO in cmdNew is invalid.
Line 78: The property name MCOL in cmdNew is invalid.
Line 79: The property name MPTR in cmdNew is invalid.
Line 80: The property name MICON in cmdNew is invalid.
Line 81: The property name PICN in cmdNew is invalid.
Line 82: The property name UMCOL in cmdNew is invalid.
Line 83: The property name SOFT in cmdNew is invalid.
Line 84: The property name PICPOS in cmdNew is invalid.
Line 85: The property name NGREY in cmdNew is invalid.
Line 86: The property name FX in cmdNew is invalid.
Line 87: The property name HAND in cmdNew is invalid.
Line 88: The property name CHECK in cmdNew is invalid.
Line 89: The property name VALUE in cmdNew is invalid.
Line 97: The property name _ExtentX in cmdSave is invalid.
Line 98: The property name _ExtentY in cmdSave is invalid.
Line 99: The property name BTYPE in cmdSave is invalid.
Line 100: The property name TX in cmdSave is invalid.
Line 101: The property name ENAB in cmdSave is invalid.
Line 111: The property name COLTYPE in cmdSave is invalid.
Line 112: The property name FOCUSR in cmdSave is invalid.
Line 113: The property name BCOL in cmdSave is invalid.
Line 114: The property name BCOLO in cmdSave is invalid.
Line 115: The property name FCOL in cmdSave is invalid.
Line 116: The property name FCOLO in cmdSave is invalid.
Line 117: The property name MCOL in cmdSave is invalid.
Line 118: The property name MPTR in cmdSave is invalid.
Line 119: The property name MICON in cmdSave is invalid.
Line 120: The property name PICN in cmdSave is invalid.
Line 121: The property name UMCOL in cmdSave is invalid.
Line 122: The property name SOFT in cmdSave is invalid.
Line 123: The property name PICPOS in cmdSave is invalid.
Line 124: The property name NGREY in cmdSave is invalid.
Line 125: The property name FX in cmdSave is invalid.
Line 126: The property name HAND in cmdSave is invalid.
Line 127: The property name CHECK in cmdSave is invalid.
Line 128: The property name VALUE in cmdSave is invalid.
Line 136: The property name _ExtentX in cmdEdit is invalid.
Line 137: The property name _ExtentY in cmdEdit is invalid.
Line 138: The property name BTYPE in cmdEdit is invalid.
Line 139: The property name TX in cmdEdit is invalid.
Line 140: The property name ENAB in cmdEdit is invalid.
Line 150: The property name COLTYPE in cmdEdit is invalid.
Line 151: The property name FOCUSR in cmdEdit is invalid.
Line 152: The property name BCOL in cmdEdit is invalid.
Line 153: The property name BCOLO in cmdEdit is invalid.
Line 154: The property name FCOL in cmdEdit is invalid.
Line 155: The property name FCOLO in cmdEdit is invalid.
Line 156: The property name MCOL in cmdEdit is invalid.
Line 157: The property name MPTR in cmdEdit is invalid.
Line 158: The property name MICON in cmdEdit is invalid.
Line 159: The property name PICN in cmdEdit is invalid.
Line 160: The property name UMCOL in cmdEdit is invalid.
Line 161: The property name SOFT in cmdEdit is invalid.
Line 162: The property name PICPOS in cmdEdit is invalid.
Line 163: The property name NGREY in cmdEdit is invalid.
Line 164: The property name FX in cmdEdit is invalid.
Line 165: The property name HAND in cmdEdit is invalid.
Line 166: The property name CHECK in cmdEdit is invalid.
Line 167: The property name VALUE in cmdEdit is invalid.
Line 175: The property name _ExtentX in cmdDelete is invalid.
Line 176: The property name _ExtentY in cmdDelete is invalid.
Line 177: The property name BTYPE in cmdDelete is invalid.
Line 178: The property name TX in cmdDelete is invalid.
Line 179: The property name ENAB in cmdDelete is invalid.
Line 189: The property name COLTYPE in cmdDelete is invalid.
Line 190: The property name FOCUSR in cmdDelete is invalid.
Line 191: The property name BCOL in cmdDelete is invalid.
Line 192: The property name BCOLO in cmdDelete is invalid.
Line 193: The property name FCOL in cmdDelete is invalid.
Line 194: The property name FCOLO in cmdDelete is invalid.
Line 195: The property name MCOL in cmdDelete is invalid.
Line 196: The property name MPTR in cmdDelete is invalid.
Line 197: The property name MICON in cmdDelete is invalid.
Line 198: The property name PICN in cmdDelete is invalid.
Line 199: The property name UMCOL in cmdDelete is invalid.
Line 200: The property name SOFT in cmdDelete is invalid.
Line 201: The property name PICPOS in cmdDelete is invalid.
Line 202: The property name NGREY in cmdDelete is invalid.
Line 203: The property name FX in cmdDelete is invalid.
Line 204: The property name HAND in cmdDelete is invalid.
Line 205: The property name CHECK in cmdDelete is invalid.
Line 206: The property name VALUE in cmdDelete is invalid.
Line 214: The property name _ExtentX in cmdCancel is invalid.
Line 215: The property name _ExtentY in cmdCancel is invalid.
Line 216: The property name BTYPE in cmdCancel is invalid.
Line 217: The property name TX in cmdCancel is invalid.
Line 218: The property name ENAB in cmdCancel is invalid.
Line 228: The property name COLTYPE in cmdCancel is invalid.
Line 229: The property name FOCUSR in cmdCancel is invalid.
Line 230: The property name BCOL in cmdCancel is invalid.
Line 231: The property name BCOLO in cmdCancel is invalid.
Line 232: The property name FCOL in cmdCancel is invalid.
Line 233: The property name FCOLO in cmdCancel is invalid.
Line 234: The property name MCOL in cmdCancel is invalid.
Line 235: The property name MPTR in cmdCancel is invalid.
Line 236: The property name MICON in cmdCancel is invalid.
Line 237: The property name PICN in cmdCancel is invalid.
Line 238: The property name UMCOL in cmdCancel is invalid.
Line 239: The property name SOFT in cmdCancel is invalid.
Line 240: The property name PICPOS in cmdCancel is invalid.
Line 241: The property name NGREY in cmdCancel is invalid.
Line 242: The property name FX in cmdCancel is invalid.
Line 243: The property name HAND in cmdCancel is invalid.
Line 244: The property name CHECK in cmdCancel is invalid.
Line 245: The property name VALUE in cmdCancel is invalid.
Line 253: The property name _ExtentX in CmdNew_Master is invalid.
Line 254: The property name _ExtentY in CmdNew_Master is invalid.
Line 255: The property name BTYPE in CmdNew_Master is invalid.
Line 256: The property name TX in CmdNew_Master is invalid.
Line 257: The property name ENAB in CmdNew_Master is invalid.
Line 267: The property name COLTYPE in CmdNew_Master is invalid.
Line 268: The property name FOCUSR in CmdNew_Master is invalid.
Line 269: The property name BCOL in CmdNew_Master is invalid.
Line 270: The property name BCOLO in CmdNew_Master is invalid.
Line 271: The property name FCOL in CmdNew_Master is invalid.
Line 272: The property name FCOLO in CmdNew_Master is invalid.
Line 273: The property name MCOL in CmdNew_Master is invalid.
Line 274: The property name MPTR in CmdNew_Master is invalid.
Line 275: The property name MICON in CmdNew_Master is invalid.
Line 276: The property name PICN in CmdNew_Master is invalid.
Line 277: The property name UMCOL in CmdNew_Master is invalid.
Line 278: The property name SOFT in CmdNew_Master is invalid.
Line 279: The property name PICPOS in CmdNew_Master is invalid.
Line 280: The property name NGREY in CmdNew_Master is invalid.
Line 281: The property name FX in CmdNew_Master is invalid.
Line 282: The property name HAND in CmdNew_Master is invalid.
Line 283: The property name CHECK in CmdNew_Master is invalid.
Line 284: The property name VALUE in CmdNew_Master is invalid.
Line 292: The property name _ExtentX in cmdDelete_All is invalid.
Line 293: The property name _ExtentY in cmdDelete_All is invalid.
Line 294: The property name BTYPE in cmdDelete_All is invalid.
Line 295: The property name TX in cmdDelete_All is invalid.
Line 296: The property name ENAB in cmdDelete_All is invalid.
Line 306: The property name COLTYPE in cmdDelete_All is invalid.
Line 307: The property name FOCUSR in cmdDelete_All is invalid.
Line 308: The property name BCOL in cmdDelete_All is invalid.
Line 309: The property name BCOLO in cmdDelete_All is invalid.
Line 310: The property name FCOL in cmdDelete_All is invalid.
Line 311: The property name FCOLO in cmdDelete_All is invalid.
Line 312: The property name MCOL in cmdDelete_All is invalid.
Line 313: The property name MPTR in cmdDelete_All is invalid.
Line 314: The property name MICON in cmdDelete_All is invalid.
Line 315: The property name PICN in cmdDelete_All is invalid.
Line 316: The property name UMCOL in cmdDelete_All is invalid.
Line 317: The property name SOFT in cmdDelete_All is invalid.
Line 318: The property name PICPOS in cmdDelete_All is invalid.
Line 319: The property name NGREY in cmdDelete_All is invalid.
Line 320: The property name FX in cmdDelete_All is invalid.
Line 321: The property name HAND in cmdDelete_All is invalid.
Line 322: The property name CHECK in cmdDelete_All is invalid.
Line 323: The property name VALUE in cmdDelete_All is invalid.
Line 331: The property name _ExtentX in cmdExit is invalid.
Line 332: The property name _ExtentY in cmdExit is invalid.
Line 333: The property name BTYPE in cmdExit is invalid.
Line 334: The property name TX in cmdExit is invalid.
Line 335: The property name ENAB in cmdExit is invalid.
Line 345: The property name COLTYPE in cmdExit is invalid.
Line 346: The property name FOCUSR in cmdExit is invalid.
Line 347: The property name BCOL in cmdExit is invalid.
Line 348: The property name BCOLO in cmdExit is invalid.
Line 349: The property name FCOL in cmdExit is invalid.
Line 350: The property name FCOLO in cmdExit is invalid.
Line 351: The property name MCOL in cmdExit is invalid.
Line 352: The property name MPTR in cmdExit is invalid.
Line 353: The property name MICON in cmdExit is invalid.
Line 354: The property name PICN in cmdExit is invalid.
Line 355: The property name UMCOL in cmdExit is invalid.
Line 356: The property name SOFT in cmdExit is invalid.
Line 357: The property name PICPOS in cmdExit is invalid.
Line 358: The property name NGREY in cmdExit is invalid.
Line 359: The property name FX in cmdExit is invalid.
Line 360: The property name HAND in cmdExit is invalid.
Line 361: The property name CHECK in cmdExit is invalid.
Line 362: The property name VALUE in cmdExit is invalid.
