Line 34: Class prj_panji.vbButton of control cmdNew was not a loaded control class.
Line 73: Class prj_panji.vbButton of control cmdSave was not a loaded control class.
Line 112: Class prj_panji.vbButton of control cmdEdit was not a loaded control class.
Line 151: Class prj_panji.vbButton of control cmdDelete was not a loaded control class.
Line 190: Class prj_panji.vbButton of control cmdCancel was not a loaded control class.
Line 229: Class prj_panji.vbButton of control cmdExit was not a loaded control class.
Line 40: The property name _ExtentX in cmdNew is invalid.
Line 41: The property name _ExtentY in cmdNew is invalid.
Line 42: The property name BTYPE in cmdNew is invalid.
Line 43: The property name TX in cmdNew is invalid.
Line 44: The property name ENAB in cmdNew is invalid.
Line 54: The property name COLTYPE in cmdNew is invalid.
Line 55: The property name FOCUSR in cmdNew is invalid.
Line 56: The property name BCOL in cmdNew is invalid.
Line 57: The property name BCOLO in cmdNew is invalid.
Line 58: The property name FCOL in cmdNew is invalid.
Line 59: The property name FCOLO in cmdNew is invalid.
Line 60: The property name MCOL in cmdNew is invalid.
Line 61: The property name MPTR in cmdNew is invalid.
Line 62: The property name MICON in cmdNew is invalid.
Line 63: The property name PICN in cmdNew is invalid.
Line 64: The property name UMCOL in cmdNew is invalid.
Line 65: The property name SOFT in cmdNew is invalid.
Line 66: The property name PICPOS in cmdNew is invalid.
Line 67: The property name NGREY in cmdNew is invalid.
Line 68: The property name FX in cmdNew is invalid.
Line 69: The property name HAND in cmdNew is invalid.
Line 70: The property name CHECK in cmdNew is invalid.
Line 71: The property name VALUE in cmdNew is invalid.
Line 79: The property name _ExtentX in cmdSave is invalid.
Line 80: The property name _ExtentY in cmdSave is invalid.
Line 81: The property name BTYPE in cmdSave is invalid.
Line 82: The property name TX in cmdSave is invalid.
Line 83: The property name ENAB in cmdSave is invalid.
Line 93: The property name COLTYPE in cmdSave is invalid.
Line 94: The property name FOCUSR in cmdSave is invalid.
Line 95: The property name BCOL in cmdSave is invalid.
Line 96: The property name BCOLO in cmdSave is invalid.
Line 97: The property name FCOL in cmdSave is invalid.
Line 98: The property name FCOLO in cmdSave is invalid.
Line 99: The property name MCOL in cmdSave is invalid.
Line 100: The property name MPTR in cmdSave is invalid.
Line 101: The property name MICON in cmdSave is invalid.
Line 102: The property name PICN in cmdSave is invalid.
Line 103: The property name UMCOL in cmdSave is invalid.
Line 104: The property name SOFT in cmdSave is invalid.
Line 105: The property name PICPOS in cmdSave is invalid.
Line 106: The property name NGREY in cmdSave is invalid.
Line 107: The property name FX in cmdSave is invalid.
Line 108: The property name HAND in cmdSave is invalid.
Line 109: The property name CHECK in cmdSave is invalid.
Line 110: The property name VALUE in cmdSave is invalid.
Line 118: The property name _ExtentX in cmdEdit is invalid.
Line 119: The property name _ExtentY in cmdEdit is invalid.
Line 120: The property name BTYPE in cmdEdit is invalid.
Line 121: The property name TX in cmdEdit is invalid.
Line 122: The property name ENAB in cmdEdit is invalid.
Line 132: The property name COLTYPE in cmdEdit is invalid.
Line 133: The property name FOCUSR in cmdEdit is invalid.
Line 134: The property name BCOL in cmdEdit is invalid.
Line 135: The property name BCOLO in cmdEdit is invalid.
Line 136: The property name FCOL in cmdEdit is invalid.
Line 137: The property name FCOLO in cmdEdit is invalid.
Line 138: The property name MCOL in cmdEdit is invalid.
Line 139: The property name MPTR in cmdEdit is invalid.
Line 140: The property name MICON in cmdEdit is invalid.
Line 141: The property name PICN in cmdEdit is invalid.
Line 142: The property name UMCOL in cmdEdit is invalid.
Line 143: The property name SOFT in cmdEdit is invalid.
Line 144: The property name PICPOS in cmdEdit is invalid.
Line 145: The property name NGREY in cmdEdit is invalid.
Line 146: The property name FX in cmdEdit is invalid.
Line 147: The property name HAND in cmdEdit is invalid.
Line 148: The property name CHECK in cmdEdit is invalid.
Line 149: The property name VALUE in cmdEdit is invalid.
Line 157: The property name _ExtentX in cmdDelete is invalid.
Line 158: The property name _ExtentY in cmdDelete is invalid.
Line 159: The property name BTYPE in cmdDelete is invalid.
Line 160: The property name TX in cmdDelete is invalid.
Line 161: The property name ENAB in cmdDelete is invalid.
Line 171: The property name COLTYPE in cmdDelete is invalid.
Line 172: The property name FOCUSR in cmdDelete is invalid.
Line 173: The property name BCOL in cmdDelete is invalid.
Line 174: The property name BCOLO in cmdDelete is invalid.
Line 175: The property name FCOL in cmdDelete is invalid.
Line 176: The property name FCOLO in cmdDelete is invalid.
Line 177: The property name MCOL in cmdDelete is invalid.
Line 178: The property name MPTR in cmdDelete is invalid.
Line 179: The property name MICON in cmdDelete is invalid.
Line 180: The property name PICN in cmdDelete is invalid.
Line 181: The property name UMCOL in cmdDelete is invalid.
Line 182: The property name SOFT in cmdDelete is invalid.
Line 183: The property name PICPOS in cmdDelete is invalid.
Line 184: The property name NGREY in cmdDelete is invalid.
Line 185: The property name FX in cmdDelete is invalid.
Line 186: The property name HAND in cmdDelete is invalid.
Line 187: The property name CHECK in cmdDelete is invalid.
Line 188: The property name VALUE in cmdDelete is invalid.
Line 196: The property name _ExtentX in cmdCancel is invalid.
Line 197: The property name _ExtentY in cmdCancel is invalid.
Line 198: The property name BTYPE in cmdCancel is invalid.
Line 199: The property name TX in cmdCancel is invalid.
Line 200: The property name ENAB in cmdCancel is invalid.
Line 210: The property name COLTYPE in cmdCancel is invalid.
Line 211: The property name FOCUSR in cmdCancel is invalid.
Line 212: The property name BCOL in cmdCancel is invalid.
Line 213: The property name BCOLO in cmdCancel is invalid.
Line 214: The property name FCOL in cmdCancel is invalid.
Line 215: The property name FCOLO in cmdCancel is invalid.
Line 216: The property name MCOL in cmdCancel is invalid.
Line 217: The property name MPTR in cmdCancel is invalid.
Line 218: The property name MICON in cmdCancel is invalid.
Line 219: The property name PICN in cmdCancel is invalid.
Line 220: The property name UMCOL in cmdCancel is invalid.
Line 221: The property name SOFT in cmdCancel is invalid.
Line 222: The property name PICPOS in cmdCancel is invalid.
Line 223: The property name NGREY in cmdCancel is invalid.
Line 224: The property name FX in cmdCancel is invalid.
Line 225: The property name HAND in cmdCancel is invalid.
Line 226: The property name CHECK in cmdCancel is invalid.
Line 227: The property name VALUE in cmdCancel is invalid.
Line 235: The property name _ExtentX in cmdExit is invalid.
Line 236: The property name _ExtentY in cmdExit is invalid.
Line 237: The property name BTYPE in cmdExit is invalid.
Line 238: The property name TX in cmdExit is invalid.
Line 239: The property name ENAB in cmdExit is invalid.
Line 249: The property name COLTYPE in cmdExit is invalid.
Line 250: The property name FOCUSR in cmdExit is invalid.
Line 251: The property name BCOL in cmdExit is invalid.
Line 252: The property name BCOLO in cmdExit is invalid.
Line 253: The property name FCOL in cmdExit is invalid.
Line 254: The property name FCOLO in cmdExit is invalid.
Line 255: The property name MCOL in cmdExit is invalid.
Line 256: The property name MPTR in cmdExit is invalid.
Line 257: The property name MICON in cmdExit is invalid.
Line 258: The property name PICN in cmdExit is invalid.
Line 259: The property name UMCOL in cmdExit is invalid.
Line 260: The property name SOFT in cmdExit is invalid.
Line 261: The property name PICPOS in cmdExit is invalid.
Line 262: The property name NGREY in cmdExit is invalid.
Line 263: The property name FX in cmdExit is invalid.
Line 264: The property name HAND in cmdExit is invalid.
Line 265: The property name CHECK in cmdExit is invalid.
Line 266: The property name VALUE in cmdExit is invalid.
