Line 25: Class prj_panji.vbButton of control cmdNew was not a loaded control class.
Line 64: Class prj_panji.vbButton of control cmdSave was not a loaded control class.
Line 103: Class prj_panji.vbButton of control cmdEdit was not a loaded control class.
Line 142: Class prj_panji.vbButton of control cmdDelete was not a loaded control class.
Line 181: Class prj_panji.vbButton of control cmdCancel was not a loaded control class.
Line 220: Class prj_panji.vbButton of control cmdKeluar was not a loaded control class.
Line 31: The property name _ExtentX in cmdNew is invalid.
Line 32: The property name _ExtentY in cmdNew is invalid.
Line 33: The property name BTYPE in cmdNew is invalid.
Line 34: The property name TX in cmdNew is invalid.
Line 35: The property name ENAB in cmdNew is invalid.
Line 45: The property name COLTYPE in cmdNew is invalid.
Line 46: The property name FOCUSR in cmdNew is invalid.
Line 47: The property name BCOL in cmdNew is invalid.
Line 48: The property name BCOLO in cmdNew is invalid.
Line 49: The property name FCOL in cmdNew is invalid.
Line 50: The property name FCOLO in cmdNew is invalid.
Line 51: The property name MCOL in cmdNew is invalid.
Line 52: The property name MPTR in cmdNew is invalid.
Line 53: The property name MICON in cmdNew is invalid.
Line 54: The property name PICN in cmdNew is invalid.
Line 55: The property name UMCOL in cmdNew is invalid.
Line 56: The property name SOFT in cmdNew is invalid.
Line 57: The property name PICPOS in cmdNew is invalid.
Line 58: The property name NGREY in cmdNew is invalid.
Line 59: The property name FX in cmdNew is invalid.
Line 60: The property name HAND in cmdNew is invalid.
Line 61: The property name CHECK in cmdNew is invalid.
Line 62: The property name VALUE in cmdNew is invalid.
Line 70: The property name _ExtentX in cmdSave is invalid.
Line 71: The property name _ExtentY in cmdSave is invalid.
Line 72: The property name BTYPE in cmdSave is invalid.
Line 73: The property name TX in cmdSave is invalid.
Line 74: The property name ENAB in cmdSave is invalid.
Line 84: The property name COLTYPE in cmdSave is invalid.
Line 85: The property name FOCUSR in cmdSave is invalid.
Line 86: The property name BCOL in cmdSave is invalid.
Line 87: The property name BCOLO in cmdSave is invalid.
Line 88: The property name FCOL in cmdSave is invalid.
Line 89: The property name FCOLO in cmdSave is invalid.
Line 90: The property name MCOL in cmdSave is invalid.
Line 91: The property name MPTR in cmdSave is invalid.
Line 92: The property name MICON in cmdSave is invalid.
Line 93: The property name PICN in cmdSave is invalid.
Line 94: The property name UMCOL in cmdSave is invalid.
Line 95: The property name SOFT in cmdSave is invalid.
Line 96: The property name PICPOS in cmdSave is invalid.
Line 97: The property name NGREY in cmdSave is invalid.
Line 98: The property name FX in cmdSave is invalid.
Line 99: The property name HAND in cmdSave is invalid.
Line 100: The property name CHECK in cmdSave is invalid.
Line 101: The property name VALUE in cmdSave is invalid.
Line 109: The property name _ExtentX in cmdEdit is invalid.
Line 110: The property name _ExtentY in cmdEdit is invalid.
Line 111: The property name BTYPE in cmdEdit is invalid.
Line 112: The property name TX in cmdEdit is invalid.
Line 113: The property name ENAB in cmdEdit is invalid.
Line 123: The property name COLTYPE in cmdEdit is invalid.
Line 124: The property name FOCUSR in cmdEdit is invalid.
Line 125: The property name BCOL in cmdEdit is invalid.
Line 126: The property name BCOLO in cmdEdit is invalid.
Line 127: The property name FCOL in cmdEdit is invalid.
Line 128: The property name FCOLO in cmdEdit is invalid.
Line 129: The property name MCOL in cmdEdit is invalid.
Line 130: The property name MPTR in cmdEdit is invalid.
Line 131: The property name MICON in cmdEdit is invalid.
Line 132: The property name PICN in cmdEdit is invalid.
Line 133: The property name UMCOL in cmdEdit is invalid.
Line 134: The property name SOFT in cmdEdit is invalid.
Line 135: The property name PICPOS in cmdEdit is invalid.
Line 136: The property name NGREY in cmdEdit is invalid.
Line 137: The property name FX in cmdEdit is invalid.
Line 138: The property name HAND in cmdEdit is invalid.
Line 139: The property name CHECK in cmdEdit is invalid.
Line 140: The property name VALUE in cmdEdit is invalid.
Line 148: The property name _ExtentX in cmdDelete is invalid.
Line 149: The property name _ExtentY in cmdDelete is invalid.
Line 150: The property name BTYPE in cmdDelete is invalid.
Line 151: The property name TX in cmdDelete is invalid.
Line 152: The property name ENAB in cmdDelete is invalid.
Line 162: The property name COLTYPE in cmdDelete is invalid.
Line 163: The property name FOCUSR in cmdDelete is invalid.
Line 164: The property name BCOL in cmdDelete is invalid.
Line 165: The property name BCOLO in cmdDelete is invalid.
Line 166: The property name FCOL in cmdDelete is invalid.
Line 167: The property name FCOLO in cmdDelete is invalid.
Line 168: The property name MCOL in cmdDelete is invalid.
Line 169: The property name MPTR in cmdDelete is invalid.
Line 170: The property name MICON in cmdDelete is invalid.
Line 171: The property name PICN in cmdDelete is invalid.
Line 172: The property name UMCOL in cmdDelete is invalid.
Line 173: The property name SOFT in cmdDelete is invalid.
Line 174: The property name PICPOS in cmdDelete is invalid.
Line 175: The property name NGREY in cmdDelete is invalid.
Line 176: The property name FX in cmdDelete is invalid.
Line 177: The property name HAND in cmdDelete is invalid.
Line 178: The property name CHECK in cmdDelete is invalid.
Line 179: The property name VALUE in cmdDelete is invalid.
Line 187: The property name _ExtentX in cmdCancel is invalid.
Line 188: The property name _ExtentY in cmdCancel is invalid.
Line 189: The property name BTYPE in cmdCancel is invalid.
Line 190: The property name TX in cmdCancel is invalid.
Line 191: The property name ENAB in cmdCancel is invalid.
Line 201: The property name COLTYPE in cmdCancel is invalid.
Line 202: The property name FOCUSR in cmdCancel is invalid.
Line 203: The property name BCOL in cmdCancel is invalid.
Line 204: The property name BCOLO in cmdCancel is invalid.
Line 205: The property name FCOL in cmdCancel is invalid.
Line 206: The property name FCOLO in cmdCancel is invalid.
Line 207: The property name MCOL in cmdCancel is invalid.
Line 208: The property name MPTR in cmdCancel is invalid.
Line 209: The property name MICON in cmdCancel is invalid.
Line 210: The property name PICN in cmdCancel is invalid.
Line 211: The property name UMCOL in cmdCancel is invalid.
Line 212: The property name SOFT in cmdCancel is invalid.
Line 213: The property name PICPOS in cmdCancel is invalid.
Line 214: The property name NGREY in cmdCancel is invalid.
Line 215: The property name FX in cmdCancel is invalid.
Line 216: The property name HAND in cmdCancel is invalid.
Line 217: The property name CHECK in cmdCancel is invalid.
Line 218: The property name VALUE in cmdCancel is invalid.
Line 226: The property name _ExtentX in cmdKeluar is invalid.
Line 227: The property name _ExtentY in cmdKeluar is invalid.
Line 228: The property name BTYPE in cmdKeluar is invalid.
Line 229: The property name TX in cmdKeluar is invalid.
Line 230: The property name ENAB in cmdKeluar is invalid.
Line 240: The property name COLTYPE in cmdKeluar is invalid.
Line 241: The property name FOCUSR in cmdKeluar is invalid.
Line 242: The property name BCOL in cmdKeluar is invalid.
Line 243: The property name BCOLO in cmdKeluar is invalid.
Line 244: The property name FCOL in cmdKeluar is invalid.
Line 245: The property name FCOLO in cmdKeluar is invalid.
Line 246: The property name MCOL in cmdKeluar is invalid.
Line 247: The property name MPTR in cmdKeluar is invalid.
Line 248: The property name MICON in cmdKeluar is invalid.
Line 249: The property name PICN in cmdKeluar is invalid.
Line 250: The property name UMCOL in cmdKeluar is invalid.
Line 251: The property name SOFT in cmdKeluar is invalid.
Line 252: The property name PICPOS in cmdKeluar is invalid.
Line 253: The property name NGREY in cmdKeluar is invalid.
Line 254: The property name FX in cmdKeluar is invalid.
Line 255: The property name HAND in cmdKeluar is invalid.
Line 256: The property name CHECK in cmdKeluar is invalid.
Line 257: The property name VALUE in cmdKeluar is invalid.
