Line 27: Class prj_fej_jkt.vbButton of control vbButton1 was not a loaded control class.
Line 90: Class prj_fej_jkt.LynxGrid of control LynxGrid2 was not a loaded control class.
Line 130: Class prj_fej_jkt.LynxGrid of control LynxGrid1 was not a loaded control class.
Line 183: Class prj_fej_jkt.vbButton of control vbButton2 was not a loaded control class.
Line 221: Class prj_fej_jkt.vbButton of control vbButton3 was not a loaded control class.
Line 259: Class prj_fej_jkt.vbButton of control vbButton4 was not a loaded control class.
Line 33: The property name _ExtentX in vbButton1 is invalid.
Line 34: The property name _ExtentY in vbButton1 is invalid.
Line 35: The property name BTYPE in vbButton1 is invalid.
Line 36: The property name TX in vbButton1 is invalid.
Line 37: The property name ENAB in vbButton1 is invalid.
Line 47: The property name COLTYPE in vbButton1 is invalid.
Line 48: The property name FOCUSR in vbButton1 is invalid.
Line 49: The property name BCOL in vbButton1 is invalid.
Line 50: The property name BCOLO in vbButton1 is invalid.
Line 51: The property name FCOL in vbButton1 is invalid.
Line 52: The property name FCOLO in vbButton1 is invalid.
Line 53: The property name MCOL in vbButton1 is invalid.
Line 54: The property name MPTR in vbButton1 is invalid.
Line 55: The property name MICON in vbButton1 is invalid.
Line 56: The property name UMCOL in vbButton1 is invalid.
Line 57: The property name SOFT in vbButton1 is invalid.
Line 58: The property name PICPOS in vbButton1 is invalid.
Line 59: The property name NGREY in vbButton1 is invalid.
Line 60: The property name FX in vbButton1 is invalid.
Line 61: The property name HAND in vbButton1 is invalid.
Line 62: The property name CHECK in vbButton1 is invalid.
Line 63: The property name VALUE in vbButton1 is invalid.
Line 96: The property name _ExtentX in LynxGrid2 is invalid.
Line 97: The property name _ExtentY in LynxGrid2 is invalid.
Line 115: The property name FontHeader in LynxGrid2 is invalid.
Line 116: The property name BackColorSel in LynxGrid2 is invalid.
Line 117: The property name ForeColorSel in LynxGrid2 is invalid.
Line 118: The property name CustomColorFrom in LynxGrid2 is invalid.
Line 119: The property name CustomColorTo in LynxGrid2 is invalid.
Line 120: The property name GridColor in LynxGrid2 is invalid.
Line 121: The property name FocusRectColor in LynxGrid2 is invalid.
Line 123: The property name ColumnHeaderSmall in LynxGrid2 is invalid.
Line 124: The property name TotalsLineShow in LynxGrid2 is invalid.
Line 125: The property name FocusRowHighlightKeepTextForecolor in LynxGrid2 is invalid.
Line 126: The property name ShowRowNumbers in LynxGrid2 is invalid.
Line 127: The property name ShowRowNumbersVary in LynxGrid2 is invalid.
Line 128: The property name AllowColumnResizing in LynxGrid2 is invalid.
Line 136: The property name _ExtentX in LynxGrid1 is invalid.
Line 137: The property name _ExtentY in LynxGrid1 is invalid.
Line 155: The property name FontHeader in LynxGrid1 is invalid.
Line 156: The property name BackColorSel in LynxGrid1 is invalid.
Line 157: The property name ForeColorSel in LynxGrid1 is invalid.
Line 158: The property name CustomColorFrom in LynxGrid1 is invalid.
Line 159: The property name CustomColorTo in LynxGrid1 is invalid.
Line 160: The property name GridColor in LynxGrid1 is invalid.
Line 161: The property name FocusRectColor in LynxGrid1 is invalid.
Line 163: The property name ColumnHeaderSmall in LynxGrid1 is invalid.
Line 164: The property name TotalsLineShow in LynxGrid1 is invalid.
Line 165: The property name FocusRowHighlightKeepTextForecolor in LynxGrid1 is invalid.
Line 166: The property name ShowRowNumbers in LynxGrid1 is invalid.
Line 167: The property name ShowRowNumbersVary in LynxGrid1 is invalid.
Line 168: The property name AllowColumnResizing in LynxGrid1 is invalid.
Line 189: The property name _ExtentX in vbButton2 is invalid.
Line 190: The property name _ExtentY in vbButton2 is invalid.
Line 191: The property name BTYPE in vbButton2 is invalid.
Line 192: The property name TX in vbButton2 is invalid.
Line 193: The property name ENAB in vbButton2 is invalid.
Line 203: The property name COLTYPE in vbButton2 is invalid.
Line 204: The property name FOCUSR in vbButton2 is invalid.
Line 205: The property name BCOL in vbButton2 is invalid.
Line 206: The property name BCOLO in vbButton2 is invalid.
Line 207: The property name FCOL in vbButton2 is invalid.
Line 208: The property name FCOLO in vbButton2 is invalid.
Line 209: The property name MCOL in vbButton2 is invalid.
Line 210: The property name MPTR in vbButton2 is invalid.
Line 211: The property name MICON in vbButton2 is invalid.
Line 212: The property name UMCOL in vbButton2 is invalid.
Line 213: The property name SOFT in vbButton2 is invalid.
Line 214: The property name PICPOS in vbButton2 is invalid.
Line 215: The property name NGREY in vbButton2 is invalid.
Line 216: The property name FX in vbButton2 is invalid.
Line 217: The property name HAND in vbButton2 is invalid.
Line 218: The property name CHECK in vbButton2 is invalid.
Line 219: The property name VALUE in vbButton2 is invalid.
Line 227: The property name _ExtentX in vbButton3 is invalid.
Line 228: The property name _ExtentY in vbButton3 is invalid.
Line 229: The property name BTYPE in vbButton3 is invalid.
Line 230: The property name TX in vbButton3 is invalid.
Line 231: The property name ENAB in vbButton3 is invalid.
Line 241: The property name COLTYPE in vbButton3 is invalid.
Line 242: The property name FOCUSR in vbButton3 is invalid.
Line 243: The property name BCOL in vbButton3 is invalid.
Line 244: The property name BCOLO in vbButton3 is invalid.
Line 245: The property name FCOL in vbButton3 is invalid.
Line 246: The property name FCOLO in vbButton3 is invalid.
Line 247: The property name MCOL in vbButton3 is invalid.
Line 248: The property name MPTR in vbButton3 is invalid.
Line 249: The property name MICON in vbButton3 is invalid.
Line 250: The property name UMCOL in vbButton3 is invalid.
Line 251: The property name SOFT in vbButton3 is invalid.
Line 252: The property name PICPOS in vbButton3 is invalid.
Line 253: The property name NGREY in vbButton3 is invalid.
Line 254: The property name FX in vbButton3 is invalid.
Line 255: The property name HAND in vbButton3 is invalid.
Line 256: The property name CHECK in vbButton3 is invalid.
Line 257: The property name VALUE in vbButton3 is invalid.
Line 265: The property name _ExtentX in vbButton4 is invalid.
Line 266: The property name _ExtentY in vbButton4 is invalid.
Line 267: The property name BTYPE in vbButton4 is invalid.
Line 268: The property name TX in vbButton4 is invalid.
Line 269: The property name ENAB in vbButton4 is invalid.
Line 279: The property name COLTYPE in vbButton4 is invalid.
Line 280: The property name FOCUSR in vbButton4 is invalid.
Line 281: The property name BCOL in vbButton4 is invalid.
Line 282: The property name BCOLO in vbButton4 is invalid.
Line 283: The property name FCOL in vbButton4 is invalid.
Line 284: The property name FCOLO in vbButton4 is invalid.
Line 285: The property name MCOL in vbButton4 is invalid.
Line 286: The property name MPTR in vbButton4 is invalid.
Line 287: The property name MICON in vbButton4 is invalid.
Line 288: The property name UMCOL in vbButton4 is invalid.
Line 289: The property name SOFT in vbButton4 is invalid.
Line 290: The property name PICPOS in vbButton4 is invalid.
Line 291: The property name NGREY in vbButton4 is invalid.
Line 292: The property name FX in vbButton4 is invalid.
Line 293: The property name HAND in vbButton4 is invalid.
Line 294: The property name CHECK in vbButton4 is invalid.
Line 295: The property name VALUE in vbButton4 is invalid.
