Line 21: Class prj_panji.LynxGrid of control LynxGrid2 was not a loaded control class.
Line 156: Class prj_panji.vbButton of control cmd_periode_browse_employee was not a loaded control class.
Line 328: Class prj_panji.vbButton of control cmdPrint was not a loaded control class.
Line 367: Class prj_panji.vbButton of control cmdSummary was not a loaded control class.
Line 406: Class prj_panji.vbButton of control cmdExit was not a loaded control class.
Line 28: The property name _ExtentX in LynxGrid2 is invalid.
Line 29: The property name _ExtentY in LynxGrid2 is invalid.
Line 47: The property name FontHeader in LynxGrid2 is invalid.
Line 48: The property name BackColorSel in LynxGrid2 is invalid.
Line 49: The property name ForeColorSel in LynxGrid2 is invalid.
Line 50: The property name CustomColorFrom in LynxGrid2 is invalid.
Line 51: The property name CustomColorTo in LynxGrid2 is invalid.
Line 52: The property name GridColor in LynxGrid2 is invalid.
Line 53: The property name FocusRectColor in LynxGrid2 is invalid.
Line 54: The property name GridLines in LynxGrid2 is invalid.
Line 56: The property name ColumnHeaderSmall in LynxGrid2 is invalid.
Line 57: The property name TotalsLineShow in LynxGrid2 is invalid.
Line 58: The property name FocusRowHighlightKeepTextForecolor in LynxGrid2 is invalid.
Line 59: The property name ShowRowNumbers in LynxGrid2 is invalid.
Line 60: The property name ShowRowNumbersVary in LynxGrid2 is invalid.
Line 61: The property name AllowColumnResizing in LynxGrid2 is invalid.
Line 62: The property name ColumnSort in LynxGrid2 is invalid.
Line 162: The property name _ExtentX in cmd_periode_browse_employee is invalid.
Line 163: The property name _ExtentY in cmd_periode_browse_employee is invalid.
Line 164: The property name BTYPE in cmd_periode_browse_employee is invalid.
Line 165: The property name TX in cmd_periode_browse_employee is invalid.
Line 166: The property name ENAB in cmd_periode_browse_employee is invalid.
Line 176: The property name COLTYPE in cmd_periode_browse_employee is invalid.
Line 177: The property name FOCUSR in cmd_periode_browse_employee is invalid.
Line 178: The property name BCOL in cmd_periode_browse_employee is invalid.
Line 179: The property name BCOLO in cmd_periode_browse_employee is invalid.
Line 180: The property name FCOL in cmd_periode_browse_employee is invalid.
Line 181: The property name FCOLO in cmd_periode_browse_employee is invalid.
Line 182: The property name MCOL in cmd_periode_browse_employee is invalid.
Line 183: The property name MPTR in cmd_periode_browse_employee is invalid.
Line 184: The property name MICON in cmd_periode_browse_employee is invalid.
Line 185: The property name UMCOL in cmd_periode_browse_employee is invalid.
Line 186: The property name SOFT in cmd_periode_browse_employee is invalid.
Line 187: The property name PICPOS in cmd_periode_browse_employee is invalid.
Line 188: The property name NGREY in cmd_periode_browse_employee is invalid.
Line 189: The property name FX in cmd_periode_browse_employee is invalid.
Line 190: The property name HAND in cmd_periode_browse_employee is invalid.
Line 191: The property name CHECK in cmd_periode_browse_employee is invalid.
Line 192: The property name VALUE in cmd_periode_browse_employee is invalid.
Line 334: The property name _ExtentX in cmdPrint is invalid.
Line 335: The property name _ExtentY in cmdPrint is invalid.
Line 336: The property name BTYPE in cmdPrint is invalid.
Line 337: The property name TX in cmdPrint is invalid.
Line 338: The property name ENAB in cmdPrint is invalid.
Line 348: The property name COLTYPE in cmdPrint is invalid.
Line 349: The property name FOCUSR in cmdPrint is invalid.
Line 350: The property name BCOL in cmdPrint is invalid.
Line 351: The property name BCOLO in cmdPrint is invalid.
Line 352: The property name FCOL in cmdPrint is invalid.
Line 353: The property name FCOLO in cmdPrint is invalid.
Line 354: The property name MCOL in cmdPrint is invalid.
Line 355: The property name MPTR in cmdPrint is invalid.
Line 356: The property name MICON in cmdPrint is invalid.
Line 357: The property name PICN in cmdPrint is invalid.
Line 358: The property name UMCOL in cmdPrint is invalid.
Line 359: The property name SOFT in cmdPrint is invalid.
Line 360: The property name PICPOS in cmdPrint is invalid.
Line 361: The property name NGREY in cmdPrint is invalid.
Line 362: The property name FX in cmdPrint is invalid.
Line 363: The property name HAND in cmdPrint is invalid.
Line 364: The property name CHECK in cmdPrint is invalid.
Line 365: The property name VALUE in cmdPrint is invalid.
Line 373: The property name _ExtentX in cmdSummary is invalid.
Line 374: The property name _ExtentY in cmdSummary is invalid.
Line 375: The property name BTYPE in cmdSummary is invalid.
Line 376: The property name TX in cmdSummary is invalid.
Line 377: The property name ENAB in cmdSummary is invalid.
Line 387: The property name COLTYPE in cmdSummary is invalid.
Line 388: The property name FOCUSR in cmdSummary is invalid.
Line 389: The property name BCOL in cmdSummary is invalid.
Line 390: The property name BCOLO in cmdSummary is invalid.
Line 391: The property name FCOL in cmdSummary is invalid.
Line 392: The property name FCOLO in cmdSummary is invalid.
Line 393: The property name MCOL in cmdSummary is invalid.
Line 394: The property name MPTR in cmdSummary is invalid.
Line 395: The property name MICON in cmdSummary is invalid.
Line 396: The property name PICN in cmdSummary is invalid.
Line 397: The property name UMCOL in cmdSummary is invalid.
Line 398: The property name SOFT in cmdSummary is invalid.
Line 399: The property name PICPOS in cmdSummary is invalid.
Line 400: The property name NGREY in cmdSummary is invalid.
Line 401: The property name FX in cmdSummary is invalid.
Line 402: The property name HAND in cmdSummary is invalid.
Line 403: The property name CHECK in cmdSummary is invalid.
Line 404: The property name VALUE in cmdSummary is invalid.
Line 412: The property name _ExtentX in cmdExit is invalid.
Line 413: The property name _ExtentY in cmdExit is invalid.
Line 414: The property name BTYPE in cmdExit is invalid.
Line 415: The property name TX in cmdExit is invalid.
Line 416: The property name ENAB in cmdExit is invalid.
Line 426: The property name COLTYPE in cmdExit is invalid.
Line 427: The property name FOCUSR in cmdExit is invalid.
Line 428: The property name BCOL in cmdExit is invalid.
Line 429: The property name BCOLO in cmdExit is invalid.
Line 430: The property name FCOL in cmdExit is invalid.
Line 431: The property name FCOLO in cmdExit is invalid.
Line 432: The property name MCOL in cmdExit is invalid.
Line 433: The property name MPTR in cmdExit is invalid.
Line 434: The property name MICON in cmdExit is invalid.
Line 435: The property name PICN in cmdExit is invalid.
Line 436: The property name UMCOL in cmdExit is invalid.
Line 437: The property name SOFT in cmdExit is invalid.
Line 438: The property name PICPOS in cmdExit is invalid.
Line 439: The property name NGREY in cmdExit is invalid.
Line 440: The property name FX in cmdExit is invalid.
Line 441: The property name HAND in cmdExit is invalid.
Line 442: The property name CHECK in cmdExit is invalid.
Line 443: The property name VALUE in cmdExit is invalid.
