Line 44: Class TabDlg.SSTab of control SSTab1 was not a loaded control class.
Line 139: Class MSComCtl2.DTPicker of control DTPicker_monthly was not a loaded control class.
Line 241: Class TrueOleDBList60.TDBCombo of control TDBCombo_department was not a loaded control class.
Line 250: Class MSAdodcLib.Adodc of control Adodc_department was not a loaded control class.
Line 378: Class MSComCtl2.DTPicker of control DTPicker_periode_from was not a loaded control class.
Line 391: Class MSComCtl2.DTPicker of control DTPicker_periode_to was not a loaded control class.
Line 450: Class MSComctlLib.ProgressBar of control ProgressBar1 was not a loaded control class.
Line 629: Class TrueOleDBList60.TDBCombo of control TDBCombo_company was not a loaded control class.
Line 637: Class MSAdodcLib.Adodc of control Adodc_company was not a loaded control class.
Line 684: Class MSAdodcLib.Adodc of control Adodc1 was not a loaded control class.
Line 50: The property name _ExtentX in SSTab1 is invalid.
Line 51: The property name _ExtentY in SSTab1 is invalid.
Line 52: The property name _Version in SSTab1 is invalid.
Line 53: The property name Style in SSTab1 is invalid.
Line 54: The property name Tab in SSTab1 is invalid.
Line 55: The property name TabHeight in SSTab1 is invalid.
Line 56: The property name TabCaption(0) in SSTab1 is invalid.
Line 57: The property name TabPicture(0) in SSTab1 is invalid.
Line 58: The property name Tab(0).ControlEnabled in SSTab1 is invalid.
Line 59: The property name Tab(0).Control(0) in SSTab1 is invalid.
Line 60: The property name Tab(0).Control(1) in SSTab1 is invalid.
Line 61: The property name Tab(0).ControlCount in SSTab1 is invalid.
Line 62: The property name TabCaption(1) in SSTab1 is invalid.
Line 63: The property name TabPicture(1) in SSTab1 is invalid.
Line 64: The property name Tab(1).ControlEnabled in SSTab1 is invalid.
Line 65: The property name Tab(1).Control(0) in SSTab1 is invalid.
Line 66: The property name Tab(1).Control(0).Enabled in SSTab1 is invalid.
Line 67: The property name Tab(1).Control(1) in SSTab1 is invalid.
Line 68: The property name Tab(1).Control(1).Enabled in SSTab1 is invalid.
Line 69: The property name Tab(1).ControlCount in SSTab1 is invalid.
Line 70: The property name TabCaption(2) in SSTab1 is invalid.
Line 71: The property name TabPicture(2) in SSTab1 is invalid.
Line 72: The property name Tab(2).ControlEnabled in SSTab1 is invalid.
Line 73: The property name Tab(2).ControlCount in SSTab1 is invalid.
Line 145: The property name _ExtentX in DTPicker_monthly is invalid.
Line 146: The property name _ExtentY in DTPicker_monthly is invalid.
Line 147: The property name _Version in DTPicker_monthly is invalid.
Line 148: The property name CustomFormat in DTPicker_monthly is invalid.
Line 149: The property name Format in DTPicker_monthly is invalid.
Line 150: The property name UpDown in DTPicker_monthly is invalid.
Line 151: The property name CurrentDate in DTPicker_monthly is invalid.
Line 244: The property name OleObjectBlob in TDBCombo_department is invalid.
Line 256: The property name _ExtentX in Adodc_department is invalid.
Line 257: The property name _ExtentY in Adodc_department is invalid.
Line 258: The property name ConnectMode in Adodc_department is invalid.
Line 259: The property name CursorLocation in Adodc_department is invalid.
Line 260: The property name IsolationLevel in Adodc_department is invalid.
Line 261: The property name ConnectionTimeout in Adodc_department is invalid.
Line 262: The property name CommandTimeout in Adodc_department is invalid.
Line 263: The property name CursorType in Adodc_department is invalid.
Line 264: The property name LockType in Adodc_department is invalid.
Line 265: The property name CommandType in Adodc_department is invalid.
Line 266: The property name CursorOptions in Adodc_department is invalid.
Line 267: The property name CacheSize in Adodc_department is invalid.
Line 268: The property name MaxRecords in Adodc_department is invalid.
Line 269: The property name BOFAction in Adodc_department is invalid.
Line 270: The property name EOFAction in Adodc_department is invalid.
Line 271: The property name ConnectStringType in Adodc_department is invalid.
Line 275: The property name Orientation in Adodc_department is invalid.
Line 277: The property name Connect in Adodc_department is invalid.
Line 278: The property name OLEDBString in Adodc_department is invalid.
Line 279: The property name OLEDBFile in Adodc_department is invalid.
Line 280: The property name DataSourceName in Adodc_department is invalid.
Line 281: The property name OtherAttributes in Adodc_department is invalid.
Line 282: The property name UserName in Adodc_department is invalid.
Line 283: The property name Password in Adodc_department is invalid.
Line 284: The property name RecordSource in Adodc_department is invalid.
Line 285: The property name Caption in Adodc_department is invalid.
Line 295: The property name _Version in Adodc_department is invalid.
Line 384: The property name _ExtentX in DTPicker_periode_from is invalid.
Line 385: The property name _ExtentY in DTPicker_periode_from is invalid.
Line 386: The property name _Version in DTPicker_periode_from is invalid.
Line 387: The property name CustomFormat in DTPicker_periode_from is invalid.
Line 388: The property name Format in DTPicker_periode_from is invalid.
Line 389: The property name CurrentDate in DTPicker_periode_from is invalid.
Line 397: The property name _ExtentX in DTPicker_periode_to is invalid.
Line 398: The property name _ExtentY in DTPicker_periode_to is invalid.
Line 399: The property name _Version in DTPicker_periode_to is invalid.
Line 400: The property name CustomFormat in DTPicker_periode_to is invalid.
Line 401: The property name Format in DTPicker_periode_to is invalid.
Line 402: The property name CurrentDate in DTPicker_periode_to is invalid.
Line 456: The property name _ExtentX in ProgressBar1 is invalid.
Line 457: The property name _ExtentY in ProgressBar1 is invalid.
Line 458: The property name _Version in ProgressBar1 is invalid.
Line 632: The property name OleObjectBlob in TDBCombo_company is invalid.
Line 643: The property name _ExtentX in Adodc_company is invalid.
Line 644: The property name _ExtentY in Adodc_company is invalid.
Line 645: The property name ConnectMode in Adodc_company is invalid.
Line 646: The property name CursorLocation in Adodc_company is invalid.
Line 647: The property name IsolationLevel in Adodc_company is invalid.
Line 648: The property name ConnectionTimeout in Adodc_company is invalid.
Line 649: The property name CommandTimeout in Adodc_company is invalid.
Line 650: The property name CursorType in Adodc_company is invalid.
Line 651: The property name LockType in Adodc_company is invalid.
Line 652: The property name CommandType in Adodc_company is invalid.
Line 653: The property name CursorOptions in Adodc_company is invalid.
Line 654: The property name CacheSize in Adodc_company is invalid.
Line 655: The property name MaxRecords in Adodc_company is invalid.
Line 656: The property name BOFAction in Adodc_company is invalid.
Line 657: The property name EOFAction in Adodc_company is invalid.
Line 658: The property name ConnectStringType in Adodc_company is invalid.
Line 662: The property name Orientation in Adodc_company is invalid.
Line 664: The property name Connect in Adodc_company is invalid.
Line 665: The property name OLEDBString in Adodc_company is invalid.
Line 666: The property name OLEDBFile in Adodc_company is invalid.
Line 667: The property name DataSourceName in Adodc_company is invalid.
Line 668: The property name OtherAttributes in Adodc_company is invalid.
Line 669: The property name UserName in Adodc_company is invalid.
Line 670: The property name Password in Adodc_company is invalid.
Line 671: The property name RecordSource in Adodc_company is invalid.
Line 672: The property name Caption in Adodc_company is invalid.
Line 682: The property name _Version in Adodc_company is invalid.
Line 690: The property name _ExtentX in Adodc1 is invalid.
Line 691: The property name _ExtentY in Adodc1 is invalid.
Line 692: The property name ConnectMode in Adodc1 is invalid.
Line 693: The property name CursorLocation in Adodc1 is invalid.
Line 694: The property name IsolationLevel in Adodc1 is invalid.
Line 695: The property name ConnectionTimeout in Adodc1 is invalid.
Line 696: The property name CommandTimeout in Adodc1 is invalid.
Line 697: The property name CursorType in Adodc1 is invalid.
Line 698: The property name LockType in Adodc1 is invalid.
Line 699: The property name CommandType in Adodc1 is invalid.
Line 700: The property name CursorOptions in Adodc1 is invalid.
Line 701: The property name CacheSize in Adodc1 is invalid.
Line 702: The property name MaxRecords in Adodc1 is invalid.
Line 703: The property name BOFAction in Adodc1 is invalid.
Line 704: The property name EOFAction in Adodc1 is invalid.
Line 705: The property name ConnectStringType in Adodc1 is invalid.
Line 709: The property name Orientation in Adodc1 is invalid.
Line 711: The property name Connect in Adodc1 is invalid.
Line 712: The property name OLEDBString in Adodc1 is invalid.
Line 713: The property name OLEDBFile in Adodc1 is invalid.
Line 714: The property name DataSourceName in Adodc1 is invalid.
Line 715: The property name OtherAttributes in Adodc1 is invalid.
Line 716: The property name UserName in Adodc1 is invalid.
Line 717: The property name Password in Adodc1 is invalid.
Line 718: The property name RecordSource in Adodc1 is invalid.
Line 719: The property name Caption in Adodc1 is invalid.
Line 729: The property name _Version in Adodc1 is invalid.
