Line 171: Class MSComCtl2.DTPicker of control DTPicker_start_time was not a loaded control class.
Line 204: Class MSComCtl2.DTPicker of control DTPicker_end_time was not a loaded control class.
Line 265: Class TrueOleDBGrid70.TDBGrid of control TDBGrid1 was not a loaded control class.
Line 474: Class MSAdodcLib.Adodc of control Adodc1 was not a loaded control class.
Line 521: Class TrueOleDBList60.TDBCombo of control TDBCombo_working_time was not a loaded control class.
Line 529: Class MSAdodcLib.Adodc of control Adodc_working_time was not a loaded control class.
Line 177: The property name _ExtentX in DTPicker_start_time is invalid.
Line 178: The property name _ExtentY in DTPicker_start_time is invalid.
Line 179: The property name _Version in DTPicker_start_time is invalid.
Line 181: The property name CustomFormat in DTPicker_start_time is invalid.
Line 182: The property name Format in DTPicker_start_time is invalid.
Line 183: The property name UpDown in DTPicker_start_time is invalid.
Line 184: The property name CurrentDate in DTPicker_start_time is invalid.
Line 210: The property name _ExtentX in DTPicker_end_time is invalid.
Line 211: The property name _ExtentY in DTPicker_end_time is invalid.
Line 212: The property name _Version in DTPicker_end_time is invalid.
Line 214: The property name CustomFormat in DTPicker_end_time is invalid.
Line 215: The property name Format in DTPicker_end_time is invalid.
Line 216: The property name UpDown in DTPicker_end_time is invalid.
Line 217: The property name CurrentDate in DTPicker_end_time is invalid.
Line 271: The property name _ExtentX in TDBGrid1 is invalid.
Line 272: The property name _ExtentY in TDBGrid1 is invalid.
Line 273: The property name _LayoutType in TDBGrid1 is invalid.
Line 274: The property name _RowHeight in TDBGrid1 is invalid.
Line 275: The property name _WasPersistedAsPixels in TDBGrid1 is invalid.
Line 276: The property name Columns(0)._VlistStyle in TDBGrid1 is invalid.
Line 277: The property name Columns(0)._MaxComboItems in TDBGrid1 is invalid.
Line 278: The property name Columns(0).Caption in TDBGrid1 is invalid.
Line 279: The property name Columns(0).DataField in TDBGrid1 is invalid.
Line 280: The property name Columns(0)._PropDict in TDBGrid1 is invalid.
Line 281: The property name Columns(1)._VlistStyle in TDBGrid1 is invalid.
Line 282: The property name Columns(1)._MaxComboItems in TDBGrid1 is invalid.
Line 283: The property name Columns(1).Caption in TDBGrid1 is invalid.
Line 284: The property name Columns(1).DataField in TDBGrid1 is invalid.
Line 285: The property name Columns(1)._PropDict in TDBGrid1 is invalid.
Line 286: The property name Columns(2)._VlistStyle in TDBGrid1 is invalid.
Line 287: The property name Columns(2)._MaxComboItems in TDBGrid1 is invalid.
Line 288: The property name Columns(2).Caption in TDBGrid1 is invalid.
Line 289: The property name Columns(2).DataField in TDBGrid1 is invalid.
Line 290: The property name Columns(2)._PropDict in TDBGrid1 is invalid.
Line 291: The property name Columns(3)._VlistStyle in TDBGrid1 is invalid.
Line 292: The property name Columns(3)._MaxComboItems in TDBGrid1 is invalid.
Line 293: The property name Columns(3).Caption in TDBGrid1 is invalid.
Line 294: The property name Columns(3).DataField in TDBGrid1 is invalid.
Line 295: The property name Columns(3).NumberFormat in TDBGrid1 is invalid.
Line 296: The property name Columns(3)._PropDict in TDBGrid1 is invalid.
Line 297: The property name Columns(4)._VlistStyle in TDBGrid1 is invalid.
Line 298: The property name Columns(4)._MaxComboItems in TDBGrid1 is invalid.
Line 299: The property name Columns(4).Caption in TDBGrid1 is invalid.
Line 300: The property name Columns(4).DataField in TDBGrid1 is invalid.
Line 301: The property name Columns(4).NumberFormat in TDBGrid1 is invalid.
Line 302: The property name Columns(4)._PropDict in TDBGrid1 is invalid.
Line 303: The property name Columns(5)._VlistStyle in TDBGrid1 is invalid.
Line 304: The property name Columns(5)._MaxComboItems in TDBGrid1 is invalid.
Line 305: The property name Columns(5).Caption in TDBGrid1 is invalid.
Line 306: The property name Columns(5).DataField in TDBGrid1 is invalid.
Line 307: The property name Columns(5).NumberFormat in TDBGrid1 is invalid.
Line 308: The property name Columns(5)._PropDict in TDBGrid1 is invalid.
Line 309: The property name Columns(6)._VlistStyle in TDBGrid1 is invalid.
Line 310: The property name Columns(6)._MaxComboItems in TDBGrid1 is invalid.
Line 311: The property name Columns(6).Caption in TDBGrid1 is invalid.
Line 312: The property name Columns(6).DataField in TDBGrid1 is invalid.
Line 313: The property name Columns(6)._PropDict in TDBGrid1 is invalid.
Line 314: The property name Columns.Count in TDBGrid1 is invalid.
Line 315: The property name Splits(0)._UserFlags in TDBGrid1 is invalid.
Line 316: The property name Splits(0).Size in TDBGrid1 is invalid.
Line 317: The property name Splits(0).Size.vt in TDBGrid1 is invalid.
Line 318: The property name Splits(0).RecordSelectorWidth in TDBGrid1 is invalid.
Line 319: The property name Splits(0)._SavedRecordSelectors in TDBGrid1 is invalid.
Line 320: The property name Splits(0).ScrollBars in TDBGrid1 is invalid.
Line 321: The property name Splits(0).DividerColor in TDBGrid1 is invalid.
Line 322: The property name Splits(0).FilterBar in TDBGrid1 is invalid.
Line 323: The property name Splits(0).SpringMode in TDBGrid1 is invalid.
Line 324: The property name Splits(0)._PropDict in TDBGrid1 is invalid.
Line 325: The property name Splits(0)._ColumnProps(0) in TDBGrid1 is invalid.
Line 326: The property name Splits(0)._ColumnProps(1) in TDBGrid1 is invalid.
Line 327: The property name Splits(0)._ColumnProps(2) in TDBGrid1 is invalid.
Line 328: The property name Splits(0)._ColumnProps(3) in TDBGrid1 is invalid.
Line 329: The property name Splits(0)._ColumnProps(4) in TDBGrid1 is invalid.
Line 330: The property name Splits(0)._ColumnProps(5) in TDBGrid1 is invalid.
Line 331: The property name Splits(0)._ColumnProps(6) in TDBGrid1 is invalid.
Line 332: The property name Splits(0)._ColumnProps(7) in TDBGrid1 is invalid.
Line 333: The property name Splits(0)._ColumnProps(8) in TDBGrid1 is invalid.
Line 334: The property name Splits(0)._ColumnProps(9) in TDBGrid1 is invalid.
Line 335: The property name Splits(0)._ColumnProps(10) in TDBGrid1 is invalid.
Line 336: The property name Splits(0)._ColumnProps(11) in TDBGrid1 is invalid.
Line 337: The property name Splits(0)._ColumnProps(12) in TDBGrid1 is invalid.
Line 338: The property name Splits(0)._ColumnProps(13) in TDBGrid1 is invalid.
Line 339: The property name Splits(0)._ColumnProps(14) in TDBGrid1 is invalid.
Line 340: The property name Splits(0)._ColumnProps(15) in TDBGrid1 is invalid.
Line 341: The property name Splits(0)._ColumnProps(16) in TDBGrid1 is invalid.
Line 342: The property name Splits(0)._ColumnProps(17) in TDBGrid1 is invalid.
Line 343: The property name Splits(0)._ColumnProps(18) in TDBGrid1 is invalid.
Line 344: The property name Splits(0)._ColumnProps(19) in TDBGrid1 is invalid.
Line 345: The property name Splits(0)._ColumnProps(20) in TDBGrid1 is invalid.
Line 346: The property name Splits(0)._ColumnProps(21) in TDBGrid1 is invalid.
Line 347: The property name Splits(0)._ColumnProps(22) in TDBGrid1 is invalid.
Line 348: The property name Splits(0)._ColumnProps(23) in TDBGrid1 is invalid.
Line 349: The property name Splits(0)._ColumnProps(24) in TDBGrid1 is invalid.
Line 350: The property name Splits(0)._ColumnProps(25) in TDBGrid1 is invalid.
Line 351: The property name Splits(0)._ColumnProps(26) in TDBGrid1 is invalid.
Line 352: The property name Splits(0)._ColumnProps(27) in TDBGrid1 is invalid.
Line 353: The property name Splits(0)._ColumnProps(28) in TDBGrid1 is invalid.
Line 354: The property name Splits(0)._ColumnProps(29) in TDBGrid1 is invalid.
Line 355: The property name Splits(0)._ColumnProps(30) in TDBGrid1 is invalid.
Line 356: The property name Splits(0)._ColumnProps(31) in TDBGrid1 is invalid.
Line 357: The property name Splits(0)._ColumnProps(32) in TDBGrid1 is invalid.
Line 358: The property name Splits(0)._ColumnProps(33) in TDBGrid1 is invalid.
Line 359: The property name Splits(0)._ColumnProps(34) in TDBGrid1 is invalid.
Line 360: The property name Splits(0)._ColumnProps(35) in TDBGrid1 is invalid.
Line 361: The property name Splits(0)._ColumnProps(36) in TDBGrid1 is invalid.
Line 362: The property name Splits(0)._ColumnProps(37) in TDBGrid1 is invalid.
Line 363: The property name Splits(0)._ColumnProps(38) in TDBGrid1 is invalid.
Line 364: The property name Splits(0)._ColumnProps(39) in TDBGrid1 is invalid.
Line 365: The property name Splits(0)._ColumnProps(40) in TDBGrid1 is invalid.
Line 366: The property name Splits.Count in TDBGrid1 is invalid.
Line 367: The property name PrintInfos(0)._StateFlags in TDBGrid1 is invalid.
Line 368: The property name PrintInfos(0).Name in TDBGrid1 is invalid.
Line 369: The property name PrintInfos(0).PageHeaderFont in TDBGrid1 is invalid.
Line 370: The property name PrintInfos(0).PageFooterFont in TDBGrid1 is invalid.
Line 371: The property name PrintInfos(0).PageHeaderHeight in TDBGrid1 is invalid.
Line 372: The property name PrintInfos(0).PageFooterHeight in TDBGrid1 is invalid.
Line 373: The property name PrintInfos.Count in TDBGrid1 is invalid.
Line 374: The property name AllowUpdate in TDBGrid1 is invalid.
Line 376: The property name DefColWidth in TDBGrid1 is invalid.
Line 377: The property name HeadLines in TDBGrid1 is invalid.
Line 378: The property name FootLines in TDBGrid1 is invalid.
Line 379: The property name Caption in TDBGrid1 is invalid.
Line 380: The property name MultipleLines in TDBGrid1 is invalid.
Line 381: The property name CellTipsWidth in TDBGrid1 is invalid.
Line 382: The property name DeadAreaBackColor in TDBGrid1 is invalid.
Line 383: The property name RowDividerColor in TDBGrid1 is invalid.
Line 384: The property name RowSubDividerColor in TDBGrid1 is invalid.
Line 385: The property name DirectionAfterEnter in TDBGrid1 is invalid.
Line 386: The property name MaxRows in TDBGrid1 is invalid.
Line 387: The property name ViewColumnCaptionWidth in TDBGrid1 is invalid.
Line 388: The property name ViewColumnWidth in TDBGrid1 is invalid.
Line 389: The property name _PropDict in TDBGrid1 is invalid.
Line 390: The property name _StyleDefs(0) in TDBGrid1 is invalid.
Line 391: The property name _StyleDefs(1) in TDBGrid1 is invalid.
Line 392: The property name _StyleDefs(2) in TDBGrid1 is invalid.
Line 393: The property name _StyleDefs(3) in TDBGrid1 is invalid.
Line 394: The property name _StyleDefs(4) in TDBGrid1 is invalid.
Line 395: The property name _StyleDefs(5) in TDBGrid1 is invalid.
Line 396: The property name _StyleDefs(6) in TDBGrid1 is invalid.
Line 397: The property name _StyleDefs(7) in TDBGrid1 is invalid.
Line 398: The property name _StyleDefs(8) in TDBGrid1 is invalid.
Line 399: The property name _StyleDefs(9) in TDBGrid1 is invalid.
Line 400: The property name _StyleDefs(10) in TDBGrid1 is invalid.
Line 401: The property name _StyleDefs(11) in TDBGrid1 is invalid.
Line 402: The property name _StyleDefs(12) in TDBGrid1 is invalid.
Line 403: The property name _StyleDefs(13) in TDBGrid1 is invalid.
Line 404: The property name _StyleDefs(14) in TDBGrid1 is invalid.
Line 405: The property name _StyleDefs(15) in TDBGrid1 is invalid.
Line 406: The property name _StyleDefs(16) in TDBGrid1 is invalid.
Line 407: The property name _StyleDefs(17) in TDBGrid1 is invalid.
Line 408: The property name _StyleDefs(18) in TDBGrid1 is invalid.
Line 409: The property name _StyleDefs(19) in TDBGrid1 is invalid.
Line 410: The property name _StyleDefs(20) in TDBGrid1 is invalid.
Line 411: The property name _StyleDefs(21) in TDBGrid1 is invalid.
Line 412: The property name _StyleDefs(22) in TDBGrid1 is invalid.
Line 413: The property name _StyleDefs(23) in TDBGrid1 is invalid.
Line 414: The property name _StyleDefs(24) in TDBGrid1 is invalid.
Line 415: The property name _StyleDefs(25) in TDBGrid1 is invalid.
Line 416: The property name _StyleDefs(26) in TDBGrid1 is invalid.
Line 417: The property name _StyleDefs(27) in TDBGrid1 is invalid.
Line 418: The property name _StyleDefs(28) in TDBGrid1 is invalid.
Line 419: The property name _StyleDefs(29) in TDBGrid1 is invalid.
Line 420: The property name _StyleDefs(30) in TDBGrid1 is invalid.
Line 421: The property name _StyleDefs(31) in TDBGrid1 is invalid.
Line 422: The property name _StyleDefs(32) in TDBGrid1 is invalid.
Line 423: The property name _StyleDefs(33) in TDBGrid1 is invalid.
Line 424: The property name _StyleDefs(34) in TDBGrid1 is invalid.
Line 425: The property name _StyleDefs(35) in TDBGrid1 is invalid.
Line 426: The property name _StyleDefs(36) in TDBGrid1 is invalid.
Line 427: The property name _StyleDefs(37) in TDBGrid1 is invalid.
Line 428: The property name _StyleDefs(38) in TDBGrid1 is invalid.
Line 429: The property name _StyleDefs(39) in TDBGrid1 is invalid.
Line 430: The property name _StyleDefs(40) in TDBGrid1 is invalid.
Line 431: The property name _StyleDefs(41) in TDBGrid1 is invalid.
Line 432: The property name _StyleDefs(42) in TDBGrid1 is invalid.
Line 433: The property name _StyleDefs(43) in TDBGrid1 is invalid.
Line 434: The property name _StyleDefs(44) in TDBGrid1 is invalid.
Line 435: The property name _StyleDefs(45) in TDBGrid1 is invalid.
Line 436: The property name _StyleDefs(46) in TDBGrid1 is invalid.
Line 437: The property name _StyleDefs(47) in TDBGrid1 is invalid.
Line 438: The property name _StyleDefs(48) in TDBGrid1 is invalid.
Line 439: The property name _StyleDefs(49) in TDBGrid1 is invalid.
Line 440: The property name _StyleDefs(50) in TDBGrid1 is invalid.
Line 441: The property name _StyleDefs(51) in TDBGrid1 is invalid.
Line 442: The property name _StyleDefs(52) in TDBGrid1 is invalid.
Line 443: The property name _StyleDefs(53) in TDBGrid1 is invalid.
Line 444: The property name _StyleDefs(54) in TDBGrid1 is invalid.
Line 445: The property name _StyleDefs(55) in TDBGrid1 is invalid.
Line 446: The property name _StyleDefs(56) in TDBGrid1 is invalid.
Line 447: The property name _StyleDefs(57) in TDBGrid1 is invalid.
Line 448: The property name _StyleDefs(58) in TDBGrid1 is invalid.
Line 449: The property name _StyleDefs(59) in TDBGrid1 is invalid.
Line 450: The property name _StyleDefs(60) in TDBGrid1 is invalid.
Line 451: The property name _StyleDefs(61) in TDBGrid1 is invalid.
Line 452: The property name _StyleDefs(62) in TDBGrid1 is invalid.
Line 453: The property name _StyleDefs(63) in TDBGrid1 is invalid.
Line 454: The property name _StyleDefs(64) in TDBGrid1 is invalid.
Line 455: The property name _StyleDefs(65) in TDBGrid1 is invalid.
Line 456: The property name _StyleDefs(66) in TDBGrid1 is invalid.
Line 457: The property name _StyleDefs(67) in TDBGrid1 is invalid.
Line 458: The property name _StyleDefs(68) in TDBGrid1 is invalid.
Line 459: The property name _StyleDefs(69) in TDBGrid1 is invalid.
Line 460: The property name _StyleDefs(70) in TDBGrid1 is invalid.
Line 461: The property name _StyleDefs(71) in TDBGrid1 is invalid.
Line 462: The property name _StyleDefs(72) in TDBGrid1 is invalid.
Line 463: The property name _StyleDefs(73) in TDBGrid1 is invalid.
Line 464: The property name _StyleDefs(74) in TDBGrid1 is invalid.
Line 465: The property name _StyleDefs(75) in TDBGrid1 is invalid.
Line 466: The property name _StyleDefs(76) in TDBGrid1 is invalid.
Line 467: The property name _StyleDefs(77) in TDBGrid1 is invalid.
Line 468: The property name _StyleDefs(78) in TDBGrid1 is invalid.
Line 469: The property name _StyleDefs(79) in TDBGrid1 is invalid.
Line 470: The property name _StyleDefs(80) in TDBGrid1 is invalid.
Line 471: The property name _StyleDefs(81) in TDBGrid1 is invalid.
Line 472: The property name _StyleDefs(82) in TDBGrid1 is invalid.
Line 265: Property Appearance in TDBGrid1 could not be set.
Line 480: The property name _ExtentX in Adodc1 is invalid.
Line 481: The property name _ExtentY in Adodc1 is invalid.
Line 482: The property name ConnectMode in Adodc1 is invalid.
Line 483: The property name CursorLocation in Adodc1 is invalid.
Line 484: The property name IsolationLevel in Adodc1 is invalid.
Line 485: The property name ConnectionTimeout in Adodc1 is invalid.
Line 486: The property name CommandTimeout in Adodc1 is invalid.
Line 487: The property name CursorType in Adodc1 is invalid.
Line 488: The property name LockType in Adodc1 is invalid.
Line 489: The property name CommandType in Adodc1 is invalid.
Line 490: The property name CursorOptions in Adodc1 is invalid.
Line 491: The property name CacheSize in Adodc1 is invalid.
Line 492: The property name MaxRecords in Adodc1 is invalid.
Line 493: The property name BOFAction in Adodc1 is invalid.
Line 494: The property name EOFAction in Adodc1 is invalid.
Line 495: The property name ConnectStringType in Adodc1 is invalid.
Line 499: The property name Orientation in Adodc1 is invalid.
Line 501: The property name Connect in Adodc1 is invalid.
Line 502: The property name OLEDBString in Adodc1 is invalid.
Line 503: The property name OLEDBFile in Adodc1 is invalid.
Line 504: The property name DataSourceName in Adodc1 is invalid.
Line 505: The property name OtherAttributes in Adodc1 is invalid.
Line 506: The property name UserName in Adodc1 is invalid.
Line 507: The property name Password in Adodc1 is invalid.
Line 508: The property name RecordSource in Adodc1 is invalid.
Line 509: The property name Caption in Adodc1 is invalid.
Line 519: The property name _Version in Adodc1 is invalid.
Line 524: The property name OleObjectBlob in TDBCombo_working_time is invalid.
Line 535: The property name _ExtentX in Adodc_working_time is invalid.
Line 536: The property name _ExtentY in Adodc_working_time is invalid.
Line 537: The property name ConnectMode in Adodc_working_time is invalid.
Line 538: The property name CursorLocation in Adodc_working_time is invalid.
Line 539: The property name IsolationLevel in Adodc_working_time is invalid.
Line 540: The property name ConnectionTimeout in Adodc_working_time is invalid.
Line 541: The property name CommandTimeout in Adodc_working_time is invalid.
Line 542: The property name CursorType in Adodc_working_time is invalid.
Line 543: The property name LockType in Adodc_working_time is invalid.
Line 544: The property name CommandType in Adodc_working_time is invalid.
Line 545: The property name CursorOptions in Adodc_working_time is invalid.
Line 546: The property name CacheSize in Adodc_working_time is invalid.
Line 547: The property name MaxRecords in Adodc_working_time is invalid.
Line 548: The property name BOFAction in Adodc_working_time is invalid.
Line 549: The property name EOFAction in Adodc_working_time is invalid.
Line 550: The property name ConnectStringType in Adodc_working_time is invalid.
Line 554: The property name Orientation in Adodc_working_time is invalid.
Line 556: The property name Connect in Adodc_working_time is invalid.
Line 557: The property name OLEDBString in Adodc_working_time is invalid.
Line 558: The property name OLEDBFile in Adodc_working_time is invalid.
Line 559: The property name DataSourceName in Adodc_working_time is invalid.
Line 560: The property name OtherAttributes in Adodc_working_time is invalid.
Line 561: The property name UserName in Adodc_working_time is invalid.
Line 562: The property name Password in Adodc_working_time is invalid.
Line 563: The property name RecordSource in Adodc_working_time is invalid.
Line 564: The property name Caption in Adodc_working_time is invalid.
Line 574: The property name _Version in Adodc_working_time is invalid.
