Line 21: Class prj_panji.vbButton of control cmdExit was not a loaded control class.
Line 421: Class prj_panji.vbButton of control cmdNewUser was not a loaded control class.
Line 460: Class prj_panji.vbButton of control cmdSimpanUser was not a loaded control class.
Line 499: Class prj_panji.vbButton of control cmdEditUser was not a loaded control class.
Line 538: Class prj_panji.vbButton of control cmdDeleteUser was not a loaded control class.
Line 577: Class prj_panji.vbButton of control cmd_save_dtl was not a loaded control class.
Line 616: Class prj_panji.vbButton of control cmd_delete_dtl was not a loaded control class.
Line 873: Class prj_panji.vbButton of control cmdGenerate was not a loaded control class.
Line 912: Class prj_panji.vbButton of control cmdCopyDtl was not a loaded control class.
Line 951: Class prj_panji.vbButton of control cmdPasteDtl was not a loaded control class.
Line 1292: Class prj_panji.vbButton of control cmdNewTop was not a loaded control class.
Line 1331: Class prj_panji.vbButton of control cmdSaveTop was not a loaded control class.
Line 1370: Class prj_panji.vbButton of control cmdEditTop was not a loaded control class.
Line 1409: Class prj_panji.vbButton of control cmdDeleteTop was not a loaded control class.
Line 1725: Class prj_panji.vbButton of control cmd_paste_cancel was not a loaded control class.
Line 1764: Class prj_panji.vbButton of control cmd_paste_ok was not a loaded control class.
Line 1840: Class prj_panji.vbButton of control cmd_copy_cancel was not a loaded control class.
Line 1879: Class prj_panji.vbButton of control cmd_copy_ok was not a loaded control class.
Line 27: The property name _ExtentX in cmdExit is invalid.
Line 28: The property name _ExtentY in cmdExit is invalid.
Line 29: The property name BTYPE in cmdExit is invalid.
Line 30: The property name TX in cmdExit is invalid.
Line 31: The property name ENAB in cmdExit is invalid.
Line 41: The property name COLTYPE in cmdExit is invalid.
Line 42: The property name FOCUSR in cmdExit is invalid.
Line 43: The property name BCOL in cmdExit is invalid.
Line 44: The property name BCOLO in cmdExit is invalid.
Line 45: The property name FCOL in cmdExit is invalid.
Line 46: The property name FCOLO in cmdExit is invalid.
Line 47: The property name MCOL in cmdExit is invalid.
Line 48: The property name MPTR in cmdExit is invalid.
Line 49: The property name MICON in cmdExit is invalid.
Line 50: The property name PICN in cmdExit is invalid.
Line 51: The property name UMCOL in cmdExit is invalid.
Line 52: The property name SOFT in cmdExit is invalid.
Line 53: The property name PICPOS in cmdExit is invalid.
Line 54: The property name NGREY in cmdExit is invalid.
Line 55: The property name FX in cmdExit is invalid.
Line 56: The property name HAND in cmdExit is invalid.
Line 57: The property name CHECK in cmdExit is invalid.
Line 58: The property name VALUE in cmdExit is invalid.
Line 427: The property name _ExtentX in cmdNewUser is invalid.
Line 428: The property name _ExtentY in cmdNewUser is invalid.
Line 429: The property name BTYPE in cmdNewUser is invalid.
Line 430: The property name TX in cmdNewUser is invalid.
Line 431: The property name ENAB in cmdNewUser is invalid.
Line 441: The property name COLTYPE in cmdNewUser is invalid.
Line 442: The property name FOCUSR in cmdNewUser is invalid.
Line 443: The property name BCOL in cmdNewUser is invalid.
Line 444: The property name BCOLO in cmdNewUser is invalid.
Line 445: The property name FCOL in cmdNewUser is invalid.
Line 446: The property name FCOLO in cmdNewUser is invalid.
Line 447: The property name MCOL in cmdNewUser is invalid.
Line 448: The property name MPTR in cmdNewUser is invalid.
Line 449: The property name MICON in cmdNewUser is invalid.
Line 450: The property name PICN in cmdNewUser is invalid.
Line 451: The property name UMCOL in cmdNewUser is invalid.
Line 452: The property name SOFT in cmdNewUser is invalid.
Line 453: The property name PICPOS in cmdNewUser is invalid.
Line 454: The property name NGREY in cmdNewUser is invalid.
Line 455: The property name FX in cmdNewUser is invalid.
Line 456: The property name HAND in cmdNewUser is invalid.
Line 457: The property name CHECK in cmdNewUser is invalid.
Line 458: The property name VALUE in cmdNewUser is invalid.
Line 466: The property name _ExtentX in cmdSimpanUser is invalid.
Line 467: The property name _ExtentY in cmdSimpanUser is invalid.
Line 468: The property name BTYPE in cmdSimpanUser is invalid.
Line 469: The property name TX in cmdSimpanUser is invalid.
Line 470: The property name ENAB in cmdSimpanUser is invalid.
Line 480: The property name COLTYPE in cmdSimpanUser is invalid.
Line 481: The property name FOCUSR in cmdSimpanUser is invalid.
Line 482: The property name BCOL in cmdSimpanUser is invalid.
Line 483: The property name BCOLO in cmdSimpanUser is invalid.
Line 484: The property name FCOL in cmdSimpanUser is invalid.
Line 485: The property name FCOLO in cmdSimpanUser is invalid.
Line 486: The property name MCOL in cmdSimpanUser is invalid.
Line 487: The property name MPTR in cmdSimpanUser is invalid.
Line 488: The property name MICON in cmdSimpanUser is invalid.
Line 489: The property name PICN in cmdSimpanUser is invalid.
Line 490: The property name UMCOL in cmdSimpanUser is invalid.
Line 491: The property name SOFT in cmdSimpanUser is invalid.
Line 492: The property name PICPOS in cmdSimpanUser is invalid.
Line 493: The property name NGREY in cmdSimpanUser is invalid.
Line 494: The property name FX in cmdSimpanUser is invalid.
Line 495: The property name HAND in cmdSimpanUser is invalid.
Line 496: The property name CHECK in cmdSimpanUser is invalid.
Line 497: The property name VALUE in cmdSimpanUser is invalid.
Line 505: The property name _ExtentX in cmdEditUser is invalid.
Line 506: The property name _ExtentY in cmdEditUser is invalid.
Line 507: The property name BTYPE in cmdEditUser is invalid.
Line 508: The property name TX in cmdEditUser is invalid.
Line 509: The property name ENAB in cmdEditUser is invalid.
Line 519: The property name COLTYPE in cmdEditUser is invalid.
Line 520: The property name FOCUSR in cmdEditUser is invalid.
Line 521: The property name BCOL in cmdEditUser is invalid.
Line 522: The property name BCOLO in cmdEditUser is invalid.
Line 523: The property name FCOL in cmdEditUser is invalid.
Line 524: The property name FCOLO in cmdEditUser is invalid.
Line 525: The property name MCOL in cmdEditUser is invalid.
Line 526: The property name MPTR in cmdEditUser is invalid.
Line 527: The property name MICON in cmdEditUser is invalid.
Line 528: The property name PICN in cmdEditUser is invalid.
Line 529: The property name UMCOL in cmdEditUser is invalid.
Line 530: The property name SOFT in cmdEditUser is invalid.
Line 531: The property name PICPOS in cmdEditUser is invalid.
Line 532: The property name NGREY in cmdEditUser is invalid.
Line 533: The property name FX in cmdEditUser is invalid.
Line 534: The property name HAND in cmdEditUser is invalid.
Line 535: The property name CHECK in cmdEditUser is invalid.
Line 536: The property name VALUE in cmdEditUser is invalid.
Line 544: The property name _ExtentX in cmdDeleteUser is invalid.
Line 545: The property name _ExtentY in cmdDeleteUser is invalid.
Line 546: The property name BTYPE in cmdDeleteUser is invalid.
Line 547: The property name TX in cmdDeleteUser is invalid.
Line 548: The property name ENAB in cmdDeleteUser is invalid.
Line 558: The property name COLTYPE in cmdDeleteUser is invalid.
Line 559: The property name FOCUSR in cmdDeleteUser is invalid.
Line 560: The property name BCOL in cmdDeleteUser is invalid.
Line 561: The property name BCOLO in cmdDeleteUser is invalid.
Line 562: The property name FCOL in cmdDeleteUser is invalid.
Line 563: The property name FCOLO in cmdDeleteUser is invalid.
Line 564: The property name MCOL in cmdDeleteUser is invalid.
Line 565: The property name MPTR in cmdDeleteUser is invalid.
Line 566: The property name MICON in cmdDeleteUser is invalid.
Line 567: The property name PICN in cmdDeleteUser is invalid.
Line 568: The property name UMCOL in cmdDeleteUser is invalid.
Line 569: The property name SOFT in cmdDeleteUser is invalid.
Line 570: The property name PICPOS in cmdDeleteUser is invalid.
Line 571: The property name NGREY in cmdDeleteUser is invalid.
Line 572: The property name FX in cmdDeleteUser is invalid.
Line 573: The property name HAND in cmdDeleteUser is invalid.
Line 574: The property name CHECK in cmdDeleteUser is invalid.
Line 575: The property name VALUE in cmdDeleteUser is invalid.
Line 583: The property name _ExtentX in cmd_save_dtl is invalid.
Line 584: The property name _ExtentY in cmd_save_dtl is invalid.
Line 585: The property name BTYPE in cmd_save_dtl is invalid.
Line 586: The property name TX in cmd_save_dtl is invalid.
Line 587: The property name ENAB in cmd_save_dtl is invalid.
Line 597: The property name COLTYPE in cmd_save_dtl is invalid.
Line 598: The property name FOCUSR in cmd_save_dtl is invalid.
Line 599: The property name BCOL in cmd_save_dtl is invalid.
Line 600: The property name BCOLO in cmd_save_dtl is invalid.
Line 601: The property name FCOL in cmd_save_dtl is invalid.
Line 602: The property name FCOLO in cmd_save_dtl is invalid.
Line 603: The property name MCOL in cmd_save_dtl is invalid.
Line 604: The property name MPTR in cmd_save_dtl is invalid.
Line 605: The property name MICON in cmd_save_dtl is invalid.
Line 606: The property name PICN in cmd_save_dtl is invalid.
Line 607: The property name UMCOL in cmd_save_dtl is invalid.
Line 608: The property name SOFT in cmd_save_dtl is invalid.
Line 609: The property name PICPOS in cmd_save_dtl is invalid.
Line 610: The property name NGREY in cmd_save_dtl is invalid.
Line 611: The property name FX in cmd_save_dtl is invalid.
Line 612: The property name HAND in cmd_save_dtl is invalid.
Line 613: The property name CHECK in cmd_save_dtl is invalid.
Line 614: The property name VALUE in cmd_save_dtl is invalid.
Line 622: The property name _ExtentX in cmd_delete_dtl is invalid.
Line 623: The property name _ExtentY in cmd_delete_dtl is invalid.
Line 624: The property name BTYPE in cmd_delete_dtl is invalid.
Line 625: The property name TX in cmd_delete_dtl is invalid.
Line 626: The property name ENAB in cmd_delete_dtl is invalid.
Line 636: The property name COLTYPE in cmd_delete_dtl is invalid.
Line 637: The property name FOCUSR in cmd_delete_dtl is invalid.
Line 638: The property name BCOL in cmd_delete_dtl is invalid.
Line 639: The property name BCOLO in cmd_delete_dtl is invalid.
Line 640: The property name FCOL in cmd_delete_dtl is invalid.
Line 641: The property name FCOLO in cmd_delete_dtl is invalid.
Line 642: The property name MCOL in cmd_delete_dtl is invalid.
Line 643: The property name MPTR in cmd_delete_dtl is invalid.
Line 644: The property name MICON in cmd_delete_dtl is invalid.
Line 645: The property name PICN in cmd_delete_dtl is invalid.
Line 646: The property name UMCOL in cmd_delete_dtl is invalid.
Line 647: The property name SOFT in cmd_delete_dtl is invalid.
Line 648: The property name PICPOS in cmd_delete_dtl is invalid.
Line 649: The property name NGREY in cmd_delete_dtl is invalid.
Line 650: The property name FX in cmd_delete_dtl is invalid.
Line 651: The property name HAND in cmd_delete_dtl is invalid.
Line 652: The property name CHECK in cmd_delete_dtl is invalid.
Line 653: The property name VALUE in cmd_delete_dtl is invalid.
Line 879: The property name _ExtentX in cmdGenerate is invalid.
Line 880: The property name _ExtentY in cmdGenerate is invalid.
Line 881: The property name BTYPE in cmdGenerate is invalid.
Line 882: The property name TX in cmdGenerate is invalid.
Line 883: The property name ENAB in cmdGenerate is invalid.
Line 893: The property name COLTYPE in cmdGenerate is invalid.
Line 894: The property name FOCUSR in cmdGenerate is invalid.
Line 895: The property name BCOL in cmdGenerate is invalid.
Line 896: The property name BCOLO in cmdGenerate is invalid.
Line 897: The property name FCOL in cmdGenerate is invalid.
Line 898: The property name FCOLO in cmdGenerate is invalid.
Line 899: The property name MCOL in cmdGenerate is invalid.
Line 900: The property name MPTR in cmdGenerate is invalid.
Line 901: The property name MICON in cmdGenerate is invalid.
Line 902: The property name PICN in cmdGenerate is invalid.
Line 903: The property name UMCOL in cmdGenerate is invalid.
Line 904: The property name SOFT in cmdGenerate is invalid.
Line 905: The property name PICPOS in cmdGenerate is invalid.
Line 906: The property name NGREY in cmdGenerate is invalid.
Line 907: The property name FX in cmdGenerate is invalid.
Line 908: The property name HAND in cmdGenerate is invalid.
Line 909: The property name CHECK in cmdGenerate is invalid.
Line 910: The property name VALUE in cmdGenerate is invalid.
Line 918: The property name _ExtentX in cmdCopyDtl is invalid.
Line 919: The property name _ExtentY in cmdCopyDtl is invalid.
Line 920: The property name BTYPE in cmdCopyDtl is invalid.
Line 921: The property name TX in cmdCopyDtl is invalid.
Line 922: The property name ENAB in cmdCopyDtl is invalid.
Line 932: The property name COLTYPE in cmdCopyDtl is invalid.
Line 933: The property name FOCUSR in cmdCopyDtl is invalid.
Line 934: The property name BCOL in cmdCopyDtl is invalid.
Line 935: The property name BCOLO in cmdCopyDtl is invalid.
Line 936: The property name FCOL in cmdCopyDtl is invalid.
Line 937: The property name FCOLO in cmdCopyDtl is invalid.
Line 938: The property name MCOL in cmdCopyDtl is invalid.
Line 939: The property name MPTR in cmdCopyDtl is invalid.
Line 940: The property name MICON in cmdCopyDtl is invalid.
Line 941: The property name PICN in cmdCopyDtl is invalid.
Line 942: The property name UMCOL in cmdCopyDtl is invalid.
Line 943: The property name SOFT in cmdCopyDtl is invalid.
Line 944: The property name PICPOS in cmdCopyDtl is invalid.
Line 945: The property name NGREY in cmdCopyDtl is invalid.
Line 946: The property name FX in cmdCopyDtl is invalid.
Line 947: The property name HAND in cmdCopyDtl is invalid.
Line 948: The property name CHECK in cmdCopyDtl is invalid.
Line 949: The property name VALUE in cmdCopyDtl is invalid.
Line 957: The property name _ExtentX in cmdPasteDtl is invalid.
Line 958: The property name _ExtentY in cmdPasteDtl is invalid.
Line 959: The property name BTYPE in cmdPasteDtl is invalid.
Line 960: The property name TX in cmdPasteDtl is invalid.
Line 961: The property name ENAB in cmdPasteDtl is invalid.
Line 971: The property name COLTYPE in cmdPasteDtl is invalid.
Line 972: The property name FOCUSR in cmdPasteDtl is invalid.
Line 973: The property name BCOL in cmdPasteDtl is invalid.
Line 974: The property name BCOLO in cmdPasteDtl is invalid.
Line 975: The property name FCOL in cmdPasteDtl is invalid.
Line 976: The property name FCOLO in cmdPasteDtl is invalid.
Line 977: The property name MCOL in cmdPasteDtl is invalid.
Line 978: The property name MPTR in cmdPasteDtl is invalid.
Line 979: The property name MICON in cmdPasteDtl is invalid.
Line 980: The property name PICN in cmdPasteDtl is invalid.
Line 981: The property name UMCOL in cmdPasteDtl is invalid.
Line 982: The property name SOFT in cmdPasteDtl is invalid.
Line 983: The property name PICPOS in cmdPasteDtl is invalid.
Line 984: The property name NGREY in cmdPasteDtl is invalid.
Line 985: The property name FX in cmdPasteDtl is invalid.
Line 986: The property name HAND in cmdPasteDtl is invalid.
Line 987: The property name CHECK in cmdPasteDtl is invalid.
Line 988: The property name VALUE in cmdPasteDtl is invalid.
Line 1298: The property name _ExtentX in cmdNewTop is invalid.
Line 1299: The property name _ExtentY in cmdNewTop is invalid.
Line 1300: The property name BTYPE in cmdNewTop is invalid.
Line 1301: The property name TX in cmdNewTop is invalid.
Line 1302: The property name ENAB in cmdNewTop is invalid.
Line 1312: The property name COLTYPE in cmdNewTop is invalid.
Line 1313: The property name FOCUSR in cmdNewTop is invalid.
Line 1314: The property name BCOL in cmdNewTop is invalid.
Line 1315: The property name BCOLO in cmdNewTop is invalid.
Line 1316: The property name FCOL in cmdNewTop is invalid.
Line 1317: The property name FCOLO in cmdNewTop is invalid.
Line 1318: The property name MCOL in cmdNewTop is invalid.
Line 1319: The property name MPTR in cmdNewTop is invalid.
Line 1320: The property name MICON in cmdNewTop is invalid.
Line 1321: The property name PICN in cmdNewTop is invalid.
Line 1322: The property name UMCOL in cmdNewTop is invalid.
Line 1323: The property name SOFT in cmdNewTop is invalid.
Line 1324: The property name PICPOS in cmdNewTop is invalid.
Line 1325: The property name NGREY in cmdNewTop is invalid.
Line 1326: The property name FX in cmdNewTop is invalid.
Line 1327: The property name HAND in cmdNewTop is invalid.
Line 1328: The property name CHECK in cmdNewTop is invalid.
Line 1329: The property name VALUE in cmdNewTop is invalid.
Line 1337: The property name _ExtentX in cmdSaveTop is invalid.
Line 1338: The property name _ExtentY in cmdSaveTop is invalid.
Line 1339: The property name BTYPE in cmdSaveTop is invalid.
Line 1340: The property name TX in cmdSaveTop is invalid.
Line 1341: The property name ENAB in cmdSaveTop is invalid.
Line 1351: The property name COLTYPE in cmdSaveTop is invalid.
Line 1352: The property name FOCUSR in cmdSaveTop is invalid.
Line 1353: The property name BCOL in cmdSaveTop is invalid.
Line 1354: The property name BCOLO in cmdSaveTop is invalid.
Line 1355: The property name FCOL in cmdSaveTop is invalid.
Line 1356: The property name FCOLO in cmdSaveTop is invalid.
Line 1357: The property name MCOL in cmdSaveTop is invalid.
Line 1358: The property name MPTR in cmdSaveTop is invalid.
Line 1359: The property name MICON in cmdSaveTop is invalid.
Line 1360: The property name PICN in cmdSaveTop is invalid.
Line 1361: The property name UMCOL in cmdSaveTop is invalid.
Line 1362: The property name SOFT in cmdSaveTop is invalid.
Line 1363: The property name PICPOS in cmdSaveTop is invalid.
Line 1364: The property name NGREY in cmdSaveTop is invalid.
Line 1365: The property name FX in cmdSaveTop is invalid.
Line 1366: The property name HAND in cmdSaveTop is invalid.
Line 1367: The property name CHECK in cmdSaveTop is invalid.
Line 1368: The property name VALUE in cmdSaveTop is invalid.
Line 1376: The property name _ExtentX in cmdEditTop is invalid.
Line 1377: The property name _ExtentY in cmdEditTop is invalid.
Line 1378: The property name BTYPE in cmdEditTop is invalid.
Line 1379: The property name TX in cmdEditTop is invalid.
Line 1380: The property name ENAB in cmdEditTop is invalid.
Line 1390: The property name COLTYPE in cmdEditTop is invalid.
Line 1391: The property name FOCUSR in cmdEditTop is invalid.
Line 1392: The property name BCOL in cmdEditTop is invalid.
Line 1393: The property name BCOLO in cmdEditTop is invalid.
Line 1394: The property name FCOL in cmdEditTop is invalid.
Line 1395: The property name FCOLO in cmdEditTop is invalid.
Line 1396: The property name MCOL in cmdEditTop is invalid.
Line 1397: The property name MPTR in cmdEditTop is invalid.
Line 1398: The property name MICON in cmdEditTop is invalid.
Line 1399: The property name PICN in cmdEditTop is invalid.
Line 1400: The property name UMCOL in cmdEditTop is invalid.
Line 1401: The property name SOFT in cmdEditTop is invalid.
Line 1402: The property name PICPOS in cmdEditTop is invalid.
Line 1403: The property name NGREY in cmdEditTop is invalid.
Line 1404: The property name FX in cmdEditTop is invalid.
Line 1405: The property name HAND in cmdEditTop is invalid.
Line 1406: The property name CHECK in cmdEditTop is invalid.
Line 1407: The property name VALUE in cmdEditTop is invalid.
Line 1415: The property name _ExtentX in cmdDeleteTop is invalid.
Line 1416: The property name _ExtentY in cmdDeleteTop is invalid.
Line 1417: The property name BTYPE in cmdDeleteTop is invalid.
Line 1418: The property name TX in cmdDeleteTop is invalid.
Line 1419: The property name ENAB in cmdDeleteTop is invalid.
Line 1429: The property name COLTYPE in cmdDeleteTop is invalid.
Line 1430: The property name FOCUSR in cmdDeleteTop is invalid.
Line 1431: The property name BCOL in cmdDeleteTop is invalid.
Line 1432: The property name BCOLO in cmdDeleteTop is invalid.
Line 1433: The property name FCOL in cmdDeleteTop is invalid.
Line 1434: The property name FCOLO in cmdDeleteTop is invalid.
Line 1435: The property name MCOL in cmdDeleteTop is invalid.
Line 1436: The property name MPTR in cmdDeleteTop is invalid.
Line 1437: The property name MICON in cmdDeleteTop is invalid.
Line 1438: The property name PICN in cmdDeleteTop is invalid.
Line 1439: The property name UMCOL in cmdDeleteTop is invalid.
Line 1440: The property name SOFT in cmdDeleteTop is invalid.
Line 1441: The property name PICPOS in cmdDeleteTop is invalid.
Line 1442: The property name NGREY in cmdDeleteTop is invalid.
Line 1443: The property name FX in cmdDeleteTop is invalid.
Line 1444: The property name HAND in cmdDeleteTop is invalid.
Line 1445: The property name CHECK in cmdDeleteTop is invalid.
Line 1446: The property name VALUE in cmdDeleteTop is invalid.
Line 1731: The property name _ExtentX in cmd_paste_cancel is invalid.
Line 1732: The property name _ExtentY in cmd_paste_cancel is invalid.
Line 1733: The property name BTYPE in cmd_paste_cancel is invalid.
Line 1734: The property name TX in cmd_paste_cancel is invalid.
Line 1735: The property name ENAB in cmd_paste_cancel is invalid.
Line 1745: The property name COLTYPE in cmd_paste_cancel is invalid.
Line 1746: The property name FOCUSR in cmd_paste_cancel is invalid.
Line 1747: The property name BCOL in cmd_paste_cancel is invalid.
Line 1748: The property name BCOLO in cmd_paste_cancel is invalid.
Line 1749: The property name FCOL in cmd_paste_cancel is invalid.
Line 1750: The property name FCOLO in cmd_paste_cancel is invalid.
Line 1751: The property name MCOL in cmd_paste_cancel is invalid.
Line 1752: The property name MPTR in cmd_paste_cancel is invalid.
Line 1753: The property name MICON in cmd_paste_cancel is invalid.
Line 1754: The property name PICN in cmd_paste_cancel is invalid.
Line 1755: The property name UMCOL in cmd_paste_cancel is invalid.
Line 1756: The property name SOFT in cmd_paste_cancel is invalid.
Line 1757: The property name PICPOS in cmd_paste_cancel is invalid.
Line 1758: The property name NGREY in cmd_paste_cancel is invalid.
Line 1759: The property name FX in cmd_paste_cancel is invalid.
Line 1760: The property name HAND in cmd_paste_cancel is invalid.
Line 1761: The property name CHECK in cmd_paste_cancel is invalid.
Line 1762: The property name VALUE in cmd_paste_cancel is invalid.
Line 1770: The property name _ExtentX in cmd_paste_ok is invalid.
Line 1771: The property name _ExtentY in cmd_paste_ok is invalid.
Line 1772: The property name BTYPE in cmd_paste_ok is invalid.
Line 1773: The property name TX in cmd_paste_ok is invalid.
Line 1774: The property name ENAB in cmd_paste_ok is invalid.
Line 1784: The property name COLTYPE in cmd_paste_ok is invalid.
Line 1785: The property name FOCUSR in cmd_paste_ok is invalid.
Line 1786: The property name BCOL in cmd_paste_ok is invalid.
Line 1787: The property name BCOLO in cmd_paste_ok is invalid.
Line 1788: The property name FCOL in cmd_paste_ok is invalid.
Line 1789: The property name FCOLO in cmd_paste_ok is invalid.
Line 1790: The property name MCOL in cmd_paste_ok is invalid.
Line 1791: The property name MPTR in cmd_paste_ok is invalid.
Line 1792: The property name MICON in cmd_paste_ok is invalid.
Line 1793: The property name PICN in cmd_paste_ok is invalid.
Line 1794: The property name UMCOL in cmd_paste_ok is invalid.
Line 1795: The property name SOFT in cmd_paste_ok is invalid.
Line 1796: The property name PICPOS in cmd_paste_ok is invalid.
Line 1797: The property name NGREY in cmd_paste_ok is invalid.
Line 1798: The property name FX in cmd_paste_ok is invalid.
Line 1799: The property name HAND in cmd_paste_ok is invalid.
Line 1800: The property name CHECK in cmd_paste_ok is invalid.
Line 1801: The property name VALUE in cmd_paste_ok is invalid.
Line 1846: The property name _ExtentX in cmd_copy_cancel is invalid.
Line 1847: The property name _ExtentY in cmd_copy_cancel is invalid.
Line 1848: The property name BTYPE in cmd_copy_cancel is invalid.
Line 1849: The property name TX in cmd_copy_cancel is invalid.
Line 1850: The property name ENAB in cmd_copy_cancel is invalid.
Line 1860: The property name COLTYPE in cmd_copy_cancel is invalid.
Line 1861: The property name FOCUSR in cmd_copy_cancel is invalid.
Line 1862: The property name BCOL in cmd_copy_cancel is invalid.
Line 1863: The property name BCOLO in cmd_copy_cancel is invalid.
Line 1864: The property name FCOL in cmd_copy_cancel is invalid.
Line 1865: The property name FCOLO in cmd_copy_cancel is invalid.
Line 1866: The property name MCOL in cmd_copy_cancel is invalid.
Line 1867: The property name MPTR in cmd_copy_cancel is invalid.
Line 1868: The property name MICON in cmd_copy_cancel is invalid.
Line 1869: The property name PICN in cmd_copy_cancel is invalid.
Line 1870: The property name UMCOL in cmd_copy_cancel is invalid.
Line 1871: The property name SOFT in cmd_copy_cancel is invalid.
Line 1872: The property name PICPOS in cmd_copy_cancel is invalid.
Line 1873: The property name NGREY in cmd_copy_cancel is invalid.
Line 1874: The property name FX in cmd_copy_cancel is invalid.
Line 1875: The property name HAND in cmd_copy_cancel is invalid.
Line 1876: The property name CHECK in cmd_copy_cancel is invalid.
Line 1877: The property name VALUE in cmd_copy_cancel is invalid.
Line 1885: The property name _ExtentX in cmd_copy_ok is invalid.
Line 1886: The property name _ExtentY in cmd_copy_ok is invalid.
Line 1887: The property name BTYPE in cmd_copy_ok is invalid.
Line 1888: The property name TX in cmd_copy_ok is invalid.
Line 1889: The property name ENAB in cmd_copy_ok is invalid.
Line 1899: The property name COLTYPE in cmd_copy_ok is invalid.
Line 1900: The property name FOCUSR in cmd_copy_ok is invalid.
Line 1901: The property name BCOL in cmd_copy_ok is invalid.
Line 1902: The property name BCOLO in cmd_copy_ok is invalid.
Line 1903: The property name FCOL in cmd_copy_ok is invalid.
Line 1904: The property name FCOLO in cmd_copy_ok is invalid.
Line 1905: The property name MCOL in cmd_copy_ok is invalid.
Line 1906: The property name MPTR in cmd_copy_ok is invalid.
Line 1907: The property name MICON in cmd_copy_ok is invalid.
Line 1908: The property name PICN in cmd_copy_ok is invalid.
Line 1909: The property name UMCOL in cmd_copy_ok is invalid.
Line 1910: The property name SOFT in cmd_copy_ok is invalid.
Line 1911: The property name PICPOS in cmd_copy_ok is invalid.
Line 1912: The property name NGREY in cmd_copy_ok is invalid.
Line 1913: The property name FX in cmd_copy_ok is invalid.
Line 1914: The property name HAND in cmd_copy_ok is invalid.
Line 1915: The property name CHECK in cmd_copy_ok is invalid.
Line 1916: The property name VALUE in cmd_copy_ok is invalid.
