Line 30: Class prj_panji.vbButton of control cmdOK was not a loaded control class.
Line 151: Class prj_panji.vbButton of control cmdCancel was not a loaded control class.
Line 36: The property name _ExtentX in cmdOK is invalid.
Line 37: The property name _ExtentY in cmdOK is invalid.
Line 38: The property name BTYPE in cmdOK is invalid.
Line 39: The property name TX in cmdOK is invalid.
Line 40: The property name ENAB in cmdOK is invalid.
Line 50: The property name COLTYPE in cmdOK is invalid.
Line 51: The property name FOCUSR in cmdOK is invalid.
Line 52: The property name BCOL in cmdOK is invalid.
Line 53: The property name BCOLO in cmdOK is invalid.
Line 54: The property name FCOL in cmdOK is invalid.
Line 55: The property name FCOLO in cmdOK is invalid.
Line 56: The property name MCOL in cmdOK is invalid.
Line 57: The property name MPTR in cmdOK is invalid.
Line 58: The property name MICON in cmdOK is invalid.
Line 59: The property name PICN in cmdOK is invalid.
Line 60: The property name UMCOL in cmdOK is invalid.
Line 61: The property name SOFT in cmdOK is invalid.
Line 62: The property name PICPOS in cmdOK is invalid.
Line 63: The property name NGREY in cmdOK is invalid.
Line 64: The property name FX in cmdOK is invalid.
Line 65: The property name HAND in cmdOK is invalid.
Line 66: The property name CHECK in cmdOK is invalid.
Line 67: The property name VALUE in cmdOK is invalid.
Line 157: The property name _ExtentX in cmdCancel is invalid.
Line 158: The property name _ExtentY in cmdCancel is invalid.
Line 159: The property name BTYPE in cmdCancel is invalid.
Line 160: The property name TX in cmdCancel is invalid.
Line 161: The property name ENAB in cmdCancel is invalid.
Line 171: The property name COLTYPE in cmdCancel is invalid.
Line 172: The property name FOCUSR in cmdCancel is invalid.
Line 173: The property name BCOL in cmdCancel is invalid.
Line 174: The property name BCOLO in cmdCancel is invalid.
Line 175: The property name FCOL in cmdCancel is invalid.
Line 176: The property name FCOLO in cmdCancel is invalid.
Line 177: The property name MCOL in cmdCancel is invalid.
Line 178: The property name MPTR in cmdCancel is invalid.
Line 179: The property name MICON in cmdCancel is invalid.
Line 180: The property name PICN in cmdCancel is invalid.
Line 181: The property name UMCOL in cmdCancel is invalid.
Line 182: The property name SOFT in cmdCancel is invalid.
Line 183: The property name PICPOS in cmdCancel is invalid.
Line 184: The property name NGREY in cmdCancel is invalid.
Line 185: The property name FX in cmdCancel is invalid.
Line 186: The property name HAND in cmdCancel is invalid.
Line 187: The property name CHECK in cmdCancel is invalid.
Line 188: The property name VALUE in cmdCancel is invalid.
