Line 77: Class prj_fej_jkt.vbButton of control vbButton1 was not a loaded control class.
Line 121: Class prj_fej_jkt.LynxGrid of control LynxGrid1 was not a loaded control class.
Line 162: Class prj_fej_jkt.vbButton of control vbButton2 was not a loaded control class.
Line 83: The property name _ExtentX in vbButton1 is invalid.
Line 84: The property name _ExtentY in vbButton1 is invalid.
Line 85: The property name BTYPE in vbButton1 is invalid.
Line 86: The property name TX in vbButton1 is invalid.
Line 87: The property name ENAB in vbButton1 is invalid.
Line 97: The property name COLTYPE in vbButton1 is invalid.
Line 98: The property name FOCUSR in vbButton1 is invalid.
Line 99: The property name BCOL in vbButton1 is invalid.
Line 100: The property name BCOLO in vbButton1 is invalid.
Line 101: The property name FCOL in vbButton1 is invalid.
Line 102: The property name FCOLO in vbButton1 is invalid.
Line 103: The property name MCOL in vbButton1 is invalid.
Line 104: The property name MPTR in vbButton1 is invalid.
Line 105: The property name MICON in vbButton1 is invalid.
Line 106: The property name UMCOL in vbButton1 is invalid.
Line 107: The property name SOFT in vbButton1 is invalid.
Line 108: The property name PICPOS in vbButton1 is invalid.
Line 109: The property name NGREY in vbButton1 is invalid.
Line 110: The property name FX in vbButton1 is invalid.
Line 111: The property name HAND in vbButton1 is invalid.
Line 112: The property name CHECK in vbButton1 is invalid.
Line 113: The property name VALUE in vbButton1 is invalid.
Line 127: The property name _ExtentX in LynxGrid1 is invalid.
Line 128: The property name _ExtentY in LynxGrid1 is invalid.
Line 146: The property name FontHeader in LynxGrid1 is invalid.
Line 147: The property name BackColorSel in LynxGrid1 is invalid.
Line 148: The property name ForeColorSel in LynxGrid1 is invalid.
Line 149: The property name CustomColorFrom in LynxGrid1 is invalid.
Line 150: The property name CustomColorTo in LynxGrid1 is invalid.
Line 151: The property name GridColor in LynxGrid1 is invalid.
Line 152: The property name FocusRectColor in LynxGrid1 is invalid.
Line 154: The property name ColumnHeaderSmall in LynxGrid1 is invalid.
Line 155: The property name TotalsLineShow in LynxGrid1 is invalid.
Line 156: The property name FocusRowHighlightKeepTextForecolor in LynxGrid1 is invalid.
Line 157: The property name ShowRowNumbers in LynxGrid1 is invalid.
Line 158: The property name ShowRowNumbersVary in LynxGrid1 is invalid.
Line 159: The property name AllowColumnResizing in LynxGrid1 is invalid.
Line 168: The property name _ExtentX in vbButton2 is invalid.
Line 169: The property name _ExtentY in vbButton2 is invalid.
Line 170: The property name BTYPE in vbButton2 is invalid.
Line 171: The property name TX in vbButton2 is invalid.
Line 172: The property name ENAB in vbButton2 is invalid.
Line 182: The property name COLTYPE in vbButton2 is invalid.
Line 183: The property name FOCUSR in vbButton2 is invalid.
Line 184: The property name BCOL in vbButton2 is invalid.
Line 185: The property name BCOLO in vbButton2 is invalid.
Line 186: The property name FCOL in vbButton2 is invalid.
Line 187: The property name FCOLO in vbButton2 is invalid.
Line 188: The property name MCOL in vbButton2 is invalid.
Line 189: The property name MPTR in vbButton2 is invalid.
Line 190: The property name MICON in vbButton2 is invalid.
Line 191: The property name UMCOL in vbButton2 is invalid.
Line 192: The property name SOFT in vbButton2 is invalid.
Line 193: The property name PICPOS in vbButton2 is invalid.
Line 194: The property name NGREY in vbButton2 is invalid.
Line 195: The property name FX in vbButton2 is invalid.
Line 196: The property name HAND in vbButton2 is invalid.
Line 197: The property name CHECK in vbButton2 is invalid.
Line 198: The property name VALUE in vbButton2 is invalid.
