Line 144: Class prj_fej_jkt.vbButton of control vbButton2 was not a loaded control class.
Line 361: Class prj_fej_jkt.LynxGrid of control LynxGrid2 was not a loaded control class.
Line 150: The property name _ExtentX in vbButton2 is invalid.
Line 151: The property name _ExtentY in vbButton2 is invalid.
Line 152: The property name BTYPE in vbButton2 is invalid.
Line 153: The property name TX in vbButton2 is invalid.
Line 154: The property name ENAB in vbButton2 is invalid.
Line 164: The property name COLTYPE in vbButton2 is invalid.
Line 165: The property name FOCUSR in vbButton2 is invalid.
Line 166: The property name BCOL in vbButton2 is invalid.
Line 167: The property name BCOLO in vbButton2 is invalid.
Line 168: The property name FCOL in vbButton2 is invalid.
Line 169: The property name FCOLO in vbButton2 is invalid.
Line 170: The property name MCOL in vbButton2 is invalid.
Line 171: The property name MPTR in vbButton2 is invalid.
Line 172: The property name MICON in vbButton2 is invalid.
Line 173: The property name UMCOL in vbButton2 is invalid.
Line 174: The property name SOFT in vbButton2 is invalid.
Line 175: The property name PICPOS in vbButton2 is invalid.
Line 176: The property name NGREY in vbButton2 is invalid.
Line 177: The property name FX in vbButton2 is invalid.
Line 178: The property name HAND in vbButton2 is invalid.
Line 179: The property name CHECK in vbButton2 is invalid.
Line 180: The property name VALUE in vbButton2 is invalid.
Line 368: The property name _ExtentX in LynxGrid2 is invalid.
Line 369: The property name _ExtentY in LynxGrid2 is invalid.
Line 387: The property name FontHeader in LynxGrid2 is invalid.
Line 388: The property name BackColorSel in LynxGrid2 is invalid.
Line 389: The property name ForeColorSel in LynxGrid2 is invalid.
Line 390: The property name CustomColorFrom in LynxGrid2 is invalid.
Line 391: The property name CustomColorTo in LynxGrid2 is invalid.
Line 392: The property name GridColor in LynxGrid2 is invalid.
Line 393: The property name FocusRectColor in LynxGrid2 is invalid.
Line 395: The property name ColumnHeaderSmall in LynxGrid2 is invalid.
Line 396: The property name TotalsLineShow in LynxGrid2 is invalid.
Line 397: The property name FocusRowHighlightKeepTextForecolor in LynxGrid2 is invalid.
Line 398: The property name ShowRowNumbers in LynxGrid2 is invalid.
Line 399: The property name ShowRowNumbersVary in LynxGrid2 is invalid.
Line 400: The property name AllowColumnResizing in LynxGrid2 is invalid.
Line 401: The property name ColumnSort in LynxGrid2 is invalid.
