Line 19: Class prj_hardys.LynxGrid of control LynxGrid2 was not a loaded control class.
Line 60: Class prj_hardys.vbButton of control vbButton2 was not a loaded control class.
Line 271: Class prj_hardys.vbButton of control vbButton1 was not a loaded control class.
Line 309: Class prj_hardys.vbButton of control vbButton5 was not a loaded control class.
Line 347: Class prj_hardys.EnterNum of control EnterNum1 was not a loaded control class.
Line 26: The property name _ExtentX in LynxGrid2 is invalid.
Line 27: The property name _ExtentY in LynxGrid2 is invalid.
Line 45: The property name FontHeader in LynxGrid2 is invalid.
Line 46: The property name BackColorSel in LynxGrid2 is invalid.
Line 47: The property name ForeColorSel in LynxGrid2 is invalid.
Line 48: The property name CustomColorFrom in LynxGrid2 is invalid.
Line 49: The property name CustomColorTo in LynxGrid2 is invalid.
Line 50: The property name GridColor in LynxGrid2 is invalid.
Line 51: The property name FocusRectColor in LynxGrid2 is invalid.
Line 53: The property name ColumnHeaderSmall in LynxGrid2 is invalid.
Line 54: The property name TotalsLineShow in LynxGrid2 is invalid.
Line 55: The property name FocusRowHighlightKeepTextForecolor in LynxGrid2 is invalid.
Line 56: The property name ShowRowNumbers in LynxGrid2 is invalid.
Line 57: The property name ShowRowNumbersVary in LynxGrid2 is invalid.
Line 58: The property name AllowColumnResizing in LynxGrid2 is invalid.
Line 66: The property name _ExtentX in vbButton2 is invalid.
Line 67: The property name _ExtentY in vbButton2 is invalid.
Line 68: The property name BTYPE in vbButton2 is invalid.
Line 69: The property name TX in vbButton2 is invalid.
Line 70: The property name ENAB in vbButton2 is invalid.
Line 80: The property name COLTYPE in vbButton2 is invalid.
Line 81: The property name FOCUSR in vbButton2 is invalid.
Line 82: The property name BCOL in vbButton2 is invalid.
Line 83: The property name BCOLO in vbButton2 is invalid.
Line 84: The property name FCOL in vbButton2 is invalid.
Line 85: The property name FCOLO in vbButton2 is invalid.
Line 86: The property name MCOL in vbButton2 is invalid.
Line 87: The property name MPTR in vbButton2 is invalid.
Line 88: The property name MICON in vbButton2 is invalid.
Line 89: The property name UMCOL in vbButton2 is invalid.
Line 90: The property name SOFT in vbButton2 is invalid.
Line 91: The property name PICPOS in vbButton2 is invalid.
Line 92: The property name NGREY in vbButton2 is invalid.
Line 93: The property name FX in vbButton2 is invalid.
Line 94: The property name HAND in vbButton2 is invalid.
Line 95: The property name CHECK in vbButton2 is invalid.
Line 96: The property name VALUE in vbButton2 is invalid.
Line 277: The property name _ExtentX in vbButton1 is invalid.
Line 278: The property name _ExtentY in vbButton1 is invalid.
Line 279: The property name BTYPE in vbButton1 is invalid.
Line 280: The property name TX in vbButton1 is invalid.
Line 281: The property name ENAB in vbButton1 is invalid.
Line 291: The property name COLTYPE in vbButton1 is invalid.
Line 292: The property name FOCUSR in vbButton1 is invalid.
Line 293: The property name BCOL in vbButton1 is invalid.
Line 294: The property name BCOLO in vbButton1 is invalid.
Line 295: The property name FCOL in vbButton1 is invalid.
Line 296: The property name FCOLO in vbButton1 is invalid.
Line 297: The property name MCOL in vbButton1 is invalid.
Line 298: The property name MPTR in vbButton1 is invalid.
Line 299: The property name MICON in vbButton1 is invalid.
Line 300: The property name UMCOL in vbButton1 is invalid.
Line 301: The property name SOFT in vbButton1 is invalid.
Line 302: The property name PICPOS in vbButton1 is invalid.
Line 303: The property name NGREY in vbButton1 is invalid.
Line 304: The property name FX in vbButton1 is invalid.
Line 305: The property name HAND in vbButton1 is invalid.
Line 306: The property name CHECK in vbButton1 is invalid.
Line 307: The property name VALUE in vbButton1 is invalid.
Line 315: The property name _ExtentX in vbButton5 is invalid.
Line 316: The property name _ExtentY in vbButton5 is invalid.
Line 317: The property name BTYPE in vbButton5 is invalid.
Line 318: The property name TX in vbButton5 is invalid.
Line 319: The property name ENAB in vbButton5 is invalid.
Line 329: The property name COLTYPE in vbButton5 is invalid.
Line 330: The property name FOCUSR in vbButton5 is invalid.
Line 331: The property name BCOL in vbButton5 is invalid.
Line 332: The property name BCOLO in vbButton5 is invalid.
Line 333: The property name FCOL in vbButton5 is invalid.
Line 334: The property name FCOLO in vbButton5 is invalid.
Line 335: The property name MCOL in vbButton5 is invalid.
Line 336: The property name MPTR in vbButton5 is invalid.
Line 337: The property name MICON in vbButton5 is invalid.
Line 338: The property name UMCOL in vbButton5 is invalid.
Line 339: The property name SOFT in vbButton5 is invalid.
Line 340: The property name PICPOS in vbButton5 is invalid.
Line 341: The property name NGREY in vbButton5 is invalid.
Line 342: The property name FX in vbButton5 is invalid.
Line 343: The property name HAND in vbButton5 is invalid.
Line 344: The property name CHECK in vbButton5 is invalid.
Line 345: The property name VALUE in vbButton5 is invalid.
Line 353: The property name _ExtentX in EnterNum1 is invalid.
Line 354: The property name _ExtentY in EnterNum1 is invalid.
