Line 13: Class prj_fej_jkt.vbButton of control vbButton1 was not a loaded control class.
Line 57: Class prj_fej_jkt.LynxGrid of control LynxGrid1 was not a loaded control class.
Line 98: Class prj_fej_jkt.vbButton of control vbButton2 was not a loaded control class.
Line 136: Class prj_fej_jkt.vbButton of control vbButton3 was not a loaded control class.
Line 174: Class prj_fej_jkt.vbButton of control vbButton4 was not a loaded control class.
Line 212: Class prj_fej_jkt.vbButton of control vbButton5 was not a loaded control class.
Line 250: Class prj_fej_jkt.vbButton of control vbButton6 was not a loaded control class.
Line 288: Class prj_fej_jkt.vbButton of control vbButton7 was not a loaded control class.
Line 19: The property name _ExtentX in vbButton1 is invalid.
Line 20: The property name _ExtentY in vbButton1 is invalid.
Line 21: The property name BTYPE in vbButton1 is invalid.
Line 22: The property name TX in vbButton1 is invalid.
Line 23: The property name ENAB in vbButton1 is invalid.
Line 33: The property name COLTYPE in vbButton1 is invalid.
Line 34: The property name FOCUSR in vbButton1 is invalid.
Line 35: The property name BCOL in vbButton1 is invalid.
Line 36: The property name BCOLO in vbButton1 is invalid.
Line 37: The property name FCOL in vbButton1 is invalid.
Line 38: The property name FCOLO in vbButton1 is invalid.
Line 39: The property name MCOL in vbButton1 is invalid.
Line 40: The property name MPTR in vbButton1 is invalid.
Line 41: The property name MICON in vbButton1 is invalid.
Line 42: The property name UMCOL in vbButton1 is invalid.
Line 43: The property name SOFT in vbButton1 is invalid.
Line 44: The property name PICPOS in vbButton1 is invalid.
Line 45: The property name NGREY in vbButton1 is invalid.
Line 46: The property name FX in vbButton1 is invalid.
Line 47: The property name HAND in vbButton1 is invalid.
Line 48: The property name CHECK in vbButton1 is invalid.
Line 49: The property name VALUE in vbButton1 is invalid.
Line 63: The property name _ExtentX in LynxGrid1 is invalid.
Line 64: The property name _ExtentY in LynxGrid1 is invalid.
Line 82: The property name FontHeader in LynxGrid1 is invalid.
Line 83: The property name BackColorSel in LynxGrid1 is invalid.
Line 84: The property name ForeColorSel in LynxGrid1 is invalid.
Line 85: The property name CustomColorFrom in LynxGrid1 is invalid.
Line 86: The property name CustomColorTo in LynxGrid1 is invalid.
Line 87: The property name GridColor in LynxGrid1 is invalid.
Line 88: The property name FocusRectColor in LynxGrid1 is invalid.
Line 90: The property name ColumnHeaderSmall in LynxGrid1 is invalid.
Line 91: The property name TotalsLineShow in LynxGrid1 is invalid.
Line 92: The property name FocusRowHighlightKeepTextForecolor in LynxGrid1 is invalid.
Line 93: The property name ShowRowNumbers in LynxGrid1 is invalid.
Line 94: The property name ShowRowNumbersVary in LynxGrid1 is invalid.
Line 95: The property name AllowColumnResizing in LynxGrid1 is invalid.
Line 104: The property name _ExtentX in vbButton2 is invalid.
Line 105: The property name _ExtentY in vbButton2 is invalid.
Line 106: The property name BTYPE in vbButton2 is invalid.
Line 107: The property name TX in vbButton2 is invalid.
Line 108: The property name ENAB in vbButton2 is invalid.
Line 118: The property name COLTYPE in vbButton2 is invalid.
Line 119: The property name FOCUSR in vbButton2 is invalid.
Line 120: The property name BCOL in vbButton2 is invalid.
Line 121: The property name BCOLO in vbButton2 is invalid.
Line 122: The property name FCOL in vbButton2 is invalid.
Line 123: The property name FCOLO in vbButton2 is invalid.
Line 124: The property name MCOL in vbButton2 is invalid.
Line 125: The property name MPTR in vbButton2 is invalid.
Line 126: The property name MICON in vbButton2 is invalid.
Line 127: The property name UMCOL in vbButton2 is invalid.
Line 128: The property name SOFT in vbButton2 is invalid.
Line 129: The property name PICPOS in vbButton2 is invalid.
Line 130: The property name NGREY in vbButton2 is invalid.
Line 131: The property name FX in vbButton2 is invalid.
Line 132: The property name HAND in vbButton2 is invalid.
Line 133: The property name CHECK in vbButton2 is invalid.
Line 134: The property name VALUE in vbButton2 is invalid.
Line 142: The property name _ExtentX in vbButton3 is invalid.
Line 143: The property name _ExtentY in vbButton3 is invalid.
Line 144: The property name BTYPE in vbButton3 is invalid.
Line 145: The property name TX in vbButton3 is invalid.
Line 146: The property name ENAB in vbButton3 is invalid.
Line 156: The property name COLTYPE in vbButton3 is invalid.
Line 157: The property name FOCUSR in vbButton3 is invalid.
Line 158: The property name BCOL in vbButton3 is invalid.
Line 159: The property name BCOLO in vbButton3 is invalid.
Line 160: The property name FCOL in vbButton3 is invalid.
Line 161: The property name FCOLO in vbButton3 is invalid.
Line 162: The property name MCOL in vbButton3 is invalid.
Line 163: The property name MPTR in vbButton3 is invalid.
Line 164: The property name MICON in vbButton3 is invalid.
Line 165: The property name UMCOL in vbButton3 is invalid.
Line 166: The property name SOFT in vbButton3 is invalid.
Line 167: The property name PICPOS in vbButton3 is invalid.
Line 168: The property name NGREY in vbButton3 is invalid.
Line 169: The property name FX in vbButton3 is invalid.
Line 170: The property name HAND in vbButton3 is invalid.
Line 171: The property name CHECK in vbButton3 is invalid.
Line 172: The property name VALUE in vbButton3 is invalid.
Line 180: The property name _ExtentX in vbButton4 is invalid.
Line 181: The property name _ExtentY in vbButton4 is invalid.
Line 182: The property name BTYPE in vbButton4 is invalid.
Line 183: The property name TX in vbButton4 is invalid.
Line 184: The property name ENAB in vbButton4 is invalid.
Line 194: The property name COLTYPE in vbButton4 is invalid.
Line 195: The property name FOCUSR in vbButton4 is invalid.
Line 196: The property name BCOL in vbButton4 is invalid.
Line 197: The property name BCOLO in vbButton4 is invalid.
Line 198: The property name FCOL in vbButton4 is invalid.
Line 199: The property name FCOLO in vbButton4 is invalid.
Line 200: The property name MCOL in vbButton4 is invalid.
Line 201: The property name MPTR in vbButton4 is invalid.
Line 202: The property name MICON in vbButton4 is invalid.
Line 203: The property name UMCOL in vbButton4 is invalid.
Line 204: The property name SOFT in vbButton4 is invalid.
Line 205: The property name PICPOS in vbButton4 is invalid.
Line 206: The property name NGREY in vbButton4 is invalid.
Line 207: The property name FX in vbButton4 is invalid.
Line 208: The property name HAND in vbButton4 is invalid.
Line 209: The property name CHECK in vbButton4 is invalid.
Line 210: The property name VALUE in vbButton4 is invalid.
Line 218: The property name _ExtentX in vbButton5 is invalid.
Line 219: The property name _ExtentY in vbButton5 is invalid.
Line 220: The property name BTYPE in vbButton5 is invalid.
Line 221: The property name TX in vbButton5 is invalid.
Line 222: The property name ENAB in vbButton5 is invalid.
Line 232: The property name COLTYPE in vbButton5 is invalid.
Line 233: The property name FOCUSR in vbButton5 is invalid.
Line 234: The property name BCOL in vbButton5 is invalid.
Line 235: The property name BCOLO in vbButton5 is invalid.
Line 236: The property name FCOL in vbButton5 is invalid.
Line 237: The property name FCOLO in vbButton5 is invalid.
Line 238: The property name MCOL in vbButton5 is invalid.
Line 239: The property name MPTR in vbButton5 is invalid.
Line 240: The property name MICON in vbButton5 is invalid.
Line 241: The property name UMCOL in vbButton5 is invalid.
Line 242: The property name SOFT in vbButton5 is invalid.
Line 243: The property name PICPOS in vbButton5 is invalid.
Line 244: The property name NGREY in vbButton5 is invalid.
Line 245: The property name FX in vbButton5 is invalid.
Line 246: The property name HAND in vbButton5 is invalid.
Line 247: The property name CHECK in vbButton5 is invalid.
Line 248: The property name VALUE in vbButton5 is invalid.
Line 256: The property name _ExtentX in vbButton6 is invalid.
Line 257: The property name _ExtentY in vbButton6 is invalid.
Line 258: The property name BTYPE in vbButton6 is invalid.
Line 259: The property name TX in vbButton6 is invalid.
Line 260: The property name ENAB in vbButton6 is invalid.
Line 270: The property name COLTYPE in vbButton6 is invalid.
Line 271: The property name FOCUSR in vbButton6 is invalid.
Line 272: The property name BCOL in vbButton6 is invalid.
Line 273: The property name BCOLO in vbButton6 is invalid.
Line 274: The property name FCOL in vbButton6 is invalid.
Line 275: The property name FCOLO in vbButton6 is invalid.
Line 276: The property name MCOL in vbButton6 is invalid.
Line 277: The property name MPTR in vbButton6 is invalid.
Line 278: The property name MICON in vbButton6 is invalid.
Line 279: The property name UMCOL in vbButton6 is invalid.
Line 280: The property name SOFT in vbButton6 is invalid.
Line 281: The property name PICPOS in vbButton6 is invalid.
Line 282: The property name NGREY in vbButton6 is invalid.
Line 283: The property name FX in vbButton6 is invalid.
Line 284: The property name HAND in vbButton6 is invalid.
Line 285: The property name CHECK in vbButton6 is invalid.
Line 286: The property name VALUE in vbButton6 is invalid.
Line 294: The property name _ExtentX in vbButton7 is invalid.
Line 295: The property name _ExtentY in vbButton7 is invalid.
Line 296: The property name BTYPE in vbButton7 is invalid.
Line 297: The property name TX in vbButton7 is invalid.
Line 298: The property name ENAB in vbButton7 is invalid.
Line 308: The property name COLTYPE in vbButton7 is invalid.
Line 309: The property name FOCUSR in vbButton7 is invalid.
Line 310: The property name BCOL in vbButton7 is invalid.
Line 311: The property name BCOLO in vbButton7 is invalid.
Line 312: The property name FCOL in vbButton7 is invalid.
Line 313: The property name FCOLO in vbButton7 is invalid.
Line 314: The property name MCOL in vbButton7 is invalid.
Line 315: The property name MPTR in vbButton7 is invalid.
Line 316: The property name MICON in vbButton7 is invalid.
Line 317: The property name UMCOL in vbButton7 is invalid.
Line 318: The property name SOFT in vbButton7 is invalid.
Line 319: The property name PICPOS in vbButton7 is invalid.
Line 320: The property name NGREY in vbButton7 is invalid.
Line 321: The property name FX in vbButton7 is invalid.
Line 322: The property name HAND in vbButton7 is invalid.
Line 323: The property name CHECK in vbButton7 is invalid.
Line 324: The property name VALUE in vbButton7 is invalid.
