Line 15: Class prj_hardys.vbButton of control vbButton3 was not a loaded control class.
Line 53: Class prj_hardys.vbButton of control vbButton2 was not a loaded control class.
Line 91: Class prj_hardys.vbButton of control vbButton1 was not a loaded control class.
Line 140: Class TrueOleDBList60.TDBCombo of control TDBCombo_company was not a loaded control class.
Line 159: Class MSComCtl2.DTPicker of control DTPicker1 was not a loaded control class.
Line 177: Class prj_hardys.LynxGrid of control LynxGrid2 was not a loaded control class.
Line 217: Class prj_hardys.LynxGrid of control LynxGrid1 was not a loaded control class.
Line 258: Class TrueOleDBList60.TDBCombo of control TDBCombo1 was not a loaded control class.
Line 21: The property name _ExtentX in vbButton3 is invalid.
Line 22: The property name _ExtentY in vbButton3 is invalid.
Line 23: The property name BTYPE in vbButton3 is invalid.
Line 24: The property name TX in vbButton3 is invalid.
Line 25: The property name ENAB in vbButton3 is invalid.
Line 35: The property name COLTYPE in vbButton3 is invalid.
Line 36: The property name FOCUSR in vbButton3 is invalid.
Line 37: The property name BCOL in vbButton3 is invalid.
Line 38: The property name BCOLO in vbButton3 is invalid.
Line 39: The property name FCOL in vbButton3 is invalid.
Line 40: The property name FCOLO in vbButton3 is invalid.
Line 41: The property name MCOL in vbButton3 is invalid.
Line 42: The property name MPTR in vbButton3 is invalid.
Line 43: The property name MICON in vbButton3 is invalid.
Line 44: The property name UMCOL in vbButton3 is invalid.
Line 45: The property name SOFT in vbButton3 is invalid.
Line 46: The property name PICPOS in vbButton3 is invalid.
Line 47: The property name NGREY in vbButton3 is invalid.
Line 48: The property name FX in vbButton3 is invalid.
Line 49: The property name HAND in vbButton3 is invalid.
Line 50: The property name CHECK in vbButton3 is invalid.
Line 51: The property name VALUE in vbButton3 is invalid.
Line 59: The property name _ExtentX in vbButton2 is invalid.
Line 60: The property name _ExtentY in vbButton2 is invalid.
Line 61: The property name BTYPE in vbButton2 is invalid.
Line 62: The property name TX in vbButton2 is invalid.
Line 63: The property name ENAB in vbButton2 is invalid.
Line 73: The property name COLTYPE in vbButton2 is invalid.
Line 74: The property name FOCUSR in vbButton2 is invalid.
Line 75: The property name BCOL in vbButton2 is invalid.
Line 76: The property name BCOLO in vbButton2 is invalid.
Line 77: The property name FCOL in vbButton2 is invalid.
Line 78: The property name FCOLO in vbButton2 is invalid.
Line 79: The property name MCOL in vbButton2 is invalid.
Line 80: The property name MPTR in vbButton2 is invalid.
Line 81: The property name MICON in vbButton2 is invalid.
Line 82: The property name UMCOL in vbButton2 is invalid.
Line 83: The property name SOFT in vbButton2 is invalid.
Line 84: The property name PICPOS in vbButton2 is invalid.
Line 85: The property name NGREY in vbButton2 is invalid.
Line 86: The property name FX in vbButton2 is invalid.
Line 87: The property name HAND in vbButton2 is invalid.
Line 88: The property name CHECK in vbButton2 is invalid.
Line 89: The property name VALUE in vbButton2 is invalid.
Line 97: The property name _ExtentX in vbButton1 is invalid.
Line 98: The property name _ExtentY in vbButton1 is invalid.
Line 99: The property name BTYPE in vbButton1 is invalid.
Line 100: The property name TX in vbButton1 is invalid.
Line 101: The property name ENAB in vbButton1 is invalid.
Line 111: The property name COLTYPE in vbButton1 is invalid.
Line 112: The property name FOCUSR in vbButton1 is invalid.
Line 113: The property name BCOL in vbButton1 is invalid.
Line 114: The property name BCOLO in vbButton1 is invalid.
Line 115: The property name FCOL in vbButton1 is invalid.
Line 116: The property name FCOLO in vbButton1 is invalid.
Line 117: The property name MCOL in vbButton1 is invalid.
Line 118: The property name MPTR in vbButton1 is invalid.
Line 119: The property name MICON in vbButton1 is invalid.
Line 120: The property name UMCOL in vbButton1 is invalid.
Line 121: The property name SOFT in vbButton1 is invalid.
Line 122: The property name PICPOS in vbButton1 is invalid.
Line 123: The property name NGREY in vbButton1 is invalid.
Line 124: The property name FX in vbButton1 is invalid.
Line 125: The property name HAND in vbButton1 is invalid.
Line 126: The property name CHECK in vbButton1 is invalid.
Line 127: The property name VALUE in vbButton1 is invalid.
Line 143: The property name OleObjectBlob in TDBCombo_company is invalid.
Line 165: The property name _ExtentX in DTPicker1 is invalid.
Line 166: The property name _ExtentY in DTPicker1 is invalid.
Line 167: The property name _Version in DTPicker1 is invalid.
Line 168: The property name Format in DTPicker1 is invalid.
Line 169: The property name CurrentDate in DTPicker1 is invalid.
Line 183: The property name _ExtentX in LynxGrid2 is invalid.
Line 184: The property name _ExtentY in LynxGrid2 is invalid.
Line 202: The property name FontHeader in LynxGrid2 is invalid.
Line 203: The property name BackColorSel in LynxGrid2 is invalid.
Line 204: The property name ForeColorSel in LynxGrid2 is invalid.
Line 205: The property name CustomColorFrom in LynxGrid2 is invalid.
Line 206: The property name CustomColorTo in LynxGrid2 is invalid.
Line 207: The property name GridColor in LynxGrid2 is invalid.
Line 208: The property name FocusRectColor in LynxGrid2 is invalid.
Line 210: The property name ColumnHeaderSmall in LynxGrid2 is invalid.
Line 211: The property name TotalsLineShow in LynxGrid2 is invalid.
Line 212: The property name FocusRowHighlightKeepTextForecolor in LynxGrid2 is invalid.
Line 213: The property name ShowRowNumbers in LynxGrid2 is invalid.
Line 214: The property name ShowRowNumbersVary in LynxGrid2 is invalid.
Line 215: The property name AllowColumnResizing in LynxGrid2 is invalid.
Line 223: The property name _ExtentX in LynxGrid1 is invalid.
Line 224: The property name _ExtentY in LynxGrid1 is invalid.
Line 242: The property name FontHeader in LynxGrid1 is invalid.
Line 243: The property name BackColorSel in LynxGrid1 is invalid.
Line 244: The property name ForeColorSel in LynxGrid1 is invalid.
Line 245: The property name CustomColorFrom in LynxGrid1 is invalid.
Line 246: The property name CustomColorTo in LynxGrid1 is invalid.
Line 247: The property name GridColor in LynxGrid1 is invalid.
Line 248: The property name FocusRectColor in LynxGrid1 is invalid.
Line 250: The property name ColumnHeaderSmall in LynxGrid1 is invalid.
Line 251: The property name TotalsLineShow in LynxGrid1 is invalid.
Line 252: The property name FocusRowHighlightKeepTextForecolor in LynxGrid1 is invalid.
Line 253: The property name ShowRowNumbers in LynxGrid1 is invalid.
Line 254: The property name ShowRowNumbersVary in LynxGrid1 is invalid.
Line 255: The property name AllowColumnResizing in LynxGrid1 is invalid.
Line 261: The property name OleObjectBlob in TDBCombo1 is invalid.
