Line 16: Class MSComctlLib.ProgressBar of control ProgressBar1 was not a loaded control class.
Line 30: Class MSAdodcLib.Adodc of control Adodc1 was not a loaded control class.
Line 83: Class prj_genting.LynxGrid of control LynxGrid1 was not a loaded control class.
Line 124: Class MSComDlg.CommonDialog of control CommonDialog1 was not a loaded control class.
Line 131: Class prj_genting.vbButton of control vbButton2 was not a loaded control class.
Line 169: Class prj_genting.vbButton of control vbButton1 was not a loaded control class.
Line 23: The property name _ExtentX in ProgressBar1 is invalid.
Line 24: The property name _ExtentY in ProgressBar1 is invalid.
Line 25: The property name _Version in ProgressBar1 is invalid.
Line 28: The property name Scrolling in ProgressBar1 is invalid.
Line 36: The property name _ExtentX in Adodc1 is invalid.
Line 37: The property name _ExtentY in Adodc1 is invalid.
Line 38: The property name ConnectMode in Adodc1 is invalid.
Line 39: The property name CursorLocation in Adodc1 is invalid.
Line 40: The property name IsolationLevel in Adodc1 is invalid.
Line 41: The property name ConnectionTimeout in Adodc1 is invalid.
Line 42: The property name CommandTimeout in Adodc1 is invalid.
Line 43: The property name CursorType in Adodc1 is invalid.
Line 44: The property name LockType in Adodc1 is invalid.
Line 45: The property name CommandType in Adodc1 is invalid.
Line 46: The property name CursorOptions in Adodc1 is invalid.
Line 47: The property name CacheSize in Adodc1 is invalid.
Line 48: The property name MaxRecords in Adodc1 is invalid.
Line 49: The property name BOFAction in Adodc1 is invalid.
Line 50: The property name EOFAction in Adodc1 is invalid.
Line 51: The property name ConnectStringType in Adodc1 is invalid.
Line 55: The property name Orientation in Adodc1 is invalid.
Line 57: The property name Connect in Adodc1 is invalid.
Line 58: The property name OLEDBString in Adodc1 is invalid.
Line 59: The property name OLEDBFile in Adodc1 is invalid.
Line 60: The property name DataSourceName in Adodc1 is invalid.
Line 61: The property name OtherAttributes in Adodc1 is invalid.
Line 62: The property name UserName in Adodc1 is invalid.
Line 63: The property name Password in Adodc1 is invalid.
Line 64: The property name RecordSource in Adodc1 is invalid.
Line 65: The property name Caption in Adodc1 is invalid.
Line 75: The property name _Version in Adodc1 is invalid.
Line 89: The property name _ExtentX in LynxGrid1 is invalid.
Line 90: The property name _ExtentY in LynxGrid1 is invalid.
Line 108: The property name FontHeader in LynxGrid1 is invalid.
Line 109: The property name BackColorSel in LynxGrid1 is invalid.
Line 110: The property name ForeColorSel in LynxGrid1 is invalid.
Line 111: The property name CustomColorFrom in LynxGrid1 is invalid.
Line 112: The property name CustomColorTo in LynxGrid1 is invalid.
Line 113: The property name GridColor in LynxGrid1 is invalid.
Line 114: The property name FocusRectColor in LynxGrid1 is invalid.
Line 116: The property name ColumnHeaderSmall in LynxGrid1 is invalid.
Line 117: The property name TotalsLineShow in LynxGrid1 is invalid.
Line 118: The property name FocusRowHighlightKeepTextForecolor in LynxGrid1 is invalid.
Line 119: The property name ShowRowNumbers in LynxGrid1 is invalid.
Line 120: The property name ShowRowNumbersVary in LynxGrid1 is invalid.
Line 121: The property name AllowColumnResizing in LynxGrid1 is invalid.
Line 127: The property name _ExtentX in CommonDialog1 is invalid.
Line 128: The property name _ExtentY in CommonDialog1 is invalid.
Line 129: The property name _Version in CommonDialog1 is invalid.
Line 137: The property name _ExtentX in vbButton2 is invalid.
Line 138: The property name _ExtentY in vbButton2 is invalid.
Line 139: The property name BTYPE in vbButton2 is invalid.
Line 140: The property name TX in vbButton2 is invalid.
Line 141: The property name ENAB in vbButton2 is invalid.
Line 151: The property name COLTYPE in vbButton2 is invalid.
Line 152: The property name FOCUSR in vbButton2 is invalid.
Line 153: The property name BCOL in vbButton2 is invalid.
Line 154: The property name BCOLO in vbButton2 is invalid.
Line 155: The property name FCOL in vbButton2 is invalid.
Line 156: The property name FCOLO in vbButton2 is invalid.
Line 157: The property name MCOL in vbButton2 is invalid.
Line 158: The property name MPTR in vbButton2 is invalid.
Line 159: The property name MICON in vbButton2 is invalid.
Line 160: The property name UMCOL in vbButton2 is invalid.
Line 161: The property name SOFT in vbButton2 is invalid.
Line 162: The property name PICPOS in vbButton2 is invalid.
Line 163: The property name NGREY in vbButton2 is invalid.
Line 164: The property name FX in vbButton2 is invalid.
Line 165: The property name HAND in vbButton2 is invalid.
Line 166: The property name CHECK in vbButton2 is invalid.
Line 167: The property name VALUE in vbButton2 is invalid.
Line 175: The property name _ExtentX in vbButton1 is invalid.
Line 176: The property name _ExtentY in vbButton1 is invalid.
Line 177: The property name BTYPE in vbButton1 is invalid.
Line 178: The property name TX in vbButton1 is invalid.
Line 179: The property name ENAB in vbButton1 is invalid.
Line 189: The property name COLTYPE in vbButton1 is invalid.
Line 190: The property name FOCUSR in vbButton1 is invalid.
Line 191: The property name BCOL in vbButton1 is invalid.
Line 192: The property name BCOLO in vbButton1 is invalid.
Line 193: The property name FCOL in vbButton1 is invalid.
Line 194: The property name FCOLO in vbButton1 is invalid.
Line 195: The property name MCOL in vbButton1 is invalid.
Line 196: The property name MPTR in vbButton1 is invalid.
Line 197: The property name MICON in vbButton1 is invalid.
Line 198: The property name UMCOL in vbButton1 is invalid.
Line 199: The property name SOFT in vbButton1 is invalid.
Line 200: The property name PICPOS in vbButton1 is invalid.
Line 201: The property name NGREY in vbButton1 is invalid.
Line 202: The property name FX in vbButton1 is invalid.
Line 203: The property name HAND in vbButton1 is invalid.
Line 204: The property name CHECK in vbButton1 is invalid.
Line 205: The property name VALUE in vbButton1 is invalid.
