Line 27: Class prj_tpc.vbButton of control cmdExit was not a loaded control class.
Line 66: Class prj_tpc.vbButton of control cmdNew was not a loaded control class.
Line 106: Class prj_tpc.vbButton of control cmdSave was not a loaded control class.
Line 145: Class prj_tpc.vbButton of control cmdEdit was not a loaded control class.
Line 184: Class prj_tpc.vbButton of control cmdDelete was not a loaded control class.
Line 224: Class prj_tpc.vbButton of control cmdCancel was not a loaded control class.
Line 409: Class prj_tpc.vbButton of control vbButton3 was not a loaded control class.
Line 448: Class prj_tpc.vbButton of control vbButton2 was not a loaded control class.
Line 487: Class prj_tpc.vbButton of control vbButton1 was not a loaded control class.
Line 33: The property name _ExtentX in cmdExit is invalid.
Line 34: The property name _ExtentY in cmdExit is invalid.
Line 35: The property name BTYPE in cmdExit is invalid.
Line 36: The property name TX in cmdExit is invalid.
Line 37: The property name ENAB in cmdExit is invalid.
Line 47: The property name COLTYPE in cmdExit is invalid.
Line 48: The property name FOCUSR in cmdExit is invalid.
Line 49: The property name BCOL in cmdExit is invalid.
Line 50: The property name BCOLO in cmdExit is invalid.
Line 51: The property name FCOL in cmdExit is invalid.
Line 52: The property name FCOLO in cmdExit is invalid.
Line 53: The property name MCOL in cmdExit is invalid.
Line 54: The property name MPTR in cmdExit is invalid.
Line 55: The property name MICON in cmdExit is invalid.
Line 56: The property name PICN in cmdExit is invalid.
Line 57: The property name UMCOL in cmdExit is invalid.
Line 58: The property name SOFT in cmdExit is invalid.
Line 59: The property name PICPOS in cmdExit is invalid.
Line 60: The property name NGREY in cmdExit is invalid.
Line 61: The property name FX in cmdExit is invalid.
Line 62: The property name HAND in cmdExit is invalid.
Line 63: The property name CHECK in cmdExit is invalid.
Line 64: The property name VALUE in cmdExit is invalid.
Line 73: The property name _ExtentX in cmdNew is invalid.
Line 74: The property name _ExtentY in cmdNew is invalid.
Line 75: The property name BTYPE in cmdNew is invalid.
Line 76: The property name TX in cmdNew is invalid.
Line 77: The property name ENAB in cmdNew is invalid.
Line 87: The property name COLTYPE in cmdNew is invalid.
Line 88: The property name FOCUSR in cmdNew is invalid.
Line 89: The property name BCOL in cmdNew is invalid.
Line 90: The property name BCOLO in cmdNew is invalid.
Line 91: The property name FCOL in cmdNew is invalid.
Line 92: The property name FCOLO in cmdNew is invalid.
Line 93: The property name MCOL in cmdNew is invalid.
Line 94: The property name MPTR in cmdNew is invalid.
Line 95: The property name MICON in cmdNew is invalid.
Line 96: The property name PICN in cmdNew is invalid.
Line 97: The property name UMCOL in cmdNew is invalid.
Line 98: The property name SOFT in cmdNew is invalid.
Line 99: The property name PICPOS in cmdNew is invalid.
Line 100: The property name NGREY in cmdNew is invalid.
Line 101: The property name FX in cmdNew is invalid.
Line 102: The property name HAND in cmdNew is invalid.
Line 103: The property name CHECK in cmdNew is invalid.
Line 104: The property name VALUE in cmdNew is invalid.
Line 112: The property name _ExtentX in cmdSave is invalid.
Line 113: The property name _ExtentY in cmdSave is invalid.
Line 114: The property name BTYPE in cmdSave is invalid.
Line 115: The property name TX in cmdSave is invalid.
Line 116: The property name ENAB in cmdSave is invalid.
Line 126: The property name COLTYPE in cmdSave is invalid.
Line 127: The property name FOCUSR in cmdSave is invalid.
Line 128: The property name BCOL in cmdSave is invalid.
Line 129: The property name BCOLO in cmdSave is invalid.
Line 130: The property name FCOL in cmdSave is invalid.
Line 131: The property name FCOLO in cmdSave is invalid.
Line 132: The property name MCOL in cmdSave is invalid.
Line 133: The property name MPTR in cmdSave is invalid.
Line 134: The property name MICON in cmdSave is invalid.
Line 135: The property name PICN in cmdSave is invalid.
Line 136: The property name UMCOL in cmdSave is invalid.
Line 137: The property name SOFT in cmdSave is invalid.
Line 138: The property name PICPOS in cmdSave is invalid.
Line 139: The property name NGREY in cmdSave is invalid.
Line 140: The property name FX in cmdSave is invalid.
Line 141: The property name HAND in cmdSave is invalid.
Line 142: The property name CHECK in cmdSave is invalid.
Line 143: The property name VALUE in cmdSave is invalid.
Line 151: The property name _ExtentX in cmdEdit is invalid.
Line 152: The property name _ExtentY in cmdEdit is invalid.
Line 153: The property name BTYPE in cmdEdit is invalid.
Line 154: The property name TX in cmdEdit is invalid.
Line 155: The property name ENAB in cmdEdit is invalid.
Line 165: The property name COLTYPE in cmdEdit is invalid.
Line 166: The property name FOCUSR in cmdEdit is invalid.
Line 167: The property name BCOL in cmdEdit is invalid.
Line 168: The property name BCOLO in cmdEdit is invalid.
Line 169: The property name FCOL in cmdEdit is invalid.
Line 170: The property name FCOLO in cmdEdit is invalid.
Line 171: The property name MCOL in cmdEdit is invalid.
Line 172: The property name MPTR in cmdEdit is invalid.
Line 173: The property name MICON in cmdEdit is invalid.
Line 174: The property name PICN in cmdEdit is invalid.
Line 175: The property name UMCOL in cmdEdit is invalid.
Line 176: The property name SOFT in cmdEdit is invalid.
Line 177: The property name PICPOS in cmdEdit is invalid.
Line 178: The property name NGREY in cmdEdit is invalid.
Line 179: The property name FX in cmdEdit is invalid.
Line 180: The property name HAND in cmdEdit is invalid.
Line 181: The property name CHECK in cmdEdit is invalid.
Line 182: The property name VALUE in cmdEdit is invalid.
Line 191: The property name _ExtentX in cmdDelete is invalid.
Line 192: The property name _ExtentY in cmdDelete is invalid.
Line 193: The property name BTYPE in cmdDelete is invalid.
Line 194: The property name TX in cmdDelete is invalid.
Line 195: The property name ENAB in cmdDelete is invalid.
Line 205: The property name COLTYPE in cmdDelete is invalid.
Line 206: The property name FOCUSR in cmdDelete is invalid.
Line 207: The property name BCOL in cmdDelete is invalid.
Line 208: The property name BCOLO in cmdDelete is invalid.
Line 209: The property name FCOL in cmdDelete is invalid.
Line 210: The property name FCOLO in cmdDelete is invalid.
Line 211: The property name MCOL in cmdDelete is invalid.
Line 212: The property name MPTR in cmdDelete is invalid.
Line 213: The property name MICON in cmdDelete is invalid.
Line 214: The property name PICN in cmdDelete is invalid.
Line 215: The property name UMCOL in cmdDelete is invalid.
Line 216: The property name SOFT in cmdDelete is invalid.
Line 217: The property name PICPOS in cmdDelete is invalid.
Line 218: The property name NGREY in cmdDelete is invalid.
Line 219: The property name FX in cmdDelete is invalid.
Line 220: The property name HAND in cmdDelete is invalid.
Line 221: The property name CHECK in cmdDelete is invalid.
Line 222: The property name VALUE in cmdDelete is invalid.
Line 230: The property name _ExtentX in cmdCancel is invalid.
Line 231: The property name _ExtentY in cmdCancel is invalid.
Line 232: The property name BTYPE in cmdCancel is invalid.
Line 233: The property name TX in cmdCancel is invalid.
Line 234: The property name ENAB in cmdCancel is invalid.
Line 244: The property name COLTYPE in cmdCancel is invalid.
Line 245: The property name FOCUSR in cmdCancel is invalid.
Line 246: The property name BCOL in cmdCancel is invalid.
Line 247: The property name BCOLO in cmdCancel is invalid.
Line 248: The property name FCOL in cmdCancel is invalid.
Line 249: The property name FCOLO in cmdCancel is invalid.
Line 250: The property name MCOL in cmdCancel is invalid.
Line 251: The property name MPTR in cmdCancel is invalid.
Line 252: The property name MICON in cmdCancel is invalid.
Line 253: The property name PICN in cmdCancel is invalid.
Line 254: The property name UMCOL in cmdCancel is invalid.
Line 255: The property name SOFT in cmdCancel is invalid.
Line 256: The property name PICPOS in cmdCancel is invalid.
Line 257: The property name NGREY in cmdCancel is invalid.
Line 258: The property name FX in cmdCancel is invalid.
Line 259: The property name HAND in cmdCancel is invalid.
Line 260: The property name CHECK in cmdCancel is invalid.
Line 261: The property name VALUE in cmdCancel is invalid.
Line 415: The property name _ExtentX in vbButton3 is invalid.
Line 416: The property name _ExtentY in vbButton3 is invalid.
Line 417: The property name BTYPE in vbButton3 is invalid.
Line 418: The property name TX in vbButton3 is invalid.
Line 419: The property name ENAB in vbButton3 is invalid.
Line 429: The property name COLTYPE in vbButton3 is invalid.
Line 430: The property name FOCUSR in vbButton3 is invalid.
Line 431: The property name BCOL in vbButton3 is invalid.
Line 432: The property name BCOLO in vbButton3 is invalid.
Line 433: The property name FCOL in vbButton3 is invalid.
Line 434: The property name FCOLO in vbButton3 is invalid.
Line 435: The property name MCOL in vbButton3 is invalid.
Line 436: The property name MPTR in vbButton3 is invalid.
Line 437: The property name MICON in vbButton3 is invalid.
Line 438: The property name PICN in vbButton3 is invalid.
Line 439: The property name UMCOL in vbButton3 is invalid.
Line 440: The property name SOFT in vbButton3 is invalid.
Line 441: The property name PICPOS in vbButton3 is invalid.
Line 442: The property name NGREY in vbButton3 is invalid.
Line 443: The property name FX in vbButton3 is invalid.
Line 444: The property name HAND in vbButton3 is invalid.
Line 445: The property name CHECK in vbButton3 is invalid.
Line 446: The property name VALUE in vbButton3 is invalid.
Line 454: The property name _ExtentX in vbButton2 is invalid.
Line 455: The property name _ExtentY in vbButton2 is invalid.
Line 456: The property name BTYPE in vbButton2 is invalid.
Line 457: The property name TX in vbButton2 is invalid.
Line 458: The property name ENAB in vbButton2 is invalid.
Line 468: The property name COLTYPE in vbButton2 is invalid.
Line 469: The property name FOCUSR in vbButton2 is invalid.
Line 470: The property name BCOL in vbButton2 is invalid.
Line 471: The property name BCOLO in vbButton2 is invalid.
Line 472: The property name FCOL in vbButton2 is invalid.
Line 473: The property name FCOLO in vbButton2 is invalid.
Line 474: The property name MCOL in vbButton2 is invalid.
Line 475: The property name MPTR in vbButton2 is invalid.
Line 476: The property name MICON in vbButton2 is invalid.
Line 477: The property name PICN in vbButton2 is invalid.
Line 478: The property name UMCOL in vbButton2 is invalid.
Line 479: The property name SOFT in vbButton2 is invalid.
Line 480: The property name PICPOS in vbButton2 is invalid.
Line 481: The property name NGREY in vbButton2 is invalid.
Line 482: The property name FX in vbButton2 is invalid.
Line 483: The property name HAND in vbButton2 is invalid.
Line 484: The property name CHECK in vbButton2 is invalid.
Line 485: The property name VALUE in vbButton2 is invalid.
Line 493: The property name _ExtentX in vbButton1 is invalid.
Line 494: The property name _ExtentY in vbButton1 is invalid.
Line 495: The property name BTYPE in vbButton1 is invalid.
Line 496: The property name TX in vbButton1 is invalid.
Line 497: The property name ENAB in vbButton1 is invalid.
Line 507: The property name COLTYPE in vbButton1 is invalid.
Line 508: The property name FOCUSR in vbButton1 is invalid.
Line 509: The property name BCOL in vbButton1 is invalid.
Line 510: The property name BCOLO in vbButton1 is invalid.
Line 511: The property name FCOL in vbButton1 is invalid.
Line 512: The property name FCOLO in vbButton1 is invalid.
Line 513: The property name MCOL in vbButton1 is invalid.
Line 514: The property name MPTR in vbButton1 is invalid.
Line 515: The property name MICON in vbButton1 is invalid.
Line 516: The property name PICN in vbButton1 is invalid.
Line 517: The property name UMCOL in vbButton1 is invalid.
Line 518: The property name SOFT in vbButton1 is invalid.
Line 519: The property name PICPOS in vbButton1 is invalid.
Line 520: The property name NGREY in vbButton1 is invalid.
Line 521: The property name FX in vbButton1 is invalid.
Line 522: The property name HAND in vbButton1 is invalid.
Line 523: The property name CHECK in vbButton1 is invalid.
Line 524: The property name VALUE in vbButton1 is invalid.
