Line 209: Class prj_panji.vbButton of control cmdExit was not a loaded control class.
Line 248: Class prj_panji.vbButton of control cmdPrint was not a loaded control class.
Line 215: The property name _ExtentX in cmdExit is invalid.
Line 216: The property name _ExtentY in cmdExit is invalid.
Line 217: The property name BTYPE in cmdExit is invalid.
Line 218: The property name TX in cmdExit is invalid.
Line 219: The property name ENAB in cmdExit is invalid.
Line 229: The property name COLTYPE in cmdExit is invalid.
Line 230: The property name FOCUSR in cmdExit is invalid.
Line 231: The property name BCOL in cmdExit is invalid.
Line 232: The property name BCOLO in cmdExit is invalid.
Line 233: The property name FCOL in cmdExit is invalid.
Line 234: The property name FCOLO in cmdExit is invalid.
Line 235: The property name MCOL in cmdExit is invalid.
Line 236: The property name MPTR in cmdExit is invalid.
Line 237: The property name MICON in cmdExit is invalid.
Line 238: The property name PICN in cmdExit is invalid.
Line 239: The property name UMCOL in cmdExit is invalid.
Line 240: The property name SOFT in cmdExit is invalid.
Line 241: The property name PICPOS in cmdExit is invalid.
Line 242: The property name NGREY in cmdExit is invalid.
Line 243: The property name FX in cmdExit is invalid.
Line 244: The property name HAND in cmdExit is invalid.
Line 245: The property name CHECK in cmdExit is invalid.
Line 246: The property name VALUE in cmdExit is invalid.
Line 254: The property name _ExtentX in cmdPrint is invalid.
Line 255: The property name _ExtentY in cmdPrint is invalid.
Line 256: The property name BTYPE in cmdPrint is invalid.
Line 257: The property name TX in cmdPrint is invalid.
Line 258: The property name ENAB in cmdPrint is invalid.
Line 268: The property name COLTYPE in cmdPrint is invalid.
Line 269: The property name FOCUSR in cmdPrint is invalid.
Line 270: The property name BCOL in cmdPrint is invalid.
Line 271: The property name BCOLO in cmdPrint is invalid.
Line 272: The property name FCOL in cmdPrint is invalid.
Line 273: The property name FCOLO in cmdPrint is invalid.
Line 274: The property name MCOL in cmdPrint is invalid.
Line 275: The property name MPTR in cmdPrint is invalid.
Line 276: The property name MICON in cmdPrint is invalid.
Line 277: The property name PICN in cmdPrint is invalid.
Line 278: The property name UMCOL in cmdPrint is invalid.
Line 279: The property name SOFT in cmdPrint is invalid.
Line 280: The property name PICPOS in cmdPrint is invalid.
Line 281: The property name NGREY in cmdPrint is invalid.
Line 282: The property name FX in cmdPrint is invalid.
Line 283: The property name HAND in cmdPrint is invalid.
Line 284: The property name CHECK in cmdPrint is invalid.
Line 285: The property name VALUE in cmdPrint is invalid.
