Line 34: Class prj_panji.vbButton of control cmdNew was not a loaded control class.
Line 73: Class prj_panji.vbButton of control cmdSave was not a loaded control class.
Line 112: Class prj_panji.vbButton of control cmdEdit was not a loaded control class.
Line 151: Class prj_panji.vbButton of control cmdDelete was not a loaded control class.
Line 190: Class prj_panji.vbButton of control cmdCancel was not a loaded control class.
Line 229: Class prj_panji.vbButton of control cmdExit was not a loaded control class.
Line 291: Class TrueOleDBGrid70.TDBGrid of control TDBGrid_Emp was not a loaded control class.
Line 517: Class TrueOleDBList60.TDBCombo of control TDBCombo_company was not a loaded control class.
Line 525: Class TrueOleDBList60.TDBCombo of control TDBCombo_division was not a loaded control class.
Line 533: Class TabDlg.SSTab of control SSTab1 was not a loaded control class.
Line 946: Class TrueOleDBList60.TDBCombo of control TDBCombo_jstk was not a loaded control class.
Line 954: Class MSComCtl2.DTPicker of control DTPicker_salary was not a loaded control class.
Line 967: Class TrueOleDBList60.TDBCombo of control TDBCombo_ptkp was not a loaded control class.
Line 975: Class TrueOleDBList60.TDBCombo of control TDBCombo_pph was not a loaded control class.
Line 1188: Class TrueOleDBGrid70.TDBGrid of control TDBGrid_Salary was not a loaded control class.
Line 40: The property name _ExtentX in cmdNew is invalid.
Line 41: The property name _ExtentY in cmdNew is invalid.
Line 42: The property name BTYPE in cmdNew is invalid.
Line 43: The property name TX in cmdNew is invalid.
Line 44: The property name ENAB in cmdNew is invalid.
Line 54: The property name COLTYPE in cmdNew is invalid.
Line 55: The property name FOCUSR in cmdNew is invalid.
Line 56: The property name BCOL in cmdNew is invalid.
Line 57: The property name BCOLO in cmdNew is invalid.
Line 58: The property name FCOL in cmdNew is invalid.
Line 59: The property name FCOLO in cmdNew is invalid.
Line 60: The property name MCOL in cmdNew is invalid.
Line 61: The property name MPTR in cmdNew is invalid.
Line 62: The property name MICON in cmdNew is invalid.
Line 63: The property name PICN in cmdNew is invalid.
Line 64: The property name UMCOL in cmdNew is invalid.
Line 65: The property name SOFT in cmdNew is invalid.
Line 66: The property name PICPOS in cmdNew is invalid.
Line 67: The property name NGREY in cmdNew is invalid.
Line 68: The property name FX in cmdNew is invalid.
Line 69: The property name HAND in cmdNew is invalid.
Line 70: The property name CHECK in cmdNew is invalid.
Line 71: The property name VALUE in cmdNew is invalid.
Line 79: The property name _ExtentX in cmdSave is invalid.
Line 80: The property name _ExtentY in cmdSave is invalid.
Line 81: The property name BTYPE in cmdSave is invalid.
Line 82: The property name TX in cmdSave is invalid.
Line 83: The property name ENAB in cmdSave is invalid.
Line 93: The property name COLTYPE in cmdSave is invalid.
Line 94: The property name FOCUSR in cmdSave is invalid.
Line 95: The property name BCOL in cmdSave is invalid.
Line 96: The property name BCOLO in cmdSave is invalid.
Line 97: The property name FCOL in cmdSave is invalid.
Line 98: The property name FCOLO in cmdSave is invalid.
Line 99: The property name MCOL in cmdSave is invalid.
Line 100: The property name MPTR in cmdSave is invalid.
Line 101: The property name MICON in cmdSave is invalid.
Line 102: The property name PICN in cmdSave is invalid.
Line 103: The property name UMCOL in cmdSave is invalid.
Line 104: The property name SOFT in cmdSave is invalid.
Line 105: The property name PICPOS in cmdSave is invalid.
Line 106: The property name NGREY in cmdSave is invalid.
Line 107: The property name FX in cmdSave is invalid.
Line 108: The property name HAND in cmdSave is invalid.
Line 109: The property name CHECK in cmdSave is invalid.
Line 110: The property name VALUE in cmdSave is invalid.
Line 118: The property name _ExtentX in cmdEdit is invalid.
Line 119: The property name _ExtentY in cmdEdit is invalid.
Line 120: The property name BTYPE in cmdEdit is invalid.
Line 121: The property name TX in cmdEdit is invalid.
Line 122: The property name ENAB in cmdEdit is invalid.
Line 132: The property name COLTYPE in cmdEdit is invalid.
Line 133: The property name FOCUSR in cmdEdit is invalid.
Line 134: The property name BCOL in cmdEdit is invalid.
Line 135: The property name BCOLO in cmdEdit is invalid.
Line 136: The property name FCOL in cmdEdit is invalid.
Line 137: The property name FCOLO in cmdEdit is invalid.
Line 138: The property name MCOL in cmdEdit is invalid.
Line 139: The property name MPTR in cmdEdit is invalid.
Line 140: The property name MICON in cmdEdit is invalid.
Line 141: The property name PICN in cmdEdit is invalid.
Line 142: The property name UMCOL in cmdEdit is invalid.
Line 143: The property name SOFT in cmdEdit is invalid.
Line 144: The property name PICPOS in cmdEdit is invalid.
Line 145: The property name NGREY in cmdEdit is invalid.
Line 146: The property name FX in cmdEdit is invalid.
Line 147: The property name HAND in cmdEdit is invalid.
Line 148: The property name CHECK in cmdEdit is invalid.
Line 149: The property name VALUE in cmdEdit is invalid.
Line 157: The property name _ExtentX in cmdDelete is invalid.
Line 158: The property name _ExtentY in cmdDelete is invalid.
Line 159: The property name BTYPE in cmdDelete is invalid.
Line 160: The property name TX in cmdDelete is invalid.
Line 161: The property name ENAB in cmdDelete is invalid.
Line 171: The property name COLTYPE in cmdDelete is invalid.
Line 172: The property name FOCUSR in cmdDelete is invalid.
Line 173: The property name BCOL in cmdDelete is invalid.
Line 174: The property name BCOLO in cmdDelete is invalid.
Line 175: The property name FCOL in cmdDelete is invalid.
Line 176: The property name FCOLO in cmdDelete is invalid.
Line 177: The property name MCOL in cmdDelete is invalid.
Line 178: The property name MPTR in cmdDelete is invalid.
Line 179: The property name MICON in cmdDelete is invalid.
Line 180: The property name PICN in cmdDelete is invalid.
Line 181: The property name UMCOL in cmdDelete is invalid.
Line 182: The property name SOFT in cmdDelete is invalid.
Line 183: The property name PICPOS in cmdDelete is invalid.
Line 184: The property name NGREY in cmdDelete is invalid.
Line 185: The property name FX in cmdDelete is invalid.
Line 186: The property name HAND in cmdDelete is invalid.
Line 187: The property name CHECK in cmdDelete is invalid.
Line 188: The property name VALUE in cmdDelete is invalid.
Line 196: The property name _ExtentX in cmdCancel is invalid.
Line 197: The property name _ExtentY in cmdCancel is invalid.
Line 198: The property name BTYPE in cmdCancel is invalid.
Line 199: The property name TX in cmdCancel is invalid.
Line 200: The property name ENAB in cmdCancel is invalid.
Line 210: The property name COLTYPE in cmdCancel is invalid.
Line 211: The property name FOCUSR in cmdCancel is invalid.
Line 212: The property name BCOL in cmdCancel is invalid.
Line 213: The property name BCOLO in cmdCancel is invalid.
Line 214: The property name FCOL in cmdCancel is invalid.
Line 215: The property name FCOLO in cmdCancel is invalid.
Line 216: The property name MCOL in cmdCancel is invalid.
Line 217: The property name MPTR in cmdCancel is invalid.
Line 218: The property name MICON in cmdCancel is invalid.
Line 219: The property name PICN in cmdCancel is invalid.
Line 220: The property name UMCOL in cmdCancel is invalid.
Line 221: The property name SOFT in cmdCancel is invalid.
Line 222: The property name PICPOS in cmdCancel is invalid.
Line 223: The property name NGREY in cmdCancel is invalid.
Line 224: The property name FX in cmdCancel is invalid.
Line 225: The property name HAND in cmdCancel is invalid.
Line 226: The property name CHECK in cmdCancel is invalid.
Line 227: The property name VALUE in cmdCancel is invalid.
Line 235: The property name _ExtentX in cmdExit is invalid.
Line 236: The property name _ExtentY in cmdExit is invalid.
Line 237: The property name BTYPE in cmdExit is invalid.
Line 238: The property name TX in cmdExit is invalid.
Line 239: The property name ENAB in cmdExit is invalid.
Line 249: The property name COLTYPE in cmdExit is invalid.
Line 250: The property name FOCUSR in cmdExit is invalid.
Line 251: The property name BCOL in cmdExit is invalid.
Line 252: The property name BCOLO in cmdExit is invalid.
Line 253: The property name FCOL in cmdExit is invalid.
Line 254: The property name FCOLO in cmdExit is invalid.
Line 255: The property name MCOL in cmdExit is invalid.
Line 256: The property name MPTR in cmdExit is invalid.
Line 257: The property name MICON in cmdExit is invalid.
Line 258: The property name PICN in cmdExit is invalid.
Line 259: The property name UMCOL in cmdExit is invalid.
Line 260: The property name SOFT in cmdExit is invalid.
Line 261: The property name PICPOS in cmdExit is invalid.
Line 262: The property name NGREY in cmdExit is invalid.
Line 263: The property name FX in cmdExit is invalid.
Line 264: The property name HAND in cmdExit is invalid.
Line 265: The property name CHECK in cmdExit is invalid.
Line 266: The property name VALUE in cmdExit is invalid.
Line 297: The property name _ExtentX in TDBGrid_Emp is invalid.
Line 298: The property name _ExtentY in TDBGrid_Emp is invalid.
Line 299: The property name _LayoutType in TDBGrid_Emp is invalid.
Line 300: The property name _RowHeight in TDBGrid_Emp is invalid.
Line 301: The property name _WasPersistedAsPixels in TDBGrid_Emp is invalid.
Line 302: The property name Columns(0)._VlistStyle in TDBGrid_Emp is invalid.
Line 303: The property name Columns(0)._MaxComboItems in TDBGrid_Emp is invalid.
Line 304: The property name Columns(0).Caption in TDBGrid_Emp is invalid.
Line 305: The property name Columns(0).DataField in TDBGrid_Emp is invalid.
Line 306: The property name Columns(0)._PropDict in TDBGrid_Emp is invalid.
Line 307: The property name Columns(1)._VlistStyle in TDBGrid_Emp is invalid.
Line 308: The property name Columns(1)._MaxComboItems in TDBGrid_Emp is invalid.
Line 309: The property name Columns(1).Caption in TDBGrid_Emp is invalid.
Line 310: The property name Columns(1).DataField in TDBGrid_Emp is invalid.
Line 311: The property name Columns(1)._PropDict in TDBGrid_Emp is invalid.
Line 312: The property name Columns(2)._VlistStyle in TDBGrid_Emp is invalid.
Line 313: The property name Columns(2)._MaxComboItems in TDBGrid_Emp is invalid.
Line 314: The property name Columns(2).Caption in TDBGrid_Emp is invalid.
Line 315: The property name Columns(2).DataField in TDBGrid_Emp is invalid.
Line 316: The property name Columns(2)._PropDict in TDBGrid_Emp is invalid.
Line 317: The property name Columns(3)._VlistStyle in TDBGrid_Emp is invalid.
Line 318: The property name Columns(3)._MaxComboItems in TDBGrid_Emp is invalid.
Line 319: The property name Columns(3).Caption in TDBGrid_Emp is invalid.
Line 320: The property name Columns(3).DataField in TDBGrid_Emp is invalid.
Line 321: The property name Columns(3)._PropDict in TDBGrid_Emp is invalid.
Line 322: The property name Columns(4)._VlistStyle in TDBGrid_Emp is invalid.
Line 323: The property name Columns(4)._MaxComboItems in TDBGrid_Emp is invalid.
Line 324: The property name Columns(4).Caption in TDBGrid_Emp is invalid.
Line 325: The property name Columns(4).DataField in TDBGrid_Emp is invalid.
Line 326: The property name Columns(4)._PropDict in TDBGrid_Emp is invalid.
Line 327: The property name Columns(5)._VlistStyle in TDBGrid_Emp is invalid.
Line 328: The property name Columns(5)._MaxComboItems in TDBGrid_Emp is invalid.
Line 329: The property name Columns(5).Caption in TDBGrid_Emp is invalid.
Line 330: The property name Columns(5).DataField in TDBGrid_Emp is invalid.
Line 331: The property name Columns(5)._PropDict in TDBGrid_Emp is invalid.
Line 332: The property name Columns(6)._VlistStyle in TDBGrid_Emp is invalid.
Line 333: The property name Columns(6)._MaxComboItems in TDBGrid_Emp is invalid.
Line 334: The property name Columns(6).Caption in TDBGrid_Emp is invalid.
Line 335: The property name Columns(6).DataField in TDBGrid_Emp is invalid.
Line 336: The property name Columns(6)._PropDict in TDBGrid_Emp is invalid.
Line 337: The property name Columns(7)._VlistStyle in TDBGrid_Emp is invalid.
Line 338: The property name Columns(7)._MaxComboItems in TDBGrid_Emp is invalid.
Line 339: The property name Columns(7).Caption in TDBGrid_Emp is invalid.
Line 340: The property name Columns(7).DataField in TDBGrid_Emp is invalid.
Line 341: The property name Columns(7)._PropDict in TDBGrid_Emp is invalid.
Line 342: The property name Columns.Count in TDBGrid_Emp is invalid.
Line 343: The property name Splits(0)._UserFlags in TDBGrid_Emp is invalid.
Line 344: The property name Splits(0).Size in TDBGrid_Emp is invalid.
Line 345: The property name Splits(0).Size.vt in TDBGrid_Emp is invalid.
Line 346: The property name Splits(0).RecordSelectorWidth in TDBGrid_Emp is invalid.
Line 347: The property name Splits(0)._SavedRecordSelectors in TDBGrid_Emp is invalid.
Line 348: The property name Splits(0).DividerColor in TDBGrid_Emp is invalid.
Line 349: The property name Splits(0).FilterBar in TDBGrid_Emp is invalid.
Line 350: The property name Splits(0).SpringMode in TDBGrid_Emp is invalid.
Line 351: The property name Splits(0)._PropDict in TDBGrid_Emp is invalid.
Line 352: The property name Splits(0)._ColumnProps(0) in TDBGrid_Emp is invalid.
Line 353: The property name Splits(0)._ColumnProps(1) in TDBGrid_Emp is invalid.
Line 354: The property name Splits(0)._ColumnProps(2) in TDBGrid_Emp is invalid.
Line 355: The property name Splits(0)._ColumnProps(3) in TDBGrid_Emp is invalid.
Line 356: The property name Splits(0)._ColumnProps(4) in TDBGrid_Emp is invalid.
Line 357: The property name Splits(0)._ColumnProps(5) in TDBGrid_Emp is invalid.
Line 358: The property name Splits(0)._ColumnProps(6) in TDBGrid_Emp is invalid.
Line 359: The property name Splits(0)._ColumnProps(7) in TDBGrid_Emp is invalid.
Line 360: The property name Splits(0)._ColumnProps(8) in TDBGrid_Emp is invalid.
Line 361: The property name Splits(0)._ColumnProps(9) in TDBGrid_Emp is invalid.
Line 362: The property name Splits(0)._ColumnProps(10) in TDBGrid_Emp is invalid.
Line 363: The property name Splits(0)._ColumnProps(11) in TDBGrid_Emp is invalid.
Line 364: The property name Splits(0)._ColumnProps(12) in TDBGrid_Emp is invalid.
Line 365: The property name Splits(0)._ColumnProps(13) in TDBGrid_Emp is invalid.
Line 366: The property name Splits(0)._ColumnProps(14) in TDBGrid_Emp is invalid.
Line 367: The property name Splits(0)._ColumnProps(15) in TDBGrid_Emp is invalid.
Line 368: The property name Splits(0)._ColumnProps(16) in TDBGrid_Emp is invalid.
Line 369: The property name Splits(0)._ColumnProps(17) in TDBGrid_Emp is invalid.
Line 370: The property name Splits(0)._ColumnProps(18) in TDBGrid_Emp is invalid.
Line 371: The property name Splits(0)._ColumnProps(19) in TDBGrid_Emp is invalid.
Line 372: The property name Splits(0)._ColumnProps(20) in TDBGrid_Emp is invalid.
Line 373: The property name Splits(0)._ColumnProps(21) in TDBGrid_Emp is invalid.
Line 374: The property name Splits(0)._ColumnProps(22) in TDBGrid_Emp is invalid.
Line 375: The property name Splits(0)._ColumnProps(23) in TDBGrid_Emp is invalid.
Line 376: The property name Splits(0)._ColumnProps(24) in TDBGrid_Emp is invalid.
Line 377: The property name Splits(0)._ColumnProps(25) in TDBGrid_Emp is invalid.
Line 378: The property name Splits(0)._ColumnProps(26) in TDBGrid_Emp is invalid.
Line 379: The property name Splits(0)._ColumnProps(27) in TDBGrid_Emp is invalid.
Line 380: The property name Splits(0)._ColumnProps(28) in TDBGrid_Emp is invalid.
Line 381: The property name Splits(0)._ColumnProps(29) in TDBGrid_Emp is invalid.
Line 382: The property name Splits(0)._ColumnProps(30) in TDBGrid_Emp is invalid.
Line 383: The property name Splits(0)._ColumnProps(31) in TDBGrid_Emp is invalid.
Line 384: The property name Splits(0)._ColumnProps(32) in TDBGrid_Emp is invalid.
Line 385: The property name Splits(0)._ColumnProps(33) in TDBGrid_Emp is invalid.
Line 386: The property name Splits(0)._ColumnProps(34) in TDBGrid_Emp is invalid.
Line 387: The property name Splits(0)._ColumnProps(35) in TDBGrid_Emp is invalid.
Line 388: The property name Splits(0)._ColumnProps(36) in TDBGrid_Emp is invalid.
Line 389: The property name Splits(0)._ColumnProps(37) in TDBGrid_Emp is invalid.
Line 390: The property name Splits(0)._ColumnProps(38) in TDBGrid_Emp is invalid.
Line 391: The property name Splits(0)._ColumnProps(39) in TDBGrid_Emp is invalid.
Line 392: The property name Splits(0)._ColumnProps(40) in TDBGrid_Emp is invalid.
Line 393: The property name Splits(0)._ColumnProps(41) in TDBGrid_Emp is invalid.
Line 394: The property name Splits(0)._ColumnProps(42) in TDBGrid_Emp is invalid.
Line 395: The property name Splits(0)._ColumnProps(43) in TDBGrid_Emp is invalid.
Line 396: The property name Splits(0)._ColumnProps(44) in TDBGrid_Emp is invalid.
Line 397: The property name Splits(0)._ColumnProps(45) in TDBGrid_Emp is invalid.
Line 398: The property name Splits(0)._ColumnProps(46) in TDBGrid_Emp is invalid.
Line 399: The property name Splits(0)._ColumnProps(47) in TDBGrid_Emp is invalid.
Line 400: The property name Splits(0)._ColumnProps(48) in TDBGrid_Emp is invalid.
Line 401: The property name Splits(0)._ColumnProps(49) in TDBGrid_Emp is invalid.
Line 402: The property name Splits(0)._ColumnProps(50) in TDBGrid_Emp is invalid.
Line 403: The property name Splits(0)._ColumnProps(51) in TDBGrid_Emp is invalid.
Line 404: The property name Splits.Count in TDBGrid_Emp is invalid.
Line 405: The property name PrintInfos(0)._StateFlags in TDBGrid_Emp is invalid.
Line 406: The property name PrintInfos(0).Name in TDBGrid_Emp is invalid.
Line 407: The property name PrintInfos(0).PageHeaderFont in TDBGrid_Emp is invalid.
Line 408: The property name PrintInfos(0).PageFooterFont in TDBGrid_Emp is invalid.
Line 409: The property name PrintInfos(0).PageHeaderHeight in TDBGrid_Emp is invalid.
Line 410: The property name PrintInfos(0).PageFooterHeight in TDBGrid_Emp is invalid.
Line 411: The property name PrintInfos.Count in TDBGrid_Emp is invalid.
Line 412: The property name AllowUpdate in TDBGrid_Emp is invalid.
Line 414: The property name DefColWidth in TDBGrid_Emp is invalid.
Line 415: The property name HeadLines in TDBGrid_Emp is invalid.
Line 416: The property name FootLines in TDBGrid_Emp is invalid.
Line 417: The property name Caption in TDBGrid_Emp is invalid.
Line 418: The property name MultipleLines in TDBGrid_Emp is invalid.
Line 419: The property name CellTipsWidth in TDBGrid_Emp is invalid.
Line 420: The property name MultiSelect in TDBGrid_Emp is invalid.
Line 421: The property name DeadAreaBackColor in TDBGrid_Emp is invalid.
Line 422: The property name RowDividerColor in TDBGrid_Emp is invalid.
Line 423: The property name RowSubDividerColor in TDBGrid_Emp is invalid.
Line 424: The property name DirectionAfterEnter in TDBGrid_Emp is invalid.
Line 425: The property name MaxRows in TDBGrid_Emp is invalid.
Line 426: The property name ViewColumnCaptionWidth in TDBGrid_Emp is invalid.
Line 427: The property name ViewColumnWidth in TDBGrid_Emp is invalid.
Line 428: The property name _PropDict in TDBGrid_Emp is invalid.
Line 429: The property name _StyleDefs(0) in TDBGrid_Emp is invalid.
Line 430: The property name _StyleDefs(1) in TDBGrid_Emp is invalid.
Line 431: The property name _StyleDefs(2) in TDBGrid_Emp is invalid.
Line 432: The property name _StyleDefs(3) in TDBGrid_Emp is invalid.
Line 433: The property name _StyleDefs(4) in TDBGrid_Emp is invalid.
Line 434: The property name _StyleDefs(5) in TDBGrid_Emp is invalid.
Line 435: The property name _StyleDefs(6) in TDBGrid_Emp is invalid.
Line 436: The property name _StyleDefs(7) in TDBGrid_Emp is invalid.
Line 437: The property name _StyleDefs(8) in TDBGrid_Emp is invalid.
Line 438: The property name _StyleDefs(9) in TDBGrid_Emp is invalid.
Line 439: The property name _StyleDefs(10) in TDBGrid_Emp is invalid.
Line 440: The property name _StyleDefs(11) in TDBGrid_Emp is invalid.
Line 441: The property name _StyleDefs(12) in TDBGrid_Emp is invalid.
Line 442: The property name _StyleDefs(13) in TDBGrid_Emp is invalid.
Line 443: The property name _StyleDefs(14) in TDBGrid_Emp is invalid.
Line 444: The property name _StyleDefs(15) in TDBGrid_Emp is invalid.
Line 445: The property name _StyleDefs(16) in TDBGrid_Emp is invalid.
Line 446: The property name _StyleDefs(17) in TDBGrid_Emp is invalid.
Line 447: The property name _StyleDefs(18) in TDBGrid_Emp is invalid.
Line 448: The property name _StyleDefs(19) in TDBGrid_Emp is invalid.
Line 449: The property name _StyleDefs(20) in TDBGrid_Emp is invalid.
Line 450: The property name _StyleDefs(21) in TDBGrid_Emp is invalid.
Line 451: The property name _StyleDefs(22) in TDBGrid_Emp is invalid.
Line 452: The property name _StyleDefs(23) in TDBGrid_Emp is invalid.
Line 453: The property name _StyleDefs(24) in TDBGrid_Emp is invalid.
Line 454: The property name _StyleDefs(25) in TDBGrid_Emp is invalid.
Line 455: The property name _StyleDefs(26) in TDBGrid_Emp is invalid.
Line 456: The property name _StyleDefs(27) in TDBGrid_Emp is invalid.
Line 457: The property name _StyleDefs(28) in TDBGrid_Emp is invalid.
Line 458: The property name _StyleDefs(29) in TDBGrid_Emp is invalid.
Line 459: The property name _StyleDefs(30) in TDBGrid_Emp is invalid.
Line 460: The property name _StyleDefs(31) in TDBGrid_Emp is invalid.
Line 461: The property name _StyleDefs(32) in TDBGrid_Emp is invalid.
Line 462: The property name _StyleDefs(33) in TDBGrid_Emp is invalid.
Line 463: The property name _StyleDefs(34) in TDBGrid_Emp is invalid.
Line 464: The property name _StyleDefs(35) in TDBGrid_Emp is invalid.
Line 465: The property name _StyleDefs(36) in TDBGrid_Emp is invalid.
Line 466: The property name _StyleDefs(37) in TDBGrid_Emp is invalid.
Line 467: The property name _StyleDefs(38) in TDBGrid_Emp is invalid.
Line 468: The property name _StyleDefs(39) in TDBGrid_Emp is invalid.
Line 469: The property name _StyleDefs(40) in TDBGrid_Emp is invalid.
Line 470: The property name _StyleDefs(41) in TDBGrid_Emp is invalid.
Line 471: The property name _StyleDefs(42) in TDBGrid_Emp is invalid.
Line 472: The property name _StyleDefs(43) in TDBGrid_Emp is invalid.
Line 473: The property name _StyleDefs(44) in TDBGrid_Emp is invalid.
Line 474: The property name _StyleDefs(45) in TDBGrid_Emp is invalid.
Line 475: The property name _StyleDefs(46) in TDBGrid_Emp is invalid.
Line 476: The property name _StyleDefs(47) in TDBGrid_Emp is invalid.
Line 477: The property name _StyleDefs(48) in TDBGrid_Emp is invalid.
Line 478: The property name _StyleDefs(49) in TDBGrid_Emp is invalid.
Line 479: The property name _StyleDefs(50) in TDBGrid_Emp is invalid.
Line 480: The property name _StyleDefs(51) in TDBGrid_Emp is invalid.
Line 481: The property name _StyleDefs(52) in TDBGrid_Emp is invalid.
Line 482: The property name _StyleDefs(53) in TDBGrid_Emp is invalid.
Line 483: The property name _StyleDefs(54) in TDBGrid_Emp is invalid.
Line 484: The property name _StyleDefs(55) in TDBGrid_Emp is invalid.
Line 485: The property name _StyleDefs(56) in TDBGrid_Emp is invalid.
Line 486: The property name _StyleDefs(57) in TDBGrid_Emp is invalid.
Line 487: The property name _StyleDefs(58) in TDBGrid_Emp is invalid.
Line 488: The property name _StyleDefs(59) in TDBGrid_Emp is invalid.
Line 489: The property name _StyleDefs(60) in TDBGrid_Emp is invalid.
Line 490: The property name _StyleDefs(61) in TDBGrid_Emp is invalid.
Line 491: The property name _StyleDefs(62) in TDBGrid_Emp is invalid.
Line 492: The property name _StyleDefs(63) in TDBGrid_Emp is invalid.
Line 493: The property name _StyleDefs(64) in TDBGrid_Emp is invalid.
Line 494: The property name _StyleDefs(65) in TDBGrid_Emp is invalid.
Line 495: The property name _StyleDefs(66) in TDBGrid_Emp is invalid.
Line 496: The property name _StyleDefs(67) in TDBGrid_Emp is invalid.
Line 497: The property name _StyleDefs(68) in TDBGrid_Emp is invalid.
Line 498: The property name _StyleDefs(69) in TDBGrid_Emp is invalid.
Line 499: The property name _StyleDefs(70) in TDBGrid_Emp is invalid.
Line 500: The property name _StyleDefs(71) in TDBGrid_Emp is invalid.
Line 501: The property name _StyleDefs(72) in TDBGrid_Emp is invalid.
Line 502: The property name _StyleDefs(73) in TDBGrid_Emp is invalid.
Line 503: The property name _StyleDefs(74) in TDBGrid_Emp is invalid.
Line 504: The property name _StyleDefs(75) in TDBGrid_Emp is invalid.
Line 505: The property name _StyleDefs(76) in TDBGrid_Emp is invalid.
Line 506: The property name _StyleDefs(77) in TDBGrid_Emp is invalid.
Line 507: The property name _StyleDefs(78) in TDBGrid_Emp is invalid.
Line 508: The property name _StyleDefs(79) in TDBGrid_Emp is invalid.
Line 509: The property name _StyleDefs(80) in TDBGrid_Emp is invalid.
Line 510: The property name _StyleDefs(81) in TDBGrid_Emp is invalid.
Line 511: The property name _StyleDefs(82) in TDBGrid_Emp is invalid.
Line 512: The property name _StyleDefs(83) in TDBGrid_Emp is invalid.
Line 513: The property name _StyleDefs(84) in TDBGrid_Emp is invalid.
Line 514: The property name _StyleDefs(85) in TDBGrid_Emp is invalid.
Line 515: The property name _StyleDefs(86) in TDBGrid_Emp is invalid.
Line 291: Property Appearance in TDBGrid_Emp could not be set.
Line 520: The property name OleObjectBlob in TDBCombo_company is invalid.
Line 528: The property name OleObjectBlob in TDBCombo_division is invalid.
Line 539: The property name _ExtentX in SSTab1 is invalid.
Line 540: The property name _ExtentY in SSTab1 is invalid.
Line 541: The property name _Version in SSTab1 is invalid.
Line 542: The property name Style in SSTab1 is invalid.
Line 543: The property name Tab in SSTab1 is invalid.
Line 544: The property name TabHeight in SSTab1 is invalid.
Line 545: The property name TabCaption(0) in SSTab1 is invalid.
Line 546: The property name TabPicture(0) in SSTab1 is invalid.
Line 547: The property name Tab(0).ControlEnabled in SSTab1 is invalid.
Line 548: The property name Tab(0).Control(0) in SSTab1 is invalid.
Line 549: The property name Tab(0).Control(1) in SSTab1 is invalid.
Line 550: The property name Tab(0).Control(2) in SSTab1 is invalid.
Line 551: The property name Tab(0).Control(3) in SSTab1 is invalid.
Line 552: The property name Tab(0).Control(4) in SSTab1 is invalid.
Line 553: The property name Tab(0).Control(5) in SSTab1 is invalid.
Line 554: The property name Tab(0).Control(6) in SSTab1 is invalid.
Line 555: The property name Tab(0).Control(7) in SSTab1 is invalid.
Line 556: The property name Tab(0).Control(8) in SSTab1 is invalid.
Line 557: The property name Tab(0).Control(9) in SSTab1 is invalid.
Line 558: The property name Tab(0).Control(10) in SSTab1 is invalid.
Line 559: The property name Tab(0).Control(11) in SSTab1 is invalid.
Line 560: The property name Tab(0).Control(12) in SSTab1 is invalid.
Line 561: The property name Tab(0).Control(13) in SSTab1 is invalid.
Line 562: The property name Tab(0).Control(14) in SSTab1 is invalid.
Line 563: The property name Tab(0).Control(15) in SSTab1 is invalid.
Line 564: The property name Tab(0).Control(16) in SSTab1 is invalid.
Line 565: The property name Tab(0).Control(17) in SSTab1 is invalid.
Line 566: The property name Tab(0).Control(18) in SSTab1 is invalid.
Line 567: The property name Tab(0).ControlCount in SSTab1 is invalid.
Line 568: The property name TabCaption(1) in SSTab1 is invalid.
Line 569: The property name TabPicture(1) in SSTab1 is invalid.
Line 570: The property name Tab(1).ControlEnabled in SSTab1 is invalid.
Line 571: The property name Tab(1).Control(0) in SSTab1 is invalid.
Line 572: The property name Tab(1).Control(1) in SSTab1 is invalid.
Line 573: The property name Tab(1).Control(2) in SSTab1 is invalid.
Line 574: The property name Tab(1).Control(3) in SSTab1 is invalid.
Line 575: The property name Tab(1).Control(4) in SSTab1 is invalid.
Line 576: The property name Tab(1).Control(5) in SSTab1 is invalid.
Line 577: The property name Tab(1).Control(6) in SSTab1 is invalid.
Line 578: The property name Tab(1).Control(7) in SSTab1 is invalid.
Line 579: The property name Tab(1).Control(8) in SSTab1 is invalid.
Line 580: The property name Tab(1).Control(9) in SSTab1 is invalid.
Line 581: The property name Tab(1).Control(10) in SSTab1 is invalid.
Line 582: The property name Tab(1).Control(11) in SSTab1 is invalid.
Line 583: The property name Tab(1).Control(12) in SSTab1 is invalid.
Line 584: The property name Tab(1).Control(13) in SSTab1 is invalid.
Line 585: The property name Tab(1).Control(14) in SSTab1 is invalid.
Line 586: The property name Tab(1).Control(15) in SSTab1 is invalid.
Line 587: The property name Tab(1).Control(16) in SSTab1 is invalid.
Line 588: The property name Tab(1).Control(17) in SSTab1 is invalid.
Line 589: The property name Tab(1).ControlCount in SSTab1 is invalid.
Line 590: The property name TabCaption(2) in SSTab1 is invalid.
Line 591: The property name TabPicture(2) in SSTab1 is invalid.
Line 592: The property name Tab(2).ControlEnabled in SSTab1 is invalid.
Line 593: The property name Tab(2).Control(0) in SSTab1 is invalid.
Line 594: The property name Tab(2).Control(0).Enabled in SSTab1 is invalid.
Line 595: The property name Tab(2).Control(1) in SSTab1 is invalid.
Line 596: The property name Tab(2).Control(1).Enabled in SSTab1 is invalid.
Line 597: The property name Tab(2).Control(2) in SSTab1 is invalid.
Line 598: The property name Tab(2).Control(2).Enabled in SSTab1 is invalid.
Line 599: The property name Tab(2).Control(3) in SSTab1 is invalid.
Line 600: The property name Tab(2).Control(3).Enabled in SSTab1 is invalid.
Line 601: The property name Tab(2).Control(4) in SSTab1 is invalid.
Line 602: The property name Tab(2).Control(4).Enabled in SSTab1 is invalid.
Line 603: The property name Tab(2).ControlCount in SSTab1 is invalid.
Line 949: The property name OleObjectBlob in TDBCombo_jstk is invalid.
Line 960: The property name _ExtentX in DTPicker_salary is invalid.
Line 961: The property name _ExtentY in DTPicker_salary is invalid.
Line 962: The property name _Version in DTPicker_salary is invalid.
Line 963: The property name CustomFormat in DTPicker_salary is invalid.
Line 964: The property name Format in DTPicker_salary is invalid.
Line 965: The property name CurrentDate in DTPicker_salary is invalid.
Line 970: The property name OleObjectBlob in TDBCombo_ptkp is invalid.
Line 978: The property name OleObjectBlob in TDBCombo_pph is invalid.
Line 1194: The property name _ExtentX in TDBGrid_Salary is invalid.
Line 1195: The property name _ExtentY in TDBGrid_Salary is invalid.
Line 1196: The property name _LayoutType in TDBGrid_Salary is invalid.
Line 1197: The property name _RowHeight in TDBGrid_Salary is invalid.
Line 1198: The property name _WasPersistedAsPixels in TDBGrid_Salary is invalid.
Line 1199: The property name Columns(0)._VlistStyle in TDBGrid_Salary is invalid.
Line 1200: The property name Columns(0)._MaxComboItems in TDBGrid_Salary is invalid.
Line 1201: The property name Columns(0).Caption in TDBGrid_Salary is invalid.
Line 1202: The property name Columns(0).DataField in TDBGrid_Salary is invalid.
Line 1203: The property name Columns(0).NumberFormat in TDBGrid_Salary is invalid.
Line 1204: The property name Columns(0)._PropDict in TDBGrid_Salary is invalid.
Line 1205: The property name Columns(1)._VlistStyle in TDBGrid_Salary is invalid.
Line 1206: The property name Columns(1)._MaxComboItems in TDBGrid_Salary is invalid.
Line 1207: The property name Columns(1).Caption in TDBGrid_Salary is invalid.
Line 1208: The property name Columns(1).DataField in TDBGrid_Salary is invalid.
Line 1209: The property name Columns(1)._PropDict in TDBGrid_Salary is invalid.
Line 1210: The property name Columns(2)._VlistStyle in TDBGrid_Salary is invalid.
Line 1211: The property name Columns(2)._MaxComboItems in TDBGrid_Salary is invalid.
Line 1212: The property name Columns(2).Caption in TDBGrid_Salary is invalid.
Line 1213: The property name Columns(2).DataField in TDBGrid_Salary is invalid.
Line 1214: The property name Columns(2)._PropDict in TDBGrid_Salary is invalid.
Line 1215: The property name Columns(3)._VlistStyle in TDBGrid_Salary is invalid.
Line 1216: The property name Columns(3)._MaxComboItems in TDBGrid_Salary is invalid.
Line 1217: The property name Columns(3).Caption in TDBGrid_Salary is invalid.
Line 1218: The property name Columns(3).DataField in TDBGrid_Salary is invalid.
Line 1219: The property name Columns(3).NumberFormat in TDBGrid_Salary is invalid.
Line 1220: The property name Columns(3)._PropDict in TDBGrid_Salary is invalid.
Line 1221: The property name Columns(4)._VlistStyle in TDBGrid_Salary is invalid.
Line 1222: The property name Columns(4)._MaxComboItems in TDBGrid_Salary is invalid.
Line 1223: The property name Columns(4).Caption in TDBGrid_Salary is invalid.
Line 1224: The property name Columns(4).DataField in TDBGrid_Salary is invalid.
Line 1225: The property name Columns(4).NumberFormat in TDBGrid_Salary is invalid.
Line 1226: The property name Columns(4)._PropDict in TDBGrid_Salary is invalid.
Line 1227: The property name Columns(5)._VlistStyle in TDBGrid_Salary is invalid.
Line 1228: The property name Columns(5)._MaxComboItems in TDBGrid_Salary is invalid.
Line 1229: The property name Columns(5).Caption in TDBGrid_Salary is invalid.
Line 1230: The property name Columns(5).DataField in TDBGrid_Salary is invalid.
Line 1231: The property name Columns(5).NumberFormat in TDBGrid_Salary is invalid.
Line 1232: The property name Columns(5)._PropDict in TDBGrid_Salary is invalid.
Line 1233: The property name Columns(6)._VlistStyle in TDBGrid_Salary is invalid.
Line 1234: The property name Columns(6)._MaxComboItems in TDBGrid_Salary is invalid.
Line 1235: The property name Columns(6).Caption in TDBGrid_Salary is invalid.
Line 1236: The property name Columns(6).DataField in TDBGrid_Salary is invalid.
Line 1237: The property name Columns(6).NumberFormat in TDBGrid_Salary is invalid.
Line 1238: The property name Columns(6)._PropDict in TDBGrid_Salary is invalid.
Line 1239: The property name Columns(7)._VlistStyle in TDBGrid_Salary is invalid.
Line 1240: The property name Columns(7)._MaxComboItems in TDBGrid_Salary is invalid.
Line 1241: The property name Columns(7).Caption in TDBGrid_Salary is invalid.
Line 1242: The property name Columns(7).DataField in TDBGrid_Salary is invalid.
Line 1243: The property name Columns(7).NumberFormat in TDBGrid_Salary is invalid.
Line 1244: The property name Columns(7)._PropDict in TDBGrid_Salary is invalid.
Line 1245: The property name Columns(8)._VlistStyle in TDBGrid_Salary is invalid.
Line 1246: The property name Columns(8)._MaxComboItems in TDBGrid_Salary is invalid.
Line 1247: The property name Columns(8).Caption in TDBGrid_Salary is invalid.
Line 1248: The property name Columns(8).DataField in TDBGrid_Salary is invalid.
Line 1249: The property name Columns(8).NumberFormat in TDBGrid_Salary is invalid.
Line 1250: The property name Columns(8)._PropDict in TDBGrid_Salary is invalid.
Line 1251: The property name Columns(9)._VlistStyle in TDBGrid_Salary is invalid.
Line 1252: The property name Columns(9)._MaxComboItems in TDBGrid_Salary is invalid.
Line 1253: The property name Columns(9).Caption in TDBGrid_Salary is invalid.
Line 1254: The property name Columns(9).DataField in TDBGrid_Salary is invalid.
Line 1255: The property name Columns(9).NumberFormat in TDBGrid_Salary is invalid.
Line 1256: The property name Columns(9)._PropDict in TDBGrid_Salary is invalid.
Line 1257: The property name Columns(10)._VlistStyle in TDBGrid_Salary is invalid.
Line 1258: The property name Columns(10)._MaxComboItems in TDBGrid_Salary is invalid.
Line 1259: The property name Columns(10).Caption in TDBGrid_Salary is invalid.
Line 1260: The property name Columns(10).DataField in TDBGrid_Salary is invalid.
Line 1261: The property name Columns(10).NumberFormat in TDBGrid_Salary is invalid.
Line 1262: The property name Columns(10)._PropDict in TDBGrid_Salary is invalid.
Line 1263: The property name Columns(11)._VlistStyle in TDBGrid_Salary is invalid.
Line 1264: The property name Columns(11)._MaxComboItems in TDBGrid_Salary is invalid.
Line 1265: The property name Columns(11).Caption in TDBGrid_Salary is invalid.
Line 1266: The property name Columns(11).DataField in TDBGrid_Salary is invalid.
Line 1267: The property name Columns(11).NumberFormat in TDBGrid_Salary is invalid.
Line 1268: The property name Columns(11)._PropDict in TDBGrid_Salary is invalid.
Line 1269: The property name Columns(12)._VlistStyle in TDBGrid_Salary is invalid.
Line 1270: The property name Columns(12)._MaxComboItems in TDBGrid_Salary is invalid.
Line 1271: The property name Columns(12).Caption in TDBGrid_Salary is invalid.
Line 1272: The property name Columns(12).DataField in TDBGrid_Salary is invalid.
Line 1273: The property name Columns(12).NumberFormat in TDBGrid_Salary is invalid.
Line 1274: The property name Columns(12)._PropDict in TDBGrid_Salary is invalid.
Line 1275: The property name Columns(13)._VlistStyle in TDBGrid_Salary is invalid.
Line 1276: The property name Columns(13)._MaxComboItems in TDBGrid_Salary is invalid.
Line 1277: The property name Columns(13).Caption in TDBGrid_Salary is invalid.
Line 1278: The property name Columns(13).DataField in TDBGrid_Salary is invalid.
Line 1279: The property name Columns(13).NumberFormat in TDBGrid_Salary is invalid.
Line 1280: The property name Columns(13)._PropDict in TDBGrid_Salary is invalid.
Line 1281: The property name Columns.Count in TDBGrid_Salary is invalid.
Line 1282: The property name Splits(0)._UserFlags in TDBGrid_Salary is invalid.
Line 1283: The property name Splits(0).Size in TDBGrid_Salary is invalid.
Line 1284: The property name Splits(0).Size.vt in TDBGrid_Salary is invalid.
Line 1285: The property name Splits(0).RecordSelectorWidth in TDBGrid_Salary is invalid.
Line 1286: The property name Splits(0)._SavedRecordSelectors in TDBGrid_Salary is invalid.
Line 1287: The property name Splits(0).DividerColor in TDBGrid_Salary is invalid.
Line 1288: The property name Splits(0).FilterBar in TDBGrid_Salary is invalid.
Line 1289: The property name Splits(0).SpringMode in TDBGrid_Salary is invalid.
Line 1290: The property name Splits(0)._PropDict in TDBGrid_Salary is invalid.
Line 1291: The property name Splits(0)._ColumnProps(0) in TDBGrid_Salary is invalid.
Line 1292: The property name Splits(0)._ColumnProps(1) in TDBGrid_Salary is invalid.
Line 1293: The property name Splits(0)._ColumnProps(2) in TDBGrid_Salary is invalid.
Line 1294: The property name Splits(0)._ColumnProps(3) in TDBGrid_Salary is invalid.
Line 1295: The property name Splits(0)._ColumnProps(4) in TDBGrid_Salary is invalid.
Line 1296: The property name Splits(0)._ColumnProps(5) in TDBGrid_Salary is invalid.
Line 1297: The property name Splits(0)._ColumnProps(6) in TDBGrid_Salary is invalid.
Line 1298: The property name Splits(0)._ColumnProps(7) in TDBGrid_Salary is invalid.
Line 1299: The property name Splits(0)._ColumnProps(8) in TDBGrid_Salary is invalid.
Line 1300: The property name Splits(0)._ColumnProps(9) in TDBGrid_Salary is invalid.
Line 1301: The property name Splits(0)._ColumnProps(10) in TDBGrid_Salary is invalid.
Line 1302: The property name Splits(0)._ColumnProps(11) in TDBGrid_Salary is invalid.
Line 1303: The property name Splits(0)._ColumnProps(12) in TDBGrid_Salary is invalid.
Line 1304: The property name Splits(0)._ColumnProps(13) in TDBGrid_Salary is invalid.
Line 1305: The property name Splits(0)._ColumnProps(14) in TDBGrid_Salary is invalid.
Line 1306: The property name Splits(0)._ColumnProps(15) in TDBGrid_Salary is invalid.
Line 1307: The property name Splits(0)._ColumnProps(16) in TDBGrid_Salary is invalid.
Line 1308: The property name Splits(0)._ColumnProps(17) in TDBGrid_Salary is invalid.
Line 1309: The property name Splits(0)._ColumnProps(18) in TDBGrid_Salary is invalid.
Line 1310: The property name Splits(0)._ColumnProps(19) in TDBGrid_Salary is invalid.
Line 1311: The property name Splits(0)._ColumnProps(20) in TDBGrid_Salary is invalid.
Line 1312: The property name Splits(0)._ColumnProps(21) in TDBGrid_Salary is invalid.
Line 1313: The property name Splits(0)._ColumnProps(22) in TDBGrid_Salary is invalid.
Line 1314: The property name Splits(0)._ColumnProps(23) in TDBGrid_Salary is invalid.
Line 1315: The property name Splits(0)._ColumnProps(24) in TDBGrid_Salary is invalid.
Line 1316: The property name Splits(0)._ColumnProps(25) in TDBGrid_Salary is invalid.
Line 1317: The property name Splits(0)._ColumnProps(26) in TDBGrid_Salary is invalid.
Line 1318: The property name Splits(0)._ColumnProps(27) in TDBGrid_Salary is invalid.
Line 1319: The property name Splits(0)._ColumnProps(28) in TDBGrid_Salary is invalid.
Line 1320: The property name Splits(0)._ColumnProps(29) in TDBGrid_Salary is invalid.
Line 1321: The property name Splits(0)._ColumnProps(30) in TDBGrid_Salary is invalid.
Line 1322: The property name Splits(0)._ColumnProps(31) in TDBGrid_Salary is invalid.
Line 1323: The property name Splits(0)._ColumnProps(32) in TDBGrid_Salary is invalid.
Line 1324: The property name Splits(0)._ColumnProps(33) in TDBGrid_Salary is invalid.
Line 1325: The property name Splits(0)._ColumnProps(34) in TDBGrid_Salary is invalid.
Line 1326: The property name Splits(0)._ColumnProps(35) in TDBGrid_Salary is invalid.
Line 1327: The property name Splits(0)._ColumnProps(36) in TDBGrid_Salary is invalid.
Line 1328: The property name Splits(0)._ColumnProps(37) in TDBGrid_Salary is invalid.
Line 1329: The property name Splits(0)._ColumnProps(38) in TDBGrid_Salary is invalid.
Line 1330: The property name Splits(0)._ColumnProps(39) in TDBGrid_Salary is invalid.
Line 1331: The property name Splits(0)._ColumnProps(40) in TDBGrid_Salary is invalid.
Line 1332: The property name Splits(0)._ColumnProps(41) in TDBGrid_Salary is invalid.
Line 1333: The property name Splits(0)._ColumnProps(42) in TDBGrid_Salary is invalid.
Line 1334: The property name Splits(0)._ColumnProps(43) in TDBGrid_Salary is invalid.
Line 1335: The property name Splits(0)._ColumnProps(44) in TDBGrid_Salary is invalid.
Line 1336: The property name Splits(0)._ColumnProps(45) in TDBGrid_Salary is invalid.
Line 1337: The property name Splits(0)._ColumnProps(46) in TDBGrid_Salary is invalid.
Line 1338: The property name Splits(0)._ColumnProps(47) in TDBGrid_Salary is invalid.
Line 1339: The property name Splits(0)._ColumnProps(48) in TDBGrid_Salary is invalid.
Line 1340: The property name Splits(0)._ColumnProps(49) in TDBGrid_Salary is invalid.
Line 1341: The property name Splits(0)._ColumnProps(50) in TDBGrid_Salary is invalid.
Line 1342: The property name Splits(0)._ColumnProps(51) in TDBGrid_Salary is invalid.
Line 1343: The property name Splits(0)._ColumnProps(52) in TDBGrid_Salary is invalid.
Line 1344: The property name Splits(0)._ColumnProps(53) in TDBGrid_Salary is invalid.
Line 1345: The property name Splits(0)._ColumnProps(54) in TDBGrid_Salary is invalid.
Line 1346: The property name Splits(0)._ColumnProps(55) in TDBGrid_Salary is invalid.
Line 1347: The property name Splits(0)._ColumnProps(56) in TDBGrid_Salary is invalid.
Line 1348: The property name Splits(0)._ColumnProps(57) in TDBGrid_Salary is invalid.
Line 1349: The property name Splits(0)._ColumnProps(58) in TDBGrid_Salary is invalid.
Line 1350: The property name Splits(0)._ColumnProps(59) in TDBGrid_Salary is invalid.
Line 1351: The property name Splits(0)._ColumnProps(60) in TDBGrid_Salary is invalid.
Line 1352: The property name Splits(0)._ColumnProps(61) in TDBGrid_Salary is invalid.
Line 1353: The property name Splits(0)._ColumnProps(62) in TDBGrid_Salary is invalid.
Line 1354: The property name Splits(0)._ColumnProps(63) in TDBGrid_Salary is invalid.
Line 1355: The property name Splits(0)._ColumnProps(64) in TDBGrid_Salary is invalid.
Line 1356: The property name Splits(0)._ColumnProps(65) in TDBGrid_Salary is invalid.
Line 1357: The property name Splits(0)._ColumnProps(66) in TDBGrid_Salary is invalid.
Line 1358: The property name Splits(0)._ColumnProps(67) in TDBGrid_Salary is invalid.
Line 1359: The property name Splits(0)._ColumnProps(68) in TDBGrid_Salary is invalid.
Line 1360: The property name Splits(0)._ColumnProps(69) in TDBGrid_Salary is invalid.
Line 1361: The property name Splits(0)._ColumnProps(70) in TDBGrid_Salary is invalid.
Line 1362: The property name Splits(0)._ColumnProps(71) in TDBGrid_Salary is invalid.
Line 1363: The property name Splits(0)._ColumnProps(72) in TDBGrid_Salary is invalid.
Line 1364: The property name Splits(0)._ColumnProps(73) in TDBGrid_Salary is invalid.
Line 1365: The property name Splits.Count in TDBGrid_Salary is invalid.
Line 1366: The property name PrintInfos(0)._StateFlags in TDBGrid_Salary is invalid.
Line 1367: The property name PrintInfos(0).Name in TDBGrid_Salary is invalid.
Line 1368: The property name PrintInfos(0).PageHeaderFont in TDBGrid_Salary is invalid.
Line 1369: The property name PrintInfos(0).PageFooterFont in TDBGrid_Salary is invalid.
Line 1370: The property name PrintInfos(0).PageHeaderHeight in TDBGrid_Salary is invalid.
Line 1371: The property name PrintInfos(0).PageFooterHeight in TDBGrid_Salary is invalid.
Line 1372: The property name PrintInfos.Count in TDBGrid_Salary is invalid.
Line 1373: The property name AllowUpdate in TDBGrid_Salary is invalid.
Line 1375: The property name DefColWidth in TDBGrid_Salary is invalid.
Line 1376: The property name HeadLines in TDBGrid_Salary is invalid.
Line 1377: The property name FootLines in TDBGrid_Salary is invalid.
Line 1378: The property name Caption in TDBGrid_Salary is invalid.
Line 1379: The property name MultipleLines in TDBGrid_Salary is invalid.
Line 1380: The property name CellTipsWidth in TDBGrid_Salary is invalid.
Line 1381: The property name MultiSelect in TDBGrid_Salary is invalid.
Line 1382: The property name DeadAreaBackColor in TDBGrid_Salary is invalid.
Line 1383: The property name RowDividerColor in TDBGrid_Salary is invalid.
Line 1384: The property name RowSubDividerColor in TDBGrid_Salary is invalid.
Line 1385: The property name DirectionAfterEnter in TDBGrid_Salary is invalid.
Line 1386: The property name MaxRows in TDBGrid_Salary is invalid.
Line 1387: The property name ViewColumnCaptionWidth in TDBGrid_Salary is invalid.
Line 1388: The property name ViewColumnWidth in TDBGrid_Salary is invalid.
Line 1389: The property name _PropDict in TDBGrid_Salary is invalid.
Line 1390: The property name _StyleDefs(0) in TDBGrid_Salary is invalid.
Line 1391: The property name _StyleDefs(1) in TDBGrid_Salary is invalid.
Line 1392: The property name _StyleDefs(2) in TDBGrid_Salary is invalid.
Line 1393: The property name _StyleDefs(3) in TDBGrid_Salary is invalid.
Line 1394: The property name _StyleDefs(4) in TDBGrid_Salary is invalid.
Line 1395: The property name _StyleDefs(5) in TDBGrid_Salary is invalid.
Line 1396: The property name _StyleDefs(6) in TDBGrid_Salary is invalid.
Line 1397: The property name _StyleDefs(7) in TDBGrid_Salary is invalid.
Line 1398: The property name _StyleDefs(8) in TDBGrid_Salary is invalid.
Line 1399: The property name _StyleDefs(9) in TDBGrid_Salary is invalid.
Line 1400: The property name _StyleDefs(10) in TDBGrid_Salary is invalid.
Line 1401: The property name _StyleDefs(11) in TDBGrid_Salary is invalid.
Line 1402: The property name _StyleDefs(12) in TDBGrid_Salary is invalid.
Line 1403: The property name _StyleDefs(13) in TDBGrid_Salary is invalid.
Line 1404: The property name _StyleDefs(14) in TDBGrid_Salary is invalid.
Line 1405: The property name _StyleDefs(15) in TDBGrid_Salary is invalid.
Line 1406: The property name _StyleDefs(16) in TDBGrid_Salary is invalid.
Line 1407: The property name _StyleDefs(17) in TDBGrid_Salary is invalid.
Line 1408: The property name _StyleDefs(18) in TDBGrid_Salary is invalid.
Line 1409: The property name _StyleDefs(19) in TDBGrid_Salary is invalid.
Line 1410: The property name _StyleDefs(20) in TDBGrid_Salary is invalid.
Line 1411: The property name _StyleDefs(21) in TDBGrid_Salary is invalid.
Line 1412: The property name _StyleDefs(22) in TDBGrid_Salary is invalid.
Line 1413: The property name _StyleDefs(23) in TDBGrid_Salary is invalid.
Line 1414: The property name _StyleDefs(24) in TDBGrid_Salary is invalid.
Line 1415: The property name _StyleDefs(25) in TDBGrid_Salary is invalid.
Line 1416: The property name _StyleDefs(26) in TDBGrid_Salary is invalid.
Line 1417: The property name _StyleDefs(27) in TDBGrid_Salary is invalid.
Line 1418: The property name _StyleDefs(28) in TDBGrid_Salary is invalid.
Line 1419: The property name _StyleDefs(29) in TDBGrid_Salary is invalid.
Line 1420: The property name _StyleDefs(30) in TDBGrid_Salary is invalid.
Line 1421: The property name _StyleDefs(31) in TDBGrid_Salary is invalid.
Line 1422: The property name _StyleDefs(32) in TDBGrid_Salary is invalid.
Line 1423: The property name _StyleDefs(33) in TDBGrid_Salary is invalid.
Line 1424: The property name _StyleDefs(34) in TDBGrid_Salary is invalid.
Line 1425: The property name _StyleDefs(35) in TDBGrid_Salary is invalid.
Line 1426: The property name _StyleDefs(36) in TDBGrid_Salary is invalid.
Line 1427: The property name _StyleDefs(37) in TDBGrid_Salary is invalid.
Line 1428: The property name _StyleDefs(38) in TDBGrid_Salary is invalid.
Line 1429: The property name _StyleDefs(39) in TDBGrid_Salary is invalid.
Line 1430: The property name _StyleDefs(40) in TDBGrid_Salary is invalid.
Line 1431: The property name _StyleDefs(41) in TDBGrid_Salary is invalid.
Line 1432: The property name _StyleDefs(42) in TDBGrid_Salary is invalid.
Line 1433: The property name _StyleDefs(43) in TDBGrid_Salary is invalid.
Line 1434: The property name _StyleDefs(44) in TDBGrid_Salary is invalid.
Line 1435: The property name _StyleDefs(45) in TDBGrid_Salary is invalid.
Line 1436: The property name _StyleDefs(46) in TDBGrid_Salary is invalid.
Line 1437: The property name _StyleDefs(47) in TDBGrid_Salary is invalid.
Line 1438: The property name _StyleDefs(48) in TDBGrid_Salary is invalid.
Line 1439: The property name _StyleDefs(49) in TDBGrid_Salary is invalid.
Line 1440: The property name _StyleDefs(50) in TDBGrid_Salary is invalid.
Line 1441: The property name _StyleDefs(51) in TDBGrid_Salary is invalid.
Line 1442: The property name _StyleDefs(52) in TDBGrid_Salary is invalid.
Line 1443: The property name _StyleDefs(53) in TDBGrid_Salary is invalid.
Line 1444: The property name _StyleDefs(54) in TDBGrid_Salary is invalid.
Line 1445: The property name _StyleDefs(55) in TDBGrid_Salary is invalid.
Line 1446: The property name _StyleDefs(56) in TDBGrid_Salary is invalid.
Line 1447: The property name _StyleDefs(57) in TDBGrid_Salary is invalid.
Line 1448: The property name _StyleDefs(58) in TDBGrid_Salary is invalid.
Line 1449: The property name _StyleDefs(59) in TDBGrid_Salary is invalid.
Line 1450: The property name _StyleDefs(60) in TDBGrid_Salary is invalid.
Line 1451: The property name _StyleDefs(61) in TDBGrid_Salary is invalid.
Line 1452: The property name _StyleDefs(62) in TDBGrid_Salary is invalid.
Line 1453: The property name _StyleDefs(63) in TDBGrid_Salary is invalid.
Line 1454: The property name _StyleDefs(64) in TDBGrid_Salary is invalid.
Line 1455: The property name _StyleDefs(65) in TDBGrid_Salary is invalid.
Line 1456: The property name _StyleDefs(66) in TDBGrid_Salary is invalid.
Line 1457: The property name _StyleDefs(67) in TDBGrid_Salary is invalid.
Line 1458: The property name _StyleDefs(68) in TDBGrid_Salary is invalid.
Line 1459: The property name _StyleDefs(69) in TDBGrid_Salary is invalid.
Line 1460: The property name _StyleDefs(70) in TDBGrid_Salary is invalid.
Line 1461: The property name _StyleDefs(71) in TDBGrid_Salary is invalid.
Line 1462: The property name _StyleDefs(72) in TDBGrid_Salary is invalid.
Line 1463: The property name _StyleDefs(73) in TDBGrid_Salary is invalid.
Line 1464: The property name _StyleDefs(74) in TDBGrid_Salary is invalid.
Line 1465: The property name _StyleDefs(75) in TDBGrid_Salary is invalid.
Line 1466: The property name _StyleDefs(76) in TDBGrid_Salary is invalid.
Line 1467: The property name _StyleDefs(77) in TDBGrid_Salary is invalid.
Line 1468: The property name _StyleDefs(78) in TDBGrid_Salary is invalid.
Line 1469: The property name _StyleDefs(79) in TDBGrid_Salary is invalid.
Line 1470: The property name _StyleDefs(80) in TDBGrid_Salary is invalid.
Line 1471: The property name _StyleDefs(81) in TDBGrid_Salary is invalid.
Line 1472: The property name _StyleDefs(82) in TDBGrid_Salary is invalid.
Line 1473: The property name _StyleDefs(83) in TDBGrid_Salary is invalid.
Line 1474: The property name _StyleDefs(84) in TDBGrid_Salary is invalid.
Line 1475: The property name _StyleDefs(85) in TDBGrid_Salary is invalid.
Line 1476: The property name _StyleDefs(86) in TDBGrid_Salary is invalid.
Line 1477: The property name _StyleDefs(87) in TDBGrid_Salary is invalid.
Line 1478: The property name _StyleDefs(88) in TDBGrid_Salary is invalid.
Line 1479: The property name _StyleDefs(89) in TDBGrid_Salary is invalid.
Line 1480: The property name _StyleDefs(90) in TDBGrid_Salary is invalid.
Line 1481: The property name _StyleDefs(91) in TDBGrid_Salary is invalid.
Line 1482: The property name _StyleDefs(92) in TDBGrid_Salary is invalid.
Line 1483: The property name _StyleDefs(93) in TDBGrid_Salary is invalid.
Line 1484: The property name _StyleDefs(94) in TDBGrid_Salary is invalid.
Line 1485: The property name _StyleDefs(95) in TDBGrid_Salary is invalid.
Line 1486: The property name _StyleDefs(96) in TDBGrid_Salary is invalid.
Line 1487: The property name _StyleDefs(97) in TDBGrid_Salary is invalid.
Line 1488: The property name _StyleDefs(98) in TDBGrid_Salary is invalid.
Line 1489: The property name _StyleDefs(99) in TDBGrid_Salary is invalid.
Line 1490: The property name _StyleDefs(100) in TDBGrid_Salary is invalid.
Line 1491: The property name _StyleDefs(101) in TDBGrid_Salary is invalid.
Line 1492: The property name _StyleDefs(102) in TDBGrid_Salary is invalid.
Line 1493: The property name _StyleDefs(103) in TDBGrid_Salary is invalid.
Line 1494: The property name _StyleDefs(104) in TDBGrid_Salary is invalid.
Line 1495: The property name _StyleDefs(105) in TDBGrid_Salary is invalid.
Line 1496: The property name _StyleDefs(106) in TDBGrid_Salary is invalid.
Line 1497: The property name _StyleDefs(107) in TDBGrid_Salary is invalid.
Line 1498: The property name _StyleDefs(108) in TDBGrid_Salary is invalid.
Line 1499: The property name _StyleDefs(109) in TDBGrid_Salary is invalid.
Line 1500: The property name _StyleDefs(110) in TDBGrid_Salary is invalid.
Line 1188: Property Appearance in TDBGrid_Salary could not be set.
