Line 65: Class prj_panji.vbButton of control cmd_reg_browse was not a loaded control class.
Line 119: Class prj_panji.vbButton of control cmd_req_browse was not a loaded control class.
Line 224: Class prj_panji.vbButton of control cmd_request_key was not a loaded control class.
Line 263: Class prj_panji.vbButton of control cmd_register was not a loaded control class.
Line 311: Class prj_panji.vbButton of control CmdExit was not a loaded control class.
Line 71: The property name _ExtentX in cmd_reg_browse is invalid.
Line 72: The property name _ExtentY in cmd_reg_browse is invalid.
Line 73: The property name BTYPE in cmd_reg_browse is invalid.
Line 74: The property name TX in cmd_reg_browse is invalid.
Line 75: The property name ENAB in cmd_reg_browse is invalid.
Line 85: The property name COLTYPE in cmd_reg_browse is invalid.
Line 86: The property name FOCUSR in cmd_reg_browse is invalid.
Line 87: The property name BCOL in cmd_reg_browse is invalid.
Line 88: The property name BCOLO in cmd_reg_browse is invalid.
Line 89: The property name FCOL in cmd_reg_browse is invalid.
Line 90: The property name FCOLO in cmd_reg_browse is invalid.
Line 91: The property name MCOL in cmd_reg_browse is invalid.
Line 92: The property name MPTR in cmd_reg_browse is invalid.
Line 93: The property name MICON in cmd_reg_browse is invalid.
Line 94: The property name UMCOL in cmd_reg_browse is invalid.
Line 95: The property name SOFT in cmd_reg_browse is invalid.
Line 96: The property name PICPOS in cmd_reg_browse is invalid.
Line 97: The property name NGREY in cmd_reg_browse is invalid.
Line 98: The property name FX in cmd_reg_browse is invalid.
Line 99: The property name HAND in cmd_reg_browse is invalid.
Line 100: The property name CHECK in cmd_reg_browse is invalid.
Line 101: The property name VALUE in cmd_reg_browse is invalid.
Line 125: The property name _ExtentX in cmd_req_browse is invalid.
Line 126: The property name _ExtentY in cmd_req_browse is invalid.
Line 127: The property name BTYPE in cmd_req_browse is invalid.
Line 128: The property name TX in cmd_req_browse is invalid.
Line 129: The property name ENAB in cmd_req_browse is invalid.
Line 139: The property name COLTYPE in cmd_req_browse is invalid.
Line 140: The property name FOCUSR in cmd_req_browse is invalid.
Line 141: The property name BCOL in cmd_req_browse is invalid.
Line 142: The property name BCOLO in cmd_req_browse is invalid.
Line 143: The property name FCOL in cmd_req_browse is invalid.
Line 144: The property name FCOLO in cmd_req_browse is invalid.
Line 145: The property name MCOL in cmd_req_browse is invalid.
Line 146: The property name MPTR in cmd_req_browse is invalid.
Line 147: The property name MICON in cmd_req_browse is invalid.
Line 148: The property name UMCOL in cmd_req_browse is invalid.
Line 149: The property name SOFT in cmd_req_browse is invalid.
Line 150: The property name PICPOS in cmd_req_browse is invalid.
Line 151: The property name NGREY in cmd_req_browse is invalid.
Line 152: The property name FX in cmd_req_browse is invalid.
Line 153: The property name HAND in cmd_req_browse is invalid.
Line 154: The property name CHECK in cmd_req_browse is invalid.
Line 155: The property name VALUE in cmd_req_browse is invalid.
Line 230: The property name _ExtentX in cmd_request_key is invalid.
Line 231: The property name _ExtentY in cmd_request_key is invalid.
Line 232: The property name BTYPE in cmd_request_key is invalid.
Line 233: The property name TX in cmd_request_key is invalid.
Line 234: The property name ENAB in cmd_request_key is invalid.
Line 244: The property name COLTYPE in cmd_request_key is invalid.
Line 245: The property name FOCUSR in cmd_request_key is invalid.
Line 246: The property name BCOL in cmd_request_key is invalid.
Line 247: The property name BCOLO in cmd_request_key is invalid.
Line 248: The property name FCOL in cmd_request_key is invalid.
Line 249: The property name FCOLO in cmd_request_key is invalid.
Line 250: The property name MCOL in cmd_request_key is invalid.
Line 251: The property name MPTR in cmd_request_key is invalid.
Line 252: The property name MICON in cmd_request_key is invalid.
Line 253: The property name PICN in cmd_request_key is invalid.
Line 254: The property name UMCOL in cmd_request_key is invalid.
Line 255: The property name SOFT in cmd_request_key is invalid.
Line 256: The property name PICPOS in cmd_request_key is invalid.
Line 257: The property name NGREY in cmd_request_key is invalid.
Line 258: The property name FX in cmd_request_key is invalid.
Line 259: The property name HAND in cmd_request_key is invalid.
Line 260: The property name CHECK in cmd_request_key is invalid.
Line 261: The property name VALUE in cmd_request_key is invalid.
Line 269: The property name _ExtentX in cmd_register is invalid.
Line 270: The property name _ExtentY in cmd_register is invalid.
Line 271: The property name BTYPE in cmd_register is invalid.
Line 272: The property name TX in cmd_register is invalid.
Line 273: The property name ENAB in cmd_register is invalid.
Line 283: The property name COLTYPE in cmd_register is invalid.
Line 284: The property name FOCUSR in cmd_register is invalid.
Line 285: The property name BCOL in cmd_register is invalid.
Line 286: The property name BCOLO in cmd_register is invalid.
Line 287: The property name FCOL in cmd_register is invalid.
Line 288: The property name FCOLO in cmd_register is invalid.
Line 289: The property name MCOL in cmd_register is invalid.
Line 290: The property name MPTR in cmd_register is invalid.
Line 291: The property name MICON in cmd_register is invalid.
Line 292: The property name PICN in cmd_register is invalid.
Line 293: The property name UMCOL in cmd_register is invalid.
Line 294: The property name SOFT in cmd_register is invalid.
Line 295: The property name PICPOS in cmd_register is invalid.
Line 296: The property name NGREY in cmd_register is invalid.
Line 297: The property name FX in cmd_register is invalid.
Line 298: The property name HAND in cmd_register is invalid.
Line 299: The property name CHECK in cmd_register is invalid.
Line 300: The property name VALUE in cmd_register is invalid.
Line 317: The property name _ExtentX in CmdExit is invalid.
Line 318: The property name _ExtentY in CmdExit is invalid.
Line 319: The property name BTYPE in CmdExit is invalid.
Line 320: The property name TX in CmdExit is invalid.
Line 321: The property name ENAB in CmdExit is invalid.
Line 331: The property name COLTYPE in CmdExit is invalid.
Line 332: The property name FOCUSR in CmdExit is invalid.
Line 333: The property name BCOL in CmdExit is invalid.
Line 334: The property name BCOLO in CmdExit is invalid.
Line 335: The property name FCOL in CmdExit is invalid.
Line 336: The property name FCOLO in CmdExit is invalid.
Line 337: The property name MCOL in CmdExit is invalid.
Line 338: The property name MPTR in CmdExit is invalid.
Line 339: The property name MICON in CmdExit is invalid.
Line 340: The property name PICN in CmdExit is invalid.
Line 341: The property name UMCOL in CmdExit is invalid.
Line 342: The property name SOFT in CmdExit is invalid.
Line 343: The property name PICPOS in CmdExit is invalid.
Line 344: The property name NGREY in CmdExit is invalid.
Line 345: The property name FX in CmdExit is invalid.
Line 346: The property name HAND in CmdExit is invalid.
Line 347: The property name CHECK in CmdExit is invalid.
Line 348: The property name VALUE in CmdExit is invalid.
