Line 60: Class prj_panji.vbButton of control cmdSave was not a loaded control class.
Line 217: Class prj_panji.vbButton of control cmdCancel was not a loaded control class.
Line 256: Class prj_panji.vbButton of control cmdTest was not a loaded control class.
Line 66: The property name _ExtentX in cmdSave is invalid.
Line 67: The property name _ExtentY in cmdSave is invalid.
Line 68: The property name BTYPE in cmdSave is invalid.
Line 69: The property name TX in cmdSave is invalid.
Line 70: The property name ENAB in cmdSave is invalid.
Line 80: The property name COLTYPE in cmdSave is invalid.
Line 81: The property name FOCUSR in cmdSave is invalid.
Line 82: The property name BCOL in cmdSave is invalid.
Line 83: The property name BCOLO in cmdSave is invalid.
Line 84: The property name FCOL in cmdSave is invalid.
Line 85: The property name FCOLO in cmdSave is invalid.
Line 86: The property name MCOL in cmdSave is invalid.
Line 87: The property name MPTR in cmdSave is invalid.
Line 88: The property name MICON in cmdSave is invalid.
Line 89: The property name PICN in cmdSave is invalid.
Line 90: The property name UMCOL in cmdSave is invalid.
Line 91: The property name SOFT in cmdSave is invalid.
Line 92: The property name PICPOS in cmdSave is invalid.
Line 93: The property name NGREY in cmdSave is invalid.
Line 94: The property name FX in cmdSave is invalid.
Line 95: The property name HAND in cmdSave is invalid.
Line 96: The property name CHECK in cmdSave is invalid.
Line 97: The property name VALUE in cmdSave is invalid.
Line 223: The property name _ExtentX in cmdCancel is invalid.
Line 224: The property name _ExtentY in cmdCancel is invalid.
Line 225: The property name BTYPE in cmdCancel is invalid.
Line 226: The property name TX in cmdCancel is invalid.
Line 227: The property name ENAB in cmdCancel is invalid.
Line 237: The property name COLTYPE in cmdCancel is invalid.
Line 238: The property name FOCUSR in cmdCancel is invalid.
Line 239: The property name BCOL in cmdCancel is invalid.
Line 240: The property name BCOLO in cmdCancel is invalid.
Line 241: The property name FCOL in cmdCancel is invalid.
Line 242: The property name FCOLO in cmdCancel is invalid.
Line 243: The property name MCOL in cmdCancel is invalid.
Line 244: The property name MPTR in cmdCancel is invalid.
Line 245: The property name MICON in cmdCancel is invalid.
Line 246: The property name PICN in cmdCancel is invalid.
Line 247: The property name UMCOL in cmdCancel is invalid.
Line 248: The property name SOFT in cmdCancel is invalid.
Line 249: The property name PICPOS in cmdCancel is invalid.
Line 250: The property name NGREY in cmdCancel is invalid.
Line 251: The property name FX in cmdCancel is invalid.
Line 252: The property name HAND in cmdCancel is invalid.
Line 253: The property name CHECK in cmdCancel is invalid.
Line 254: The property name VALUE in cmdCancel is invalid.
Line 262: The property name _ExtentX in cmdTest is invalid.
Line 263: The property name _ExtentY in cmdTest is invalid.
Line 264: The property name BTYPE in cmdTest is invalid.
Line 265: The property name TX in cmdTest is invalid.
Line 266: The property name ENAB in cmdTest is invalid.
Line 276: The property name COLTYPE in cmdTest is invalid.
Line 277: The property name FOCUSR in cmdTest is invalid.
Line 278: The property name BCOL in cmdTest is invalid.
Line 279: The property name BCOLO in cmdTest is invalid.
Line 280: The property name FCOL in cmdTest is invalid.
Line 281: The property name FCOLO in cmdTest is invalid.
Line 282: The property name MCOL in cmdTest is invalid.
Line 283: The property name MPTR in cmdTest is invalid.
Line 284: The property name MICON in cmdTest is invalid.
Line 285: The property name PICN in cmdTest is invalid.
Line 286: The property name UMCOL in cmdTest is invalid.
Line 287: The property name SOFT in cmdTest is invalid.
Line 288: The property name PICPOS in cmdTest is invalid.
Line 289: The property name NGREY in cmdTest is invalid.
Line 290: The property name FX in cmdTest is invalid.
Line 291: The property name HAND in cmdTest is invalid.
Line 292: The property name CHECK in cmdTest is invalid.
Line 293: The property name VALUE in cmdTest is invalid.
